#
# There is insufficient memory for the Java Runtime Environment to continue.
# Native memory allocation (malloc) failed to allocate 65552 bytes for Chunk::new
# Possible reasons:
#   The system is out of physical RAM or swap space
#   The process is running with CompressedOops enabled, and the Java Heap may be blocking the growth of the native heap
# Possible solutions:
#   Reduce memory load on the system
#   Increase physical memory or swap space
#   Check if swap backing store is full
#   Decrease Java heap size (-Xmx/-Xms)
#   Decrease number of Java threads
#   Decrease Java thread stack sizes (-Xss)
#   Set larger code cache with -XX:ReservedCodeCacheSize=
#   JVM is running with Unscaled Compressed Oops mode in which the Java heap is
#     placed in the first 4GB address space. The Java Heap base address is the
#     maximum limit for the native heap growth. Please use -XX:HeapBaseMinAddress
#     to set the Java Heap base and to place the Java Heap above 4GB virtual address.
# This output file may be truncated or incomplete.
#
#  Out of Memory Error (./src/hotspot/share/memory/arena.cpp:197), pid=824, tid=3740
#
# JRE version: OpenJDK Runtime Environment (11.0.12+7) (build 11.0.12+7-b1504.28-7817840)
# Java VM: OpenJDK 64-Bit Server VM (11.0.12+7-b1504.28-7817840, mixed mode, tiered, compressed oops, g1 gc, windows-amd64)
# No core dump will be written. Minidumps are not enabled by default on client versions of Windows
#

---------------  S U M M A R Y ------------

Command Line: --add-opens=java.base/java.util=ALL-UNNAMED --add-opens=java.base/java.lang=ALL-UNNAMED --add-opens=java.base/java.lang.invoke=ALL-UNNAMED --add-opens=java.base/java.util=ALL-UNNAMED --add-opens=java.prefs/java.util.prefs=ALL-UNNAMED --add-opens=java.prefs/java.util.prefs=ALL-UNNAMED --add-opens=java.base/java.nio.charset=ALL-UNNAMED --add-opens=java.base/java.net=ALL-UNNAMED --add-opens=java.base/java.util.concurrent.atomic=ALL-UNNAMED -Xmx1536m -Dfile.encoding=windows-1251 -Duser.country=RU -Duser.language=ru -Duser.variant org.gradle.launcher.daemon.bootstrap.GradleDaemon 7.3.3

Host: Intel(R) Pentium(R) Gold G5420 CPU @ 3.80GHz, 4 cores, 7G,  Windows 10 , 64 bit Build 19041 (10.0.19041.1741)
Time: Tue Jun 21 10:42:04 2022 RTZ 2 (зима) elapsed time: 5347.157138 seconds (0d 1h 29m 7s)

---------------  T H R E A D  ---------------

Current thread (0x00000254ceb32800):  JavaThread "C2 CompilerThread0" daemon [_thread_in_native, id=3740, stack(0x00000080b3500000,0x00000080b3600000)]


Current CompileTask:
C2:5347157 31874   !   4       shadow.bundletool.com.android.apksig.ApkSigner::sign (1728 bytes)

Stack: [0x00000080b3500000,0x00000080b3600000]
Native frames: (J=compiled Java code, j=interpreted, Vv=VM code, C=native code)
V  [jvm.dll+0x5fbcea]
V  [jvm.dll+0x731905]
V  [jvm.dll+0x732f1d]
V  [jvm.dll+0x7335d3]
V  [jvm.dll+0x247bf8]
V  [jvm.dll+0xc018c]
V  [jvm.dll+0xc06cc]
V  [jvm.dll+0xc02cc]
V  [jvm.dll+0x5dbbae]
V  [jvm.dll+0x87738]
V  [jvm.dll+0x593468]
V  [jvm.dll+0x591c6e]
V  [jvm.dll+0x2004a2]
V  [jvm.dll+0x1ff794]
V  [jvm.dll+0x18868c]
V  [jvm.dll+0x20e0d7]
V  [jvm.dll+0x20c901]
V  [jvm.dll+0x6f9b7f]
V  [jvm.dll+0x6f26a5]
V  [jvm.dll+0x5fabf6]
C  [ucrtbase.dll+0x21bb2]
C  [KERNEL32.DLL+0x17034]
C  [ntdll.dll+0x52651]


---------------  P R O C E S S  ---------------

Threads class SMR info:
_java_thread_list=0x00000254e2b82fd0, length=101, elements={
0x00000254b621d800, 0x00000254ceb0a800, 0x00000254ceb14000, 0x00000254ceb29800,
0x00000254ceb2b800, 0x00000254ceb2d000, 0x00000254ceb32800, 0x00000254ceb37800,
0x00000254ceb3b000, 0x00000254cf5f2800, 0x00000254d2695000, 0x00000254d04b3800,
0x00000254d1e44800, 0x00000254d0da6000, 0x00000254d0da9800, 0x00000254d0da4800,
0x00000254d0daa800, 0x00000254d0da8000, 0x00000254d0590800, 0x00000254d058f000,
0x00000254d058e000, 0x00000254d058f800, 0x00000254d058b800, 0x00000254d20cb000,
0x00000254d20ca000, 0x00000254d56c8000, 0x00000254d0592000, 0x00000254e1ebe800,
0x00000254e1ec3000, 0x00000254e1ec1000, 0x00000254e1ebd000, 0x00000254e1ec3800,
0x00000254e1ec2000, 0x00000254e1ebf800, 0x00000254e1ec0800, 0x00000254e1ebe000,
0x00000254e1ec7000, 0x00000254e1ec4800, 0x00000254e1ec5800, 0x00000254e1ec9800,
0x00000254e1ec8800, 0x00000254e1ecb000, 0x00000254e1ec7800, 0x00000254d325a000,
0x00000254d3256000, 0x00000254d325c800, 0x00000254d3257800, 0x00000254d3259000,
0x00000254d3256800, 0x00000254d325b800, 0x00000254d325d000, 0x00000254d325e000,
0x00000254d3258000, 0x00000254d325a800, 0x00000254d325f800, 0x00000254d3260800,
0x00000254d325e800, 0x00000254d3261000, 0x00000254d3262000, 0x00000254d3263800,
0x00000254d3263000, 0x00000254d56bc800, 0x00000254d56c0000, 0x00000254d56bb000,
0x00000254d56be800, 0x00000254d56c0800, 0x00000254d56bf000, 0x00000254d56bc000,
0x00000254d56c1800, 0x00000254d56c2800, 0x00000254d56c3000, 0x00000254d56bd800,
0x00000254d56c5000, 0x00000254d56c7000, 0x00000254d56c9800, 0x00000254d56c5800,
0x00000254d56c9000, 0x00000254d56c6800, 0x00000254d56c4000, 0x00000254daf33000,
0x00000254daf33800, 0x00000254daf34800, 0x00000254daf35800, 0x00000254daf36000,
0x00000254daf37000, 0x00000254daf31800, 0x00000254daf38000, 0x00000254daf32000,
0x00000254daf3d800, 0x00000254daf3c000, 0x00000254daf3e800, 0x00000254daf3b000,
0x00000254daf39800, 0x00000254daf3f000, 0x00000254daf38800, 0x00000254d20c6800,
0x00000254d20c7800, 0x00000254d20c5000, 0x00000254d20c4800, 0x00000254d20ce000,
0x00000254d0596000
}

Java Threads: ( => current thread )
  0x00000254b621d800 JavaThread "main" [_thread_blocked, id=5828, stack(0x00000080b2900000,0x00000080b2a00000)]
  0x00000254ceb0a800 JavaThread "Reference Handler" daemon [_thread_blocked, id=8792, stack(0x00000080b3000000,0x00000080b3100000)]
  0x00000254ceb14000 JavaThread "Finalizer" daemon [_thread_blocked, id=4644, stack(0x00000080b3100000,0x00000080b3200000)]
  0x00000254ceb29800 JavaThread "Signal Dispatcher" daemon [_thread_blocked, id=7360, stack(0x00000080b3200000,0x00000080b3300000)]
  0x00000254ceb2b800 JavaThread "Attach Listener" daemon [_thread_blocked, id=9516, stack(0x00000080b3300000,0x00000080b3400000)]
  0x00000254ceb2d000 JavaThread "Service Thread" daemon [_thread_blocked, id=5252, stack(0x00000080b3400000,0x00000080b3500000)]
=>0x00000254ceb32800 JavaThread "C2 CompilerThread0" daemon [_thread_in_native, id=3740, stack(0x00000080b3500000,0x00000080b3600000)]
  0x00000254ceb37800 JavaThread "C1 CompilerThread0" daemon [_thread_blocked, id=10640, stack(0x00000080b3600000,0x00000080b3700000)]
  0x00000254ceb3b000 JavaThread "Sweeper thread" daemon [_thread_blocked, id=9156, stack(0x00000080b3700000,0x00000080b3800000)]
  0x00000254cf5f2800 JavaThread "Common-Cleaner" daemon [_thread_blocked, id=9320, stack(0x00000080b3800000,0x00000080b3900000)]
  0x00000254d2695000 JavaThread "Daemon health stats" [_thread_blocked, id=2688, stack(0x00000080b3d00000,0x00000080b3e00000)]
  0x00000254d04b3800 JavaThread "Incoming local TCP Connector on port 50450" [_thread_in_native, id=7524, stack(0x00000080b3a00000,0x00000080b3b00000)]
  0x00000254d1e44800 JavaThread "Daemon periodic checks" [_thread_blocked, id=3396, stack(0x00000080b3e00000,0x00000080b3f00000)]
  0x00000254d0da6000 JavaThread "Cache worker for journal cache (C:\Users\User\.gradle\caches\journal-1)" [_thread_blocked, id=8020, stack(0x00000080b4700000,0x00000080b4800000)]
  0x00000254d0da9800 JavaThread "File lock request listener" [_thread_in_native, id=8116, stack(0x00000080b4800000,0x00000080b4900000)]
  0x00000254d0da4800 JavaThread "Cache worker for file hash cache (C:\Users\User\.gradle\caches\7.3.3\fileHashes)" [_thread_blocked, id=1872, stack(0x00000080b4900000,0x00000080b4a00000)]
  0x00000254d0daa800 JavaThread "File watcher server" daemon [_thread_in_native, id=8796, stack(0x00000080b4c00000,0x00000080b4d00000)]
  0x00000254d0da8000 JavaThread "File watcher consumer" daemon [_thread_blocked, id=7344, stack(0x00000080b4d00000,0x00000080b4e00000)]
  0x00000254d0590800 JavaThread "Cache worker for execution history cache (C:\Users\User\.gradle\caches\7.3.3\executionHistory)" [_thread_blocked, id=9280, stack(0x00000080b5100000,0x00000080b5200000)]
  0x00000254d058f000 JavaThread "jar transforms" [_thread_blocked, id=1352, stack(0x00000080b5200000,0x00000080b5300000)]
  0x00000254d058e000 JavaThread "jar transforms Thread 2" [_thread_blocked, id=5304, stack(0x00000080b5300000,0x00000080b5400000)]
  0x00000254d058f800 JavaThread "Cache worker for file content cache (C:\Users\User\.gradle\caches\7.3.3\fileContent)" [_thread_blocked, id=6940, stack(0x00000080b5400000,0x00000080b5500000)]
  0x00000254d058b800 JavaThread "jar transforms Thread 3" [_thread_blocked, id=5156, stack(0x00000080b5600000,0x00000080b5700000)]
  0x00000254d20cb000 JavaThread "jar transforms Thread 4" [_thread_blocked, id=8876, stack(0x00000080b8000000,0x00000080b8100000)]
  0x00000254d20ca000 JavaThread "Memory manager" [_thread_blocked, id=2176, stack(0x00000080b8100000,0x00000080b8200000)]
  0x00000254d56c8000 JavaThread "Cache worker for Java compile cache (C:\Users\User\.gradle\caches\7.3.3\javaCompile)" [_thread_blocked, id=10560, stack(0x00000080b9100000,0x00000080b9200000)]
  0x00000254d0592000 JavaThread "ForkJoinPool.commonPool-worker-5" daemon [_thread_in_native, id=10992, stack(0x00000080b9400000,0x00000080b9500000)]
  0x00000254e1ebe800 JavaThread "Daemon Thread 11" [_thread_blocked, id=6808, stack(0x00000080b2600000,0x00000080b2700000)]
  0x00000254e1ec3000 JavaThread "Handler for socket connection from /127.0.0.1:50450 to /127.0.0.1:51494" [_thread_in_native, id=3992, stack(0x00000080b2700000,0x00000080b2800000)]
  0x00000254e1ec1000 JavaThread "Cancel handler" [_thread_blocked, id=3140, stack(0x00000080b2800000,0x00000080b2900000)]
  0x00000254e1ebd000 JavaThread "Daemon worker Thread 11" [_thread_in_vm, id=9912, stack(0x00000080b3f00000,0x00000080b4000000)]
  0x00000254e1ec3800 JavaThread "Asynchronous log dispatcher for DefaultDaemonConnection: socket connection from /127.0.0.1:50450 to /127.0.0.1:51494" [_thread_blocked, id=10260, stack(0x00000080b4000000,0x00000080b4100000)]
  0x00000254e1ec2000 JavaThread "Stdin handler" [_thread_blocked, id=11188, stack(0x00000080b4100000,0x00000080b4200000)]
  0x00000254e1ebf800 JavaThread "Daemon client event forwarder" [_thread_blocked, id=6112, stack(0x00000080b4200000,0x00000080b4300000)]
  0x00000254e1ec0800 JavaThread "Cache worker for file hash cache (D:\AndroidStudio\LenovoStart\.gradle\7.3.3\fileHashes)" [_thread_blocked, id=9268, stack(0x00000080b4300000,0x00000080b4400000)]
  0x00000254e1ebe000 JavaThread "Cache worker for checksums cache (D:\AndroidStudio\LenovoStart\.gradle\7.3.3\checksums)" [_thread_blocked, id=6448, stack(0x00000080b4400000,0x00000080b4500000)]
  0x00000254e1ec7000 JavaThread "Cache worker for cache directory md-supplier (C:\Users\User\.gradle\caches\7.3.3\md-supplier)" [_thread_blocked, id=8200, stack(0x00000080b4500000,0x00000080b4600000)]
  0x00000254e1ec4800 JavaThread "Cache worker for cache directory md-rule (C:\Users\User\.gradle\caches\7.3.3\md-rule)" [_thread_blocked, id=9096, stack(0x00000080b4a00000,0x00000080b4b00000)]
  0x00000254e1ec5800 JavaThread "Cache worker for dependencies-accessors (D:\AndroidStudio\LenovoStart\.gradle\7.3.3\dependencies-accessors)" [_thread_blocked, id=6420, stack(0x00000080b4b00000,0x00000080b4c00000)]
  0x00000254e1ec9800 JavaThread "Cache worker for Build Output Cleanup Cache (D:\AndroidStudio\LenovoStart\.gradle\buildOutputCleanup)" [_thread_blocked, id=9392, stack(0x00000080b4e00000,0x00000080b4f00000)]
  0x00000254e1ec8800 JavaThread "Unconstrained build operations" [_thread_blocked, id=10972, stack(0x00000080b5000000,0x00000080b5100000)]
  0x00000254e1ecb000 JavaThread "Unconstrained build operations Thread 2" [_thread_blocked, id=10784, stack(0x00000080b5500000,0x00000080b5600000)]
  0x00000254e1ec7800 JavaThread "Unconstrained build operations Thread 3" [_thread_blocked, id=10016, stack(0x00000080b5700000,0x00000080b5800000)]
  0x00000254d325a000 JavaThread "Unconstrained build operations Thread 4" [_thread_blocked, id=6032, stack(0x00000080b5800000,0x00000080b5900000)]
  0x00000254d3256000 JavaThread "Unconstrained build operations Thread 5" [_thread_blocked, id=3756, stack(0x00000080b5900000,0x00000080b5a00000)]
  0x00000254d325c800 JavaThread "Unconstrained build operations Thread 6" [_thread_blocked, id=652, stack(0x00000080b5a00000,0x00000080b5b00000)]
  0x00000254d3257800 JavaThread "Unconstrained build operations Thread 7" [_thread_blocked, id=6956, stack(0x00000080b5b00000,0x00000080b5c00000)]
  0x00000254d3259000 JavaThread "Unconstrained build operations Thread 8" [_thread_blocked, id=9328, stack(0x00000080b5c00000,0x00000080b5d00000)]
  0x00000254d3256800 JavaThread "Unconstrained build operations Thread 9" [_thread_blocked, id=3460, stack(0x00000080b5d00000,0x00000080b5e00000)]
  0x00000254d325b800 JavaThread "Unconstrained build operations Thread 10" [_thread_blocked, id=4232, stack(0x00000080b5e00000,0x00000080b5f00000)]
  0x00000254d325d000 JavaThread "Unconstrained build operations Thread 11" [_thread_blocked, id=3484, stack(0x00000080b5f00000,0x00000080b6000000)]
  0x00000254d325e000 JavaThread "Unconstrained build operations Thread 12" [_thread_blocked, id=6196, stack(0x00000080b6000000,0x00000080b6100000)]
  0x00000254d3258000 JavaThread "Unconstrained build operations Thread 13" [_thread_blocked, id=9364, stack(0x00000080b6100000,0x00000080b6200000)]
  0x00000254d325a800 JavaThread "Unconstrained build operations Thread 14" [_thread_blocked, id=10492, stack(0x00000080b6200000,0x00000080b6300000)]
  0x00000254d325f800 JavaThread "Unconstrained build operations Thread 15" [_thread_blocked, id=7836, stack(0x00000080b6300000,0x00000080b6400000)]
  0x00000254d3260800 JavaThread "Unconstrained build operations Thread 16" [_thread_blocked, id=4528, stack(0x00000080b6400000,0x00000080b6500000)]
  0x00000254d325e800 JavaThread "Unconstrained build operations Thread 17" [_thread_blocked, id=7408, stack(0x00000080b6500000,0x00000080b6600000)]
  0x00000254d3261000 JavaThread "Unconstrained build operations Thread 18" [_thread_blocked, id=904, stack(0x00000080b6600000,0x00000080b6700000)]
  0x00000254d3262000 JavaThread "Unconstrained build operations Thread 19" [_thread_blocked, id=10988, stack(0x00000080b6700000,0x00000080b6800000)]
  0x00000254d3263800 JavaThread "Unconstrained build operations Thread 20" [_thread_blocked, id=3720, stack(0x00000080b6800000,0x00000080b6900000)]
  0x00000254d3263000 JavaThread "Unconstrained build operations Thread 21" [_thread_blocked, id=10144, stack(0x00000080b6900000,0x00000080b6a00000)]
  0x00000254d56bc800 JavaThread "Unconstrained build operations Thread 22" [_thread_blocked, id=3776, stack(0x00000080b6a00000,0x00000080b6b00000)]
  0x00000254d56c0000 JavaThread "Unconstrained build operations Thread 23" [_thread_blocked, id=9720, stack(0x00000080b6b00000,0x00000080b6c00000)]
  0x00000254d56bb000 JavaThread "Unconstrained build operations Thread 24" [_thread_blocked, id=10732, stack(0x00000080b6c00000,0x00000080b6d00000)]
  0x00000254d56be800 JavaThread "Unconstrained build operations Thread 25" [_thread_blocked, id=9140, stack(0x00000080b6d00000,0x00000080b6e00000)]
  0x00000254d56c0800 JavaThread "Unconstrained build operations Thread 26" [_thread_blocked, id=2356, stack(0x00000080b6e00000,0x00000080b6f00000)]
  0x00000254d56bf000 JavaThread "Unconstrained build operations Thread 27" [_thread_blocked, id=9808, stack(0x00000080b6f00000,0x00000080b7000000)]
  0x00000254d56bc000 JavaThread "Unconstrained build operations Thread 28" [_thread_blocked, id=4756, stack(0x00000080b7000000,0x00000080b7100000)]
  0x00000254d56c1800 JavaThread "Unconstrained build operations Thread 29" [_thread_blocked, id=4884, stack(0x00000080b7100000,0x00000080b7200000)]
  0x00000254d56c2800 JavaThread "Unconstrained build operations Thread 30" [_thread_blocked, id=11024, stack(0x00000080b7200000,0x00000080b7300000)]
  0x00000254d56c3000 JavaThread "Unconstrained build operations Thread 31" [_thread_blocked, id=1236, stack(0x00000080b7300000,0x00000080b7400000)]
  0x00000254d56bd800 JavaThread "Unconstrained build operations Thread 32" [_thread_blocked, id=10820, stack(0x00000080b7400000,0x00000080b7500000)]
  0x00000254d56c5000 JavaThread "Unconstrained build operations Thread 33" [_thread_blocked, id=284, stack(0x00000080b7500000,0x00000080b7600000)]
  0x00000254d56c7000 JavaThread "Unconstrained build operations Thread 34" [_thread_blocked, id=9648, stack(0x00000080b7600000,0x00000080b7700000)]
  0x00000254d56c9800 JavaThread "Unconstrained build operations Thread 35" [_thread_blocked, id=6176, stack(0x00000080b7700000,0x00000080b7800000)]
  0x00000254d56c5800 JavaThread "Unconstrained build operations Thread 36" [_thread_blocked, id=9800, stack(0x00000080b7800000,0x00000080b7900000)]
  0x00000254d56c9000 JavaThread "Unconstrained build operations Thread 37" [_thread_blocked, id=9332, stack(0x00000080b7900000,0x00000080b7a00000)]
  0x00000254d56c6800 JavaThread "Unconstrained build operations Thread 38" [_thread_blocked, id=7688, stack(0x00000080b7a00000,0x00000080b7b00000)]
  0x00000254d56c4000 JavaThread "Unconstrained build operations Thread 39" [_thread_blocked, id=7508, stack(0x00000080b7b00000,0x00000080b7c00000)]
  0x00000254daf33000 JavaThread "Unconstrained build operations Thread 40" [_thread_blocked, id=7008, stack(0x00000080b7c00000,0x00000080b7d00000)]
  0x00000254daf33800 JavaThread "build event listener" [_thread_blocked, id=9432, stack(0x00000080b7d00000,0x00000080b7e00000)]
  0x00000254daf34800 JavaThread "Execution worker for ':'" [_thread_blocked, id=3968, stack(0x00000080b7e00000,0x00000080b7f00000)]
  0x00000254daf35800 JavaThread "Execution worker for ':' Thread 2" [_thread_blocked, id=6156, stack(0x00000080b7f00000,0x00000080b8000000)]
  0x00000254daf36000 JavaThread "Execution worker for ':' Thread 3" [_thread_blocked, id=2100, stack(0x00000080b8200000,0x00000080b8300000)]
  0x00000254daf37000 JavaThread "Cache worker for execution history cache (D:\AndroidStudio\LenovoStart\.gradle\7.3.3\executionHistory)" [_thread_blocked, id=10800, stack(0x00000080b8300000,0x00000080b8400000)]
  0x00000254daf31800 JavaThread "Build operations" [_thread_blocked, id=4832, stack(0x00000080b4f00000,0x00000080b5000000)]
  0x00000254daf38000 JavaThread "Build operations Thread 2" [_thread_blocked, id=2036, stack(0x00000080b8400000,0x00000080b8500000)]
  0x00000254daf32000 JavaThread "Build operations Thread 3" [_thread_blocked, id=11184, stack(0x00000080b8500000,0x00000080b8600000)]
  0x00000254daf3d800 JavaThread "Build operations Thread 4" [_thread_blocked, id=3048, stack(0x00000080b8600000,0x00000080b8700000)]
  0x00000254daf3c000 JavaThread "WorkerExecutor Queue" [_thread_blocked, id=8108, stack(0x00000080b8700000,0x00000080b8800000)]
  0x00000254daf3e800 JavaThread "WorkerExecutor Queue Thread 2" [_thread_blocked, id=1828, stack(0x00000080b8800000,0x00000080b8900000)]
  0x00000254daf3b000 JavaThread "WorkerExecutor Queue Thread 4" [_thread_blocked, id=10400, stack(0x00000080b8a00000,0x00000080b8b00000)]
  0x00000254daf39800 JavaThread "WorkerExecutor Queue Thread 5" [_thread_blocked, id=3472, stack(0x00000080b8b00000,0x00000080b8c00000)]
  0x00000254daf3f000 JavaThread "ForkJoinPool.commonPool-worker-23" daemon [_thread_in_native, id=1372, stack(0x00000080b8d00000,0x00000080b8e00000)]
  0x00000254daf38800 JavaThread "ForkJoinPool.commonPool-worker-9" daemon [_thread_in_native, id=11248, stack(0x00000080b8c00000,0x00000080b8d00000)]
  0x00000254d20c6800 JavaThread "ForkJoinPool.commonPool-worker-27" daemon [_thread_in_native, id=7644, stack(0x00000080b9300000,0x00000080b9400000)]
  0x00000254d20c7800 JavaThread "ForkJoinPool.commonPool-worker-13" daemon [_thread_in_native, id=8048, stack(0x00000080b8f00000,0x00000080b9000000)]
  0x00000254d20c5000 JavaThread "ForkJoinPool.commonPool-worker-31" daemon [_thread_in_native, id=7556, stack(0x00000080b9600000,0x00000080b9700000)]
  0x00000254d20c4800 JavaThread "ForkJoinPool.commonPool-worker-17" daemon [_thread_in_native, id=5472, stack(0x00000080b9700000,0x00000080b9800000)]
  0x00000254d20ce000 JavaThread "ForkJoinPool.commonPool-worker-3" daemon [_thread_in_native, id=6612, stack(0x00000080b9c00000,0x00000080b9d00000)]
  0x00000254d0596000 JavaThread "ForkJoinPool.commonPool-worker-21" daemon [_thread_in_native, id=9484, stack(0x00000080b9a00000,0x00000080b9b00000)]

Other Threads:
  0x00000254ceae5800 VMThread "VM Thread" [stack: 0x00000080b2f00000,0x00000080b3000000] [id=10164]
  0x00000254cf628000 WatcherThread [stack: 0x00000080b3900000,0x00000080b3a00000] [id=2500]
  0x00000254b6236800 GCTaskThread "GC Thread#0" [stack: 0x00000080b2a00000,0x00000080b2b00000] [id=3772]
  0x00000254cf6e0800 GCTaskThread "GC Thread#1" [stack: 0x00000080b3b00000,0x00000080b3c00000] [id=7960]
  0x00000254cfd00800 GCTaskThread "GC Thread#2" [stack: 0x00000080b3c00000,0x00000080b3d00000] [id=6708]
  0x00000254d0e11000 GCTaskThread "GC Thread#3" [stack: 0x00000080b4600000,0x00000080b4700000] [id=1348]
  0x00000254b625d000 ConcurrentGCThread "G1 Main Marker" [stack: 0x00000080b2b00000,0x00000080b2c00000] [id=10888]
  0x00000254b625f800 ConcurrentGCThread "G1 Conc#0" [stack: 0x00000080b2c00000,0x00000080b2d00000] [id=8852]
  0x00000254b62eb000 ConcurrentGCThread "G1 Refine#0" [stack: 0x00000080b2d00000,0x00000080b2e00000] [id=11120]
  0x00000254b62ec000 ConcurrentGCThread "G1 Young RemSet Sampling" [stack: 0x00000080b2e00000,0x00000080b2f00000] [id=10120]

Threads with active compile tasks:
C2 CompilerThread05347300 31874   !   4       shadow.bundletool.com.android.apksig.ApkSigner::sign (1728 bytes)

VM state:not at safepoint (normal execution)

VM Mutex/Monitor currently owned by a thread: None

OutOfMemory and StackOverflow Exception counts:
OutOfMemoryError java_heap_errors=1
LinkageErrors=201

Heap address: 0x00000000a0000000, size: 1536 MB, Compressed Oops mode: 32-bit
Narrow klass base: 0x0000000000000000, Narrow klass shift: 3
Compressed class space size: 1073741824 Address: 0x0000000100000000

Heap:
 garbage-first heap   total 333824K, used 262688K [0x00000000a0000000, 0x0000000100000000)
  region size 1024K, 124 young (126976K), 9 survivors (9216K)
 Metaspace       used 140604K, capacity 145003K, committed 145264K, reserved 1175552K
  class space    used 17055K, capacity 18706K, committed 18712K, reserved 1048576K
Heap Regions: E=young(eden), S=young(survivor), O=old, HS=humongous(starts), HC=humongous(continues), CS=collection set, F=free, A=archive, TAMS=top-at-mark-start (previous, next)
|   0|0x00000000a0000000, 0x00000000a0100000, 0x00000000a0100000|100%| O|  |TAMS 0x00000000a0100000, 0x00000000a0000000| Untracked 
|   1|0x00000000a0100000, 0x00000000a0200000, 0x00000000a0200000|100%| O|  |TAMS 0x00000000a0200000, 0x00000000a0100000| Untracked 
|   2|0x00000000a0200000, 0x00000000a0300000, 0x00000000a0300000|100%| O|  |TAMS 0x00000000a0300000, 0x00000000a0200000| Untracked 
|   3|0x00000000a0300000, 0x00000000a0400000, 0x00000000a0400000|100%|HS|  |TAMS 0x00000000a0400000, 0x00000000a0300000| Complete 
|   4|0x00000000a0400000, 0x00000000a0500000, 0x00000000a0500000|100%|HC|  |TAMS 0x00000000a0500000, 0x00000000a0400000| Complete 
|   5|0x00000000a0500000, 0x00000000a0600000, 0x00000000a0600000|100%|HC|  |TAMS 0x00000000a0600000, 0x00000000a0500000| Complete 
|   6|0x00000000a0600000, 0x00000000a0700000, 0x00000000a0700000|100%| O|  |TAMS 0x00000000a0700000, 0x00000000a0600000| Untracked 
|   7|0x00000000a0700000, 0x00000000a0800000, 0x00000000a0800000|100%| O|  |TAMS 0x00000000a0800000, 0x00000000a0700000| Untracked 
|   8|0x00000000a0800000, 0x00000000a0900000, 0x00000000a0900000|100%| O|  |TAMS 0x00000000a0900000, 0x00000000a0800000| Untracked 
|   9|0x00000000a0900000, 0x00000000a0a00000, 0x00000000a0a00000|100%| O|  |TAMS 0x00000000a0a00000, 0x00000000a0900000| Untracked 
|  10|0x00000000a0a00000, 0x00000000a0b00000, 0x00000000a0b00000|100%| O|  |TAMS 0x00000000a0b00000, 0x00000000a0a00000| Untracked 
|  11|0x00000000a0b00000, 0x00000000a0c00000, 0x00000000a0c00000|100%| O|  |TAMS 0x00000000a0c00000, 0x00000000a0b00000| Untracked 
|  12|0x00000000a0c00000, 0x00000000a0d00000, 0x00000000a0d00000|100%| O|  |TAMS 0x00000000a0d00000, 0x00000000a0c00000| Untracked 
|  13|0x00000000a0d00000, 0x00000000a0e00000, 0x00000000a0e00000|100%| O|  |TAMS 0x00000000a0e00000, 0x00000000a0d00000| Untracked 
|  14|0x00000000a0e00000, 0x00000000a0f00000, 0x00000000a0f00000|100%| O|  |TAMS 0x00000000a0f00000, 0x00000000a0e00000| Untracked 
|  15|0x00000000a0f00000, 0x00000000a1000000, 0x00000000a1000000|100%| O|  |TAMS 0x00000000a1000000, 0x00000000a0f00000| Untracked 
|  16|0x00000000a1000000, 0x00000000a1100000, 0x00000000a1100000|100%|HS|  |TAMS 0x00000000a1100000, 0x00000000a1000000| Complete 
|  17|0x00000000a1100000, 0x00000000a1200000, 0x00000000a1200000|100%| O|  |TAMS 0x00000000a1200000, 0x00000000a1100000| Untracked 
|  18|0x00000000a1200000, 0x00000000a1300000, 0x00000000a1300000|100%| O|  |TAMS 0x00000000a1300000, 0x00000000a1200000| Untracked 
|  19|0x00000000a1300000, 0x00000000a1400000, 0x00000000a1400000|100%| O|  |TAMS 0x00000000a1400000, 0x00000000a1300000| Untracked 
|  20|0x00000000a1400000, 0x00000000a1500000, 0x00000000a1500000|100%| O|  |TAMS 0x00000000a1500000, 0x00000000a1400000| Untracked 
|  21|0x00000000a1500000, 0x00000000a1600000, 0x00000000a1600000|100%| O|  |TAMS 0x00000000a1600000, 0x00000000a1500000| Untracked 
|  22|0x00000000a1600000, 0x00000000a1700000, 0x00000000a1700000|100%| O|  |TAMS 0x00000000a1700000, 0x00000000a1600000| Untracked 
|  23|0x00000000a1700000, 0x00000000a1800000, 0x00000000a1800000|100%| O|  |TAMS 0x00000000a1800000, 0x00000000a1700000| Untracked 
|  24|0x00000000a1800000, 0x00000000a1900000, 0x00000000a1900000|100%| O|  |TAMS 0x00000000a1900000, 0x00000000a1800000| Untracked 
|  25|0x00000000a1900000, 0x00000000a1a00000, 0x00000000a1a00000|100%| O|  |TAMS 0x00000000a1a00000, 0x00000000a1900000| Untracked 
|  26|0x00000000a1a00000, 0x00000000a1b00000, 0x00000000a1b00000|100%| O|  |TAMS 0x00000000a1b00000, 0x00000000a1a00000| Untracked 
|  27|0x00000000a1b00000, 0x00000000a1c00000, 0x00000000a1c00000|100%|HS|  |TAMS 0x00000000a1c00000, 0x00000000a1b00000| Complete 
|  28|0x00000000a1c00000, 0x00000000a1d00000, 0x00000000a1d00000|100%|HS|  |TAMS 0x00000000a1d00000, 0x00000000a1c00000| Complete 
|  29|0x00000000a1d00000, 0x00000000a1e00000, 0x00000000a1e00000|100%|HC|  |TAMS 0x00000000a1e00000, 0x00000000a1d00000| Complete 
|  30|0x00000000a1e00000, 0x00000000a1f00000, 0x00000000a1f00000|100%| O|  |TAMS 0x00000000a1f00000, 0x00000000a1e00000| Untracked 
|  31|0x00000000a1f00000, 0x00000000a2000000, 0x00000000a2000000|100%| O|  |TAMS 0x00000000a2000000, 0x00000000a1f00000| Untracked 
|  32|0x00000000a2000000, 0x00000000a2100000, 0x00000000a2100000|100%| O|  |TAMS 0x00000000a2000000, 0x00000000a2000000| Untracked 
|  33|0x00000000a2100000, 0x00000000a2200000, 0x00000000a2200000|100%| O|  |TAMS 0x00000000a2200000, 0x00000000a2100000| Untracked 
|  34|0x00000000a2200000, 0x00000000a2300000, 0x00000000a2300000|100%| O|  |TAMS 0x00000000a2300000, 0x00000000a2200000| Untracked 
|  35|0x00000000a2300000, 0x00000000a2400000, 0x00000000a2400000|100%| O|  |TAMS 0x00000000a2400000, 0x00000000a2300000| Untracked 
|  36|0x00000000a2400000, 0x00000000a2500000, 0x00000000a2500000|100%| O|  |TAMS 0x00000000a2500000, 0x00000000a2400000| Untracked 
|  37|0x00000000a2500000, 0x00000000a2600000, 0x00000000a2600000|100%| O|  |TAMS 0x00000000a2600000, 0x00000000a2500000| Untracked 
|  38|0x00000000a2600000, 0x00000000a2700000, 0x00000000a2700000|100%| O|  |TAMS 0x00000000a2700000, 0x00000000a2600000| Untracked 
|  39|0x00000000a2700000, 0x00000000a2800000, 0x00000000a2800000|100%| O|  |TAMS 0x00000000a2800000, 0x00000000a2700000| Untracked 
|  40|0x00000000a2800000, 0x00000000a2900000, 0x00000000a2900000|100%| O|  |TAMS 0x00000000a2900000, 0x00000000a2800000| Untracked 
|  41|0x00000000a2900000, 0x00000000a2a00000, 0x00000000a2a00000|100%| O|  |TAMS 0x00000000a2900000, 0x00000000a2900000| Untracked 
|  42|0x00000000a2a00000, 0x00000000a2b00000, 0x00000000a2b00000|100%| O|  |TAMS 0x00000000a2b00000, 0x00000000a2a00000| Untracked 
|  43|0x00000000a2b00000, 0x00000000a2c00000, 0x00000000a2c00000|100%| O|  |TAMS 0x00000000a2c00000, 0x00000000a2b00000| Untracked 
|  44|0x00000000a2c00000, 0x00000000a2d00000, 0x00000000a2d00000|100%| O|  |TAMS 0x00000000a2d00000, 0x00000000a2c00000| Untracked 
|  45|0x00000000a2d00000, 0x00000000a2e00000, 0x00000000a2e00000|100%| O|  |TAMS 0x00000000a2e00000, 0x00000000a2d00000| Untracked 
|  46|0x00000000a2e00000, 0x00000000a2f00000, 0x00000000a2f00000|100%| O|  |TAMS 0x00000000a2f00000, 0x00000000a2e00000| Untracked 
|  47|0x00000000a2f00000, 0x00000000a3000000, 0x00000000a3000000|100%| O|  |TAMS 0x00000000a3000000, 0x00000000a2f00000| Untracked 
|  48|0x00000000a3000000, 0x00000000a3100000, 0x00000000a3100000|100%| O|  |TAMS 0x00000000a3100000, 0x00000000a3000000| Untracked 
|  49|0x00000000a3100000, 0x00000000a3200000, 0x00000000a3200000|100%| O|  |TAMS 0x00000000a3200000, 0x00000000a3100000| Untracked 
|  50|0x00000000a3200000, 0x00000000a3300000, 0x00000000a3300000|100%| O|  |TAMS 0x00000000a3200000, 0x00000000a3200000| Untracked 
|  51|0x00000000a3300000, 0x00000000a3400000, 0x00000000a3400000|100%| O|  |TAMS 0x00000000a3300000, 0x00000000a3300000| Untracked 
|  52|0x00000000a3400000, 0x00000000a3500000, 0x00000000a3500000|100%| O|  |TAMS 0x00000000a3500000, 0x00000000a3400000| Untracked 
|  53|0x00000000a3500000, 0x00000000a3600000, 0x00000000a3600000|100%| O|  |TAMS 0x00000000a3500000, 0x00000000a3500000| Untracked 
|  54|0x00000000a3600000, 0x00000000a3700000, 0x00000000a3700000|100%| O|  |TAMS 0x00000000a3600000, 0x00000000a3600000| Untracked 
|  55|0x00000000a3700000, 0x00000000a3800000, 0x00000000a3800000|100%| O|  |TAMS 0x00000000a3800000, 0x00000000a3700000| Untracked 
|  56|0x00000000a3800000, 0x00000000a3900000, 0x00000000a3900000|100%| O|  |TAMS 0x00000000a3900000, 0x00000000a3800000| Untracked 
|  57|0x00000000a3900000, 0x00000000a3a00000, 0x00000000a3a00000|100%| O|  |TAMS 0x00000000a3a00000, 0x00000000a3900000| Untracked 
|  58|0x00000000a3a00000, 0x00000000a3b00000, 0x00000000a3b00000|100%| O|  |TAMS 0x00000000a3b00000, 0x00000000a3a00000| Untracked 
|  59|0x00000000a3b00000, 0x00000000a3c00000, 0x00000000a3c00000|100%| O|  |TAMS 0x00000000a3c00000, 0x00000000a3b00000| Untracked 
|  60|0x00000000a3c00000, 0x00000000a3d00000, 0x00000000a3d00000|100%| O|  |TAMS 0x00000000a3d00000, 0x00000000a3c00000| Untracked 
|  61|0x00000000a3d00000, 0x00000000a3e00000, 0x00000000a3e00000|100%| O|  |TAMS 0x00000000a3e00000, 0x00000000a3d00000| Untracked 
|  62|0x00000000a3e00000, 0x00000000a3f00000, 0x00000000a3f00000|100%| O|  |TAMS 0x00000000a3f00000, 0x00000000a3e00000| Untracked 
|  63|0x00000000a3f00000, 0x00000000a4000000, 0x00000000a4000000|100%| O|  |TAMS 0x00000000a4000000, 0x00000000a3f00000| Untracked 
|  64|0x00000000a4000000, 0x00000000a4100000, 0x00000000a4100000|100%| O|  |TAMS 0x00000000a4100000, 0x00000000a4000000| Untracked 
|  65|0x00000000a4100000, 0x00000000a4200000, 0x00000000a4200000|100%| O|  |TAMS 0x00000000a4100000, 0x00000000a4100000| Untracked 
|  66|0x00000000a4200000, 0x00000000a4300000, 0x00000000a4300000|100%| O|  |TAMS 0x00000000a4300000, 0x00000000a4200000| Untracked 
|  67|0x00000000a4300000, 0x00000000a4400000, 0x00000000a4400000|100%| O|  |TAMS 0x00000000a4400000, 0x00000000a4300000| Untracked 
|  68|0x00000000a4400000, 0x00000000a4500000, 0x00000000a4500000|100%| O|  |TAMS 0x00000000a4500000, 0x00000000a4400000| Untracked 
|  69|0x00000000a4500000, 0x00000000a4600000, 0x00000000a4600000|100%| O|  |TAMS 0x00000000a4600000, 0x00000000a4500000| Untracked 
|  70|0x00000000a4600000, 0x00000000a4700000, 0x00000000a4700000|100%| O|  |TAMS 0x00000000a4700000, 0x00000000a4600000| Untracked 
|  71|0x00000000a4700000, 0x00000000a4800000, 0x00000000a4800000|100%| O|  |TAMS 0x00000000a4800000, 0x00000000a4700000| Untracked 
|  72|0x00000000a4800000, 0x00000000a4900000, 0x00000000a4900000|100%| O|  |TAMS 0x00000000a4800000, 0x00000000a4800000| Untracked 
|  73|0x00000000a4900000, 0x00000000a4a00000, 0x00000000a4a00000|100%| O|  |TAMS 0x00000000a4900000, 0x00000000a4900000| Untracked 
|  74|0x00000000a4a00000, 0x00000000a4b00000, 0x00000000a4b00000|100%| O|  |TAMS 0x00000000a4b00000, 0x00000000a4a00000| Untracked 
|  75|0x00000000a4b00000, 0x00000000a4c00000, 0x00000000a4c00000|100%| O|  |TAMS 0x00000000a4c00000, 0x00000000a4b00000| Untracked 
|  76|0x00000000a4c00000, 0x00000000a4d00000, 0x00000000a4d00000|100%| O|  |TAMS 0x00000000a4d00000, 0x00000000a4c00000| Untracked 
|  77|0x00000000a4d00000, 0x00000000a4e00000, 0x00000000a4e00000|100%| O|  |TAMS 0x00000000a4e00000, 0x00000000a4d00000| Untracked 
|  78|0x00000000a4e00000, 0x00000000a4f00000, 0x00000000a4f00000|100%| O|  |TAMS 0x00000000a4f00000, 0x00000000a4e00000| Untracked 
|  79|0x00000000a4f00000, 0x00000000a5000000, 0x00000000a5000000|100%| O|  |TAMS 0x00000000a4f00000, 0x00000000a4f00000| Untracked 
|  80|0x00000000a5000000, 0x00000000a5100000, 0x00000000a5100000|100%| O|  |TAMS 0x00000000a5000000, 0x00000000a5000000| Untracked 
|  81|0x00000000a5100000, 0x00000000a5200000, 0x00000000a5200000|100%| O|  |TAMS 0x00000000a5200000, 0x00000000a5100000| Untracked 
|  82|0x00000000a5200000, 0x00000000a5300000, 0x00000000a5300000|100%| O|  |TAMS 0x00000000a5300000, 0x00000000a5200000| Untracked 
|  83|0x00000000a5300000, 0x00000000a5400000, 0x00000000a5400000|100%| O|  |TAMS 0x00000000a5300000, 0x00000000a5300000| Untracked 
|  84|0x00000000a5400000, 0x00000000a5500000, 0x00000000a5500000|100%| O|  |TAMS 0x00000000a5500000, 0x00000000a5400000| Untracked 
|  85|0x00000000a5500000, 0x00000000a5600000, 0x00000000a5600000|100%| O|  |TAMS 0x00000000a5600000, 0x00000000a5500000| Untracked 
|  86|0x00000000a5600000, 0x00000000a5700000, 0x00000000a5700000|100%| O|  |TAMS 0x00000000a5600000, 0x00000000a5600000| Untracked 
|  87|0x00000000a5700000, 0x00000000a5800000, 0x00000000a5800000|100%| O|  |TAMS 0x00000000a5700000, 0x00000000a5700000| Untracked 
|  88|0x00000000a5800000, 0x00000000a5900000, 0x00000000a5900000|100%| O|  |TAMS 0x00000000a5900000, 0x00000000a5800000| Untracked 
|  89|0x00000000a5900000, 0x00000000a5a00000, 0x00000000a5a00000|100%| O|  |TAMS 0x00000000a5900000, 0x00000000a5900000| Untracked 
|  90|0x00000000a5a00000, 0x00000000a5b00000, 0x00000000a5b00000|100%| O|  |TAMS 0x00000000a5a00000, 0x00000000a5a00000| Untracked 
|  91|0x00000000a5b00000, 0x00000000a5c00000, 0x00000000a5c00000|100%| O|  |TAMS 0x00000000a5b00000, 0x00000000a5b00000| Untracked 
|  92|0x00000000a5c00000, 0x00000000a5d00000, 0x00000000a5d00000|100%| O|  |TAMS 0x00000000a5c00000, 0x00000000a5c00000| Untracked 
|  93|0x00000000a5d00000, 0x00000000a5e00000, 0x00000000a5e00000|100%| O|  |TAMS 0x00000000a5e00000, 0x00000000a5d00000| Untracked 
|  94|0x00000000a5e00000, 0x00000000a5f00000, 0x00000000a5f00000|100%| O|  |TAMS 0x00000000a5f00000, 0x00000000a5e00000| Untracked 
|  95|0x00000000a5f00000, 0x00000000a6000000, 0x00000000a6000000|100%| O|  |TAMS 0x00000000a6000000, 0x00000000a5f00000| Untracked 
|  96|0x00000000a6000000, 0x00000000a6100000, 0x00000000a6100000|100%| O|  |TAMS 0x00000000a6100000, 0x00000000a6000000| Untracked 
|  97|0x00000000a6100000, 0x00000000a6200000, 0x00000000a6200000|100%| O|  |TAMS 0x00000000a6200000, 0x00000000a6100000| Untracked 
|  98|0x00000000a6200000, 0x00000000a6300000, 0x00000000a6300000|100%| O|  |TAMS 0x00000000a6200000, 0x00000000a6200000| Untracked 
|  99|0x00000000a6300000, 0x00000000a6400000, 0x00000000a6400000|100%|HS|  |TAMS 0x00000000a6300000, 0x00000000a6300000| Complete 
| 100|0x00000000a6400000, 0x00000000a6400000, 0x00000000a6500000|  0%| F|  |TAMS 0x00000000a6400000, 0x00000000a6400000| Untracked 
| 101|0x00000000a6500000, 0x00000000a6500000, 0x00000000a6600000|  0%| F|  |TAMS 0x00000000a6500000, 0x00000000a6500000| Untracked 
| 102|0x00000000a6600000, 0x00000000a6700000, 0x00000000a6700000|100%|HS|  |TAMS 0x00000000a6600000, 0x00000000a6600000| Complete 
| 103|0x00000000a6700000, 0x00000000a6800000, 0x00000000a6800000|100%|HC|  |TAMS 0x00000000a6700000, 0x00000000a6700000| Complete 
| 104|0x00000000a6800000, 0x00000000a6800000, 0x00000000a6900000|  0%| F|  |TAMS 0x00000000a6800000, 0x00000000a6800000| Untracked 
| 105|0x00000000a6900000, 0x00000000a6a00000, 0x00000000a6a00000|100%| O|  |TAMS 0x00000000a6900000, 0x00000000a6900000| Untracked 
| 106|0x00000000a6a00000, 0x00000000a6b00000, 0x00000000a6b00000|100%| O|  |TAMS 0x00000000a6a00000, 0x00000000a6a00000| Untracked 
| 107|0x00000000a6b00000, 0x00000000a6c00000, 0x00000000a6c00000|100%| O|  |TAMS 0x00000000a6b00000, 0x00000000a6b00000| Untracked 
| 108|0x00000000a6c00000, 0x00000000a6d00000, 0x00000000a6d00000|100%| O|  |TAMS 0x00000000a6c00000, 0x00000000a6c00000| Untracked 
| 109|0x00000000a6d00000, 0x00000000a6e00000, 0x00000000a6e00000|100%| O|  |TAMS 0x00000000a6e00000, 0x00000000a6d00000| Untracked 
| 110|0x00000000a6e00000, 0x00000000a6f00000, 0x00000000a6f00000|100%| O|  |TAMS 0x00000000a6e00000, 0x00000000a6e00000| Untracked 
| 111|0x00000000a6f00000, 0x00000000a6f00000, 0x00000000a7000000|  0%| F|  |TAMS 0x00000000a6f00000, 0x00000000a6f00000| Untracked 
| 112|0x00000000a7000000, 0x00000000a7000000, 0x00000000a7100000|  0%| F|  |TAMS 0x00000000a7000000, 0x00000000a7000000| Untracked 
| 113|0x00000000a7100000, 0x00000000a7100000, 0x00000000a7200000|  0%| F|  |TAMS 0x00000000a7100000, 0x00000000a7100000| Untracked 
| 114|0x00000000a7200000, 0x00000000a7200000, 0x00000000a7300000|  0%| F|  |TAMS 0x00000000a7200000, 0x00000000a7200000| Untracked 
| 115|0x00000000a7300000, 0x00000000a7300000, 0x00000000a7400000|  0%| F|  |TAMS 0x00000000a7300000, 0x00000000a7300000| Untracked 
| 116|0x00000000a7400000, 0x00000000a7400000, 0x00000000a7500000|  0%| F|  |TAMS 0x00000000a7400000, 0x00000000a7400000| Untracked 
| 117|0x00000000a7500000, 0x00000000a7500000, 0x00000000a7600000|  0%| F|  |TAMS 0x00000000a7500000, 0x00000000a7500000| Untracked 
| 118|0x00000000a7600000, 0x00000000a7600000, 0x00000000a7700000|  0%| F|  |TAMS 0x00000000a7600000, 0x00000000a7600000| Untracked 
| 119|0x00000000a7700000, 0x00000000a7700000, 0x00000000a7800000|  0%| F|  |TAMS 0x00000000a7700000, 0x00000000a7700000| Untracked 
| 120|0x00000000a7800000, 0x00000000a7800000, 0x00000000a7900000|  0%| F|  |TAMS 0x00000000a7800000, 0x00000000a7800000| Untracked 
| 121|0x00000000a7900000, 0x00000000a7a00000, 0x00000000a7a00000|100%| O|  |TAMS 0x00000000a7a00000, 0x00000000a7900000| Untracked 
| 122|0x00000000a7a00000, 0x00000000a7b00000, 0x00000000a7b00000|100%| O|  |TAMS 0x00000000a7b00000, 0x00000000a7a00000| Untracked 
| 123|0x00000000a7b00000, 0x00000000a7c00000, 0x00000000a7c00000|100%| O|  |TAMS 0x00000000a7b00000, 0x00000000a7b00000| Untracked 
| 124|0x00000000a7c00000, 0x00000000a7d00000, 0x00000000a7d00000|100%| O|  |TAMS 0x00000000a7c00000, 0x00000000a7c00000| Untracked 
| 125|0x00000000a7d00000, 0x00000000a7e00000, 0x00000000a7e00000|100%| O|  |TAMS 0x00000000a7d00000, 0x00000000a7d00000| Untracked 
| 126|0x00000000a7e00000, 0x00000000a7f00000, 0x00000000a7f00000|100%| O|  |TAMS 0x00000000a7e00000, 0x00000000a7e00000| Untracked 
| 127|0x00000000a7f00000, 0x00000000a8000000, 0x00000000a8000000|100%| O|  |TAMS 0x00000000a7f00000, 0x00000000a7f00000| Untracked 
| 128|0x00000000a8000000, 0x00000000a8100000, 0x00000000a8100000|100%| O|  |TAMS 0x00000000a8000000, 0x00000000a8000000| Untracked 
| 129|0x00000000a8100000, 0x00000000a81aac00, 0x00000000a8200000| 66%| O|  |TAMS 0x00000000a8100000, 0x00000000a8100000| Untracked 
| 130|0x00000000a8200000, 0x00000000a8200000, 0x00000000a8300000|  0%| F|  |TAMS 0x00000000a8200000, 0x00000000a8200000| Untracked 
| 131|0x00000000a8300000, 0x00000000a8300000, 0x00000000a8400000|  0%| F|  |TAMS 0x00000000a8300000, 0x00000000a8300000| Untracked 
| 132|0x00000000a8400000, 0x00000000a8400000, 0x00000000a8500000|  0%| F|  |TAMS 0x00000000a8400000, 0x00000000a8400000| Untracked 
| 133|0x00000000a8500000, 0x00000000a8500000, 0x00000000a8600000|  0%| F|  |TAMS 0x00000000a8500000, 0x00000000a8500000| Untracked 
| 134|0x00000000a8600000, 0x00000000a8600000, 0x00000000a8700000|  0%| F|  |TAMS 0x00000000a8600000, 0x00000000a8600000| Untracked 
| 135|0x00000000a8700000, 0x00000000a8700000, 0x00000000a8800000|  0%| F|  |TAMS 0x00000000a8700000, 0x00000000a8700000| Untracked 
| 136|0x00000000a8800000, 0x00000000a8800000, 0x00000000a8900000|  0%| F|  |TAMS 0x00000000a8800000, 0x00000000a8800000| Untracked 
| 137|0x00000000a8900000, 0x00000000a8a00000, 0x00000000a8a00000|100%| O|  |TAMS 0x00000000a8a00000, 0x00000000a8900000| Untracked 
| 138|0x00000000a8a00000, 0x00000000a8a00000, 0x00000000a8b00000|  0%| F|  |TAMS 0x00000000a8a00000, 0x00000000a8a00000| Untracked 
| 139|0x00000000a8b00000, 0x00000000a8b00000, 0x00000000a8c00000|  0%| F|  |TAMS 0x00000000a8b00000, 0x00000000a8b00000| Untracked 
| 140|0x00000000a8c00000, 0x00000000a8c00000, 0x00000000a8d00000|  0%| F|  |TAMS 0x00000000a8c00000, 0x00000000a8c00000| Untracked 
| 141|0x00000000a8d00000, 0x00000000a8d00000, 0x00000000a8e00000|  0%| F|  |TAMS 0x00000000a8d00000, 0x00000000a8d00000| Untracked 
| 142|0x00000000a8e00000, 0x00000000a8e00000, 0x00000000a8f00000|  0%| F|  |TAMS 0x00000000a8e00000, 0x00000000a8e00000| Untracked 
| 143|0x00000000a8f00000, 0x00000000a8f00000, 0x00000000a9000000|  0%| F|  |TAMS 0x00000000a8f00000, 0x00000000a8f00000| Untracked 
| 144|0x00000000a9000000, 0x00000000a9000000, 0x00000000a9100000|  0%| F|  |TAMS 0x00000000a9000000, 0x00000000a9000000| Untracked 
| 145|0x00000000a9100000, 0x00000000a9100000, 0x00000000a9200000|  0%| F|  |TAMS 0x00000000a9100000, 0x00000000a9100000| Untracked 
| 146|0x00000000a9200000, 0x00000000a9200000, 0x00000000a9300000|  0%| F|  |TAMS 0x00000000a9200000, 0x00000000a9200000| Untracked 
| 147|0x00000000a9300000, 0x00000000a9300000, 0x00000000a9400000|  0%| F|  |TAMS 0x00000000a9300000, 0x00000000a9300000| Untracked 
| 148|0x00000000a9400000, 0x00000000a9400000, 0x00000000a9500000|  0%| F|  |TAMS 0x00000000a9400000, 0x00000000a9400000| Untracked 
| 149|0x00000000a9500000, 0x00000000a9500000, 0x00000000a9600000|  0%| F|  |TAMS 0x00000000a9500000, 0x00000000a9500000| Untracked 
| 150|0x00000000a9600000, 0x00000000a9600000, 0x00000000a9700000|  0%| F|  |TAMS 0x00000000a9600000, 0x00000000a9600000| Untracked 
| 151|0x00000000a9700000, 0x00000000a9700000, 0x00000000a9800000|  0%| F|  |TAMS 0x00000000a9700000, 0x00000000a9700000| Untracked 
| 152|0x00000000a9800000, 0x00000000a9800000, 0x00000000a9900000|  0%| F|  |TAMS 0x00000000a9800000, 0x00000000a9800000| Untracked 
| 153|0x00000000a9900000, 0x00000000a9a00000, 0x00000000a9a00000|100%| O|  |TAMS 0x00000000a9a00000, 0x00000000a9900000| Untracked 
| 154|0x00000000a9a00000, 0x00000000a9b00000, 0x00000000a9b00000|100%| O|  |TAMS 0x00000000a9b00000, 0x00000000a9a00000| Untracked 
| 155|0x00000000a9b00000, 0x00000000a9c00000, 0x00000000a9c00000|100%| O|  |TAMS 0x00000000a9c00000, 0x00000000a9b00000| Untracked 
| 156|0x00000000a9c00000, 0x00000000a9d00000, 0x00000000a9d00000|100%| O|  |TAMS 0x00000000a9d00000, 0x00000000a9c00000| Untracked 
| 157|0x00000000a9d00000, 0x00000000a9e00000, 0x00000000a9e00000|100%| O|  |TAMS 0x00000000a9e00000, 0x00000000a9d00000| Untracked 
| 158|0x00000000a9e00000, 0x00000000a9f00000, 0x00000000a9f00000|100%| O|  |TAMS 0x00000000a9f00000, 0x00000000a9e00000| Untracked 
| 159|0x00000000a9f00000, 0x00000000aa000000, 0x00000000aa000000|100%| O|  |TAMS 0x00000000aa000000, 0x00000000a9f00000| Untracked 
| 160|0x00000000aa000000, 0x00000000aa100000, 0x00000000aa100000|100%| O|  |TAMS 0x00000000aa100000, 0x00000000aa000000| Untracked 
| 161|0x00000000aa100000, 0x00000000aa200000, 0x00000000aa200000|100%| O|  |TAMS 0x00000000aa160600, 0x00000000aa100000| Untracked 
| 162|0x00000000aa200000, 0x00000000aa200000, 0x00000000aa300000|  0%| F|  |TAMS 0x00000000aa200000, 0x00000000aa200000| Untracked 
| 163|0x00000000aa300000, 0x00000000aa300000, 0x00000000aa400000|  0%| F|  |TAMS 0x00000000aa300000, 0x00000000aa300000| Untracked 
| 164|0x00000000aa400000, 0x00000000aa400000, 0x00000000aa500000|  0%| F|  |TAMS 0x00000000aa400000, 0x00000000aa400000| Untracked 
| 165|0x00000000aa500000, 0x00000000aa500000, 0x00000000aa600000|  0%| F|  |TAMS 0x00000000aa500000, 0x00000000aa500000| Untracked 
| 166|0x00000000aa600000, 0x00000000aa600000, 0x00000000aa700000|  0%| F|  |TAMS 0x00000000aa600000, 0x00000000aa600000| Untracked 
| 167|0x00000000aa700000, 0x00000000aa700000, 0x00000000aa800000|  0%| F|  |TAMS 0x00000000aa700000, 0x00000000aa700000| Untracked 
| 168|0x00000000aa800000, 0x00000000aa800000, 0x00000000aa900000|  0%| F|  |TAMS 0x00000000aa800000, 0x00000000aa800000| Untracked 
| 169|0x00000000aa900000, 0x00000000aa900000, 0x00000000aaa00000|  0%| F|  |TAMS 0x00000000aa900000, 0x00000000aa900000| Untracked 
| 170|0x00000000aaa00000, 0x00000000aaa00000, 0x00000000aab00000|  0%| F|  |TAMS 0x00000000aaa00000, 0x00000000aaa00000| Untracked 
| 171|0x00000000aab00000, 0x00000000aab00000, 0x00000000aac00000|  0%| F|  |TAMS 0x00000000aab00000, 0x00000000aab00000| Untracked 
| 172|0x00000000aac00000, 0x00000000aac00000, 0x00000000aad00000|  0%| F|  |TAMS 0x00000000aac00000, 0x00000000aac00000| Untracked 
| 173|0x00000000aad00000, 0x00000000aad00000, 0x00000000aae00000|  0%| F|  |TAMS 0x00000000aad00000, 0x00000000aad00000| Untracked 
| 174|0x00000000aae00000, 0x00000000aae00000, 0x00000000aaf00000|  0%| F|  |TAMS 0x00000000aae00000, 0x00000000aae00000| Untracked 
| 175|0x00000000aaf00000, 0x00000000aaf00000, 0x00000000ab000000|  0%| F|  |TAMS 0x00000000aaf00000, 0x00000000aaf00000| Untracked 
| 176|0x00000000ab000000, 0x00000000ab000000, 0x00000000ab100000|  0%| F|  |TAMS 0x00000000ab000000, 0x00000000ab000000| Untracked 
| 177|0x00000000ab100000, 0x00000000ab100000, 0x00000000ab200000|  0%| F|  |TAMS 0x00000000ab100000, 0x00000000ab100000| Untracked 
| 178|0x00000000ab200000, 0x00000000ab2dd720, 0x00000000ab300000| 86%| S|CS|TAMS 0x00000000ab200000, 0x00000000ab200000| Complete 
| 179|0x00000000ab300000, 0x00000000ab400000, 0x00000000ab400000|100%| S|CS|TAMS 0x00000000ab300000, 0x00000000ab300000| Complete 
| 180|0x00000000ab400000, 0x00000000ab500000, 0x00000000ab500000|100%| S|CS|TAMS 0x00000000ab400000, 0x00000000ab400000| Complete 
| 181|0x00000000ab500000, 0x00000000ab600000, 0x00000000ab600000|100%| S|CS|TAMS 0x00000000ab500000, 0x00000000ab500000| Complete 
| 182|0x00000000ab600000, 0x00000000ab700000, 0x00000000ab700000|100%| S|CS|TAMS 0x00000000ab600000, 0x00000000ab600000| Complete 
| 183|0x00000000ab700000, 0x00000000ab800000, 0x00000000ab800000|100%| S|CS|TAMS 0x00000000ab700000, 0x00000000ab700000| Complete 
| 184|0x00000000ab800000, 0x00000000ab900000, 0x00000000ab900000|100%| S|CS|TAMS 0x00000000ab800000, 0x00000000ab800000| Complete 
| 185|0x00000000ab900000, 0x00000000aba00000, 0x00000000aba00000|100%| S|CS|TAMS 0x00000000ab900000, 0x00000000ab900000| Complete 
| 186|0x00000000aba00000, 0x00000000abb00000, 0x00000000abb00000|100%| S|CS|TAMS 0x00000000aba00000, 0x00000000aba00000| Complete 
| 187|0x00000000abb00000, 0x00000000abb00000, 0x00000000abc00000|  0%| F|  |TAMS 0x00000000abb00000, 0x00000000abb00000| Untracked 
| 188|0x00000000abc00000, 0x00000000abc00000, 0x00000000abd00000|  0%| F|  |TAMS 0x00000000abc00000, 0x00000000abc00000| Untracked 
| 189|0x00000000abd00000, 0x00000000abd00000, 0x00000000abe00000|  0%| F|  |TAMS 0x00000000abd00000, 0x00000000abd00000| Untracked 
| 190|0x00000000abe00000, 0x00000000abf00000, 0x00000000abf00000|100%| O|  |TAMS 0x00000000abf00000, 0x00000000abe00000| Untracked 
| 191|0x00000000abf00000, 0x00000000abf00000, 0x00000000ac000000|  0%| F|  |TAMS 0x00000000abf00000, 0x00000000abf00000| Untracked 
| 192|0x00000000ac000000, 0x00000000ac000000, 0x00000000ac100000|  0%| F|  |TAMS 0x00000000ac000000, 0x00000000ac000000| Untracked 
| 193|0x00000000ac100000, 0x00000000ac200000, 0x00000000ac200000|100%| O|  |TAMS 0x00000000ac200000, 0x00000000ac100000| Untracked 
| 194|0x00000000ac200000, 0x00000000ac300000, 0x00000000ac300000|100%| O|  |TAMS 0x00000000ac300000, 0x00000000ac200000| Untracked 
| 195|0x00000000ac300000, 0x00000000ac400000, 0x00000000ac400000|100%| O|  |TAMS 0x00000000ac400000, 0x00000000ac300000| Untracked 
| 196|0x00000000ac400000, 0x00000000ac500000, 0x00000000ac500000|100%| O|  |TAMS 0x00000000ac500000, 0x00000000ac400000| Untracked 
| 197|0x00000000ac500000, 0x00000000ac600000, 0x00000000ac600000|100%| O|  |TAMS 0x00000000ac600000, 0x00000000ac500000| Untracked 
| 198|0x00000000ac600000, 0x00000000ac600000, 0x00000000ac700000|  0%| F|  |TAMS 0x00000000ac600000, 0x00000000ac600000| Untracked 
| 199|0x00000000ac700000, 0x00000000ac800000, 0x00000000ac800000|100%| O|  |TAMS 0x00000000ac800000, 0x00000000ac700000| Untracked 
| 200|0x00000000ac800000, 0x00000000ac800000, 0x00000000ac900000|  0%| F|  |TAMS 0x00000000ac800000, 0x00000000ac800000| Untracked 
| 201|0x00000000ac900000, 0x00000000ac900000, 0x00000000aca00000|  0%| F|  |TAMS 0x00000000ac900000, 0x00000000ac900000| Untracked 
| 202|0x00000000aca00000, 0x00000000acb00000, 0x00000000acb00000|100%| O|  |TAMS 0x00000000acb00000, 0x00000000aca00000| Untracked 
| 203|0x00000000acb00000, 0x00000000acb00000, 0x00000000acc00000|  0%| F|  |TAMS 0x00000000acb00000, 0x00000000acb00000| Untracked 
| 204|0x00000000acc00000, 0x00000000acc00000, 0x00000000acd00000|  0%| F|  |TAMS 0x00000000acc00000, 0x00000000acc00000| Untracked 
| 205|0x00000000acd00000, 0x00000000acd00000, 0x00000000ace00000|  0%| F|  |TAMS 0x00000000acd00000, 0x00000000acd00000| Untracked 
| 206|0x00000000ace00000, 0x00000000ace00000, 0x00000000acf00000|  0%| F|  |TAMS 0x00000000ace00000, 0x00000000ace00000| Untracked 
| 207|0x00000000acf00000, 0x00000000acf00000, 0x00000000ad000000|  0%| F|  |TAMS 0x00000000acf00000, 0x00000000acf00000| Untracked 
| 208|0x00000000ad000000, 0x00000000ad000000, 0x00000000ad100000|  0%| F|  |TAMS 0x00000000ad000000, 0x00000000ad000000| Untracked 
| 209|0x00000000ad100000, 0x00000000ad100000, 0x00000000ad200000|  0%| F|  |TAMS 0x00000000ad100000, 0x00000000ad100000| Untracked 
| 210|0x00000000ad200000, 0x00000000ad200000, 0x00000000ad300000|  0%| F|  |TAMS 0x00000000ad200000, 0x00000000ad200000| Untracked 
| 211|0x00000000ad300000, 0x00000000ad350b10, 0x00000000ad400000| 31%| E|  |TAMS 0x00000000ad300000, 0x00000000ad300000| Complete 
| 212|0x00000000ad400000, 0x00000000ad500000, 0x00000000ad500000|100%| E|CS|TAMS 0x00000000ad400000, 0x00000000ad400000| Complete 
| 213|0x00000000ad500000, 0x00000000ad600000, 0x00000000ad600000|100%| E|  |TAMS 0x00000000ad500000, 0x00000000ad500000| Complete 
| 214|0x00000000ad600000, 0x00000000ad700000, 0x00000000ad700000|100%| E|CS|TAMS 0x00000000ad600000, 0x00000000ad600000| Complete 
| 215|0x00000000ad700000, 0x00000000ad800000, 0x00000000ad800000|100%| E|CS|TAMS 0x00000000ad700000, 0x00000000ad700000| Complete 
| 216|0x00000000ad800000, 0x00000000ad900000, 0x00000000ad900000|100%| E|CS|TAMS 0x00000000ad800000, 0x00000000ad800000| Complete 
| 217|0x00000000ad900000, 0x00000000ada00000, 0x00000000ada00000|100%| E|CS|TAMS 0x00000000ad900000, 0x00000000ad900000| Complete 
| 218|0x00000000ada00000, 0x00000000adb00000, 0x00000000adb00000|100%| E|CS|TAMS 0x00000000ada00000, 0x00000000ada00000| Complete 
| 219|0x00000000adb00000, 0x00000000adc00000, 0x00000000adc00000|100%| E|CS|TAMS 0x00000000adb00000, 0x00000000adb00000| Complete 
| 220|0x00000000adc00000, 0x00000000add00000, 0x00000000add00000|100%| E|CS|TAMS 0x00000000adc00000, 0x00000000adc00000| Complete 
| 221|0x00000000add00000, 0x00000000ade00000, 0x00000000ade00000|100%| E|CS|TAMS 0x00000000add00000, 0x00000000add00000| Complete 
| 222|0x00000000ade00000, 0x00000000adf00000, 0x00000000adf00000|100%| E|CS|TAMS 0x00000000ade00000, 0x00000000ade00000| Complete 
| 223|0x00000000adf00000, 0x00000000ae000000, 0x00000000ae000000|100%| E|CS|TAMS 0x00000000adf00000, 0x00000000adf00000| Complete 
| 224|0x00000000ae000000, 0x00000000ae100000, 0x00000000ae100000|100%| E|CS|TAMS 0x00000000ae000000, 0x00000000ae000000| Complete 
| 225|0x00000000ae100000, 0x00000000ae200000, 0x00000000ae200000|100%| E|CS|TAMS 0x00000000ae100000, 0x00000000ae100000| Complete 
| 226|0x00000000ae200000, 0x00000000ae300000, 0x00000000ae300000|100%| E|CS|TAMS 0x00000000ae200000, 0x00000000ae200000| Complete 
| 227|0x00000000ae300000, 0x00000000ae400000, 0x00000000ae400000|100%| E|CS|TAMS 0x00000000ae300000, 0x00000000ae300000| Complete 
| 228|0x00000000ae400000, 0x00000000ae500000, 0x00000000ae500000|100%| E|CS|TAMS 0x00000000ae400000, 0x00000000ae400000| Complete 
| 229|0x00000000ae500000, 0x00000000ae600000, 0x00000000ae600000|100%| E|CS|TAMS 0x00000000ae500000, 0x00000000ae500000| Complete 
| 230|0x00000000ae600000, 0x00000000ae700000, 0x00000000ae700000|100%| E|CS|TAMS 0x00000000ae600000, 0x00000000ae600000| Complete 
| 231|0x00000000ae700000, 0x00000000ae800000, 0x00000000ae800000|100%| E|CS|TAMS 0x00000000ae700000, 0x00000000ae700000| Complete 
| 232|0x00000000ae800000, 0x00000000ae900000, 0x00000000ae900000|100%| E|CS|TAMS 0x00000000ae800000, 0x00000000ae800000| Complete 
| 233|0x00000000ae900000, 0x00000000aea00000, 0x00000000aea00000|100%| E|CS|TAMS 0x00000000ae900000, 0x00000000ae900000| Complete 
| 234|0x00000000aea00000, 0x00000000aeb00000, 0x00000000aeb00000|100%| E|CS|TAMS 0x00000000aea00000, 0x00000000aea00000| Complete 
| 235|0x00000000aeb00000, 0x00000000aec00000, 0x00000000aec00000|100%| E|CS|TAMS 0x00000000aeb00000, 0x00000000aeb00000| Complete 
| 236|0x00000000aec00000, 0x00000000aed00000, 0x00000000aed00000|100%| E|CS|TAMS 0x00000000aec00000, 0x00000000aec00000| Complete 
| 237|0x00000000aed00000, 0x00000000aee00000, 0x00000000aee00000|100%| E|CS|TAMS 0x00000000aed00000, 0x00000000aed00000| Complete 
| 238|0x00000000aee00000, 0x00000000aef00000, 0x00000000aef00000|100%| E|CS|TAMS 0x00000000aee00000, 0x00000000aee00000| Complete 
| 239|0x00000000aef00000, 0x00000000af000000, 0x00000000af000000|100%| E|CS|TAMS 0x00000000aef00000, 0x00000000aef00000| Complete 
| 240|0x00000000af000000, 0x00000000af100000, 0x00000000af100000|100%| E|CS|TAMS 0x00000000af000000, 0x00000000af000000| Complete 
| 241|0x00000000af100000, 0x00000000af200000, 0x00000000af200000|100%| E|CS|TAMS 0x00000000af100000, 0x00000000af100000| Complete 
| 242|0x00000000af200000, 0x00000000af300000, 0x00000000af300000|100%| E|CS|TAMS 0x00000000af200000, 0x00000000af200000| Complete 
| 243|0x00000000af300000, 0x00000000af400000, 0x00000000af400000|100%| E|CS|TAMS 0x00000000af300000, 0x00000000af300000| Complete 
| 244|0x00000000af400000, 0x00000000af500000, 0x00000000af500000|100%| E|CS|TAMS 0x00000000af400000, 0x00000000af400000| Complete 
| 245|0x00000000af500000, 0x00000000af600000, 0x00000000af600000|100%| E|CS|TAMS 0x00000000af500000, 0x00000000af500000| Complete 
| 246|0x00000000af600000, 0x00000000af700000, 0x00000000af700000|100%| E|CS|TAMS 0x00000000af600000, 0x00000000af600000| Complete 
| 247|0x00000000af700000, 0x00000000af800000, 0x00000000af800000|100%| E|CS|TAMS 0x00000000af700000, 0x00000000af700000| Complete 
| 248|0x00000000af800000, 0x00000000af900000, 0x00000000af900000|100%| E|CS|TAMS 0x00000000af800000, 0x00000000af800000| Complete 
| 249|0x00000000af900000, 0x00000000afa00000, 0x00000000afa00000|100%| E|CS|TAMS 0x00000000af900000, 0x00000000af900000| Complete 
| 250|0x00000000afa00000, 0x00000000afb00000, 0x00000000afb00000|100%| E|CS|TAMS 0x00000000afa00000, 0x00000000afa00000| Complete 
| 251|0x00000000afb00000, 0x00000000afc00000, 0x00000000afc00000|100%| E|CS|TAMS 0x00000000afb00000, 0x00000000afb00000| Complete 
| 252|0x00000000afc00000, 0x00000000afd00000, 0x00000000afd00000|100%| E|CS|TAMS 0x00000000afc00000, 0x00000000afc00000| Complete 
| 253|0x00000000afd00000, 0x00000000afe00000, 0x00000000afe00000|100%| E|CS|TAMS 0x00000000afd00000, 0x00000000afd00000| Complete 
| 254|0x00000000afe00000, 0x00000000aff00000, 0x00000000aff00000|100%| E|CS|TAMS 0x00000000afe00000, 0x00000000afe00000| Complete 
| 255|0x00000000aff00000, 0x00000000b0000000, 0x00000000b0000000|100%| E|CS|TAMS 0x00000000aff00000, 0x00000000aff00000| Complete 
| 256|0x00000000b0000000, 0x00000000b0100000, 0x00000000b0100000|100%| E|CS|TAMS 0x00000000b0000000, 0x00000000b0000000| Complete 
| 257|0x00000000b0100000, 0x00000000b0200000, 0x00000000b0200000|100%| E|CS|TAMS 0x00000000b0100000, 0x00000000b0100000| Complete 
| 258|0x00000000b0200000, 0x00000000b0300000, 0x00000000b0300000|100%| E|CS|TAMS 0x00000000b0200000, 0x00000000b0200000| Complete 
| 259|0x00000000b0300000, 0x00000000b0400000, 0x00000000b0400000|100%| E|CS|TAMS 0x00000000b0300000, 0x00000000b0300000| Complete 
| 260|0x00000000b0400000, 0x00000000b0500000, 0x00000000b0500000|100%| E|CS|TAMS 0x00000000b0400000, 0x00000000b0400000| Complete 
| 261|0x00000000b0500000, 0x00000000b0600000, 0x00000000b0600000|100%| E|CS|TAMS 0x00000000b0500000, 0x00000000b0500000| Complete 
| 262|0x00000000b0600000, 0x00000000b0700000, 0x00000000b0700000|100%| E|CS|TAMS 0x00000000b0600000, 0x00000000b0600000| Complete 
| 263|0x00000000b0700000, 0x00000000b0800000, 0x00000000b0800000|100%| E|CS|TAMS 0x00000000b0700000, 0x00000000b0700000| Complete 
| 264|0x00000000b0800000, 0x00000000b0900000, 0x00000000b0900000|100%| E|CS|TAMS 0x00000000b0800000, 0x00000000b0800000| Complete 
| 265|0x00000000b0900000, 0x00000000b0a00000, 0x00000000b0a00000|100%| E|CS|TAMS 0x00000000b0900000, 0x00000000b0900000| Complete 
| 266|0x00000000b0a00000, 0x00000000b0b00000, 0x00000000b0b00000|100%| E|CS|TAMS 0x00000000b0a00000, 0x00000000b0a00000| Complete 
| 267|0x00000000b0b00000, 0x00000000b0c00000, 0x00000000b0c00000|100%| E|CS|TAMS 0x00000000b0b00000, 0x00000000b0b00000| Complete 
| 268|0x00000000b0c00000, 0x00000000b0d00000, 0x00000000b0d00000|100%| E|CS|TAMS 0x00000000b0c00000, 0x00000000b0c00000| Complete 
| 269|0x00000000b0d00000, 0x00000000b0e00000, 0x00000000b0e00000|100%| E|CS|TAMS 0x00000000b0d00000, 0x00000000b0d00000| Complete 
| 270|0x00000000b0e00000, 0x00000000b0f00000, 0x00000000b0f00000|100%| E|CS|TAMS 0x00000000b0e00000, 0x00000000b0e00000| Complete 
| 271|0x00000000b0f00000, 0x00000000b1000000, 0x00000000b1000000|100%| E|CS|TAMS 0x00000000b0f00000, 0x00000000b0f00000| Complete 
| 272|0x00000000b1000000, 0x00000000b1100000, 0x00000000b1100000|100%| E|CS|TAMS 0x00000000b1000000, 0x00000000b1000000| Complete 
| 273|0x00000000b1100000, 0x00000000b1200000, 0x00000000b1200000|100%| E|CS|TAMS 0x00000000b1100000, 0x00000000b1100000| Complete 
| 274|0x00000000b1200000, 0x00000000b1300000, 0x00000000b1300000|100%| E|CS|TAMS 0x00000000b1200000, 0x00000000b1200000| Complete 
| 275|0x00000000b1300000, 0x00000000b1400000, 0x00000000b1400000|100%| E|CS|TAMS 0x00000000b1300000, 0x00000000b1300000| Complete 
| 276|0x00000000b1400000, 0x00000000b1500000, 0x00000000b1500000|100%| E|CS|TAMS 0x00000000b1400000, 0x00000000b1400000| Complete 
| 277|0x00000000b1500000, 0x00000000b1600000, 0x00000000b1600000|100%| E|CS|TAMS 0x00000000b1500000, 0x00000000b1500000| Complete 
| 278|0x00000000b1600000, 0x00000000b1700000, 0x00000000b1700000|100%| E|CS|TAMS 0x00000000b1600000, 0x00000000b1600000| Complete 
| 279|0x00000000b1700000, 0x00000000b1800000, 0x00000000b1800000|100%| E|CS|TAMS 0x00000000b1700000, 0x00000000b1700000| Complete 
| 280|0x00000000b1800000, 0x00000000b1900000, 0x00000000b1900000|100%| E|CS|TAMS 0x00000000b1800000, 0x00000000b1800000| Complete 
| 281|0x00000000b1900000, 0x00000000b1a00000, 0x00000000b1a00000|100%| E|CS|TAMS 0x00000000b1900000, 0x00000000b1900000| Complete 
| 282|0x00000000b1a00000, 0x00000000b1b00000, 0x00000000b1b00000|100%| E|CS|TAMS 0x00000000b1a00000, 0x00000000b1a00000| Complete 
| 283|0x00000000b1b00000, 0x00000000b1c00000, 0x00000000b1c00000|100%| E|CS|TAMS 0x00000000b1b00000, 0x00000000b1b00000| Complete 
| 284|0x00000000b1c00000, 0x00000000b1d00000, 0x00000000b1d00000|100%| E|CS|TAMS 0x00000000b1c00000, 0x00000000b1c00000| Complete 
| 285|0x00000000b1d00000, 0x00000000b1e00000, 0x00000000b1e00000|100%| E|CS|TAMS 0x00000000b1d00000, 0x00000000b1d00000| Complete 
| 286|0x00000000b1e00000, 0x00000000b1f00000, 0x00000000b1f00000|100%| E|CS|TAMS 0x00000000b1e00000, 0x00000000b1e00000| Complete 
| 287|0x00000000b1f00000, 0x00000000b2000000, 0x00000000b2000000|100%| E|CS|TAMS 0x00000000b1f00000, 0x00000000b1f00000| Complete 
| 288|0x00000000b2000000, 0x00000000b2100000, 0x00000000b2100000|100%| E|CS|TAMS 0x00000000b2000000, 0x00000000b2000000| Complete 
| 289|0x00000000b2100000, 0x00000000b2200000, 0x00000000b2200000|100%| E|CS|TAMS 0x00000000b2100000, 0x00000000b2100000| Complete 
| 290|0x00000000b2200000, 0x00000000b2300000, 0x00000000b2300000|100%| E|CS|TAMS 0x00000000b2200000, 0x00000000b2200000| Complete 
| 291|0x00000000b2300000, 0x00000000b2400000, 0x00000000b2400000|100%| E|CS|TAMS 0x00000000b2300000, 0x00000000b2300000| Complete 
| 292|0x00000000b2400000, 0x00000000b2500000, 0x00000000b2500000|100%| E|CS|TAMS 0x00000000b2400000, 0x00000000b2400000| Complete 
| 293|0x00000000b2500000, 0x00000000b2600000, 0x00000000b2600000|100%| E|CS|TAMS 0x00000000b2500000, 0x00000000b2500000| Complete 
| 294|0x00000000b2600000, 0x00000000b2700000, 0x00000000b2700000|100%| E|CS|TAMS 0x00000000b2600000, 0x00000000b2600000| Complete 
| 295|0x00000000b2700000, 0x00000000b2800000, 0x00000000b2800000|100%| E|CS|TAMS 0x00000000b2700000, 0x00000000b2700000| Complete 
| 296|0x00000000b2800000, 0x00000000b2900000, 0x00000000b2900000|100%| E|CS|TAMS 0x00000000b2800000, 0x00000000b2800000| Complete 
| 297|0x00000000b2900000, 0x00000000b2a00000, 0x00000000b2a00000|100%| E|CS|TAMS 0x00000000b2900000, 0x00000000b2900000| Complete 
| 298|0x00000000b2a00000, 0x00000000b2b00000, 0x00000000b2b00000|100%| E|CS|TAMS 0x00000000b2a00000, 0x00000000b2a00000| Complete 
| 299|0x00000000b2b00000, 0x00000000b2c00000, 0x00000000b2c00000|100%| E|CS|TAMS 0x00000000b2b00000, 0x00000000b2b00000| Complete 
| 300|0x00000000b2c00000, 0x00000000b2d00000, 0x00000000b2d00000|100%| E|CS|TAMS 0x00000000b2c00000, 0x00000000b2c00000| Complete 
| 301|0x00000000b2d00000, 0x00000000b2e00000, 0x00000000b2e00000|100%| E|CS|TAMS 0x00000000b2d00000, 0x00000000b2d00000| Complete 
| 302|0x00000000b2e00000, 0x00000000b2f00000, 0x00000000b2f00000|100%| E|CS|TAMS 0x00000000b2e00000, 0x00000000b2e00000| Complete 
| 303|0x00000000b2f00000, 0x00000000b3000000, 0x00000000b3000000|100%| E|CS|TAMS 0x00000000b2f00000, 0x00000000b2f00000| Complete 
| 304|0x00000000b3000000, 0x00000000b3100000, 0x00000000b3100000|100%| E|CS|TAMS 0x00000000b3000000, 0x00000000b3000000| Complete 
| 305|0x00000000b3100000, 0x00000000b3200000, 0x00000000b3200000|100%| E|CS|TAMS 0x00000000b3100000, 0x00000000b3100000| Complete 
| 306|0x00000000b3200000, 0x00000000b3300000, 0x00000000b3300000|100%| E|CS|TAMS 0x00000000b3200000, 0x00000000b3200000| Complete 
| 307|0x00000000b3300000, 0x00000000b3400000, 0x00000000b3400000|100%| E|CS|TAMS 0x00000000b3300000, 0x00000000b3300000| Complete 
| 308|0x00000000b3400000, 0x00000000b3500000, 0x00000000b3500000|100%| E|CS|TAMS 0x00000000b3400000, 0x00000000b3400000| Complete 
| 309|0x00000000b3500000, 0x00000000b3600000, 0x00000000b3600000|100%| E|CS|TAMS 0x00000000b3500000, 0x00000000b3500000| Complete 
| 310|0x00000000b3600000, 0x00000000b3700000, 0x00000000b3700000|100%| E|CS|TAMS 0x00000000b3600000, 0x00000000b3600000| Complete 
| 311|0x00000000b3700000, 0x00000000b3800000, 0x00000000b3800000|100%| E|CS|TAMS 0x00000000b3700000, 0x00000000b3700000| Complete 
| 312|0x00000000b3800000, 0x00000000b3900000, 0x00000000b3900000|100%| E|CS|TAMS 0x00000000b3800000, 0x00000000b3800000| Complete 
| 313|0x00000000b3900000, 0x00000000b3a00000, 0x00000000b3a00000|100%| E|CS|TAMS 0x00000000b3900000, 0x00000000b3900000| Complete 
| 314|0x00000000b3a00000, 0x00000000b3b00000, 0x00000000b3b00000|100%| E|CS|TAMS 0x00000000b3a00000, 0x00000000b3a00000| Complete 
| 315|0x00000000b3b00000, 0x00000000b3c00000, 0x00000000b3c00000|100%| E|CS|TAMS 0x00000000b3b00000, 0x00000000b3b00000| Complete 
| 316|0x00000000b3c00000, 0x00000000b3d00000, 0x00000000b3d00000|100%| E|CS|TAMS 0x00000000b3c00000, 0x00000000b3c00000| Complete 
| 317|0x00000000b3d00000, 0x00000000b3e00000, 0x00000000b3e00000|100%| E|CS|TAMS 0x00000000b3d00000, 0x00000000b3d00000| Complete 
| 318|0x00000000b3e00000, 0x00000000b3f00000, 0x00000000b3f00000|100%| E|CS|TAMS 0x00000000b3e00000, 0x00000000b3e00000| Complete 
| 319|0x00000000b3f00000, 0x00000000b4000000, 0x00000000b4000000|100%| E|CS|TAMS 0x00000000b3f00000, 0x00000000b3f00000| Complete 
| 320|0x00000000b4000000, 0x00000000b4100000, 0x00000000b4100000|100%| E|CS|TAMS 0x00000000b4000000, 0x00000000b4000000| Complete 
| 321|0x00000000b4100000, 0x00000000b4200000, 0x00000000b4200000|100%| E|CS|TAMS 0x00000000b4100000, 0x00000000b4100000| Complete 
| 322|0x00000000b4200000, 0x00000000b4300000, 0x00000000b4300000|100%| E|CS|TAMS 0x00000000b4200000, 0x00000000b4200000| Complete 
| 323|0x00000000b4300000, 0x00000000b4400000, 0x00000000b4400000|100%| E|CS|TAMS 0x00000000b4300000, 0x00000000b4300000| Complete 
| 324|0x00000000b4400000, 0x00000000b4500000, 0x00000000b4500000|100%| E|CS|TAMS 0x00000000b4400000, 0x00000000b4400000| Complete 
| 325|0x00000000b4500000, 0x00000000b4600000, 0x00000000b4600000|100%| E|CS|TAMS 0x00000000b4500000, 0x00000000b4500000| Complete 

Card table byte_map: [0x00000254c9030000,0x00000254c9330000] _byte_map_base: 0x00000254c8b30000

Marking Bits (Prev, Next): (CMBitMap*) 0x00000254b6256190, (CMBitMap*) 0x00000254b6256158
 Prev Bits: [0x00000254cae30000, 0x00000254cc630000)
 Next Bits: [0x00000254c9630000, 0x00000254cae30000)

Polling page: 0x00000254b5a00000

Metaspace:

Usage:
  Non-class:    123.34 MB capacity,   120.65 MB ( 98%) used,     2.14 MB (  2%) free+waste,   560.63 KB ( <1%) overhead. 
      Class:     18.27 MB capacity,    16.66 MB ( 91%) used,     1.38 MB (  8%) free+waste,   241.25 KB (  1%) overhead. 
       Both:    141.60 MB capacity,   137.31 MB ( 97%) used,     3.51 MB (  2%) free+waste,   801.88 KB ( <1%) overhead. 

Virtual space:
  Non-class space:      124.00 MB reserved,     123.59 MB (>99%) committed 
      Class space:        1.00 GB reserved,      18.27 MB (  2%) committed 
             Both:        1.12 GB reserved,     141.86 MB ( 12%) committed 

Chunk freelists:
   Non-Class:  0 bytes
       Class:  0 bytes
        Both:  0 bytes

MaxMetaspaceSize: 17179869184.00 GB
CompressedClassSpaceSize: 1.00 GB
Initial GC threshold: 20.80 MB
Current GC threshold: 235.60 MB
CDS: off

CodeHeap 'non-profiled nmethods': size=120064Kb used=24053Kb max_used=24053Kb free=96010Kb
 bounds [0x00000254c17f0000, 0x00000254c2f70000, 0x00000254c8d30000]
CodeHeap 'profiled nmethods': size=120000Kb used=60390Kb max_used=62087Kb free=59609Kb
 bounds [0x00000254ba2c0000, 0x00000254bdfb0000, 0x00000254c17f0000]
CodeHeap 'non-nmethods': size=5696Kb used=2469Kb max_used=2554Kb free=3226Kb
 bounds [0x00000254b9d30000, 0x00000254b9fc0000, 0x00000254ba2c0000]
 total_blobs=27850 nmethods=26853 adapters=908
 compilation: enabled
              stopped_count=0, restarted_count=0
 full_count=0

Compilation events (20 events):
Event: 5346.054 Thread 0x00000254ceb37800 nmethod 31864 0x00000254bac31e90 code [0x00000254bac32060, 0x00000254bac322e8]
Event: 5346.054 Thread 0x00000254ceb37800 31865       3       com.google.common.collect.TreeBasedTable$TreeRow::computeBackingRowMap (5 bytes)
Event: 5346.054 Thread 0x00000254ceb37800 nmethod 31865 0x00000254bb916b90 code [0x00000254bb916d40, 0x00000254bb916e68]
Event: 5346.054 Thread 0x00000254ceb37800 31866       3       com.google.common.collect.TreeBasedTable$TreeRow::computeBackingRowMap (49 bytes)
Event: 5346.055 Thread 0x00000254ceb37800 nmethod 31866 0x00000254bcb11b10 code [0x00000254bcb11d00, 0x00000254bcb12088]
Event: 5346.055 Thread 0x00000254ceb37800 31867       3       com.google.common.collect.TreeBasedTable$TreeRow::wholeRow (66 bytes)
Event: 5346.055 Thread 0x00000254ceb37800 nmethod 31867 0x00000254ba76e910 code [0x00000254ba76eb00, 0x00000254ba76f068]
Event: 5346.055 Thread 0x00000254ceb37800 31868       3       com.google.common.collect.ForwardingMapEntry::getKey (10 bytes)
Event: 5346.055 Thread 0x00000254ceb37800 nmethod 31868 0x00000254bae38c90 code [0x00000254bae38e60, 0x00000254bae390d8]
Event: 5346.094 Thread 0x00000254daf3c800 nmethod 31851 0x00000254c2f63890 code [0x00000254c2f63a60, 0x00000254c2f63fb8]
Event: 5346.094 Thread 0x00000254daf3c800 31852       4       com.android.aapt.Resources$XmlNode$Builder::mergeFrom (111 bytes)
Event: 5346.098 Thread 0x00000254ceb32800 nmethod 31870 0x00000254c2f64610 code [0x00000254c2f64800, 0x00000254c2f64c98]
Event: 5346.112 Thread 0x00000254daf3c800 nmethod 31852 0x00000254c2f65190 code [0x00000254c2f653c0, 0x00000254c2f65bc0]
Event: 5346.294 Thread 0x00000254ceb32800 31871   !   4       sun.security.x509.AlgorithmId::getName (89 bytes)
Event: 5346.311 Thread 0x00000254ceb32800 nmethod 31871 0x00000254c2f66210 code [0x00000254c2f66440, 0x00000254c2f66dd0]
Event: 5346.373 Thread 0x00000254ceb32800 31872       4       java.util.concurrent.Phaser::doArrive (250 bytes)
Event: 5346.382 Thread 0x00000254ceb32800 nmethod 31872 0x00000254c2f67390 code [0x00000254c2f67540, 0x00000254c2f67a48]
Event: 5346.382 Thread 0x00000254ceb32800 31873       4       com.android.aapt.Resources$XmlNode::getSerializedSize (90 bytes)
Event: 5346.589 Thread 0x00000254ceb32800 nmethod 31873 0x00000254c2f67e10 code [0x00000254c2f68200, 0x00000254c2f6b660]
Event: 5346.797 Thread 0x00000254ceb32800 31874   !   4       shadow.bundletool.com.android.apksig.ApkSigner::sign (1728 bytes)

GC Heap History (20 events):
Event: 4435.344 GC heap before
{Heap before GC invocations=174 (full 0):
 garbage-first heap   total 333824K, used 153927K [0x00000000a0000000, 0x0000000100000000)
  region size 1024K, 16 young (16384K), 2 survivors (2048K)
 Metaspace       used 140158K, capacity 144610K, committed 144752K, reserved 1175552K
  class space    used 17044K, capacity 18694K, committed 18712K, reserved 1048576K
}
Event: 4435.350 GC heap after
{Heap after GC invocations=175 (full 0):
 garbage-first heap   total 333824K, used 109664K [0x00000000a0000000, 0x0000000100000000)
  region size 1024K, 2 young (2048K), 2 survivors (2048K)
 Metaspace       used 140158K, capacity 144610K, committed 144752K, reserved 1175552K
  class space    used 17044K, capacity 18694K, committed 18712K, reserved 1048576K
}
Event: 4626.997 GC heap before
{Heap before GC invocations=175 (full 0):
 garbage-first heap   total 333824K, used 257120K [0x00000000a0000000, 0x0000000100000000)
  region size 1024K, 142 young (145408K), 2 survivors (2048K)
 Metaspace       used 140308K, capacity 144746K, committed 145008K, reserved 1175552K
  class space    used 17045K, capacity 18695K, committed 18712K, reserved 1048576K
}
Event: 4627.020 GC heap after
{Heap after GC invocations=176 (full 0):
 garbage-first heap   total 333824K, used 125133K [0x00000000a0000000, 0x0000000100000000)
  region size 1024K, 13 young (13312K), 13 survivors (13312K)
 Metaspace       used 140308K, capacity 144746K, committed 145008K, reserved 1175552K
  class space    used 17045K, capacity 18695K, committed 18712K, reserved 1048576K
}
Event: 4627.979 GC heap before
{Heap before GC invocations=176 (full 0):
 garbage-first heap   total 333824K, used 270541K [0x00000000a0000000, 0x0000000100000000)
  region size 1024K, 144 young (147456K), 13 survivors (13312K)
 Metaspace       used 140386K, capacity 144860K, committed 145008K, reserved 1175552K
  class space    used 17050K, capacity 18704K, committed 18712K, reserved 1048576K
}
Event: 4627.993 GC heap after
{Heap after GC invocations=177 (full 0):
 garbage-first heap   total 333824K, used 125261K [0x00000000a0000000, 0x0000000100000000)
  region size 1024K, 8 young (8192K), 8 survivors (8192K)
 Metaspace       used 140386K, capacity 144860K, committed 145008K, reserved 1175552K
  class space    used 17050K, capacity 18704K, committed 18712K, reserved 1048576K
}
Event: 4628.088 GC heap before
{Heap before GC invocations=177 (full 0):
 garbage-first heap   total 333824K, used 185677K [0x00000000a0000000, 0x0000000100000000)
  region size 1024K, 67 young (68608K), 8 survivors (8192K)
 Metaspace       used 140387K, capacity 144860K, committed 145008K, reserved 1175552K
  class space    used 17050K, capacity 18704K, committed 18712K, reserved 1048576K
}
Event: 4628.095 GC heap after
{Heap after GC invocations=178 (full 0):
 garbage-first heap   total 333824K, used 126976K [0x00000000a0000000, 0x0000000100000000)
  region size 1024K, 2 young (2048K), 2 survivors (2048K)
 Metaspace       used 140387K, capacity 144860K, committed 145008K, reserved 1175552K
  class space    used 17050K, capacity 18704K, committed 18712K, reserved 1048576K
}
Event: 4628.458 GC heap before
{Heap before GC invocations=178 (full 0):
 garbage-first heap   total 333824K, used 211968K [0x00000000a0000000, 0x0000000100000000)
  region size 1024K, 86 young (88064K), 2 survivors (2048K)
 Metaspace       used 140394K, capacity 144860K, committed 145008K, reserved 1175552K
  class space    used 17050K, capacity 18704K, committed 18712K, reserved 1048576K
}
Event: 4628.466 GC heap after
{Heap after GC invocations=179 (full 0):
 garbage-first heap   total 333824K, used 128264K [0x00000000a0000000, 0x0000000100000000)
  region size 1024K, 4 young (4096K), 4 survivors (4096K)
 Metaspace       used 140394K, capacity 144860K, committed 145008K, reserved 1175552K
  class space    used 17050K, capacity 18704K, committed 18712K, reserved 1048576K
}
Event: 4629.354 GC heap before
{Heap before GC invocations=179 (full 0):
 garbage-first heap   total 333824K, used 247048K [0x00000000a0000000, 0x0000000100000000)
  region size 1024K, 104 young (106496K), 4 survivors (4096K)
 Metaspace       used 140394K, capacity 144860K, committed 145008K, reserved 1175552K
  class space    used 17050K, capacity 18704K, committed 18712K, reserved 1048576K
}
Event: 4629.366 GC heap after
{Heap after GC invocations=180 (full 0):
 garbage-first heap   total 333824K, used 128507K [0x00000000a0000000, 0x0000000100000000)
  region size 1024K, 4 young (4096K), 4 survivors (4096K)
 Metaspace       used 140394K, capacity 144860K, committed 145008K, reserved 1175552K
  class space    used 17050K, capacity 18704K, committed 18712K, reserved 1048576K
}
Event: 4631.555 GC heap before
{Heap before GC invocations=180 (full 0):
 garbage-first heap   total 333824K, used 241147K [0x00000000a0000000, 0x0000000100000000)
  region size 1024K, 115 young (117760K), 4 survivors (4096K)
 Metaspace       used 140396K, capacity 144860K, committed 145008K, reserved 1175552K
  class space    used 17050K, capacity 18704K, committed 18712K, reserved 1048576K
}
Event: 4631.561 GC heap after
{Heap after GC invocations=181 (full 0):
 garbage-first heap   total 333824K, used 129181K [0x00000000a0000000, 0x0000000100000000)
  region size 1024K, 5 young (5120K), 5 survivors (5120K)
 Metaspace       used 140396K, capacity 144860K, committed 145008K, reserved 1175552K
  class space    used 17050K, capacity 18704K, committed 18712K, reserved 1048576K
}
Event: 5340.954 GC heap before
{Heap before GC invocations=181 (full 0):
 garbage-first heap   total 333824K, used 268445K [0x00000000a0000000, 0x0000000100000000)
  region size 1024K, 137 young (140288K), 5 survivors (5120K)
 Metaspace       used 140493K, capacity 144867K, committed 145008K, reserved 1175552K
  class space    used 17051K, capacity 18704K, committed 18712K, reserved 1048576K
}
Event: 5340.973 GC heap after
{Heap after GC invocations=182 (full 0):
 garbage-first heap   total 333824K, used 140856K [0x00000000a0000000, 0x0000000100000000)
  region size 1024K, 14 young (14336K), 14 survivors (14336K)
 Metaspace       used 140493K, capacity 144867K, committed 145008K, reserved 1175552K
  class space    used 17051K, capacity 18704K, committed 18712K, reserved 1048576K
}
Event: 5344.506 GC heap before
{Heap before GC invocations=182 (full 0):
 garbage-first heap   total 333824K, used 280120K [0x00000000a0000000, 0x0000000100000000)
  region size 1024K, 137 young (140288K), 14 survivors (14336K)
 Metaspace       used 140584K, capacity 144996K, committed 145008K, reserved 1175552K
  class space    used 17051K, capacity 18704K, committed 18712K, reserved 1048576K
}
Event: 5344.524 GC heap after
{Heap after GC invocations=183 (full 0):
 garbage-first heap   total 333824K, used 140971K [0x00000000a0000000, 0x0000000100000000)
  region size 1024K, 4 young (4096K), 4 survivors (4096K)
 Metaspace       used 140584K, capacity 144996K, committed 145008K, reserved 1175552K
  class space    used 17051K, capacity 18704K, committed 18712K, reserved 1048576K
}
Event: 5345.790 GC heap before
{Heap before GC invocations=183 (full 0):
 garbage-first heap   total 333824K, used 271019K [0x00000000a0000000, 0x0000000100000000)
  region size 1024K, 131 young (134144K), 4 survivors (4096K)
 Metaspace       used 140587K, capacity 144996K, committed 145008K, reserved 1175552K
  class space    used 17051K, capacity 18704K, committed 18712K, reserved 1048576K
}
Event: 5345.799 GC heap after
{Heap after GC invocations=184 (full 0):
 garbage-first heap   total 333824K, used 145952K [0x00000000a0000000, 0x0000000100000000)
  region size 1024K, 9 young (9216K), 9 survivors (9216K)
 Metaspace       used 140587K, capacity 144996K, committed 145008K, reserved 1175552K
  class space    used 17051K, capacity 18704K, committed 18712K, reserved 1048576K
}

Deoptimization events (20 events):
Event: 4628.469 Thread 0x00000254d0592000 DEOPT PACKING pc=0x00000254c2b5ff64 sp=0x00000080b94fd2e0
Event: 4628.469 Thread 0x00000254d0592000 DEOPT UNPACKING pc=0x00000254b9d7a1a9 sp=0x00000080b94fd230 mode 2
Event: 5342.436 Thread 0x00000254daf3c000 Uncommon trap: trap_request=0xffffff4d fr.pc=0x00000254c2678690 relative=0x0000000000000070
Event: 5342.436 Thread 0x00000254daf3c000 Uncommon trap: reason=unstable_if action=reinterpret pc=0x00000254c2678690 method=com.android.tools.r8.internal.Hd.equals(Ljava/lang/Object;)Z @ 11 c2
Event: 5342.436 Thread 0x00000254daf3c000 DEOPT PACKING pc=0x00000254c2678690 sp=0x00000080b87fc220
Event: 5342.436 Thread 0x00000254daf3c000 DEOPT UNPACKING pc=0x00000254b9d7a1a9 sp=0x00000080b87fc1b0 mode 2
Event: 5342.456 Thread 0x00000254daf3c000 DEOPT PACKING pc=0x00000254bcff28ac sp=0x00000080b87fbff0
Event: 5342.456 Thread 0x00000254daf3c000 DEOPT UNPACKING pc=0x00000254b9d7a93f sp=0x00000080b87fb8d8 mode 0
Event: 5342.538 Thread 0x00000254daf3c000 DEOPT PACKING pc=0x00000254bd91848e sp=0x00000080b87fc560
Event: 5342.538 Thread 0x00000254daf3c000 DEOPT UNPACKING pc=0x00000254b9d7a93f sp=0x00000080b87fbe00 mode 0
Event: 5342.867 Thread 0x00000254daf3c000 DEOPT PACKING pc=0x00000254bd8944a6 sp=0x00000080b87fc5f0
Event: 5342.867 Thread 0x00000254daf3c000 DEOPT UNPACKING pc=0x00000254b9d7a93f sp=0x00000080b87fbdd8 mode 0
Event: 5342.868 Thread 0x00000254daf3c000 Uncommon trap: trap_request=0xffffff76 fr.pc=0x00000254c2e995b0 relative=0x0000000000007bd0
Event: 5342.868 Thread 0x00000254daf3c000 Uncommon trap: reason=loop_limit_check action=maybe_recompile pc=0x00000254c2e995b0 method=com.android.tools.r8.ir.regalloc.b.a(Lcom/android/tools/r8/internal/wq;Lcom/android/tools/r8/internal/wq;Lcom/android/tools/r8/internal/LJ;)Lcom/android/tools/r8/in
Event: 5342.868 Thread 0x00000254daf3c000 DEOPT PACKING pc=0x00000254c2e995b0 sp=0x00000080b87fc850
Event: 5342.868 Thread 0x00000254daf3c000 DEOPT UNPACKING pc=0x00000254b9d7a1a9 sp=0x00000080b87fc850 mode 2
Event: 5343.004 Thread 0x00000254daf3c000 DEOPT PACKING pc=0x00000254bdc230a6 sp=0x00000080b87fcb30
Event: 5343.004 Thread 0x00000254daf3c000 DEOPT UNPACKING pc=0x00000254b9d7a93f sp=0x00000080b87fc040 mode 0
Event: 5346.797 Thread 0x00000254d20c7800 DEOPT PACKING pc=0x00000254bd3f8771 sp=0x00000080b8ffe0b0
Event: 5346.797 Thread 0x00000254d20c7800 DEOPT UNPACKING pc=0x00000254b9d7a93f sp=0x00000080b8ffd780 mode 0

Classes redefined (0 events):
No events

Internal exceptions (20 events):
Event: 5346.999 Thread 0x00000254d20c7800 Exception <a 'sun/nio/fs/WindowsException'{0x00000000ae0449c8}> (0x00000000ae0449c8) thrown at [./src/hotspot/share/prims/jni.cpp, line 615]
Event: 5347.007 Thread 0x00000254d20c7800 Exception <a 'sun/nio/fs/WindowsException'{0x00000000ae045c20}> (0x00000000ae045c20) thrown at [./src/hotspot/share/prims/jni.cpp, line 615]
Event: 5347.007 Thread 0x00000254d20c7800 Exception <a 'sun/nio/fs/WindowsException'{0x00000000ae045ca0}> (0x00000000ae045ca0) thrown at [./src/hotspot/share/prims/jni.cpp, line 615]
Event: 5347.073 Thread 0x00000254d20c6800 Exception <a 'sun/nio/fs/WindowsException'{0x00000000adefc4b0}> (0x00000000adefc4b0) thrown at [./src/hotspot/share/prims/jni.cpp, line 615]
Event: 5347.073 Thread 0x00000254d20c6800 Exception <a 'sun/nio/fs/WindowsException'{0x00000000adefc530}> (0x00000000adefc530) thrown at [./src/hotspot/share/prims/jni.cpp, line 615]
Event: 5347.074 Thread 0x00000254d20c6800 Exception <a 'sun/nio/fs/WindowsException'{0x00000000adefcc88}> (0x00000000adefcc88) thrown at [./src/hotspot/share/prims/jni.cpp, line 615]
Event: 5347.074 Thread 0x00000254d20c6800 Exception <a 'sun/nio/fs/WindowsException'{0x00000000adefdee0}> (0x00000000adefdee0) thrown at [./src/hotspot/share/prims/jni.cpp, line 615]
Event: 5347.074 Thread 0x00000254d20c6800 Exception <a 'sun/nio/fs/WindowsException'{0x00000000adefdf60}> (0x00000000adefdf60) thrown at [./src/hotspot/share/prims/jni.cpp, line 615]
Event: 5347.100 Thread 0x00000254daf3f000 Exception <a 'sun/nio/fs/WindowsException'{0x00000000af9f4b30}> (0x00000000af9f4b30) thrown at [./src/hotspot/share/prims/jni.cpp, line 615]
Event: 5347.101 Thread 0x00000254daf3f000 Exception <a 'sun/nio/fs/WindowsException'{0x00000000af9f4bb0}> (0x00000000af9f4bb0) thrown at [./src/hotspot/share/prims/jni.cpp, line 615]
Event: 5347.109 Thread 0x00000254d0592000 Exception <a 'sun/nio/fs/WindowsException'{0x00000000adbd84f0}> (0x00000000adbd84f0) thrown at [./src/hotspot/share/prims/jni.cpp, line 615]
Event: 5347.109 Thread 0x00000254d0592000 Exception <a 'sun/nio/fs/WindowsException'{0x00000000adbd8570}> (0x00000000adbd8570) thrown at [./src/hotspot/share/prims/jni.cpp, line 615]
Event: 5347.109 Thread 0x00000254d0592000 Exception <a 'sun/nio/fs/WindowsException'{0x00000000adbd8cc8}> (0x00000000adbd8cc8) thrown at [./src/hotspot/share/prims/jni.cpp, line 615]
Event: 5347.119 Thread 0x00000254d20c4800 Exception <a 'sun/nio/fs/WindowsException'{0x00000000adb8bb00}> (0x00000000adb8bb00) thrown at [./src/hotspot/share/prims/jni.cpp, line 615]
Event: 5347.120 Thread 0x00000254d20c4800 Exception <a 'sun/nio/fs/WindowsException'{0x00000000adb8bb80}> (0x00000000adb8bb80) thrown at [./src/hotspot/share/prims/jni.cpp, line 615]
Event: 5347.120 Thread 0x00000254d20c4800 Exception <a 'sun/nio/fs/WindowsException'{0x00000000adb8c2d8}> (0x00000000adb8c2d8) thrown at [./src/hotspot/share/prims/jni.cpp, line 615]
Event: 5347.120 Thread 0x00000254d20c4800 Exception <a 'sun/nio/fs/WindowsException'{0x00000000adb8d530}> (0x00000000adb8d530) thrown at [./src/hotspot/share/prims/jni.cpp, line 615]
Event: 5347.120 Thread 0x00000254d20c4800 Exception <a 'sun/nio/fs/WindowsException'{0x00000000adb8d5b0}> (0x00000000adb8d5b0) thrown at [./src/hotspot/share/prims/jni.cpp, line 615]
Event: 5347.131 Thread 0x00000254d0592000 Exception <a 'sun/nio/fs/WindowsException'{0x00000000adbd9f20}> (0x00000000adbd9f20) thrown at [./src/hotspot/share/prims/jni.cpp, line 615]
Event: 5347.131 Thread 0x00000254d0592000 Exception <a 'sun/nio/fs/WindowsException'{0x00000000adbd9fa0}> (0x00000000adbd9fa0) thrown at [./src/hotspot/share/prims/jni.cpp, line 615]

Events (20 events):
Event: 5347.001 Thread 0x00000254d20c8800 Thread exited: 0x00000254d20c8800
Event: 5347.001 Thread 0x00000254d20c8800 Thread added: 0x00000254d20c8800
Event: 5347.001 Thread 0x00000254d20c3800 Thread exited: 0x00000254d20c3800
Event: 5347.003 Thread 0x00000254d20cf000 Thread exited: 0x00000254d20cf000
Event: 5347.020 Thread 0x00000254d20c2800 Thread added: 0x00000254d20c2800
Event: 5347.020 Thread 0x00000254d20c8800 Thread exited: 0x00000254d20c8800
Event: 5347.020 Thread 0x00000254d20c3800 Thread added: 0x00000254d20c3800
Event: 5347.020 Thread 0x00000254d20c9000 Thread exited: 0x00000254d20c9000
Event: 5347.020 Thread 0x00000254d20c6000 Thread exited: 0x00000254d20c6000
Event: 5347.020 Thread 0x00000254d20cc800 Thread exited: 0x00000254d20cc800
Event: 5347.020 Thread 0x00000254d20cb800 Thread added: 0x00000254d20cb800
Event: 5347.021 Thread 0x00000254d20c8800 Thread added: 0x00000254d20c8800
Event: 5347.021 Thread 0x00000254d20c6000 Thread added: 0x00000254d20c6000
Event: 5347.035 Thread 0x00000254d20cb800 Thread exited: 0x00000254d20cb800
Event: 5347.035 Thread 0x00000254d20cf000 Thread added: 0x00000254d20cf000
Event: 5347.035 Thread 0x00000254d20c8800 Thread exited: 0x00000254d20c8800
Event: 5347.035 Thread 0x00000254d20c3800 Thread exited: 0x00000254d20c3800
Event: 5347.035 Thread 0x00000254d20c6000 Thread exited: 0x00000254d20c6000
Event: 5347.037 Thread 0x00000254d20c2800 Thread exited: 0x00000254d20c2800
Event: 5347.046 Thread 0x00000254d20cf000 Thread exited: 0x00000254d20cf000


Dynamic libraries:
0x00007ff7bf4e0000 - 0x00007ff7bf4ea000 	C:\Program Files\Android\Android Studio\jre\bin\java.exe
0x00007fff37f90000 - 0x00007fff38187000 	C:\WINDOWS\SYSTEM32\ntdll.dll
0x00007fff36fb0000 - 0x00007fff3706d000 	C:\WINDOWS\System32\KERNEL32.DLL
0x00007fff359f0000 - 0x00007fff35cbd000 	C:\WINDOWS\System32\KERNELBASE.dll
0x00007fff35750000 - 0x00007fff35850000 	C:\WINDOWS\System32\ucrtbase.dll
0x00007fff2eea0000 - 0x00007fff2eeb7000 	C:\Program Files\Android\Android Studio\jre\bin\VCRUNTIME140.dll
0x00007fff2de00000 - 0x00007fff2de19000 	C:\Program Files\Android\Android Studio\jre\bin\jli.dll
0x00007fff370a0000 - 0x00007fff37240000 	C:\WINDOWS\System32\USER32.dll
0x00007fff35db0000 - 0x00007fff35dd2000 	C:\WINDOWS\System32\win32u.dll
0x00007fff37070000 - 0x00007fff3709a000 	C:\WINDOWS\System32\GDI32.dll
0x00007fff35850000 - 0x00007fff3595b000 	C:\WINDOWS\System32\gdi32full.dll
0x00007fff1b130000 - 0x00007fff1b3ca000 	C:\WINDOWS\WinSxS\amd64_microsoft.windows.common-controls_6595b64144ccf1df_6.0.19041.1110_none_60b5254171f9507e\COMCTL32.dll
0x00007fff35cc0000 - 0x00007fff35d5d000 	C:\WINDOWS\System32\msvcp_win.dll
0x00007fff372b0000 - 0x00007fff3734e000 	C:\WINDOWS\System32\msvcrt.dll
0x00007fff37e70000 - 0x00007fff37ea0000 	C:\WINDOWS\System32\IMM32.DLL
0x00007fff1b890000 - 0x00007fff1b92d000 	C:\Program Files\Android\Android Studio\jre\bin\msvcp140.dll
0x00007ffeed490000 - 0x00007ffeedf75000 	C:\Program Files\Android\Android Studio\jre\bin\server\jvm.dll
0x00007fff36740000 - 0x00007fff367ee000 	C:\WINDOWS\System32\ADVAPI32.dll
0x00007fff36d40000 - 0x00007fff36ddc000 	C:\WINDOWS\System32\sechost.dll
0x00007fff36e80000 - 0x00007fff36fa5000 	C:\WINDOWS\System32\RPCRT4.dll
0x00007fff36de0000 - 0x00007fff36de8000 	C:\WINDOWS\System32\PSAPI.DLL
0x00007fff2f740000 - 0x00007fff2f767000 	C:\WINDOWS\SYSTEM32\WINMM.dll
0x00007fff24c90000 - 0x00007fff24c99000 	C:\WINDOWS\SYSTEM32\WSOCK32.dll
0x00007fff31120000 - 0x00007fff3112a000 	C:\WINDOWS\SYSTEM32\VERSION.dll
0x00007fff37240000 - 0x00007fff372ab000 	C:\WINDOWS\System32\WS2_32.dll
0x00007fff334f0000 - 0x00007fff33502000 	C:\WINDOWS\SYSTEM32\kernel.appcore.dll
0x00007fff19f60000 - 0x00007fff19f71000 	C:\Program Files\Android\Android Studio\jre\bin\verify.dll
0x00007fff2fc60000 - 0x00007fff2fe44000 	C:\WINDOWS\SYSTEM32\DBGHELP.DLL
0x00007fff2fbd0000 - 0x00007fff2fbfc000 	C:\WINDOWS\SYSTEM32\dbgcore.DLL
0x00007fff35960000 - 0x00007fff359e2000 	C:\WINDOWS\System32\bcryptPrimitives.dll
0x00007fff19f30000 - 0x00007fff19f59000 	C:\Program Files\Android\Android Studio\jre\bin\java.dll
0x00007fff2f010000 - 0x00007fff2f01b000 	C:\Program Files\Android\Android Studio\jre\bin\jimage.dll
0x00007fff17a90000 - 0x00007fff17aa8000 	C:\Program Files\Android\Android Studio\jre\bin\zip.dll
0x00007fff35ff0000 - 0x00007fff36734000 	C:\WINDOWS\System32\SHELL32.dll
0x00007fff337d0000 - 0x00007fff33f64000 	C:\WINDOWS\SYSTEM32\windows.storage.dll
0x00007fff37350000 - 0x00007fff376a4000 	C:\WINDOWS\System32\combase.dll
0x00007fff35040000 - 0x00007fff3506c000 	C:\WINDOWS\SYSTEM32\Wldp.dll
0x00007fff37ea0000 - 0x00007fff37f4d000 	C:\WINDOWS\System32\SHCORE.dll
0x00007fff37da0000 - 0x00007fff37df5000 	C:\WINDOWS\System32\shlwapi.dll
0x00007fff355f0000 - 0x00007fff3560f000 	C:\WINDOWS\SYSTEM32\profapi.dll
0x00007ffeec7c0000 - 0x00007ffeec7da000 	C:\Program Files\Android\Android Studio\jre\bin\net.dll
0x00007fff2f5b0000 - 0x00007fff2f6ba000 	C:\WINDOWS\SYSTEM32\WINHTTP.dll
0x00007fff34da0000 - 0x00007fff34e0a000 	C:\WINDOWS\system32\mswsock.dll
0x00007ffeec7a0000 - 0x00007ffeec7b4000 	C:\Program Files\Android\Android Studio\jre\bin\nio.dll
0x00007fff1d2b0000 - 0x00007fff1d2d7000 	C:\Users\User\.gradle\native\e1d6ef7f7dcc3fd88c89a11ec53ec762bb8ba0a96d01ffa2cd45eb1d1d8dd5c5\windows-amd64\native-platform.dll
0x00007fff1b740000 - 0x00007fff1b884000 	C:\Users\User\.gradle\native\5664cfc778a61ccfe75a443a1ab52a65af34e5dc3c78e0209fed803814484fcb\windows-amd64\native-platform-file-events.dll
0x00007fff2de50000 - 0x00007fff2de5a000 	C:\Program Files\Android\Android Studio\jre\bin\management.dll
0x00007fff24c50000 - 0x00007fff24c5d000 	C:\Program Files\Android\Android Studio\jre\bin\management_ext.dll
0x00007fff34f90000 - 0x00007fff34fa8000 	C:\WINDOWS\SYSTEM32\CRYPTSP.dll
0x00007fff34720000 - 0x00007fff34754000 	C:\WINDOWS\system32\rsaenh.dll
0x00007fff356b0000 - 0x00007fff356d7000 	C:\WINDOWS\System32\bcrypt.dll
0x00007fff355b0000 - 0x00007fff355de000 	C:\WINDOWS\SYSTEM32\USERENV.dll
0x00007fff34fb0000 - 0x00007fff34fbc000 	C:\WINDOWS\SYSTEM32\CRYPTBASE.dll
0x00007fff34a90000 - 0x00007fff34acb000 	C:\WINDOWS\SYSTEM32\IPHLPAPI.DLL
0x00007fff37e60000 - 0x00007fff37e68000 	C:\WINDOWS\System32\NSI.dll
0x00007fff306f0000 - 0x00007fff30707000 	C:\WINDOWS\SYSTEM32\dhcpcsvc6.DLL
0x00007fff30c40000 - 0x00007fff30c5d000 	C:\WINDOWS\SYSTEM32\dhcpcsvc.DLL
0x00007fff34ad0000 - 0x00007fff34b9b000 	C:\WINDOWS\SYSTEM32\DNSAPI.dll
0x00007fff343b0000 - 0x00007fff343e3000 	C:\WINDOWS\SYSTEM32\ntmarta.dll
0x00007fff18550000 - 0x00007fff18577000 	C:\Program Files\Android\Android Studio\jre\bin\sunec.dll

dbghelp: loaded successfully - version: 4.0.5 - missing functions: none
symbol engine: initialized successfully - sym options: 0x614 - pdb path: .;C:\Program Files\Android\Android Studio\jre\bin;C:\WINDOWS\SYSTEM32;C:\WINDOWS\WinSxS\amd64_microsoft.windows.common-controls_6595b64144ccf1df_6.0.19041.1110_none_60b5254171f9507e;C:\Program Files\Android\Android Studio\jre\bin\server;C:\Users\User\.gradle\native\e1d6ef7f7dcc3fd88c89a11ec53ec762bb8ba0a96d01ffa2cd45eb1d1d8dd5c5\windows-amd64;C:\Users\User\.gradle\native\5664cfc778a61ccfe75a443a1ab52a65af34e5dc3c78e0209fed803814484fcb\windows-amd64

VM Arguments:
jvm_args: --add-opens=java.base/java.util=ALL-UNNAMED --add-opens=java.base/java.lang=ALL-UNNAMED --add-opens=java.base/java.lang.invoke=ALL-UNNAMED --add-opens=java.base/java.util=ALL-UNNAMED --add-opens=java.prefs/java.util.prefs=ALL-UNNAMED --add-opens=java.prefs/java.util.prefs=ALL-UNNAMED --add-opens=java.base/java.nio.charset=ALL-UNNAMED --add-opens=java.base/java.net=ALL-UNNAMED --add-opens=java.base/java.util.concurrent.atomic=ALL-UNNAMED -Xmx1536m -Dfile.encoding=windows-1251 -Duser.country=RU -Duser.language=ru -Duser.variant 
java_command: org.gradle.launcher.daemon.bootstrap.GradleDaemon 7.3.3
java_class_path (initial): C:\Users\User\.gradle\wrapper\dists\gradle-7.3.3-bin\6a41zxkdtcxs8rphpq6y0069z\gradle-7.3.3\lib\gradle-launcher-7.3.3.jar
Launcher Type: SUN_STANDARD

[Global flags]
     intx CICompilerCount                          = 3                                         {product} {ergonomic}
     uint ConcGCThreads                            = 1                                         {product} {ergonomic}
     uint G1ConcRefinementThreads                  = 4                                         {product} {ergonomic}
   size_t G1HeapRegionSize                         = 1048576                                   {product} {ergonomic}
    uintx GCDrainStackTargetSize                   = 64                                        {product} {ergonomic}
   size_t InitialHeapSize                          = 132120576                                 {product} {ergonomic}
   size_t MarkStackSize                            = 4194304                                   {product} {ergonomic}
   size_t MaxHeapSize                              = 1610612736                                {product} {command line}
   size_t MaxNewSize                               = 965738496                                 {product} {ergonomic}
   size_t MinHeapDeltaBytes                        = 1048576                                   {product} {ergonomic}
    uintx NonNMethodCodeHeapSize                   = 5830732                                {pd product} {ergonomic}
    uintx NonProfiledCodeHeapSize                  = 122913754                              {pd product} {ergonomic}
    uintx ProfiledCodeHeapSize                     = 122913754                              {pd product} {ergonomic}
    uintx ReservedCodeCacheSize                    = 251658240                              {pd product} {ergonomic}
     bool SegmentedCodeCache                       = true                                      {product} {ergonomic}
     bool UseCompressedClassPointers               = true                                 {lp64_product} {ergonomic}
     bool UseCompressedOops                        = true                                 {lp64_product} {ergonomic}
     bool UseG1GC                                  = true                                      {product} {ergonomic}
     bool UseLargePagesIndividualAllocation        = false                                  {pd product} {ergonomic}

Logging:
Log output configuration:
 #0: stdout all=warning uptime,level,tags
 #1: stderr all=off uptime,level,tags

Environment Variables:
PATH=C:\Program Files (x86)\Common Files\Oracle\Java\javapath;C:\ProgramData\Oracle\Java\javapath;C:\WINDOWS\system32;C:\WINDOWS;C:\WINDOWS\System32\Wbem;C:\WINDOWS\System32\WindowsPowerShell\v1.0\;C:\WINDOWS\System32\OpenSSH\;C:\Program Files\Git\cmd;D:\OpenCV\build\x64\vc14\bin;;D:\Embarcadero\Studio\19.0\bin;C:\Users\Public\Documents\Embarcadero\Studio\19.0\Bpl;C:\Users\User\AppData\Local\Programs\Python\Python38\Scripts\;C:\Users\User\AppData\Local\Programs\Python\Python38\;C:\Users\User\AppData\Local\Microsoft\WindowsApps;"c:\Windows;c:\Windows\system32";;C:\Program Files\JetBrains\PyCharm Community Edition 2020.3.3\bin;;C:\Program Files\JetBrains\IntelliJ IDEA Community Edition 2022.1\bin;
USERNAME=User
OS=Windows_NT
PROCESSOR_IDENTIFIER=Intel64 Family 6 Model 158 Stepping 10, GenuineIntel



---------------  S Y S T E M  ---------------

OS: Windows 10 , 64 bit Build 19041 (10.0.19041.1741)
OS uptime: 0 days 2:43 hours

CPU:total 4 (initial active 4) (2 cores per cpu, 2 threads per core) family 6 model 158 stepping 10 microcode 0xb4, cmov, cx8, fxsr, mmx, sse, sse2, sse3, ssse3, sse4.1, sse4.2, popcnt, aes, clmul, erms, 3dnowpref, lzcnt, ht, tsc, tscinvbit

Memory: 4k page, system-wide physical 8063M (835M free)
TotalPageFile size 8063M (AvailPageFile size 5M)
current process WorkingSet (physical memory assigned to process): 691M, peak: 760M
current process commit charge ("private bytes"): 800M, peak: 891M

vm_info: OpenJDK 64-Bit Server VM (11.0.12+7-b1504.28-7817840) for windows-amd64 JRE (11.0.12+7-b1504.28-7817840), built on Oct 13 2021 22:12:33 by "builder" with MS VC++ 14.0 (VS2015)

END.
