#
# There is insufficient memory for the Java Runtime Environment to continue.
# Native memory allocation (malloc) failed to allocate 1129408 bytes for Chunk::new
# Possible reasons:
#   The system is out of physical RAM or swap space
#   The process is running with CompressedOops enabled, and the Java Heap may be blocking the growth of the native heap
# Possible solutions:
#   Reduce memory load on the system
#   Increase physical memory or swap space
#   Check if swap backing store is full
#   Decrease Java heap size (-Xmx/-Xms)
#   Decrease number of Java threads
#   Decrease Java thread stack sizes (-Xss)
#   Set larger code cache with -XX:ReservedCodeCacheSize=
#   JVM is running with Unscaled Compressed Oops mode in which the Java heap is
#     placed in the first 4GB address space. The Java Heap base address is the
#     maximum limit for the native heap growth. Please use -XX:HeapBaseMinAddress
#     to set the Java Heap base and to place the Java Heap above 4GB virtual address.
# This output file may be truncated or incomplete.
#
#  Out of Memory Error (arena.cpp:195), pid=2876, tid=1980
#
# JRE version: OpenJDK Runtime Environment (16.0.1+9) (build 16.0.1+9-24)
# Java VM: OpenJDK 64-Bit Server VM (16.0.1+9-24, mixed mode, sharing, tiered, compressed oops, compressed class ptrs, g1 gc, windows-amd64)
# No core dump will be written. Minidumps are not enabled by default on client versions of Windows
#

---------------  S U M M A R Y ------------

Command Line: --add-opens=java.base/java.util=ALL-UNNAMED --add-opens=java.base/java.lang=ALL-UNNAMED --add-opens=java.base/java.lang.invoke=ALL-UNNAMED --add-opens=java.prefs/java.util.prefs=ALL-UNNAMED --add-opens=java.base/java.nio.charset=ALL-UNNAMED --add-opens=java.base/java.net=ALL-UNNAMED --add-opens=java.base/java.util.concurrent.atomic=ALL-UNNAMED -Xmx1536m -Dfile.encoding=windows-1251 -Duser.country=RU -Duser.language=ru -Duser.variant org.gradle.launcher.daemon.bootstrap.GradleDaemon 8.0

Host: Intel(R) Pentium(R) Gold G5420 CPU @ 3.80GHz, 4 cores, 7G,  Windows 10 , 64 bit Build 19041 (10.0.19041.2913)
Time: Mon Jun 12 13:00:55 2023 RTZ 2 (s 10 , 64 bit Build 19041 (10.0.19041.2913) elapsed time: 16.967267 seconds (0d 0h 0m 16s)

---------------  T H R E A D  ---------------

Current thread (0x00000202553945b0):  JavaThread "C2 CompilerThread1" daemon [_thread_in_native, id=1980, stack(0x00000093a2500000,0x00000093a2600000)]


Current CompileTask:
C2:  16967 10161       4       java.util.regex.Pattern::split (288 bytes)

Stack: [0x00000093a2500000,0x00000093a2600000]
Native frames: (J=compiled Java code, j=interpreted, Vv=VM code, C=native code)
V  [jvm.dll+0x6687ca]
V  [jvm.dll+0x7ca3c9]
V  [jvm.dll+0x7cbb53]
V  [jvm.dll+0x7cc1b3]
V  [jvm.dll+0x242ea5]
V  [jvm.dll+0xadeca]
V  [jvm.dll+0xae5ac]
V  [jvm.dll+0x35af27]
V  [jvm.dll+0x3253d1]
V  [jvm.dll+0x32487a]
V  [jvm.dll+0x215f3c]
V  [jvm.dll+0x215350]
V  [jvm.dll+0x1a1d9b]
V  [jvm.dll+0x2253a8]
V  [jvm.dll+0x2233ec]
V  [jvm.dll+0x780002]
V  [jvm.dll+0x779b4a]
V  [jvm.dll+0x667666]
C  [ucrtbase.dll+0x21bb2]
C  [KERNEL32.DLL+0x17614]
C  [ntdll.dll+0x526a1]


---------------  P R O C E S S  ---------------

Threads class SMR info:
_java_thread_list=0x000002025a60fad0, length=87, elements={
0x000002023604d2c0, 0x000002025466e7f0, 0x000002025466f5c0, 0x0000020254687920,
0x0000020254688330, 0x000002025468ac50, 0x000002025468b560, 0x0000020254690760,
0x000002025469d190, 0x00000202546a0ef0, 0x00000202551ad6d0, 0x00000202551adbf0,
0x0000020256ade190, 0x0000020256e960b0, 0x00000202569bbe50, 0x000002025661d930,
0x00000202568d9410, 0x0000020256e18430, 0x0000020256e44430, 0x00000202561d58c0,
0x00000202561d4e20, 0x00000202561d3e30, 0x00000202561d4380, 0x00000202561d5e10,
0x00000202561d6e00, 0x00000202561d6360, 0x00000202561d5370, 0x00000202561d68b0,
0x00000202561d48d0, 0x00000202561d7350, 0x0000020257ae94f0, 0x0000020257ae4a90,
0x0000020257ae4540, 0x0000020257ae2ab0, 0x0000020257ae6fc0, 0x0000020257ae5530,
0x0000020257ae7a60, 0x0000020257ae5fd0, 0x0000020257ae4fe0, 0x0000020257ae7fb0,
0x0000020257ae8500, 0x0000020257ae8a50, 0x0000020257ae6520, 0x0000020257ae6a70,
0x0000020257ae3aa0, 0x0000020257ae7510, 0x0000020257ae3550, 0x0000020257ae3ff0,
0x0000020257ae2560, 0x0000020257ae9f90, 0x0000020257ae8fa0, 0x0000020257ae9a40,
0x0000020259dd5ff0, 0x0000020259dd1ae0, 0x0000020259dd6a90, 0x0000020259dd0050,
0x0000020259dd3ac0, 0x0000020259dd1590, 0x0000020259dd2580, 0x0000020259dd2030,
0x0000020259dd5aa0, 0x0000020259dd1040, 0x0000020259dd2ad0, 0x0000020259dd3020,
0x0000020259dd6fe0, 0x0000020259dd6540, 0x0000020259dd4010, 0x0000020259dd4ab0,
0x0000020259dd4560, 0x0000020259dd5000, 0x0000020259dd7530, 0x0000020259dd05a0,
0x0000020259dd5550, 0x0000020259dd3570, 0x0000020259dd7a80, 0x0000020259dd0af0,
0x000002025a15c1a0, 0x000002025a15e180, 0x000002025a160160, 0x000002025a15b1b0,
0x000002025a15f6c0, 0x000002025a15dc30, 0x000002025a159720, 0x000002025a15b700,
0x000002025a15bc50, 0x000002025a15c6f0, 0x00000202553945b0
}

Java Threads: ( => current thread )
  0x000002023604d2c0 JavaThread "main" [_thread_blocked, id=4908, stack(0x00000093a1200000,0x00000093a1300000)]
  0x000002025466e7f0 JavaThread "Reference Handler" daemon [_thread_blocked, id=6336, stack(0x00000093a1900000,0x00000093a1a00000)]
  0x000002025466f5c0 JavaThread "Finalizer" daemon [_thread_blocked, id=4748, stack(0x00000093a1a00000,0x00000093a1b00000)]
  0x0000020254687920 JavaThread "Signal Dispatcher" daemon [_thread_blocked, id=1904, stack(0x00000093a1b00000,0x00000093a1c00000)]
  0x0000020254688330 JavaThread "Attach Listener" daemon [_thread_blocked, id=8172, stack(0x00000093a1c00000,0x00000093a1d00000)]
  0x000002025468ac50 JavaThread "Service Thread" daemon [_thread_blocked, id=2628, stack(0x00000093a1d00000,0x00000093a1e00000)]
  0x000002025468b560 JavaThread "Monitor Deflation Thread" daemon [_thread_blocked, id=9624, stack(0x00000093a1e00000,0x00000093a1f00000)]
  0x0000020254690760 JavaThread "C2 CompilerThread0" daemon [_thread_in_native, id=5176, stack(0x00000093a1f00000,0x00000093a2000000)]
  0x000002025469d190 JavaThread "C1 CompilerThread0" daemon [_thread_blocked, id=7940, stack(0x00000093a2000000,0x00000093a2100000)]
  0x00000202546a0ef0 JavaThread "Sweeper thread" daemon [_thread_blocked, id=1860, stack(0x00000093a2100000,0x00000093a2200000)]
  0x00000202551ad6d0 JavaThread "Common-Cleaner" daemon [_thread_blocked, id=9904, stack(0x00000093a2200000,0x00000093a2300000)]
  0x00000202551adbf0 JavaThread "Notification Thread" daemon [_thread_blocked, id=8308, stack(0x00000093a2300000,0x00000093a2400000)]
  0x0000020256ade190 JavaThread "Daemon health stats" [_thread_blocked, id=6800, stack(0x00000093a2900000,0x00000093a2a00000)]
  0x0000020256e960b0 JavaThread "Incoming local TCP Connector on port 58466" [_thread_in_native, id=7028, stack(0x00000093a2a00000,0x00000093a2b00000)]
  0x00000202569bbe50 JavaThread "Daemon periodic checks" [_thread_blocked, id=8728, stack(0x00000093a2b00000,0x00000093a2c00000)]
  0x000002025661d930 JavaThread "Daemon" [_thread_blocked, id=6684, stack(0x00000093a2c00000,0x00000093a2d00000)]
  0x00000202568d9410 JavaThread "Handler for socket connection from /127.0.0.1:58466 to /127.0.0.1:58467" [_thread_in_native, id=8020, stack(0x00000093a2d00000,0x00000093a2e00000)]
  0x0000020256e18430 JavaThread "Cancel handler" [_thread_blocked, id=3092, stack(0x00000093a2e00000,0x00000093a2f00000)]
  0x0000020256e44430 JavaThread "Daemon worker" [_thread_blocked, id=2212, stack(0x00000093a2f00000,0x00000093a3000000)]
  0x00000202561d58c0 JavaThread "Asynchronous log dispatcher for DefaultDaemonConnection: socket connection from /127.0.0.1:58466 to /127.0.0.1:58467" [_thread_blocked, id=9132, stack(0x00000093a3000000,0x00000093a3100000)]
  0x00000202561d4e20 JavaThread "Stdin handler" [_thread_blocked, id=2480, stack(0x00000093a3100000,0x00000093a3200000)]
  0x00000202561d3e30 JavaThread "Daemon client event forwarder" [_thread_blocked, id=8144, stack(0x00000093a3200000,0x00000093a3300000)]
  0x00000202561d4380 JavaThread "Cache worker for journal cache (C:\Users\User\.gradle\caches\journal-1)" [_thread_blocked, id=9564, stack(0x00000093a3300000,0x00000093a3400000)]
  0x00000202561d5e10 JavaThread "File lock request listener" [_thread_in_native, id=6964, stack(0x00000093a3400000,0x00000093a3500000)]
  0x00000202561d6e00 JavaThread "Cache worker for file hash cache (C:\Users\User\.gradle\caches\8.0\fileHashes)" [_thread_blocked, id=800, stack(0x00000093a3500000,0x00000093a3600000)]
  0x00000202561d6360 JavaThread "File watcher server" daemon [_thread_in_native, id=2860, stack(0x00000093a3600000,0x00000093a3700000)]
  0x00000202561d5370 JavaThread "File watcher consumer" daemon [_thread_blocked, id=9656, stack(0x00000093a3700000,0x00000093a3800000)]
  0x00000202561d68b0 JavaThread "jar transforms" [_thread_blocked, id=4996, stack(0x00000093a3800000,0x00000093a3900000)]
  0x00000202561d48d0 JavaThread "jar transforms Thread 2" [_thread_blocked, id=8028, stack(0x00000093a3900000,0x00000093a3a00000)]
  0x00000202561d7350 JavaThread "jar transforms Thread 3" [_thread_blocked, id=5900, stack(0x00000093a3a00000,0x00000093a3b00000)]
  0x0000020257ae94f0 JavaThread "jar transforms Thread 4" [_thread_blocked, id=1092, stack(0x00000093a3b00000,0x00000093a3c00000)]
  0x0000020257ae4a90 JavaThread "Cache worker for checksums cache (D:\AndroidStudio\LenovoStart\.gradle\8.0\checksums)" [_thread_blocked, id=5032, stack(0x00000093a3d00000,0x00000093a3e00000)]
  0x0000020257ae4540 JavaThread "Cache worker for cache directory md-rule (C:\Users\User\.gradle\caches\8.0\md-rule)" [_thread_blocked, id=3904, stack(0x00000093a3e00000,0x00000093a3f00000)]
  0x0000020257ae2ab0 JavaThread "Cache worker for file content cache (C:\Users\User\.gradle\caches\8.0\fileContent)" [_thread_blocked, id=812, stack(0x00000093a3f00000,0x00000093a4000000)]
  0x0000020257ae6fc0 JavaThread "Cache worker for file hash cache (D:\AndroidStudio\LenovoStart\.gradle\8.0\fileHashes)" [_thread_blocked, id=1212, stack(0x00000093a4000000,0x00000093a4100000)]
  0x0000020257ae5530 JavaThread "Cache worker for cache directory md-supplier (C:\Users\User\.gradle\caches\8.0\md-supplier)" [_thread_blocked, id=8124, stack(0x00000093a4100000,0x00000093a4200000)]
  0x0000020257ae7a60 JavaThread "Cache worker for execution history cache (C:\Users\User\.gradle\caches\8.0\executionHistory)" [_thread_blocked, id=8436, stack(0x00000093a4200000,0x00000093a4300000)]
  0x0000020257ae5fd0 JavaThread "Cache worker for dependencies-accessors (D:\AndroidStudio\LenovoStart\.gradle\8.0\dependencies-accessors)" [_thread_blocked, id=3436, stack(0x00000093a4300000,0x00000093a4400000)]
  0x0000020257ae4fe0 JavaThread "Cache worker for Build Output Cleanup Cache (D:\AndroidStudio\LenovoStart\.gradle\buildOutputCleanup)" [_thread_blocked, id=7388, stack(0x00000093a4400000,0x00000093a4500000)]
  0x0000020257ae7fb0 JavaThread "Unconstrained build operations" [_thread_blocked, id=8448, stack(0x00000093a4500000,0x00000093a4600000)]
  0x0000020257ae8500 JavaThread "Unconstrained build operations Thread 2" [_thread_blocked, id=5492, stack(0x00000093a4600000,0x00000093a4700000)]
  0x0000020257ae8a50 JavaThread "Unconstrained build operations Thread 3" [_thread_blocked, id=2948, stack(0x00000093a4700000,0x00000093a4800000)]
  0x0000020257ae6520 JavaThread "Unconstrained build operations Thread 4" [_thread_blocked, id=1176, stack(0x00000093a4800000,0x00000093a4900000)]
  0x0000020257ae6a70 JavaThread "Unconstrained build operations Thread 5" [_thread_blocked, id=2896, stack(0x00000093a4900000,0x00000093a4a00000)]
  0x0000020257ae3aa0 JavaThread "Unconstrained build operations Thread 6" [_thread_blocked, id=7544, stack(0x00000093a4a00000,0x00000093a4b00000)]
  0x0000020257ae7510 JavaThread "Unconstrained build operations Thread 7" [_thread_blocked, id=6836, stack(0x00000093a4b00000,0x00000093a4c00000)]
  0x0000020257ae3550 JavaThread "Unconstrained build operations Thread 8" [_thread_blocked, id=1328, stack(0x00000093a4c00000,0x00000093a4d00000)]
  0x0000020257ae3ff0 JavaThread "Unconstrained build operations Thread 9" [_thread_blocked, id=5928, stack(0x00000093a4d00000,0x00000093a4e00000)]
  0x0000020257ae2560 JavaThread "Unconstrained build operations Thread 10" [_thread_blocked, id=1944, stack(0x00000093a4e00000,0x00000093a4f00000)]
  0x0000020257ae9f90 JavaThread "Unconstrained build operations Thread 11" [_thread_blocked, id=8776, stack(0x00000093a4f00000,0x00000093a5000000)]
  0x0000020257ae8fa0 JavaThread "Unconstrained build operations Thread 12" [_thread_blocked, id=5848, stack(0x00000093a5000000,0x00000093a5100000)]
  0x0000020257ae9a40 JavaThread "Unconstrained build operations Thread 13" [_thread_blocked, id=9476, stack(0x00000093a5100000,0x00000093a5200000)]
  0x0000020259dd5ff0 JavaThread "Unconstrained build operations Thread 14" [_thread_blocked, id=6348, stack(0x00000093a5200000,0x00000093a5300000)]
  0x0000020259dd1ae0 JavaThread "Unconstrained build operations Thread 15" [_thread_blocked, id=6884, stack(0x00000093a5300000,0x00000093a5400000)]
  0x0000020259dd6a90 JavaThread "Unconstrained build operations Thread 16" [_thread_blocked, id=9744, stack(0x00000093a5400000,0x00000093a5500000)]
  0x0000020259dd0050 JavaThread "Unconstrained build operations Thread 17" [_thread_in_native, id=9536, stack(0x00000093a5500000,0x00000093a5600000)]
  0x0000020259dd3ac0 JavaThread "Unconstrained build operations Thread 18" [_thread_blocked, id=8628, stack(0x00000093a5600000,0x00000093a5700000)]
  0x0000020259dd1590 JavaThread "Unconstrained build operations Thread 19" [_thread_blocked, id=7600, stack(0x00000093a5700000,0x00000093a5800000)]
  0x0000020259dd2580 JavaThread "Unconstrained build operations Thread 20" [_thread_blocked, id=3744, stack(0x00000093a5800000,0x00000093a5900000)]
  0x0000020259dd2030 JavaThread "Unconstrained build operations Thread 21" [_thread_blocked, id=1400, stack(0x00000093a5900000,0x00000093a5a00000)]
  0x0000020259dd5aa0 JavaThread "Unconstrained build operations Thread 22" [_thread_blocked, id=5448, stack(0x00000093a5a00000,0x00000093a5b00000)]
  0x0000020259dd1040 JavaThread "Unconstrained build operations Thread 23" [_thread_blocked, id=8076, stack(0x00000093a5b00000,0x00000093a5c00000)]
  0x0000020259dd2ad0 JavaThread "Unconstrained build operations Thread 24" [_thread_blocked, id=5876, stack(0x00000093a5c00000,0x00000093a5d00000)]
  0x0000020259dd3020 JavaThread "Unconstrained build operations Thread 25" [_thread_blocked, id=4408, stack(0x00000093a5d00000,0x00000093a5e00000)]
  0x0000020259dd6fe0 JavaThread "Unconstrained build operations Thread 26" [_thread_blocked, id=7908, stack(0x00000093a5e00000,0x00000093a5f00000)]
  0x0000020259dd6540 JavaThread "Unconstrained build operations Thread 27" [_thread_blocked, id=2484, stack(0x00000093a5f00000,0x00000093a6000000)]
  0x0000020259dd4010 JavaThread "Unconstrained build operations Thread 28" [_thread_blocked, id=9760, stack(0x00000093a6000000,0x00000093a6100000)]
  0x0000020259dd4ab0 JavaThread "Unconstrained build operations Thread 29" [_thread_blocked, id=9808, stack(0x00000093a6100000,0x00000093a6200000)]
  0x0000020259dd4560 JavaThread "Unconstrained build operations Thread 30" [_thread_blocked, id=876, stack(0x00000093a6200000,0x00000093a6300000)]
  0x0000020259dd5000 JavaThread "Unconstrained build operations Thread 31" [_thread_blocked, id=748, stack(0x00000093a6300000,0x00000093a6400000)]
  0x0000020259dd7530 JavaThread "Unconstrained build operations Thread 32" [_thread_in_native, id=3116, stack(0x00000093a6400000,0x00000093a6500000)]
  0x0000020259dd05a0 JavaThread "Unconstrained build operations Thread 33" [_thread_blocked, id=10192, stack(0x00000093a6500000,0x00000093a6600000)]
  0x0000020259dd5550 JavaThread "Unconstrained build operations Thread 34" [_thread_blocked, id=8440, stack(0x00000093a6600000,0x00000093a6700000)]
  0x0000020259dd3570 JavaThread "Unconstrained build operations Thread 35" [_thread_blocked, id=7648, stack(0x00000093a6700000,0x00000093a6800000)]
  0x0000020259dd7a80 JavaThread "Unconstrained build operations Thread 36" [_thread_blocked, id=5604, stack(0x00000093a6800000,0x00000093a6900000)]
  0x0000020259dd0af0 JavaThread "Unconstrained build operations Thread 37" [_thread_blocked, id=1488, stack(0x00000093a6900000,0x00000093a6a00000)]
  0x000002025a15c1a0 JavaThread "Unconstrained build operations Thread 38" [_thread_blocked, id=4168, stack(0x00000093a6a00000,0x00000093a6b00000)]
  0x000002025a15e180 JavaThread "Unconstrained build operations Thread 39" [_thread_in_native, id=4544, stack(0x00000093a6b00000,0x00000093a6c00000)]
  0x000002025a160160 JavaThread "Unconstrained build operations Thread 40" [_thread_in_native, id=10204, stack(0x00000093a6c00000,0x00000093a6d00000)]
  0x000002025a15b1b0 JavaThread "Memory manager" [_thread_blocked, id=3608, stack(0x00000093a6d00000,0x00000093a6e00000)]
  0x000002025a15f6c0 JavaThread "included builds" [_thread_blocked, id=8364, stack(0x00000093a6e00000,0x00000093a6f00000)]
  0x000002025a15dc30 JavaThread "Execution worker" [_thread_blocked, id=6188, stack(0x00000093a6f00000,0x00000093a7000000)]
  0x000002025a159720 JavaThread "Execution worker Thread 2" [_thread_blocked, id=6808, stack(0x00000093a7000000,0x00000093a7100000)]
  0x000002025a15b700 JavaThread "Execution worker Thread 3" [_thread_blocked, id=4208, stack(0x00000093a7100000,0x00000093a7200000)]
  0x000002025a15bc50 JavaThread "Cache worker for execution history cache (D:\AndroidStudio\LenovoStart\.gradle\8.0\executionHistory)" [_thread_blocked, id=5860, stack(0x00000093a7200000,0x00000093a7300000)]
  0x000002025a15c6f0 JavaThread "idea-tooling-model-converter" [_thread_blocked, id=5408, stack(0x00000093a7300000,0x00000093a7400000)]
=>0x00000202553945b0 JavaThread "C2 CompilerThread1" daemon [_thread_in_native, id=1980, stack(0x00000093a2500000,0x00000093a2600000)]

Other Threads:
  0x000002025466cca0 VMThread "VM Thread" [stack: 0x00000093a1800000,0x00000093a1900000] [id=7496]
  0x00000202551b0120 WatcherThread [stack: 0x00000093a2400000,0x00000093a2500000] [id=2696]
  0x00000202381c71f0 GCTaskThread "GC Thread#0" [stack: 0x00000093a1300000,0x00000093a1400000] [id=1772]
  0x0000020255429020 GCTaskThread "GC Thread#1" [stack: 0x00000093a2600000,0x00000093a2700000] [id=7624]
  0x00000202554080b0 GCTaskThread "GC Thread#2" [stack: 0x00000093a2700000,0x00000093a2800000] [id=9644]
  0x0000020256144840 GCTaskThread "GC Thread#3" [stack: 0x00000093a2800000,0x00000093a2900000] [id=4624]
  0x00000202381d4140 ConcurrentGCThread "G1 Main Marker" [stack: 0x00000093a1400000,0x00000093a1500000] [id=4720]
  0x00000202381d6270 ConcurrentGCThread "G1 Conc#0" [stack: 0x00000093a1500000,0x00000093a1600000] [id=1884]
  0x000002023824f960 ConcurrentGCThread "G1 Refine#0" [stack: 0x00000093a1600000,0x00000093a1700000] [id=6468]
  0x0000020257c3f5d0 ConcurrentGCThread "G1 Refine#1" [stack: 0x00000093a3c00000,0x00000093a3d00000] [id=3444]
  0x00000202382502f0 ConcurrentGCThread "G1 Service" [stack: 0x00000093a1700000,0x00000093a1800000] [id=4212]

Threads with active compile tasks:
C2 CompilerThread0    17015 10156       4       sun.security.util.AbstractAlgorithmConstraints::checkAlgorithm (140 bytes)
C2 CompilerThread1    17015 10161       4       java.util.regex.Pattern::split (288 bytes)

VM state: not at safepoint (normal execution)

VM Mutex/Monitor currently owned by a thread: None

Heap address: 0x00000000a0000000, size: 1536 MB, Compressed Oops mode: 32-bit

CDS archive(s) mapped at: [0x0000000800000000-0x0000000800bb0000-0x0000000800bb0000), size 12255232, SharedBaseAddress: 0x0000000800000000, ArchiveRelocationMode: 0.
Compressed class space mapped at: 0x0000000800c00000-0x0000000840c00000, reserved size: 1073741824
Narrow klass base: 0x0000000800000000, Narrow klass shift: 3, Narrow klass range: 0x100000000

GC Precious Log:
 CPUs: 4 total, 4 available
 Memory: 8063M
 Large Page Support: Disabled
 NUMA Support: Disabled
 Compressed Oops: Enabled (32-bit)
 Heap Region Size: 1M
 Heap Min Capacity: 8M
 Heap Initial Capacity: 126M
 Heap Max Capacity: 1536M
 Pre-touch: Disabled
 Parallel Workers: 4
 Concurrent Workers: 1
 Concurrent Refinement Workers: 4
 Periodic GC: Disabled

Heap:
 garbage-first heap   total 332800K, used 227443K [0x00000000a0000000, 0x0000000100000000)
  region size 1024K, 57 young (58368K), 4 survivors (4096K)
 Metaspace       used 88927K, committed 89664K, reserved 1130496K
  class space    used 11873K, committed 12224K, reserved 1048576K

Heap Regions: E=young(eden), S=young(survivor), O=old, HS=humongous(starts), HC=humongous(continues), CS=collection set, F=free, OA=open archive, CA=closed archive, TAMS=top-at-mark-start (previous, next)
|   0|0x00000000a0000000, 0x00000000a0100000, 0x00000000a0100000|100%| O|  |TAMS 0x00000000a0100000, 0x00000000a0000000| Untracked 
|   1|0x00000000a0100000, 0x00000000a0200000, 0x00000000a0200000|100%| O|  |TAMS 0x00000000a0200000, 0x00000000a0100000| Untracked 
|   2|0x00000000a0200000, 0x00000000a0300000, 0x00000000a0300000|100%|HS|  |TAMS 0x00000000a0300000, 0x00000000a0200000| Complete 
|   3|0x00000000a0300000, 0x00000000a0400000, 0x00000000a0400000|100%|HC|  |TAMS 0x00000000a0400000, 0x00000000a0300000| Complete 
|   4|0x00000000a0400000, 0x00000000a0500000, 0x00000000a0500000|100%|HC|  |TAMS 0x00000000a0500000, 0x00000000a0400000| Complete 
|   5|0x00000000a0500000, 0x00000000a0600000, 0x00000000a0600000|100%|HC|  |TAMS 0x00000000a0600000, 0x00000000a0500000| Complete 
|   6|0x00000000a0600000, 0x00000000a0700000, 0x00000000a0700000|100%| O|  |TAMS 0x00000000a0700000, 0x00000000a0600000| Untracked 
|   7|0x00000000a0700000, 0x00000000a0800000, 0x00000000a0800000|100%| O|  |TAMS 0x00000000a0800000, 0x00000000a0700000| Untracked 
|   8|0x00000000a0800000, 0x00000000a0900000, 0x00000000a0900000|100%| O|  |TAMS 0x00000000a0900000, 0x00000000a0800000| Untracked 
|   9|0x00000000a0900000, 0x00000000a0a00000, 0x00000000a0a00000|100%| O|  |TAMS 0x00000000a0a00000, 0x00000000a0900000| Untracked 
|  10|0x00000000a0a00000, 0x00000000a0b00000, 0x00000000a0b00000|100%| O|  |TAMS 0x00000000a0b00000, 0x00000000a0a00000| Untracked 
|  11|0x00000000a0b00000, 0x00000000a0c00000, 0x00000000a0c00000|100%|HS|  |TAMS 0x00000000a0c00000, 0x00000000a0b00000| Complete 
|  12|0x00000000a0c00000, 0x00000000a0d00000, 0x00000000a0d00000|100%|HC|  |TAMS 0x00000000a0d00000, 0x00000000a0c00000| Complete 
|  13|0x00000000a0d00000, 0x00000000a0e00000, 0x00000000a0e00000|100%|HS|  |TAMS 0x00000000a0e00000, 0x00000000a0d00000| Complete 
|  14|0x00000000a0e00000, 0x00000000a0f00000, 0x00000000a0f00000|100%|HC|  |TAMS 0x00000000a0f00000, 0x00000000a0e00000| Complete 
|  15|0x00000000a0f00000, 0x00000000a1000000, 0x00000000a1000000|100%|HC|  |TAMS 0x00000000a1000000, 0x00000000a0f00000| Complete 
|  16|0x00000000a1000000, 0x00000000a1100000, 0x00000000a1100000|100%|HS|  |TAMS 0x00000000a1100000, 0x00000000a1000000| Complete 
|  17|0x00000000a1100000, 0x00000000a1200000, 0x00000000a1200000|100%|HC|  |TAMS 0x00000000a1200000, 0x00000000a1100000| Complete 
|  18|0x00000000a1200000, 0x00000000a1300000, 0x00000000a1300000|100%|HC|  |TAMS 0x00000000a1300000, 0x00000000a1200000| Complete 
|  19|0x00000000a1300000, 0x00000000a1400000, 0x00000000a1400000|100%|HS|  |TAMS 0x00000000a1400000, 0x00000000a1300000| Complete 
|  20|0x00000000a1400000, 0x00000000a1500000, 0x00000000a1500000|100%|HC|  |TAMS 0x00000000a1500000, 0x00000000a1400000| Complete 
|  21|0x00000000a1500000, 0x00000000a1600000, 0x00000000a1600000|100%|HS|  |TAMS 0x00000000a1600000, 0x00000000a1500000| Complete 
|  22|0x00000000a1600000, 0x00000000a1700000, 0x00000000a1700000|100%|HC|  |TAMS 0x00000000a1700000, 0x00000000a1600000| Complete 
|  23|0x00000000a1700000, 0x00000000a1800000, 0x00000000a1800000|100%|HC|  |TAMS 0x00000000a1800000, 0x00000000a1700000| Complete 
|  24|0x00000000a1800000, 0x00000000a1900000, 0x00000000a1900000|100%|HC|  |TAMS 0x00000000a1900000, 0x00000000a1800000| Complete 
|  25|0x00000000a1900000, 0x00000000a1a00000, 0x00000000a1a00000|100%|HC|  |TAMS 0x00000000a1a00000, 0x00000000a1900000| Complete 
|  26|0x00000000a1a00000, 0x00000000a1b00000, 0x00000000a1b00000|100%|HC|  |TAMS 0x00000000a1b00000, 0x00000000a1a00000| Complete 
|  27|0x00000000a1b00000, 0x00000000a1c00000, 0x00000000a1c00000|100%|HC|  |TAMS 0x00000000a1c00000, 0x00000000a1b00000| Complete 
|  28|0x00000000a1c00000, 0x00000000a1d00000, 0x00000000a1d00000|100%|HC|  |TAMS 0x00000000a1d00000, 0x00000000a1c00000| Complete 
|  29|0x00000000a1d00000, 0x00000000a1e00000, 0x00000000a1e00000|100%|HC|  |TAMS 0x00000000a1e00000, 0x00000000a1d00000| Complete 
|  30|0x00000000a1e00000, 0x00000000a1f00000, 0x00000000a1f00000|100%|HC|  |TAMS 0x00000000a1f00000, 0x00000000a1e00000| Complete 
|  31|0x00000000a1f00000, 0x00000000a2000000, 0x00000000a2000000|100%|HS|  |TAMS 0x00000000a2000000, 0x00000000a1f00000| Complete 
|  32|0x00000000a2000000, 0x00000000a2100000, 0x00000000a2100000|100%|HC|  |TAMS 0x00000000a2100000, 0x00000000a2000000| Complete 
|  33|0x00000000a2100000, 0x00000000a2200000, 0x00000000a2200000|100%|HS|  |TAMS 0x00000000a2200000, 0x00000000a2100000| Complete 
|  34|0x00000000a2200000, 0x00000000a2300000, 0x00000000a2300000|100%|HC|  |TAMS 0x00000000a2300000, 0x00000000a2200000| Complete 
|  35|0x00000000a2300000, 0x00000000a2400000, 0x00000000a2400000|100%|HC|  |TAMS 0x00000000a2400000, 0x00000000a2300000| Complete 
|  36|0x00000000a2400000, 0x00000000a2500000, 0x00000000a2500000|100%|HC|  |TAMS 0x00000000a2500000, 0x00000000a2400000| Complete 
|  37|0x00000000a2500000, 0x00000000a2600000, 0x00000000a2600000|100%|HC|  |TAMS 0x00000000a2600000, 0x00000000a2500000| Complete 
|  38|0x00000000a2600000, 0x00000000a2700000, 0x00000000a2700000|100%|HC|  |TAMS 0x00000000a2700000, 0x00000000a2600000| Complete 
|  39|0x00000000a2700000, 0x00000000a2800000, 0x00000000a2800000|100%|HS|  |TAMS 0x00000000a2800000, 0x00000000a2700000| Complete 
|  40|0x00000000a2800000, 0x00000000a2900000, 0x00000000a2900000|100%| O|  |TAMS 0x00000000a2900000, 0x00000000a2800000| Untracked 
|  41|0x00000000a2900000, 0x00000000a2a00000, 0x00000000a2a00000|100%| O|  |TAMS 0x00000000a2a00000, 0x00000000a2900000| Untracked 
|  42|0x00000000a2a00000, 0x00000000a2b00000, 0x00000000a2b00000|100%| O|  |TAMS 0x00000000a2b00000, 0x00000000a2a00000| Untracked 
|  43|0x00000000a2b00000, 0x00000000a2c00000, 0x00000000a2c00000|100%| O|  |TAMS 0x00000000a2c00000, 0x00000000a2b00000| Untracked 
|  44|0x00000000a2c00000, 0x00000000a2d00000, 0x00000000a2d00000|100%| O|  |TAMS 0x00000000a2d00000, 0x00000000a2c00000| Untracked 
|  45|0x00000000a2d00000, 0x00000000a2e00000, 0x00000000a2e00000|100%| O|  |TAMS 0x00000000a2e00000, 0x00000000a2d00000| Untracked 
|  46|0x00000000a2e00000, 0x00000000a2f00000, 0x00000000a2f00000|100%| O|  |TAMS 0x00000000a2f00000, 0x00000000a2e00000| Untracked 
|  47|0x00000000a2f00000, 0x00000000a3000000, 0x00000000a3000000|100%|HS|  |TAMS 0x00000000a3000000, 0x00000000a2f00000| Complete 
|  48|0x00000000a3000000, 0x00000000a3100000, 0x00000000a3100000|100%|HC|  |TAMS 0x00000000a3100000, 0x00000000a3000000| Complete 
|  49|0x00000000a3100000, 0x00000000a3200000, 0x00000000a3200000|100%| O|  |TAMS 0x00000000a3200000, 0x00000000a3100000| Untracked 
|  50|0x00000000a3200000, 0x00000000a3300000, 0x00000000a3300000|100%| O|  |TAMS 0x00000000a3300000, 0x00000000a3200000| Untracked 
|  51|0x00000000a3300000, 0x00000000a3400000, 0x00000000a3400000|100%| O|  |TAMS 0x00000000a3400000, 0x00000000a3300000| Untracked 
|  52|0x00000000a3400000, 0x00000000a3500000, 0x00000000a3500000|100%| O|  |TAMS 0x00000000a3500000, 0x00000000a3400000| Untracked 
|  53|0x00000000a3500000, 0x00000000a3600000, 0x00000000a3600000|100%| O|  |TAMS 0x00000000a3600000, 0x00000000a3500000| Untracked 
|  54|0x00000000a3600000, 0x00000000a3700000, 0x00000000a3700000|100%| O|  |TAMS 0x00000000a3700000, 0x00000000a3600000| Untracked 
|  55|0x00000000a3700000, 0x00000000a3800000, 0x00000000a3800000|100%| O|  |TAMS 0x00000000a3800000, 0x00000000a3700000| Untracked 
|  56|0x00000000a3800000, 0x00000000a3900000, 0x00000000a3900000|100%| O|  |TAMS 0x00000000a3900000, 0x00000000a3800000| Untracked 
|  57|0x00000000a3900000, 0x00000000a3a00000, 0x00000000a3a00000|100%| O|  |TAMS 0x00000000a3a00000, 0x00000000a3900000| Untracked 
|  58|0x00000000a3a00000, 0x00000000a3b00000, 0x00000000a3b00000|100%| O|  |TAMS 0x00000000a3b00000, 0x00000000a3a00000| Untracked 
|  59|0x00000000a3b00000, 0x00000000a3c00000, 0x00000000a3c00000|100%| O|  |TAMS 0x00000000a3c00000, 0x00000000a3b00000| Untracked 
|  60|0x00000000a3c00000, 0x00000000a3d00000, 0x00000000a3d00000|100%| O|  |TAMS 0x00000000a3d00000, 0x00000000a3c00000| Untracked 
|  61|0x00000000a3d00000, 0x00000000a3e00000, 0x00000000a3e00000|100%| O|  |TAMS 0x00000000a3e00000, 0x00000000a3d00000| Untracked 
|  62|0x00000000a3e00000, 0x00000000a3f00000, 0x00000000a3f00000|100%| O|  |TAMS 0x00000000a3f00000, 0x00000000a3e00000| Untracked 
|  63|0x00000000a3f00000, 0x00000000a4000000, 0x00000000a4000000|100%| O|  |TAMS 0x00000000a4000000, 0x00000000a3f00000| Untracked 
|  64|0x00000000a4000000, 0x00000000a4100000, 0x00000000a4100000|100%|HS|  |TAMS 0x00000000a4100000, 0x00000000a4000000| Complete 
|  65|0x00000000a4100000, 0x00000000a4200000, 0x00000000a4200000|100%|HC|  |TAMS 0x00000000a4200000, 0x00000000a4100000| Complete 
|  66|0x00000000a4200000, 0x00000000a4300000, 0x00000000a4300000|100%|HC|  |TAMS 0x00000000a4300000, 0x00000000a4200000| Complete 
|  67|0x00000000a4300000, 0x00000000a4400000, 0x00000000a4400000|100%|HC|  |TAMS 0x00000000a4400000, 0x00000000a4300000| Complete 
|  68|0x00000000a4400000, 0x00000000a4500000, 0x00000000a4500000|100%|HC|  |TAMS 0x00000000a4500000, 0x00000000a4400000| Complete 
|  69|0x00000000a4500000, 0x00000000a4600000, 0x00000000a4600000|100%|HC|  |TAMS 0x00000000a4600000, 0x00000000a4500000| Complete 
|  70|0x00000000a4600000, 0x00000000a4700000, 0x00000000a4700000|100%|HC|  |TAMS 0x00000000a4700000, 0x00000000a4600000| Complete 
|  71|0x00000000a4700000, 0x00000000a4800000, 0x00000000a4800000|100%|HC|  |TAMS 0x00000000a4800000, 0x00000000a4700000| Complete 
|  72|0x00000000a4800000, 0x00000000a4900000, 0x00000000a4900000|100%|HC|  |TAMS 0x00000000a4900000, 0x00000000a4800000| Complete 
|  73|0x00000000a4900000, 0x00000000a4a00000, 0x00000000a4a00000|100%|HC|  |TAMS 0x00000000a4a00000, 0x00000000a4900000| Complete 
|  74|0x00000000a4a00000, 0x00000000a4b00000, 0x00000000a4b00000|100%|HC|  |TAMS 0x00000000a4b00000, 0x00000000a4a00000| Complete 
|  75|0x00000000a4b00000, 0x00000000a4c00000, 0x00000000a4c00000|100%|HS|  |TAMS 0x00000000a4c00000, 0x00000000a4b00000| Complete 
|  76|0x00000000a4c00000, 0x00000000a4d00000, 0x00000000a4d00000|100%|HC|  |TAMS 0x00000000a4d00000, 0x00000000a4c00000| Complete 
|  77|0x00000000a4d00000, 0x00000000a4e00000, 0x00000000a4e00000|100%|HC|  |TAMS 0x00000000a4e00000, 0x00000000a4d00000| Complete 
|  78|0x00000000a4e00000, 0x00000000a4f00000, 0x00000000a4f00000|100%|HS|  |TAMS 0x00000000a4f00000, 0x00000000a4e00000| Complete 
|  79|0x00000000a4f00000, 0x00000000a5000000, 0x00000000a5000000|100%|HC|  |TAMS 0x00000000a5000000, 0x00000000a4f00000| Complete 
|  80|0x00000000a5000000, 0x00000000a5100000, 0x00000000a5100000|100%|HS|  |TAMS 0x00000000a5100000, 0x00000000a5000000| Complete 
|  81|0x00000000a5100000, 0x00000000a5200000, 0x00000000a5200000|100%|HC|  |TAMS 0x00000000a5200000, 0x00000000a5100000| Complete 
|  82|0x00000000a5200000, 0x00000000a5300000, 0x00000000a5300000|100%|HC|  |TAMS 0x00000000a5300000, 0x00000000a5200000| Complete 
|  83|0x00000000a5300000, 0x00000000a5400000, 0x00000000a5400000|100%| O|  |TAMS 0x00000000a5400000, 0x00000000a5300000| Untracked 
|  84|0x00000000a5400000, 0x00000000a5500000, 0x00000000a5500000|100%| O|  |TAMS 0x00000000a5500000, 0x00000000a5400000| Untracked 
|  85|0x00000000a5500000, 0x00000000a5600000, 0x00000000a5600000|100%| O|  |TAMS 0x00000000a5600000, 0x00000000a5500000| Untracked 
|  86|0x00000000a5600000, 0x00000000a5700000, 0x00000000a5700000|100%| O|  |TAMS 0x00000000a5700000, 0x00000000a5600000| Untracked 
|  87|0x00000000a5700000, 0x00000000a5800000, 0x00000000a5800000|100%| O|  |TAMS 0x00000000a5800000, 0x00000000a5700000| Untracked 
|  88|0x00000000a5800000, 0x00000000a5900000, 0x00000000a5900000|100%| O|  |TAMS 0x00000000a5900000, 0x00000000a5800000| Untracked 
|  89|0x00000000a5900000, 0x00000000a5a00000, 0x00000000a5a00000|100%|HS|  |TAMS 0x00000000a5a00000, 0x00000000a5900000| Complete 
|  90|0x00000000a5a00000, 0x00000000a5b00000, 0x00000000a5b00000|100%|HC|  |TAMS 0x00000000a5b00000, 0x00000000a5a00000| Complete 
|  91|0x00000000a5b00000, 0x00000000a5c00000, 0x00000000a5c00000|100%|HC|  |TAMS 0x00000000a5c00000, 0x00000000a5b00000| Complete 
|  92|0x00000000a5c00000, 0x00000000a5d00000, 0x00000000a5d00000|100%|HC|  |TAMS 0x00000000a5d00000, 0x00000000a5c00000| Complete 
|  93|0x00000000a5d00000, 0x00000000a5e00000, 0x00000000a5e00000|100%|HC|  |TAMS 0x00000000a5e00000, 0x00000000a5d00000| Complete 
|  94|0x00000000a5e00000, 0x00000000a5f00000, 0x00000000a5f00000|100%|HC|  |TAMS 0x00000000a5f00000, 0x00000000a5e00000| Complete 
|  95|0x00000000a5f00000, 0x00000000a6000000, 0x00000000a6000000|100%|HS|  |TAMS 0x00000000a6000000, 0x00000000a5f00000| Complete 
|  96|0x00000000a6000000, 0x00000000a6100000, 0x00000000a6100000|100%|HS|  |TAMS 0x00000000a6100000, 0x00000000a6000000| Complete 
|  97|0x00000000a6100000, 0x00000000a6200000, 0x00000000a6200000|100%|HS|  |TAMS 0x00000000a6200000, 0x00000000a6100000| Complete 
|  98|0x00000000a6200000, 0x00000000a6300000, 0x00000000a6300000|100%| O|  |TAMS 0x00000000a6300000, 0x00000000a6200000| Untracked 
|  99|0x00000000a6300000, 0x00000000a6400000, 0x00000000a6400000|100%| O|  |TAMS 0x00000000a6400000, 0x00000000a6300000| Untracked 
| 100|0x00000000a6400000, 0x00000000a6500000, 0x00000000a6500000|100%| O|  |TAMS 0x00000000a6500000, 0x00000000a6400000| Untracked 
| 101|0x00000000a6500000, 0x00000000a6600000, 0x00000000a6600000|100%| O|  |TAMS 0x00000000a6600000, 0x00000000a6500000| Untracked 
| 102|0x00000000a6600000, 0x00000000a6700000, 0x00000000a6700000|100%| O|  |TAMS 0x00000000a6700000, 0x00000000a6600000| Untracked 
| 103|0x00000000a6700000, 0x00000000a6800000, 0x00000000a6800000|100%| O|  |TAMS 0x00000000a6800000, 0x00000000a6700000| Untracked 
| 104|0x00000000a6800000, 0x00000000a6900000, 0x00000000a6900000|100%| O|  |TAMS 0x00000000a6900000, 0x00000000a6800000| Untracked 
| 105|0x00000000a6900000, 0x00000000a6a00000, 0x00000000a6a00000|100%| O|  |TAMS 0x00000000a6a00000, 0x00000000a6900000| Untracked 
| 106|0x00000000a6a00000, 0x00000000a6b00000, 0x00000000a6b00000|100%| O|  |TAMS 0x00000000a6b00000, 0x00000000a6a00000| Untracked 
| 107|0x00000000a6b00000, 0x00000000a6c00000, 0x00000000a6c00000|100%| O|  |TAMS 0x00000000a6c00000, 0x00000000a6b00000| Untracked 
| 108|0x00000000a6c00000, 0x00000000a6d00000, 0x00000000a6d00000|100%| O|  |TAMS 0x00000000a6d00000, 0x00000000a6c00000| Untracked 
| 109|0x00000000a6d00000, 0x00000000a6e00000, 0x00000000a6e00000|100%| O|  |TAMS 0x00000000a6e00000, 0x00000000a6d00000| Untracked 
| 110|0x00000000a6e00000, 0x00000000a6f00000, 0x00000000a6f00000|100%| O|  |TAMS 0x00000000a6f00000, 0x00000000a6e00000| Untracked 
| 111|0x00000000a6f00000, 0x00000000a7000000, 0x00000000a7000000|100%| O|  |TAMS 0x00000000a7000000, 0x00000000a6f00000| Untracked 
| 112|0x00000000a7000000, 0x00000000a7100000, 0x00000000a7100000|100%| O|  |TAMS 0x00000000a7100000, 0x00000000a7000000| Untracked 
| 113|0x00000000a7100000, 0x00000000a7200000, 0x00000000a7200000|100%| O|  |TAMS 0x00000000a7200000, 0x00000000a7100000| Untracked 
| 114|0x00000000a7200000, 0x00000000a7300000, 0x00000000a7300000|100%| O|  |TAMS 0x00000000a7300000, 0x00000000a7200000| Untracked 
| 115|0x00000000a7300000, 0x00000000a7400000, 0x00000000a7400000|100%| O|  |TAMS 0x00000000a7400000, 0x00000000a7300000| Untracked 
| 116|0x00000000a7400000, 0x00000000a7500000, 0x00000000a7500000|100%| O|  |TAMS 0x00000000a7500000, 0x00000000a7400000| Untracked 
| 117|0x00000000a7500000, 0x00000000a7600000, 0x00000000a7600000|100%|HS|  |TAMS 0x00000000a7600000, 0x00000000a7500000| Complete 
| 118|0x00000000a7600000, 0x00000000a7700000, 0x00000000a7700000|100%|HC|  |TAMS 0x00000000a7700000, 0x00000000a7600000| Complete 
| 119|0x00000000a7700000, 0x00000000a7800000, 0x00000000a7800000|100%|HS|  |TAMS 0x00000000a7800000, 0x00000000a7700000| Complete 
| 120|0x00000000a7800000, 0x00000000a7900000, 0x00000000a7900000|100%|HC|  |TAMS 0x00000000a7900000, 0x00000000a7800000| Complete 
| 121|0x00000000a7900000, 0x00000000a7a00000, 0x00000000a7a00000|100%|HC|  |TAMS 0x00000000a7a00000, 0x00000000a7900000| Complete 
| 122|0x00000000a7a00000, 0x00000000a7b00000, 0x00000000a7b00000|100%|HS|  |TAMS 0x00000000a7b00000, 0x00000000a7a00000| Complete 
| 123|0x00000000a7b00000, 0x00000000a7c00000, 0x00000000a7c00000|100%|HC|  |TAMS 0x00000000a7c00000, 0x00000000a7b00000| Complete 
| 124|0x00000000a7c00000, 0x00000000a7d00000, 0x00000000a7d00000|100%|HC|  |TAMS 0x00000000a7d00000, 0x00000000a7c00000| Complete 
| 125|0x00000000a7d00000, 0x00000000a7e00000, 0x00000000a7e00000|100%|HS|  |TAMS 0x00000000a7e00000, 0x00000000a7d00000| Complete 
| 126|0x00000000a7e00000, 0x00000000a7f00000, 0x00000000a7f00000|100%|HC|  |TAMS 0x00000000a7f00000, 0x00000000a7e00000| Complete 
| 127|0x00000000a7f00000, 0x00000000a8000000, 0x00000000a8000000|100%|HS|  |TAMS 0x00000000a8000000, 0x00000000a7f00000| Complete 
| 128|0x00000000a8000000, 0x00000000a8100000, 0x00000000a8100000|100%|HC|  |TAMS 0x00000000a8100000, 0x00000000a8000000| Complete 
| 129|0x00000000a8100000, 0x00000000a8200000, 0x00000000a8200000|100%|HC|  |TAMS 0x00000000a8200000, 0x00000000a8100000| Complete 
| 130|0x00000000a8200000, 0x00000000a8300000, 0x00000000a8300000|100%|HC|  |TAMS 0x00000000a8300000, 0x00000000a8200000| Complete 
| 131|0x00000000a8300000, 0x00000000a8400000, 0x00000000a8400000|100%|HC|  |TAMS 0x00000000a8400000, 0x00000000a8300000| Complete 
| 132|0x00000000a8400000, 0x00000000a8500000, 0x00000000a8500000|100%|HC|  |TAMS 0x00000000a8500000, 0x00000000a8400000| Complete 
| 133|0x00000000a8500000, 0x00000000a8600000, 0x00000000a8600000|100%|HC|  |TAMS 0x00000000a8600000, 0x00000000a8500000| Complete 
| 134|0x00000000a8600000, 0x00000000a8700000, 0x00000000a8700000|100%|HC|  |TAMS 0x00000000a8700000, 0x00000000a8600000| Complete 
| 135|0x00000000a8700000, 0x00000000a8800000, 0x00000000a8800000|100%|HC|  |TAMS 0x00000000a8800000, 0x00000000a8700000| Complete 
| 136|0x00000000a8800000, 0x00000000a8900000, 0x00000000a8900000|100%|HC|  |TAMS 0x00000000a8900000, 0x00000000a8800000| Complete 
| 137|0x00000000a8900000, 0x00000000a8a00000, 0x00000000a8a00000|100%|HS|  |TAMS 0x00000000a8a00000, 0x00000000a8900000| Complete 
| 138|0x00000000a8a00000, 0x00000000a8b00000, 0x00000000a8b00000|100%|HC|  |TAMS 0x00000000a8b00000, 0x00000000a8a00000| Complete 
| 139|0x00000000a8b00000, 0x00000000a8c00000, 0x00000000a8c00000|100%|HS|  |TAMS 0x00000000a8c00000, 0x00000000a8b00000| Complete 
| 140|0x00000000a8c00000, 0x00000000a8d00000, 0x00000000a8d00000|100%|HC|  |TAMS 0x00000000a8d00000, 0x00000000a8c00000| Complete 
| 141|0x00000000a8d00000, 0x00000000a8e00000, 0x00000000a8e00000|100%|HC|  |TAMS 0x00000000a8e00000, 0x00000000a8d00000| Complete 
| 142|0x00000000a8e00000, 0x00000000a8f00000, 0x00000000a8f00000|100%|HC|  |TAMS 0x00000000a8f00000, 0x00000000a8e00000| Complete 
| 143|0x00000000a8f00000, 0x00000000a9000000, 0x00000000a9000000|100%|HC|  |TAMS 0x00000000a9000000, 0x00000000a8f00000| Complete 
| 144|0x00000000a9000000, 0x00000000a9100000, 0x00000000a9100000|100%|HC|  |TAMS 0x00000000a9100000, 0x00000000a9000000| Complete 
| 145|0x00000000a9100000, 0x00000000a9200000, 0x00000000a9200000|100%|HS|  |TAMS 0x00000000a9200000, 0x00000000a9100000| Complete 
| 146|0x00000000a9200000, 0x00000000a9300000, 0x00000000a9300000|100%| O|  |TAMS 0x00000000a9300000, 0x00000000a9200000| Untracked 
| 147|0x00000000a9300000, 0x00000000a9400000, 0x00000000a9400000|100%| O|  |TAMS 0x00000000a9400000, 0x00000000a9300000| Untracked 
| 148|0x00000000a9400000, 0x00000000a9500000, 0x00000000a9500000|100%| O|  |TAMS 0x00000000a9500000, 0x00000000a9400000| Untracked 
| 149|0x00000000a9500000, 0x00000000a9600000, 0x00000000a9600000|100%| O|  |TAMS 0x00000000a9600000, 0x00000000a9500000| Untracked 
| 150|0x00000000a9600000, 0x00000000a9700000, 0x00000000a9700000|100%| O|  |TAMS 0x00000000a9700000, 0x00000000a9600000| Untracked 
| 151|0x00000000a9700000, 0x00000000a9800000, 0x00000000a9800000|100%| O|  |TAMS 0x00000000a9800000, 0x00000000a9700000| Untracked 
| 152|0x00000000a9800000, 0x00000000a9900000, 0x00000000a9900000|100%| O|  |TAMS 0x00000000a9900000, 0x00000000a9800000| Untracked 
| 153|0x00000000a9900000, 0x00000000a9a00000, 0x00000000a9a00000|100%| O|  |TAMS 0x00000000a9a00000, 0x00000000a9900000| Untracked 
| 154|0x00000000a9a00000, 0x00000000a9b00000, 0x00000000a9b00000|100%| O|  |TAMS 0x00000000a9b00000, 0x00000000a9a00000| Untracked 
| 155|0x00000000a9b00000, 0x00000000a9c00000, 0x00000000a9c00000|100%| O|  |TAMS 0x00000000a9c00000, 0x00000000a9b00000| Untracked 
| 156|0x00000000a9c00000, 0x00000000a9d00000, 0x00000000a9d00000|100%| O|  |TAMS 0x00000000a9d00000, 0x00000000a9c00000| Untracked 
| 157|0x00000000a9d00000, 0x00000000a9e00000, 0x00000000a9e00000|100%| O|  |TAMS 0x00000000a9e00000, 0x00000000a9d00000| Untracked 
| 158|0x00000000a9e00000, 0x00000000a9f00000, 0x00000000a9f00000|100%| O|  |TAMS 0x00000000a9f00000, 0x00000000a9e00000| Untracked 
| 159|0x00000000a9f00000, 0x00000000aa000000, 0x00000000aa000000|100%| O|  |TAMS 0x00000000aa000000, 0x00000000a9f00000| Untracked 
| 160|0x00000000aa000000, 0x00000000aa100000, 0x00000000aa100000|100%| O|  |TAMS 0x00000000aa100000, 0x00000000aa000000| Untracked 
| 161|0x00000000aa100000, 0x00000000aa200000, 0x00000000aa200000|100%| O|  |TAMS 0x00000000aa145800, 0x00000000aa100000| Untracked 
| 162|0x00000000aa200000, 0x00000000aa300000, 0x00000000aa300000|100%|HS|  |TAMS 0x00000000aa300000, 0x00000000aa200000| Complete 
| 163|0x00000000aa300000, 0x00000000aa400000, 0x00000000aa400000|100%|HC|  |TAMS 0x00000000aa400000, 0x00000000aa300000| Complete 
| 164|0x00000000aa400000, 0x00000000aa500000, 0x00000000aa500000|100%| O|  |TAMS 0x00000000aa400000, 0x00000000aa400000| Untracked 
| 165|0x00000000aa500000, 0x00000000aa600000, 0x00000000aa600000|100%| O|  |TAMS 0x00000000aa500000, 0x00000000aa500000| Untracked 
| 166|0x00000000aa600000, 0x00000000aa696400, 0x00000000aa700000| 58%| O|  |TAMS 0x00000000aa600000, 0x00000000aa600000| Untracked 
| 167|0x00000000aa700000, 0x00000000aa700000, 0x00000000aa800000|  0%| F|  |TAMS 0x00000000aa700000, 0x00000000aa700000| Untracked 
| 168|0x00000000aa800000, 0x00000000aa800000, 0x00000000aa900000|  0%| F|  |TAMS 0x00000000aa800000, 0x00000000aa800000| Untracked 
| 169|0x00000000aa900000, 0x00000000aa900000, 0x00000000aaa00000|  0%| F|  |TAMS 0x00000000aa900000, 0x00000000aa900000| Untracked 
| 170|0x00000000aaa00000, 0x00000000aaa00000, 0x00000000aab00000|  0%| F|  |TAMS 0x00000000aaa00000, 0x00000000aaa00000| Untracked 
| 171|0x00000000aab00000, 0x00000000aab00000, 0x00000000aac00000|  0%| F|  |TAMS 0x00000000aab00000, 0x00000000aab00000| Untracked 
| 172|0x00000000aac00000, 0x00000000aac00000, 0x00000000aad00000|  0%| F|  |TAMS 0x00000000aac00000, 0x00000000aac00000| Untracked 
| 173|0x00000000aad00000, 0x00000000aad00000, 0x00000000aae00000|  0%| F|  |TAMS 0x00000000aad00000, 0x00000000aad00000| Untracked 
| 174|0x00000000aae00000, 0x00000000aae00000, 0x00000000aaf00000|  0%| F|  |TAMS 0x00000000aae00000, 0x00000000aae00000| Untracked 
| 175|0x00000000aaf00000, 0x00000000aaf00000, 0x00000000ab000000|  0%| F|  |TAMS 0x00000000aaf00000, 0x00000000aaf00000| Untracked 
| 176|0x00000000ab000000, 0x00000000ab000000, 0x00000000ab100000|  0%| F|  |TAMS 0x00000000ab000000, 0x00000000ab000000| Untracked 
| 177|0x00000000ab100000, 0x00000000ab100000, 0x00000000ab200000|  0%| F|  |TAMS 0x00000000ab100000, 0x00000000ab100000| Untracked 
| 178|0x00000000ab200000, 0x00000000ab200000, 0x00000000ab300000|  0%| F|  |TAMS 0x00000000ab200000, 0x00000000ab200000| Untracked 
| 179|0x00000000ab300000, 0x00000000ab300000, 0x00000000ab400000|  0%| F|  |TAMS 0x00000000ab300000, 0x00000000ab300000| Untracked 
| 180|0x00000000ab400000, 0x00000000ab400000, 0x00000000ab500000|  0%| F|  |TAMS 0x00000000ab400000, 0x00000000ab400000| Untracked 
| 181|0x00000000ab500000, 0x00000000ab500000, 0x00000000ab600000|  0%| F|  |TAMS 0x00000000ab500000, 0x00000000ab500000| Untracked 
| 182|0x00000000ab600000, 0x00000000ab600000, 0x00000000ab700000|  0%| F|  |TAMS 0x00000000ab600000, 0x00000000ab600000| Untracked 
| 183|0x00000000ab700000, 0x00000000ab700000, 0x00000000ab800000|  0%| F|  |TAMS 0x00000000ab700000, 0x00000000ab700000| Untracked 
| 184|0x00000000ab800000, 0x00000000ab800000, 0x00000000ab900000|  0%| F|  |TAMS 0x00000000ab800000, 0x00000000ab800000| Untracked 
| 185|0x00000000ab900000, 0x00000000ab900000, 0x00000000aba00000|  0%| F|  |TAMS 0x00000000ab900000, 0x00000000ab900000| Untracked 
| 186|0x00000000aba00000, 0x00000000aba00000, 0x00000000abb00000|  0%| F|  |TAMS 0x00000000aba00000, 0x00000000aba00000| Untracked 
| 187|0x00000000abb00000, 0x00000000abb00000, 0x00000000abc00000|  0%| F|  |TAMS 0x00000000abb00000, 0x00000000abb00000| Untracked 
| 188|0x00000000abc00000, 0x00000000abc00000, 0x00000000abd00000|  0%| F|  |TAMS 0x00000000abc00000, 0x00000000abc00000| Untracked 
| 189|0x00000000abd00000, 0x00000000abd00000, 0x00000000abe00000|  0%| F|  |TAMS 0x00000000abd00000, 0x00000000abd00000| Untracked 
| 190|0x00000000abe00000, 0x00000000abe00000, 0x00000000abf00000|  0%| F|  |TAMS 0x00000000abe00000, 0x00000000abe00000| Untracked 
| 191|0x00000000abf00000, 0x00000000abf00000, 0x00000000ac000000|  0%| F|  |TAMS 0x00000000abf00000, 0x00000000abf00000| Untracked 
| 192|0x00000000ac000000, 0x00000000ac000000, 0x00000000ac100000|  0%| F|  |TAMS 0x00000000ac000000, 0x00000000ac000000| Untracked 
| 193|0x00000000ac100000, 0x00000000ac100000, 0x00000000ac200000|  0%| F|  |TAMS 0x00000000ac100000, 0x00000000ac100000| Untracked 
| 194|0x00000000ac200000, 0x00000000ac200000, 0x00000000ac300000|  0%| F|  |TAMS 0x00000000ac200000, 0x00000000ac200000| Untracked 
| 195|0x00000000ac300000, 0x00000000ac300000, 0x00000000ac400000|  0%| F|  |TAMS 0x00000000ac300000, 0x00000000ac300000| Untracked 
| 196|0x00000000ac400000, 0x00000000ac400000, 0x00000000ac500000|  0%| F|  |TAMS 0x00000000ac400000, 0x00000000ac400000| Untracked 
| 197|0x00000000ac500000, 0x00000000ac500000, 0x00000000ac600000|  0%| F|  |TAMS 0x00000000ac500000, 0x00000000ac500000| Untracked 
| 198|0x00000000ac600000, 0x00000000ac600000, 0x00000000ac700000|  0%| F|  |TAMS 0x00000000ac600000, 0x00000000ac600000| Untracked 
| 199|0x00000000ac700000, 0x00000000ac700000, 0x00000000ac800000|  0%| F|  |TAMS 0x00000000ac700000, 0x00000000ac700000| Untracked 
| 200|0x00000000ac800000, 0x00000000ac800000, 0x00000000ac900000|  0%| F|  |TAMS 0x00000000ac800000, 0x00000000ac800000| Untracked 
| 201|0x00000000ac900000, 0x00000000ac900000, 0x00000000aca00000|  0%| F|  |TAMS 0x00000000ac900000, 0x00000000ac900000| Untracked 
| 202|0x00000000aca00000, 0x00000000aca00000, 0x00000000acb00000|  0%| F|  |TAMS 0x00000000aca00000, 0x00000000aca00000| Untracked 
| 203|0x00000000acb00000, 0x00000000acb00000, 0x00000000acc00000|  0%| F|  |TAMS 0x00000000acb00000, 0x00000000acb00000| Untracked 
| 204|0x00000000acc00000, 0x00000000acc00000, 0x00000000acd00000|  0%| F|  |TAMS 0x00000000acc00000, 0x00000000acc00000| Untracked 
| 205|0x00000000acd00000, 0x00000000acd00000, 0x00000000ace00000|  0%| F|  |TAMS 0x00000000acd00000, 0x00000000acd00000| Untracked 
| 206|0x00000000ace00000, 0x00000000ace00000, 0x00000000acf00000|  0%| F|  |TAMS 0x00000000ace00000, 0x00000000ace00000| Untracked 
| 207|0x00000000acf00000, 0x00000000acf00000, 0x00000000ad000000|  0%| F|  |TAMS 0x00000000acf00000, 0x00000000acf00000| Untracked 
| 208|0x00000000ad000000, 0x00000000ad000000, 0x00000000ad100000|  0%| F|  |TAMS 0x00000000ad000000, 0x00000000ad000000| Untracked 
| 209|0x00000000ad100000, 0x00000000ad100000, 0x00000000ad200000|  0%| F|  |TAMS 0x00000000ad100000, 0x00000000ad100000| Untracked 
| 210|0x00000000ad200000, 0x00000000ad200000, 0x00000000ad300000|  0%| F|  |TAMS 0x00000000ad200000, 0x00000000ad200000| Untracked 
| 211|0x00000000ad300000, 0x00000000ad300000, 0x00000000ad400000|  0%| F|  |TAMS 0x00000000ad300000, 0x00000000ad300000| Untracked 
| 212|0x00000000ad400000, 0x00000000ad400000, 0x00000000ad500000|  0%| F|  |TAMS 0x00000000ad400000, 0x00000000ad400000| Untracked 
| 213|0x00000000ad500000, 0x00000000ad500000, 0x00000000ad600000|  0%| F|  |TAMS 0x00000000ad500000, 0x00000000ad500000| Untracked 
| 214|0x00000000ad600000, 0x00000000ad600000, 0x00000000ad700000|  0%| F|  |TAMS 0x00000000ad600000, 0x00000000ad600000| Untracked 
| 215|0x00000000ad700000, 0x00000000ad700000, 0x00000000ad800000|  0%| F|  |TAMS 0x00000000ad700000, 0x00000000ad700000| Untracked 
| 216|0x00000000ad800000, 0x00000000ad800000, 0x00000000ad900000|  0%| F|  |TAMS 0x00000000ad800000, 0x00000000ad800000| Untracked 
| 217|0x00000000ad900000, 0x00000000ad900000, 0x00000000ada00000|  0%| F|  |TAMS 0x00000000ad900000, 0x00000000ad900000| Untracked 
| 218|0x00000000ada00000, 0x00000000ada00000, 0x00000000adb00000|  0%| F|  |TAMS 0x00000000ada00000, 0x00000000ada00000| Untracked 
| 219|0x00000000adb00000, 0x00000000adb00000, 0x00000000adc00000|  0%| F|  |TAMS 0x00000000adb00000, 0x00000000adb00000| Untracked 
| 220|0x00000000adc00000, 0x00000000adc00000, 0x00000000add00000|  0%| F|  |TAMS 0x00000000adc00000, 0x00000000adc00000| Untracked 
| 221|0x00000000add00000, 0x00000000add00000, 0x00000000ade00000|  0%| F|  |TAMS 0x00000000add00000, 0x00000000add00000| Untracked 
| 222|0x00000000ade00000, 0x00000000ade00000, 0x00000000adf00000|  0%| F|  |TAMS 0x00000000ade00000, 0x00000000ade00000| Untracked 
| 223|0x00000000adf00000, 0x00000000adf00000, 0x00000000ae000000|  0%| F|  |TAMS 0x00000000adf00000, 0x00000000adf00000| Untracked 
| 224|0x00000000ae000000, 0x00000000ae000000, 0x00000000ae100000|  0%| F|  |TAMS 0x00000000ae000000, 0x00000000ae000000| Untracked 
| 225|0x00000000ae100000, 0x00000000ae100000, 0x00000000ae200000|  0%| F|  |TAMS 0x00000000ae100000, 0x00000000ae100000| Untracked 
| 226|0x00000000ae200000, 0x00000000ae200000, 0x00000000ae300000|  0%| F|  |TAMS 0x00000000ae200000, 0x00000000ae200000| Untracked 
| 227|0x00000000ae300000, 0x00000000ae300000, 0x00000000ae400000|  0%| F|  |TAMS 0x00000000ae300000, 0x00000000ae300000| Untracked 
| 228|0x00000000ae400000, 0x00000000ae400000, 0x00000000ae500000|  0%| F|  |TAMS 0x00000000ae400000, 0x00000000ae400000| Untracked 
| 229|0x00000000ae500000, 0x00000000ae500000, 0x00000000ae600000|  0%| F|  |TAMS 0x00000000ae500000, 0x00000000ae500000| Untracked 
| 230|0x00000000ae600000, 0x00000000ae600000, 0x00000000ae700000|  0%| F|  |TAMS 0x00000000ae600000, 0x00000000ae600000| Untracked 
| 231|0x00000000ae700000, 0x00000000ae700000, 0x00000000ae800000|  0%| F|  |TAMS 0x00000000ae700000, 0x00000000ae700000| Untracked 
| 232|0x00000000ae800000, 0x00000000ae800000, 0x00000000ae900000|  0%| F|  |TAMS 0x00000000ae800000, 0x00000000ae800000| Untracked 
| 233|0x00000000ae900000, 0x00000000ae900000, 0x00000000aea00000|  0%| F|  |TAMS 0x00000000ae900000, 0x00000000ae900000| Untracked 
| 234|0x00000000aea00000, 0x00000000aea00000, 0x00000000aeb00000|  0%| F|  |TAMS 0x00000000aea00000, 0x00000000aea00000| Untracked 
| 235|0x00000000aeb00000, 0x00000000aeb00000, 0x00000000aec00000|  0%| F|  |TAMS 0x00000000aeb00000, 0x00000000aeb00000| Untracked 
| 236|0x00000000aec00000, 0x00000000aec00000, 0x00000000aed00000|  0%| F|  |TAMS 0x00000000aec00000, 0x00000000aec00000| Untracked 
| 237|0x00000000aed00000, 0x00000000aed00000, 0x00000000aee00000|  0%| F|  |TAMS 0x00000000aed00000, 0x00000000aed00000| Untracked 
| 238|0x00000000aee00000, 0x00000000aee00000, 0x00000000aef00000|  0%| F|  |TAMS 0x00000000aee00000, 0x00000000aee00000| Untracked 
| 239|0x00000000aef00000, 0x00000000aef00000, 0x00000000af000000|  0%| F|  |TAMS 0x00000000aef00000, 0x00000000aef00000| Untracked 
| 240|0x00000000af000000, 0x00000000af000000, 0x00000000af100000|  0%| F|  |TAMS 0x00000000af000000, 0x00000000af000000| Untracked 
| 241|0x00000000af100000, 0x00000000af100000, 0x00000000af200000|  0%| F|  |TAMS 0x00000000af100000, 0x00000000af100000| Untracked 
| 242|0x00000000af200000, 0x00000000af200000, 0x00000000af300000|  0%| F|  |TAMS 0x00000000af200000, 0x00000000af200000| Untracked 
| 243|0x00000000af300000, 0x00000000af300000, 0x00000000af400000|  0%| F|  |TAMS 0x00000000af300000, 0x00000000af300000| Untracked 
| 244|0x00000000af400000, 0x00000000af400000, 0x00000000af500000|  0%| F|  |TAMS 0x00000000af400000, 0x00000000af400000| Untracked 
| 245|0x00000000af500000, 0x00000000af500000, 0x00000000af600000|  0%| F|  |TAMS 0x00000000af500000, 0x00000000af500000| Untracked 
| 246|0x00000000af600000, 0x00000000af600000, 0x00000000af700000|  0%| F|  |TAMS 0x00000000af600000, 0x00000000af600000| Untracked 
| 247|0x00000000af700000, 0x00000000af700000, 0x00000000af800000|  0%| F|  |TAMS 0x00000000af700000, 0x00000000af700000| Untracked 
| 248|0x00000000af800000, 0x00000000af800000, 0x00000000af900000|  0%| F|  |TAMS 0x00000000af800000, 0x00000000af800000| Untracked 
| 249|0x00000000af900000, 0x00000000af900000, 0x00000000afa00000|  0%| F|  |TAMS 0x00000000af900000, 0x00000000af900000| Untracked 
| 250|0x00000000afa00000, 0x00000000afa86b98, 0x00000000afb00000| 52%| S|CS|TAMS 0x00000000afa00000, 0x00000000afa00000| Complete 
| 251|0x00000000afb00000, 0x00000000afc00000, 0x00000000afc00000|100%| S|CS|TAMS 0x00000000afb00000, 0x00000000afb00000| Complete 
| 252|0x00000000afc00000, 0x00000000afd00000, 0x00000000afd00000|100%| S|CS|TAMS 0x00000000afc00000, 0x00000000afc00000| Complete 
| 253|0x00000000afd00000, 0x00000000afe00000, 0x00000000afe00000|100%| S|CS|TAMS 0x00000000afd00000, 0x00000000afd00000| Complete 
| 254|0x00000000afe00000, 0x00000000afe00000, 0x00000000aff00000|  0%| F|  |TAMS 0x00000000afe00000, 0x00000000afe00000| Untracked 
| 255|0x00000000aff00000, 0x00000000aff00000, 0x00000000b0000000|  0%| F|  |TAMS 0x00000000aff00000, 0x00000000aff00000| Untracked 
| 256|0x00000000b0000000, 0x00000000b0000000, 0x00000000b0100000|  0%| F|  |TAMS 0x00000000b0000000, 0x00000000b0000000| Untracked 
| 257|0x00000000b0100000, 0x00000000b0100000, 0x00000000b0200000|  0%| F|  |TAMS 0x00000000b0100000, 0x00000000b0100000| Untracked 
| 258|0x00000000b0200000, 0x00000000b0200000, 0x00000000b0300000|  0%| F|  |TAMS 0x00000000b0200000, 0x00000000b0200000| Untracked 
| 259|0x00000000b0300000, 0x00000000b0300000, 0x00000000b0400000|  0%| F|  |TAMS 0x00000000b0300000, 0x00000000b0300000| Untracked 
| 260|0x00000000b0400000, 0x00000000b0400000, 0x00000000b0500000|  0%| F|  |TAMS 0x00000000b0400000, 0x00000000b0400000| Untracked 
| 261|0x00000000b0500000, 0x00000000b0500000, 0x00000000b0600000|  0%| F|  |TAMS 0x00000000b0500000, 0x00000000b0500000| Untracked 
| 262|0x00000000b0600000, 0x00000000b0600000, 0x00000000b0700000|  0%| F|  |TAMS 0x00000000b0600000, 0x00000000b0600000| Untracked 
| 263|0x00000000b0700000, 0x00000000b0700000, 0x00000000b0800000|  0%| F|  |TAMS 0x00000000b0700000, 0x00000000b0700000| Untracked 
| 264|0x00000000b0800000, 0x00000000b0800000, 0x00000000b0900000|  0%| F|  |TAMS 0x00000000b0800000, 0x00000000b0800000| Untracked 
| 265|0x00000000b0900000, 0x00000000b0900000, 0x00000000b0a00000|  0%| F|  |TAMS 0x00000000b0900000, 0x00000000b0900000| Untracked 
| 266|0x00000000b0a00000, 0x00000000b0a00000, 0x00000000b0b00000|  0%| F|  |TAMS 0x00000000b0a00000, 0x00000000b0a00000| Untracked 
| 267|0x00000000b0b00000, 0x00000000b0b00000, 0x00000000b0c00000|  0%| F|  |TAMS 0x00000000b0b00000, 0x00000000b0b00000| Untracked 
| 268|0x00000000b0c00000, 0x00000000b0c00000, 0x00000000b0d00000|  0%| F|  |TAMS 0x00000000b0c00000, 0x00000000b0c00000| Untracked 
| 269|0x00000000b0d00000, 0x00000000b0d00000, 0x00000000b0e00000|  0%| F|  |TAMS 0x00000000b0d00000, 0x00000000b0d00000| Untracked 
| 270|0x00000000b0e00000, 0x00000000b0e00000, 0x00000000b0f00000|  0%| F|  |TAMS 0x00000000b0e00000, 0x00000000b0e00000| Untracked 
| 271|0x00000000b0f00000, 0x00000000b0f00000, 0x00000000b1000000|  0%| F|  |TAMS 0x00000000b0f00000, 0x00000000b0f00000| Untracked 
| 272|0x00000000b1000000, 0x00000000b109f358, 0x00000000b1100000| 62%| E|  |TAMS 0x00000000b1000000, 0x00000000b1000000| Complete 
| 273|0x00000000b1100000, 0x00000000b1200000, 0x00000000b1200000|100%| E|CS|TAMS 0x00000000b1100000, 0x00000000b1100000| Complete 
| 274|0x00000000b1200000, 0x00000000b1300000, 0x00000000b1300000|100%| E|CS|TAMS 0x00000000b1200000, 0x00000000b1200000| Complete 
| 275|0x00000000b1300000, 0x00000000b1400000, 0x00000000b1400000|100%| E|CS|TAMS 0x00000000b1300000, 0x00000000b1300000| Complete 
| 276|0x00000000b1400000, 0x00000000b1500000, 0x00000000b1500000|100%| E|CS|TAMS 0x00000000b1400000, 0x00000000b1400000| Complete 
| 277|0x00000000b1500000, 0x00000000b1600000, 0x00000000b1600000|100%| E|CS|TAMS 0x00000000b1500000, 0x00000000b1500000| Complete 
| 278|0x00000000b1600000, 0x00000000b1700000, 0x00000000b1700000|100%| E|CS|TAMS 0x00000000b1600000, 0x00000000b1600000| Complete 
| 279|0x00000000b1700000, 0x00000000b1800000, 0x00000000b1800000|100%| E|CS|TAMS 0x00000000b1700000, 0x00000000b1700000| Complete 
| 280|0x00000000b1800000, 0x00000000b1900000, 0x00000000b1900000|100%| E|CS|TAMS 0x00000000b1800000, 0x00000000b1800000| Complete 
| 281|0x00000000b1900000, 0x00000000b1a00000, 0x00000000b1a00000|100%| E|CS|TAMS 0x00000000b1900000, 0x00000000b1900000| Complete 
| 282|0x00000000b1a00000, 0x00000000b1b00000, 0x00000000b1b00000|100%| E|CS|TAMS 0x00000000b1a00000, 0x00000000b1a00000| Complete 
| 283|0x00000000b1b00000, 0x00000000b1c00000, 0x00000000b1c00000|100%| E|CS|TAMS 0x00000000b1b00000, 0x00000000b1b00000| Complete 
| 284|0x00000000b1c00000, 0x00000000b1d00000, 0x00000000b1d00000|100%| E|CS|TAMS 0x00000000b1c00000, 0x00000000b1c00000| Complete 
| 285|0x00000000b1d00000, 0x00000000b1e00000, 0x00000000b1e00000|100%| E|CS|TAMS 0x00000000b1d00000, 0x00000000b1d00000| Complete 
| 286|0x00000000b1e00000, 0x00000000b1f00000, 0x00000000b1f00000|100%| E|CS|TAMS 0x00000000b1e00000, 0x00000000b1e00000| Complete 
| 287|0x00000000b1f00000, 0x00000000b2000000, 0x00000000b2000000|100%| E|CS|TAMS 0x00000000b1f00000, 0x00000000b1f00000| Complete 
| 288|0x00000000b2000000, 0x00000000b2100000, 0x00000000b2100000|100%| E|CS|TAMS 0x00000000b2000000, 0x00000000b2000000| Complete 
| 289|0x00000000b2100000, 0x00000000b2200000, 0x00000000b2200000|100%| E|CS|TAMS 0x00000000b2100000, 0x00000000b2100000| Complete 
| 290|0x00000000b2200000, 0x00000000b2300000, 0x00000000b2300000|100%| E|CS|TAMS 0x00000000b2200000, 0x00000000b2200000| Complete 
| 291|0x00000000b2300000, 0x00000000b2400000, 0x00000000b2400000|100%| E|CS|TAMS 0x00000000b2300000, 0x00000000b2300000| Complete 
| 292|0x00000000b2400000, 0x00000000b2500000, 0x00000000b2500000|100%| E|CS|TAMS 0x00000000b2400000, 0x00000000b2400000| Complete 
| 293|0x00000000b2500000, 0x00000000b2600000, 0x00000000b2600000|100%| E|CS|TAMS 0x00000000b2500000, 0x00000000b2500000| Complete 
| 294|0x00000000b2600000, 0x00000000b2700000, 0x00000000b2700000|100%| E|CS|TAMS 0x00000000b2600000, 0x00000000b2600000| Complete 
| 295|0x00000000b2700000, 0x00000000b2800000, 0x00000000b2800000|100%| E|CS|TAMS 0x00000000b2700000, 0x00000000b2700000| Complete 
| 296|0x00000000b2800000, 0x00000000b2900000, 0x00000000b2900000|100%| E|CS|TAMS 0x00000000b2800000, 0x00000000b2800000| Complete 
| 297|0x00000000b2900000, 0x00000000b2a00000, 0x00000000b2a00000|100%| E|CS|TAMS 0x00000000b2900000, 0x00000000b2900000| Complete 
| 298|0x00000000b2a00000, 0x00000000b2b00000, 0x00000000b2b00000|100%| E|CS|TAMS 0x00000000b2a00000, 0x00000000b2a00000| Complete 
| 299|0x00000000b2b00000, 0x00000000b2c00000, 0x00000000b2c00000|100%| E|CS|TAMS 0x00000000b2b00000, 0x00000000b2b00000| Complete 
| 300|0x00000000b2c00000, 0x00000000b2d00000, 0x00000000b2d00000|100%| E|CS|TAMS 0x00000000b2c00000, 0x00000000b2c00000| Complete 
| 301|0x00000000b2d00000, 0x00000000b2e00000, 0x00000000b2e00000|100%| E|CS|TAMS 0x00000000b2d00000, 0x00000000b2d00000| Complete 
| 302|0x00000000b2e00000, 0x00000000b2f00000, 0x00000000b2f00000|100%| E|CS|TAMS 0x00000000b2e00000, 0x00000000b2e00000| Complete 
| 303|0x00000000b2f00000, 0x00000000b3000000, 0x00000000b3000000|100%| E|CS|TAMS 0x00000000b2f00000, 0x00000000b2f00000| Complete 
| 304|0x00000000b3000000, 0x00000000b3100000, 0x00000000b3100000|100%| E|CS|TAMS 0x00000000b3000000, 0x00000000b3000000| Complete 
| 305|0x00000000b3100000, 0x00000000b3200000, 0x00000000b3200000|100%| E|CS|TAMS 0x00000000b3100000, 0x00000000b3100000| Complete 
| 306|0x00000000b3200000, 0x00000000b3300000, 0x00000000b3300000|100%| E|CS|TAMS 0x00000000b3200000, 0x00000000b3200000| Complete 
| 307|0x00000000b3300000, 0x00000000b3400000, 0x00000000b3400000|100%| E|CS|TAMS 0x00000000b3300000, 0x00000000b3300000| Complete 
| 308|0x00000000b3400000, 0x00000000b3500000, 0x00000000b3500000|100%| E|CS|TAMS 0x00000000b3400000, 0x00000000b3400000| Complete 
| 309|0x00000000b3500000, 0x00000000b3600000, 0x00000000b3600000|100%| E|CS|TAMS 0x00000000b3500000, 0x00000000b3500000| Complete 
| 310|0x00000000b3600000, 0x00000000b3700000, 0x00000000b3700000|100%| E|CS|TAMS 0x00000000b3600000, 0x00000000b3600000| Complete 
| 311|0x00000000b3700000, 0x00000000b3800000, 0x00000000b3800000|100%| E|CS|TAMS 0x00000000b3700000, 0x00000000b3700000| Complete 
| 312|0x00000000b3800000, 0x00000000b3900000, 0x00000000b3900000|100%| E|CS|TAMS 0x00000000b3800000, 0x00000000b3800000| Complete 
| 313|0x00000000b3900000, 0x00000000b3a00000, 0x00000000b3a00000|100%| E|CS|TAMS 0x00000000b3900000, 0x00000000b3900000| Complete 
| 314|0x00000000b3a00000, 0x00000000b3b00000, 0x00000000b3b00000|100%| E|CS|TAMS 0x00000000b3a00000, 0x00000000b3a00000| Complete 
| 315|0x00000000b3b00000, 0x00000000b3c00000, 0x00000000b3c00000|100%| E|CS|TAMS 0x00000000b3b00000, 0x00000000b3b00000| Complete 
| 316|0x00000000b3c00000, 0x00000000b3d00000, 0x00000000b3d00000|100%| E|CS|TAMS 0x00000000b3c00000, 0x00000000b3c00000| Complete 
| 317|0x00000000b3d00000, 0x00000000b3e00000, 0x00000000b3e00000|100%| E|CS|TAMS 0x00000000b3d00000, 0x00000000b3d00000| Complete 
| 318|0x00000000b3e00000, 0x00000000b3f00000, 0x00000000b3f00000|100%| E|CS|TAMS 0x00000000b3e00000, 0x00000000b3e00000| Complete 
| 319|0x00000000b3f00000, 0x00000000b4000000, 0x00000000b4000000|100%| E|CS|TAMS 0x00000000b3f00000, 0x00000000b3f00000| Complete 
| 320|0x00000000b4000000, 0x00000000b4100000, 0x00000000b4100000|100%| E|CS|TAMS 0x00000000b4000000, 0x00000000b4000000| Complete 
| 321|0x00000000b4100000, 0x00000000b4200000, 0x00000000b4200000|100%| E|CS|TAMS 0x00000000b4100000, 0x00000000b4100000| Complete 
| 322|0x00000000b4200000, 0x00000000b4300000, 0x00000000b4300000|100%| E|CS|TAMS 0x00000000b4200000, 0x00000000b4200000| Complete 
| 323|0x00000000b4300000, 0x00000000b4400000, 0x00000000b4400000|100%| E|CS|TAMS 0x00000000b4300000, 0x00000000b4300000| Complete 
| 324|0x00000000b4400000, 0x00000000b4500000, 0x00000000b4500000|100%| E|CS|TAMS 0x00000000b4400000, 0x00000000b4400000| Complete 

Card table byte_map: [0x000002024ec00000,0x000002024ef00000] _byte_map_base: 0x000002024e700000

Marking Bits (Prev, Next): (CMBitMap*) 0x00000202381c77b0, (CMBitMap*) 0x00000202381c7770
 Prev Bits: [0x0000020250a00000, 0x0000020252200000)
 Next Bits: [0x000002024f200000, 0x0000020250a00000)

Polling page: 0x0000020236130000

Metaspace:

Usage:
  Non-class:     75.25 MB used.
      Class:     11.60 MB used.
       Both:     86.84 MB used.

Virtual space:
  Non-class space:       80.00 MB reserved,      75.62 MB ( 95%) committed,  10 nodes.
      Class space:        1.00 GB reserved,      11.94 MB (  1%) committed,  1 nodes.
              Both:        1.08 GB reserved,      87.56 MB (  8%) committed. 

Chunk freelists:
   Non-Class:  3.99 MB
       Class:  14.00 KB
        Both:  4.01 MB

MaxMetaspaceSize: 17179869184.00 GB
CompressedClassSpaceSize: 1.00 GB
 - commit_granule_bytes: 65536.
 - commit_granule_words: 8192.
 - virtual_space_node_default_size: 1048576.
 - enlarge_chunks_in_place: 1.
 - new_chunks_are_fully_committed: 0.
 - uncommit_free_chunks: 1.
 - use_allocation_guard: 0.
 - handle_deallocations: 1.


Internal statistics:

num_allocs_failed_limit: 6.
num_arena_births: 928.
num_arena_deaths: 0.
num_vsnodes_births: 11.
num_vsnodes_deaths: 0.
num_space_committed: 1401.
num_space_uncommitted: 0.
num_chunks_returned_to_freelist: 6.
num_chunks_taken_from_freelist: 4476.
num_chunk_merges: 6.
num_chunk_splits: 2896.
num_chunks_enlarged: 1891.
num_purges: 0.

CodeHeap 'non-profiled nmethods': size=120000Kb used=4949Kb max_used=5183Kb free=115051Kb
 bounds [0x00000202473d0000, 0x00000202478e0000, 0x000002024e900000]
CodeHeap 'profiled nmethods': size=120000Kb used=17582Kb max_used=17986Kb free=102417Kb
 bounds [0x000002023fea0000, 0x0000020241040000, 0x00000202473d0000]
CodeHeap 'non-nmethods': size=5760Kb used=2468Kb max_used=2518Kb free=3291Kb
 bounds [0x000002023f900000, 0x000002023fb90000, 0x000002023fea0000]
 total_blobs=9681 nmethods=8684 adapters=910
 compilation: enabled
              stopped_count=0, restarted_count=0
 full_count=0

Compilation events (20 events):
Event: 16.938 Thread 0x000002025469d190 10192       3       sun.security.x509.CertificateExtensions::get (47 bytes)
Event: 16.939 Thread 0x000002025469d190 nmethod 10192 0x0000020240897a10 code [0x0000020240897c60, 0x0000020240898468]
Event: 16.939 Thread 0x000002025469d190 10195       3       java.math.MutableBigInteger::divideKnuth (8 bytes)
Event: 16.939 Thread 0x000002025469d190 nmethod 10195 0x00000202405d9010 code [0x00000202405d91c0, 0x00000202405d9388]
Event: 16.939 Thread 0x000002025469d190 10193   !   3       java.security.MessageDigest$Delegate::of (84 bytes)
Event: 16.940 Thread 0x000002025469d190 nmethod 10193 0x0000020240f79890 code [0x0000020240f79b20, 0x0000020240f7a978]
Event: 16.940 Thread 0x000002025469d190 10194       3       sun.security.provider.DigestBase::<init> (27 bytes)
Event: 16.940 Thread 0x000002025469d190 nmethod 10194 0x0000020240583f90 code [0x0000020240584140, 0x0000020240584478]
Event: 16.956 Thread 0x000002025469d190 10197       3       sun.security.provider.ByteArrayAccess::l2bBig (210 bytes)
Event: 16.956 Thread 0x000002025469d190 nmethod 10197 0x0000020240897210 code [0x00000202408973e0, 0x0000020240897818]
Event: 16.956 Thread 0x000002025469d190 10198       3       sun.security.provider.SHA5::implDigest (146 bytes)
Event: 16.957 Thread 0x000002025469d190 nmethod 10198 0x000002024069b210 code [0x000002024069b460, 0x000002024069bb68]
Event: 16.959 Thread 0x000002025469d190 10199   !   3       sun.security.jca.GetInstance::getInstance (130 bytes)
Event: 16.960 Thread 0x000002025469d190 nmethod 10199 0x00000202406dd710 code [0x00000202406dda40, 0x00000202406debf8]
Event: 16.960 Thread 0x000002025469d190 10200   !   3       java.security.MessageDigest::getInstance (146 bytes)
Event: 16.961 Thread 0x000002025469d190 nmethod 10200 0x0000020240ac9b90 code [0x0000020240ac9e80, 0x0000020240acb1b8]
Event: 16.962 Thread 0x000002025469d190 10201       3       org.apache.http.util.ByteArrayBuffer::capacity (6 bytes)
Event: 16.962 Thread 0x000002025469d190 nmethod 10201 0x0000020240f79390 code [0x0000020240f79520, 0x0000020240f79638]
Event: 16.962 Thread 0x000002025469d190 10202       3       sun.security.util.ArrayUtil::nullAndBoundsCheck (12 bytes)
Event: 16.963 Thread 0x000002025469d190 nmethod 10202 0x0000020240896c90 code [0x0000020240896e40, 0x0000020240897048]

GC Heap History (20 events):
Event: 8.780 GC heap before
{Heap before GC invocations=26 (full 0):
 garbage-first heap   total 222208K, used 132125K [0x00000000a0000000, 0x0000000100000000)
  region size 1024K, 21 young (21504K), 6 survivors (6144K)
 Metaspace       used 57937K, committed 58560K, reserved 1105920K
  class space    used 7767K, committed 8064K, reserved 1048576K
}
Event: 8.786 GC heap after
{Heap after GC invocations=27 (full 0):
 garbage-first heap   total 222208K, used 119247K [0x00000000a0000000, 0x0000000100000000)
  region size 1024K, 6 young (6144K), 6 survivors (6144K)
 Metaspace       used 57937K, committed 58560K, reserved 1105920K
  class space    used 7767K, committed 8064K, reserved 1048576K
}
Event: 9.407 GC heap before
{Heap before GC invocations=28 (full 0):
 garbage-first heap   total 222208K, used 177615K [0x00000000a0000000, 0x0000000100000000)
  region size 1024K, 62 young (63488K), 6 survivors (6144K)
 Metaspace       used 60288K, committed 60864K, reserved 1105920K
  class space    used 8105K, committed 8384K, reserved 1048576K
}
Event: 9.414 GC heap after
{Heap after GC invocations=29 (full 0):
 garbage-first heap   total 222208K, used 123137K [0x00000000a0000000, 0x0000000100000000)
  region size 1024K, 6 young (6144K), 6 survivors (6144K)
 Metaspace       used 60288K, committed 60864K, reserved 1105920K
  class space    used 8105K, committed 8384K, reserved 1048576K
}
Event: 10.243 GC heap before
{Heap before GC invocations=29 (full 0):
 garbage-first heap   total 222208K, used 173313K [0x00000000a0000000, 0x0000000100000000)
  region size 1024K, 57 young (58368K), 6 survivors (6144K)
 Metaspace       used 66262K, committed 66880K, reserved 1114112K
  class space    used 9077K, committed 9344K, reserved 1048576K
}
Event: 10.251 GC heap after
{Heap after GC invocations=30 (full 0):
 garbage-first heap   total 222208K, used 127778K [0x00000000a0000000, 0x0000000100000000)
  region size 1024K, 8 young (8192K), 8 survivors (8192K)
 Metaspace       used 66262K, committed 66880K, reserved 1114112K
  class space    used 9077K, committed 9344K, reserved 1048576K
}
Event: 10.931 GC heap before
{Heap before GC invocations=31 (full 0):
 garbage-first heap   total 271360K, used 206626K [0x00000000a0000000, 0x0000000100000000)
  region size 1024K, 57 young (58368K), 8 survivors (8192K)
 Metaspace       used 69836K, committed 70528K, reserved 1114112K
  class space    used 9588K, committed 9920K, reserved 1048576K
}
Event: 10.942 GC heap after
{Heap after GC invocations=32 (full 0):
 garbage-first heap   total 271360K, used 165370K [0x00000000a0000000, 0x0000000100000000)
  region size 1024K, 8 young (8192K), 8 survivors (8192K)
 Metaspace       used 69836K, committed 70528K, reserved 1114112K
  class space    used 9588K, committed 9920K, reserved 1048576K
}
Event: 10.959 GC heap before
{Heap before GC invocations=32 (full 0):
 garbage-first heap   total 271360K, used 166394K [0x00000000a0000000, 0x0000000100000000)
  region size 1024K, 11 young (11264K), 8 survivors (8192K)
 Metaspace       used 70157K, committed 70848K, reserved 1114112K
  class space    used 9610K, committed 9920K, reserved 1048576K
}
Event: 10.965 GC heap after
{Heap after GC invocations=33 (full 0):
 garbage-first heap   total 271360K, used 166166K [0x00000000a0000000, 0x0000000100000000)
  region size 1024K, 1 young (1024K), 1 survivors (1024K)
 Metaspace       used 70157K, committed 70848K, reserved 1114112K
  class space    used 9610K, committed 9920K, reserved 1048576K
}
Event: 12.109 GC heap before
{Heap before GC invocations=34 (full 0):
 garbage-first heap   total 286720K, used 222486K [0x00000000a0000000, 0x0000000100000000)
  region size 1024K, 55 young (56320K), 1 survivors (1024K)
 Metaspace       used 78278K, committed 78976K, reserved 1122304K
  class space    used 10690K, committed 11008K, reserved 1048576K
}
Event: 12.115 GC heap after
{Heap after GC invocations=35 (full 0):
 garbage-first heap   total 286720K, used 168630K [0x00000000a0000000, 0x0000000100000000)
  region size 1024K, 4 young (4096K), 4 survivors (4096K)
 Metaspace       used 78278K, committed 78976K, reserved 1122304K
  class space    used 10690K, committed 11008K, reserved 1048576K
}
Event: 12.135 GC heap before
{Heap before GC invocations=35 (full 0):
 garbage-first heap   total 286720K, used 169654K [0x00000000a0000000, 0x0000000100000000)
  region size 1024K, 6 young (6144K), 4 survivors (4096K)
 Metaspace       used 78392K, committed 79040K, reserved 1122304K
  class space    used 10707K, committed 11008K, reserved 1048576K
}
Event: 12.141 GC heap after
{Heap after GC invocations=36 (full 0):
 garbage-first heap   total 286720K, used 168865K [0x00000000a0000000, 0x0000000100000000)
  region size 1024K, 4 young (4096K), 4 survivors (4096K)
 Metaspace       used 78392K, committed 79040K, reserved 1122304K
  class space    used 10707K, committed 11008K, reserved 1048576K
}
Event: 12.666 GC heap before
{Heap before GC invocations=37 (full 0):
 garbage-first heap   total 301056K, used 236449K [0x00000000a0000000, 0x0000000100000000)
  region size 1024K, 68 young (69632K), 4 survivors (4096K)
 Metaspace       used 78854K, committed 79488K, reserved 1122304K
  class space    used 10728K, committed 11008K, reserved 1048576K
}
Event: 12.672 GC heap after
{Heap after GC invocations=38 (full 0):
 garbage-first heap   total 301056K, used 173632K [0x00000000a0000000, 0x0000000100000000)
  region size 1024K, 7 young (7168K), 7 survivors (7168K)
 Metaspace       used 78854K, committed 79488K, reserved 1122304K
  class space    used 10728K, committed 11008K, reserved 1048576K
}
Event: 13.076 GC heap before
{Heap before GC invocations=38 (full 0):
 garbage-first heap   total 301056K, used 243264K [0x00000000a0000000, 0x0000000100000000)
  region size 1024K, 75 young (76800K), 7 survivors (7168K)
 Metaspace       used 78858K, committed 79488K, reserved 1122304K
  class space    used 10728K, committed 11008K, reserved 1048576K
}
Event: 13.084 GC heap after
{Heap after GC invocations=39 (full 0):
 garbage-first heap   total 301056K, used 174171K [0x00000000a0000000, 0x0000000100000000)
  region size 1024K, 4 young (4096K), 4 survivors (4096K)
 Metaspace       used 78858K, committed 79488K, reserved 1122304K
  class space    used 10728K, committed 11008K, reserved 1048576K
}
Event: 13.416 GC heap before
{Heap before GC invocations=40 (full 0):
 garbage-first heap   total 332800K, used 246875K [0x00000000a0000000, 0x0000000100000000)
  region size 1024K, 75 young (76800K), 4 survivors (4096K)
 Metaspace       used 78880K, committed 79552K, reserved 1122304K
  class space    used 10730K, committed 11072K, reserved 1048576K
}
Event: 13.419 GC heap after
{Heap after GC invocations=41 (full 0):
 garbage-first heap   total 332800K, used 174195K [0x00000000a0000000, 0x0000000100000000)
  region size 1024K, 4 young (4096K), 4 survivors (4096K)
 Metaspace       used 78880K, committed 79552K, reserved 1122304K
  class space    used 10730K, committed 11072K, reserved 1048576K
}

Deoptimization events (20 events):
Event: 16.644 Thread 0x0000020256e44430 Uncommon trap: trap_request=0xffffff45 fr.pc=0x0000020247628e7c relative=0x00000000000000dc
Event: 16.644 Thread 0x0000020259dd3570 Uncommon trap: trap_request=0xffffff45 fr.pc=0x0000020247628e7c relative=0x00000000000000dc
Event: 16.644 Thread 0x0000020256e44430 Uncommon trap: reason=unstable_if action=reinterpret pc=0x0000020247628e7c method=com.sun.org.apache.xerces.internal.dom.DeferredDocumentImpl.getRealPrevSibling(IZ)I @ 20 c2
Event: 16.644 Thread 0x0000020259dd3570 Uncommon trap: reason=unstable_if action=reinterpret pc=0x0000020247628e7c method=com.sun.org.apache.xerces.internal.dom.DeferredDocumentImpl.getRealPrevSibling(IZ)I @ 20 c2
Event: 16.644 Thread 0x0000020259dd3570 DEOPT PACKING pc=0x0000020247628e7c sp=0x00000093a67fcf40
Event: 16.644 Thread 0x0000020256e44430 DEOPT PACKING pc=0x0000020247628e7c sp=0x00000093a2ff6230
Event: 16.644 Thread 0x0000020259dd3570 DEOPT UNPACKING pc=0x000002023f94d728 sp=0x00000093a67fced0 mode 2
Event: 16.644 Thread 0x0000020256e44430 DEOPT UNPACKING pc=0x000002023f94d728 sp=0x00000093a2ff61c0 mode 2
Event: 16.833 Thread 0x0000020259dd7530 DEOPT PACKING pc=0x000002023ffd4d08 sp=0x00000093a64fbdd0
Event: 16.833 Thread 0x0000020259dd7530 DEOPT UNPACKING pc=0x000002023f94deaf sp=0x00000093a64fb288 mode 0
Event: 16.834 Thread 0x0000020259dd7530 DEOPT PACKING pc=0x000002023ffd4d08 sp=0x00000093a64fbdd0
Event: 16.834 Thread 0x0000020259dd7530 DEOPT UNPACKING pc=0x000002023f94deaf sp=0x00000093a64fb288 mode 0
Event: 16.843 Thread 0x0000020259dd7530 DEOPT PACKING pc=0x000002023ffd4d08 sp=0x00000093a64fbb70
Event: 16.843 Thread 0x0000020259dd7530 DEOPT UNPACKING pc=0x000002023f94deaf sp=0x00000093a64fb028 mode 0
Event: 16.939 Thread 0x0000020259dd7530 DEOPT PACKING pc=0x00000202404263ff sp=0x00000093a64fae80
Event: 16.939 Thread 0x0000020259dd7530 DEOPT UNPACKING pc=0x000002023f94deaf sp=0x00000093a64fa300 mode 0
Event: 16.941 Thread 0x0000020259dd7530 Uncommon trap: trap_request=0xffffffc6 fr.pc=0x000002024759bbb0 relative=0x0000000000000850
Event: 16.941 Thread 0x0000020259dd7530 Uncommon trap: reason=bimorphic_or_optimized_type_check action=maybe_recompile pc=0x000002024759bbb0 method=java.util.Hashtable.get(Ljava/lang/Object;)Ljava/lang/Object; @ 6 c2
Event: 16.941 Thread 0x0000020259dd7530 DEOPT PACKING pc=0x000002024759bbb0 sp=0x00000093a64fb7c0
Event: 16.941 Thread 0x0000020259dd7530 DEOPT UNPACKING pc=0x000002023f94d728 sp=0x00000093a64fb770 mode 2

Classes unloaded (0 events):
No events

Classes redefined (0 events):
No events

Internal exceptions (20 events):
Event: 11.664 Thread 0x0000020256e44430 Exception <a 'sun/nio/fs/WindowsException'{0x00000000af6df6a8}> (0x00000000af6df6a8) 
thrown [t:\workspace\open\src\hotspot\share\prims\jni.cpp, line 579]
Event: 11.664 Thread 0x0000020256e44430 Exception <a 'sun/nio/fs/WindowsException'{0x00000000af6e0a70}> (0x00000000af6e0a70) 
thrown [t:\workspace\open\src\hotspot\share\prims\jni.cpp, line 579]
Event: 11.909 Thread 0x0000020256e44430 Exception <a 'java/lang/NoSuchMethodError'{0x00000000aea4be70}: 'java.lang.Object java.lang.invoke.DirectMethodHandle$Holder.newInvokeSpecial(java.lang.Object, java.lang.Object, java.lang.Object, java.lang.Object, int, java.lang.Object)'> (0x00000000aea4be70) 
thrown [t:\workspace\open\src\hotspot\share\interpreter\linkResolver.cpp, line 790]
Event: 11.909 Thread 0x0000020256e44430 Exception <a 'java/lang/NoSuchMethodError'{0x00000000aea51028}: 'java.lang.Object java.lang.invoke.Invokers$Holder.linkToTargetMethod(java.lang.Object, java.lang.Object, java.lang.Object, int, java.lang.Object, java.lang.Object)'> (0x00000000aea51028) 
thrown [t:\workspace\open\src\hotspot\share\interpreter\linkResolver.cpp, line 790]
Event: 11.930 Thread 0x0000020256e44430 Exception <a 'java/lang/IncompatibleClassChangeError'{0x00000000ae940dc0}: Found class java.lang.Object, but interface was expected> (0x00000000ae940dc0) 
thrown [t:\workspace\open\src\hotspot\share\interpreter\linkResolver.cpp, line 857]
Event: 11.958 Thread 0x0000020256e44430 Exception <a 'java/lang/IncompatibleClassChangeError'{0x00000000ae888390}: Found class java.lang.Object, but interface was expected> (0x00000000ae888390) 
thrown [t:\workspace\open\src\hotspot\share\interpreter\linkResolver.cpp, line 857]
Event: 11.983 Thread 0x0000020256e44430 Exception <a 'java/lang/NoSuchMethodError'{0x00000000ae7c4a20}: 'int java.lang.invoke.DirectMethodHandle$Holder.invokeStaticInit(java.lang.Object, java.lang.Object, java.lang.Object, java.lang.Object, java.lang.Object)'> (0x00000000ae7c4a20) 
thrown [t:\workspace\open\src\hotspot\share\interpreter\linkResolver.cpp, line 790]
Event: 12.015 Thread 0x0000020256e44430 Exception <a 'java/lang/NoSuchMethodError'{0x00000000ae500428}: 'int java.lang.invoke.DirectMethodHandle$Holder.invokeSpecialIFC(java.lang.Object, java.lang.Object, java.lang.Object)'> (0x00000000ae500428) 
thrown [t:\workspace\open\src\hotspot\share\interpreter\linkResolver.cpp, line 790]
Event: 12.064 Thread 0x0000020256e44430 Exception <a 'java/lang/NoSuchMethodError'{0x00000000ae2520e0}: 'void java.lang.invoke.DirectMethodHandle$Holder.invokeSpecial(java.lang.Object, java.lang.Object, java.lang.Object, java.lang.Object, int, java.lang.Object, java.lang.Object)'> (0x00000000ae2520e0) 
thrown [t:\workspace\open\src\hotspot\share\interpreter\linkResolver.cpp, line 790]
Event: 12.107 Thread 0x0000020256e44430 Exception <a 'java/lang/NoSuchMethodError'{0x00000000ae1ee2c8}: 'void java.lang.invoke.DirectMethodHandle$Holder.invokeVirtual(java.lang.Object, java.lang.Object)'> (0x00000000ae1ee2c8) 
thrown [t:\workspace\open\src\hotspot\share\interpreter\linkResolver.cpp, line 790]
Event: 14.324 Thread 0x0000020256e44430 Implicit null exception at 0x00000202474fc072 to 0x00000202474fc6b4
Event: 14.397 Thread 0x00000202561d3e30 Exception <a 'java/lang/NoSuchMethodError'{0x00000000b2d33a30}: static Lorg/gradle/internal/build/event/types/DefaultOperationStartedProgressEvent;.<clinit>()V> (0x00000000b2d33a30) 
thrown [t:\workspace\open\src\hotspot\share\prims\jni.cpp, line 1210]
Event: 14.398 Thread 0x00000202561d3e30 Exception <a 'java/lang/NoSuchMethodError'{0x00000000b2d688c0}: static Lorg/gradle/internal/build/event/types/DefaultFileDownloadDescriptor;.<clinit>()V> (0x00000000b2d688c0) 
thrown [t:\workspace\open\src\hotspot\share\prims\jni.cpp, line 1210]
Event: 14.399 Thread 0x00000202561d3e30 Exception <a 'java/lang/NoSuchMethodError'{0x00000000b2d6b410}: static Lorg/gradle/internal/build/event/types/DefaultOperationDescriptor;.<clinit>()V> (0x00000000b2d6b410) 
thrown [t:\workspace\open\src\hotspot\share\prims\jni.cpp, line 1210]
Event: 14.431 Thread 0x0000020257ae8500 Exception <a 'sun/nio/fs/WindowsException'{0x00000000b2da5978}> (0x00000000b2da5978) 
thrown [t:\workspace\open\src\hotspot\share\prims\jni.cpp, line 579]
Event: 16.547 Thread 0x00000202561d3e30 Exception <a 'java/lang/NoSuchMethodError'{0x00000000b16f0e30}: static Lorg/gradle/internal/build/event/types/DefaultStatusEvent;.<clinit>()V> (0x00000000b16f0e30) 
thrown [t:\workspace\open\src\hotspot\share\prims\jni.cpp, line 1210]
Event: 16.550 Thread 0x00000202561d3e30 Exception <a 'java/lang/NoSuchMethodError'{0x00000000b15123d8}: static Lorg/gradle/internal/build/event/types/DefaultOperationFinishedProgressEvent;.<clinit>()V> (0x00000000b15123d8) 
thrown [t:\workspace\open\src\hotspot\share\prims\jni.cpp, line 1210]
Event: 16.552 Thread 0x00000202561d3e30 Exception <a 'java/lang/NoSuchMethodError'{0x00000000b152c4d8}: static Lorg/gradle/internal/build/event/types/DefaultFileDownloadSuccessResult;.<clinit>()V> (0x00000000b152c4d8) 
thrown [t:\workspace\open\src\hotspot\share\prims\jni.cpp, line 1210]
Event: 16.552 Thread 0x00000202561d3e30 Exception <a 'java/lang/NoSuchMethodError'{0x00000000b152d630}: static Lorg/gradle/internal/build/event/types/DefaultSuccessResult;.<clinit>()V> (0x00000000b152d630) 
thrown [t:\workspace\open\src\hotspot\share\prims\jni.cpp, line 1210]
Event: 16.552 Thread 0x00000202561d3e30 Exception <a 'java/lang/NoSuchMethodError'{0x00000000b152e5a8}: static Lorg/gradle/internal/build/event/types/AbstractOperationResult;.<clinit>()V> (0x00000000b152e5a8) 
thrown [t:\workspace\open\src\hotspot\share\prims\jni.cpp, line 1210]

Events (20 events):
Event: 16.642 loading class org/w3c/dom/CharacterData
Event: 16.642 loading class org/w3c/dom/CharacterData done
Event: 16.642 loading class org/w3c/dom/Text
Event: 16.642 loading class org/w3c/dom/Text done
Event: 16.643 loading class com/sun/org/apache/xerces/internal/dom/CharacterDataImpl
Event: 16.643 loading class com/sun/org/apache/xerces/internal/dom/CharacterDataImpl done
Event: 16.643 loading class com/sun/org/apache/xerces/internal/dom/TextImpl done
Event: 16.643 loading class com/sun/org/apache/xerces/internal/dom/DeferredTextImpl done
Event: 16.643 loading class com/sun/org/apache/xerces/internal/dom/CharacterDataImpl$1
Event: 16.643 loading class com/sun/org/apache/xerces/internal/dom/CharacterDataImpl$1 done
Event: 16.643 loading class com/sun/org/apache/xerces/internal/dom/DeferredCommentImpl
Event: 16.643 loading class com/sun/org/apache/xerces/internal/dom/CommentImpl
Event: 16.643 loading class org/w3c/dom/Comment
Event: 16.643 loading class org/w3c/dom/Comment done
Event: 16.643 loading class com/sun/org/apache/xerces/internal/dom/CommentImpl done
Event: 16.643 loading class com/sun/org/apache/xerces/internal/dom/DeferredCommentImpl done
Event: 16.859 Executing  VM operation: ICBufferFull
Event: 16.869 Executing  VM operation: ICBufferFull done
Event: 16.941 loading class sun/security/rsa/MGF1
Event: 16.945 loading class sun/security/rsa/MGF1 done


Dynamic libraries:
0x00007ff6c4810000 - 0x00007ff6c481e000 	C:\Users\User\.jdks\openjdk-16.0.1\bin\java.exe
0x00007fffd2730000 - 0x00007fffd2928000 	C:\WINDOWS\SYSTEM32\ntdll.dll
0x00007fffd2630000 - 0x00007fffd26ef000 	C:\WINDOWS\System32\KERNEL32.DLL
0x00007fffd00f0000 - 0x00007fffd03e6000 	C:\WINDOWS\System32\KERNELBASE.dll
0x00007fffd05b0000 - 0x00007fffd06b0000 	C:\WINDOWS\System32\ucrtbase.dll
0x00007fffc8850000 - 0x00007fffc8868000 	C:\Users\User\.jdks\openjdk-16.0.1\bin\jli.dll
0x00007fffbc080000 - 0x00007fffbc099000 	C:\Users\User\.jdks\openjdk-16.0.1\bin\VCRUNTIME140.dll
0x00007fffd12e0000 - 0x00007fffd147d000 	C:\WINDOWS\System32\USER32.dll
0x00007fffd0760000 - 0x00007fffd0782000 	C:\WINDOWS\System32\win32u.dll
0x00007fffd15f0000 - 0x00007fffd161c000 	C:\WINDOWS\System32\GDI32.dll
0x00007fffc3fa0000 - 0x00007fffc423a000 	C:\WINDOWS\WinSxS\amd64_microsoft.windows.common-controls_6595b64144ccf1df_6.0.19041.1110_none_60b5254171f9507e\COMCTL32.dll
0x00007fffd0420000 - 0x00007fffd0535000 	C:\WINDOWS\System32\gdi32full.dll
0x00007fffd1990000 - 0x00007fffd1a2e000 	C:\WINDOWS\System32\msvcrt.dll
0x00007fffcfe10000 - 0x00007fffcfead000 	C:\WINDOWS\System32\msvcp_win.dll
0x00007fffd15b0000 - 0x00007fffd15e0000 	C:\WINDOWS\System32\IMM32.DLL
0x00007fffcb9c0000 - 0x00007fffcb9cc000 	C:\Users\User\.jdks\openjdk-16.0.1\bin\vcruntime140_1.dll
0x00007fffb0360000 - 0x00007fffb03f1000 	C:\Users\User\.jdks\openjdk-16.0.1\bin\msvcp140.dll
0x00007fff9eb60000 - 0x00007fff9f70b000 	C:\Users\User\.jdks\openjdk-16.0.1\bin\server\jvm.dll
0x00007fffd10f0000 - 0x00007fffd119f000 	C:\WINDOWS\System32\ADVAPI32.dll
0x00007fffd1ec0000 - 0x00007fffd1f5c000 	C:\WINDOWS\System32\sechost.dll
0x00007fffd1480000 - 0x00007fffd15a6000 	C:\WINDOWS\System32\RPCRT4.dll
0x00007fffd2620000 - 0x00007fffd2628000 	C:\WINDOWS\System32\PSAPI.DLL
0x00007fffbbc50000 - 0x00007fffbbc59000 	C:\WINDOWS\SYSTEM32\WSOCK32.dll
0x00007fffc5670000 - 0x00007fffc5697000 	C:\WINDOWS\SYSTEM32\WINMM.dll
0x00007fffd0930000 - 0x00007fffd099b000 	C:\WINDOWS\System32\WS2_32.dll
0x00007fffcaf90000 - 0x00007fffcaf9a000 	C:\WINDOWS\SYSTEM32\VERSION.dll
0x00007fffcdcf0000 - 0x00007fffcdd02000 	C:\WINDOWS\SYSTEM32\kernel.appcore.dll
0x00007fffc7230000 - 0x00007fffc723a000 	C:\Users\User\.jdks\openjdk-16.0.1\bin\jimage.dll
0x00007fffbb370000 - 0x00007fffbb554000 	C:\WINDOWS\SYSTEM32\DBGHELP.DLL
0x00007fffbbad0000 - 0x00007fffbbb04000 	C:\WINDOWS\SYSTEM32\dbgcore.DLL
0x00007fffcfeb0000 - 0x00007fffcff32000 	C:\WINDOWS\System32\bcryptPrimitives.dll
0x00007fffbc050000 - 0x00007fffbc075000 	C:\Users\User\.jdks\openjdk-16.0.1\bin\java.dll
0x00007fffd09a0000 - 0x00007fffd10e4000 	C:\WINDOWS\System32\SHELL32.dll
0x00007fffcdef0000 - 0x00007fffce683000 	C:\WINDOWS\SYSTEM32\windows.storage.dll
0x00007fffd1b00000 - 0x00007fffd1e54000 	C:\WINDOWS\System32\combase.dll
0x00007fffcf790000 - 0x00007fffcf7be000 	C:\WINDOWS\SYSTEM32\Wldp.dll
0x00007fffd1620000 - 0x00007fffd16cd000 	C:\WINDOWS\System32\SHCORE.dll
0x00007fffd1e60000 - 0x00007fffd1eb5000 	C:\WINDOWS\System32\shlwapi.dll
0x00007fffcfd50000 - 0x00007fffcfd6f000 	C:\WINDOWS\SYSTEM32\profapi.dll
0x00007fffbc030000 - 0x00007fffbc049000 	C:\Users\User\.jdks\openjdk-16.0.1\bin\net.dll
0x00007fffc9600000 - 0x00007fffc970a000 	C:\WINDOWS\SYSTEM32\WINHTTP.dll
0x00007fffcf4f0000 - 0x00007fffcf55a000 	C:\WINDOWS\system32\mswsock.dll
0x00007fffb69f0000 - 0x00007fffb6a03000 	C:\Users\User\.jdks\openjdk-16.0.1\bin\nio.dll
0x00007fffb69d0000 - 0x00007fffb69e8000 	C:\Users\User\.jdks\openjdk-16.0.1\bin\zip.dll
0x00007fffc70e0000 - 0x00007fffc70f0000 	C:\Users\User\.jdks\openjdk-16.0.1\bin\verify.dll
0x00007fffb1ff0000 - 0x00007fffb2017000 	C:\Users\User\.gradle\native\68d5fa5c4cc2d200863cafc0d521ce42e7d3e7ee720ec0a83991735586a16f82\windows-amd64\native-platform.dll
0x00007fffa6530000 - 0x00007fffa6674000 	C:\Users\User\.gradle\native\e376f236ea51e6404a007f0833ffe2c6e607c4080706a723a18a27aeea778392\windows-amd64\native-platform-file-events.dll
0x00007fffc5df0000 - 0x00007fffc5df9000 	C:\Users\User\.jdks\openjdk-16.0.1\bin\management.dll
0x00007fffbc020000 - 0x00007fffbc02b000 	C:\Users\User\.jdks\openjdk-16.0.1\bin\management_ext.dll
0x00007fffcf6e0000 - 0x00007fffcf6f8000 	C:\WINDOWS\SYSTEM32\CRYPTSP.dll
0x00007fffcee10000 - 0x00007fffcee44000 	C:\WINDOWS\system32\rsaenh.dll
0x00007fffd03f0000 - 0x00007fffd0417000 	C:\WINDOWS\System32\bcrypt.dll
0x00007fffcfd10000 - 0x00007fffcfd3e000 	C:\WINDOWS\SYSTEM32\USERENV.dll
0x00007fffcf700000 - 0x00007fffcf70c000 	C:\WINDOWS\SYSTEM32\CRYPTBASE.dll
0x00007fffcf1e0000 - 0x00007fffcf21c000 	C:\WINDOWS\SYSTEM32\IPHLPAPI.DLL
0x00007fffd1f60000 - 0x00007fffd1f68000 	C:\WINDOWS\System32\NSI.dll
0x00007fffc9e40000 - 0x00007fffc9e57000 	C:\WINDOWS\SYSTEM32\dhcpcsvc6.DLL
0x00007fffc9e20000 - 0x00007fffc9e3d000 	C:\WINDOWS\SYSTEM32\dhcpcsvc.DLL
0x00007fffcf220000 - 0x00007fffcf2eb000 	C:\WINDOWS\SYSTEM32\DNSAPI.dll
0x00007fffb7880000 - 0x00007fffb788e000 	C:\Users\User\.jdks\openjdk-16.0.1\bin\sunmscapi.dll
0x00007fffcff40000 - 0x00007fffd009e000 	C:\WINDOWS\System32\CRYPT32.dll
0x00007fffcf800000 - 0x00007fffcf828000 	C:\WINDOWS\SYSTEM32\ncrypt.dll
0x00007fffcf7c0000 - 0x00007fffcf7fb000 	C:\WINDOWS\SYSTEM32\NTASN1.dll
0x00007fffc8640000 - 0x00007fffc8647000 	C:\WINDOWS\system32\wshunix.dll
0x00007fffc8fa0000 - 0x00007fffc8faa000 	C:\Windows\System32\rasadhlp.dll
0x00007fffc8fe0000 - 0x00007fffc9062000 	C:\WINDOWS\System32\fwpuclnt.dll

dbghelp: loaded successfully - version: 4.0.5 - missing functions: none
symbol engine: initialized successfully - sym options: 0x614 - pdb path: .;C:\Users\User\.jdks\openjdk-16.0.1\bin;C:\WINDOWS\SYSTEM32;C:\WINDOWS\WinSxS\amd64_microsoft.windows.common-controls_6595b64144ccf1df_6.0.19041.1110_none_60b5254171f9507e;C:\Users\User\.jdks\openjdk-16.0.1\bin\server;C:\Users\User\.gradle\native\68d5fa5c4cc2d200863cafc0d521ce42e7d3e7ee720ec0a83991735586a16f82\windows-amd64;C:\Users\User\.gradle\native\e376f236ea51e6404a007f0833ffe2c6e607c4080706a723a18a27aeea778392\windows-amd64

VM Arguments:
jvm_args: --add-opens=java.base/java.util=ALL-UNNAMED --add-opens=java.base/java.lang=ALL-UNNAMED --add-opens=java.base/java.lang.invoke=ALL-UNNAMED --add-opens=java.prefs/java.util.prefs=ALL-UNNAMED --add-opens=java.base/java.nio.charset=ALL-UNNAMED --add-opens=java.base/java.net=ALL-UNNAMED --add-opens=java.base/java.util.concurrent.atomic=ALL-UNNAMED -Xmx1536m -Dfile.encoding=windows-1251 -Duser.country=RU -Duser.language=ru -Duser.variant 
java_command: org.gradle.launcher.daemon.bootstrap.GradleDaemon 8.0
java_class_path (initial): C:\Users\User\.gradle\wrapper\dists\gradle-8.0-bin\ca5e32bp14vu59qr306oxotwh\gradle-8.0\lib\gradle-launcher-8.0.jar
Launcher Type: SUN_STANDARD

[Global flags]
     intx CICompilerCount                          = 3                                         {product} {ergonomic}
     uint ConcGCThreads                            = 1                                         {product} {ergonomic}
     uint G1ConcRefinementThreads                  = 4                                         {product} {ergonomic}
   size_t G1HeapRegionSize                         = 1048576                                   {product} {ergonomic}
    uintx GCDrainStackTargetSize                   = 64                                        {product} {ergonomic}
   size_t InitialHeapSize                          = 132120576                                 {product} {ergonomic}
   size_t MarkStackSize                            = 4194304                                   {product} {ergonomic}
   size_t MaxHeapSize                              = 1610612736                                {product} {command line}
   size_t MaxNewSize                               = 965738496                                 {product} {ergonomic}
   size_t MinHeapDeltaBytes                        = 1048576                                   {product} {ergonomic}
   size_t MinHeapSize                              = 8388608                                   {product} {ergonomic}
    uintx NonNMethodCodeHeapSize                   = 5832780                                {pd product} {ergonomic}
    uintx NonProfiledCodeHeapSize                  = 122912730                              {pd product} {ergonomic}
    uintx ProfiledCodeHeapSize                     = 122912730                              {pd product} {ergonomic}
    uintx ReservedCodeCacheSize                    = 251658240                              {pd product} {ergonomic}
     bool SegmentedCodeCache                       = true                                      {product} {ergonomic}
   size_t SoftMaxHeapSize                          = 1610612736                             {manageable} {ergonomic}
     bool UseCompressedClassPointers               = true                           {product lp64_product} {ergonomic}
     bool UseCompressedOops                        = true                           {product lp64_product} {ergonomic}
     bool UseG1GC                                  = true                                      {product} {ergonomic}
     bool UseLargePagesIndividualAllocation        = false                                  {pd product} {ergonomic}

Logging:
Log output configuration:
 #0: stdout all=warning uptime,level,tags
 #1: stderr all=off uptime,level,tags

Environment Variables:
PATH=C:\Program Files (x86)\Common Files\Intel\Shared Libraries\redist\intel64_win\compiler;C:\Program Files\Python38\Scripts\;C:\Program Files\Python38\;C:\Program Files (x86)\Windows Kits\10\bin\10.0.19041.0\x64;C:\ProgramData\Oracle\Java\javapath;C:\WINDOWS\system32;C:\WINDOWS;C:\WINDOWS\System32\Wbem;C:\WINDOWS\System32\WindowsPowerShell\v1.0\;C:\WINDOWS\System32\OpenSSH\;D:\OpenCV\build\x64\vc14\bin;D:\Embarcadero\Studio\19.0\bin;C:\Users\Public\Documents\Embarcadero\Studio\19.0\Bpl;c:\Program Files\Microsoft Visual Studio\2022\Community\VC\Tools\MSVC\14.33.31629\bin\Hostx64\x64\;c:\Users\User\AppData\Local\Programs\Python\Python310\;c:\Users\User\AppData\Local\Programs\Python\Python310\Scripts\;C:\Users\User\AppData\Local\Programs\Python\Python310\python.exe;C:\Program Files\Git\cmd;C:\Program Files\WireGuard\;C:\Program Files\nodejs\;C:\Users\User\AppData\Local\Programs\Python\Python38\Scripts\;C:\Users\User\AppData\Local\Programs\Python\Python38\;C:\Users\User\AppData\Local\Programs\Python\Python310\Scripts\;C:\Users\User\AppData\Local\Programs\Python\Python310\;C:\Users\User\AppData\Local\Microsoft\WindowsApps;"c:\Windows;c:\Windows\system32";C:\Program Files\JetBrains\PyCharm Community Edition 2022.2.1\bin;;C:\Program Files\JetBrains\IntelliJ IDEA Community Edition 2022.1\bin;;C:\Users\User\AppData\Local\Programs\Python\Python310\python.exe;C:\Users\User\AppData\Roaming\npm;C:\Users\User\AppData\Local\Programs\Microsoft VS Code\bin
USERNAME=User
OS=Windows_NT
PROCESSOR_IDENTIFIER=Intel64 Family 6 Model 158 Stepping 10, GenuineIntel



---------------  S Y S T E M  ---------------

OS:
 Windows 10 , 64 bit Build 19041 (10.0.19041.2913)
OS uptime: 4 days 4:22 hours

CPU: total 4 (initial active 4) (2 cores per cpu, 2 threads per core) family 6 model 158 stepping 10 microcode 0xb4, cx8, cmov, fxsr, ht, mmx, 3dnowpref, sse, sse2, sse3, ssse3, sse4.1, sse4.2, popcnt, lzcnt, tsc, tscinvbit, aes, erms, clmul, clflush, clflushopt

Memory: 4k page, system-wide physical 8063M (1167M free)
TotalPageFile size 8063M (AvailPageFile size 5M)
current process WorkingSet (physical memory assigned to process): 561M, peak: 578M
current process commit charge ("private bytes"): 602M, peak: 619M

vm_info: OpenJDK 64-Bit Server VM (16.0.1+9-24) for windows-amd64 JRE (16.0.1+9-24), built on Mar 26 2021 19:30:07 by "mach5one" with MS VC++ 16.7 (VS2019)

END.
