#
# There is insufficient memory for the Java Runtime Environment to continue.
# Native memory allocation (malloc) failed to allocate 1950096 bytes for Chunk::new
# Possible reasons:
#   The system is out of physical RAM or swap space
#   The process is running with CompressedOops enabled, and the Java Heap may be blocking the growth of the native heap
# Possible solutions:
#   Reduce memory load on the system
#   Increase physical memory or swap space
#   Check if swap backing store is full
#   Decrease Java heap size (-Xmx/-Xms)
#   Decrease number of Java threads
#   Decrease Java thread stack sizes (-Xss)
#   Set larger code cache with -XX:ReservedCodeCacheSize=
#   JVM is running with Unscaled Compressed Oops mode in which the Java heap is
#     placed in the first 4GB address space. The Java Heap base address is the
#     maximum limit for the native heap growth. Please use -XX:HeapBaseMinAddress
#     to set the Java Heap base and to place the Java Heap above 4GB virtual address.
# This output file may be truncated or incomplete.
#
#  Out of Memory Error (arena.cpp:184), pid=2792, tid=5272
#
# JRE version: OpenJDK Runtime Environment (20.0.1+9) (build 20.0.1+9-29)
# Java VM: OpenJDK 64-Bit Server VM (20.0.1+9-29, mixed mode, sharing, tiered, compressed oops, compressed class ptrs, g1 gc, windows-amd64)
# No core dump will be written. Minidumps are not enabled by default on client versions of Windows
#

---------------  S U M M A R Y ------------

Command Line: --add-opens=java.base/java.util=ALL-UNNAMED --add-opens=java.base/java.lang=ALL-UNNAMED --add-opens=java.base/java.lang.invoke=ALL-UNNAMED --add-opens=java.base/java.util=ALL-UNNAMED --add-opens=java.prefs/java.util.prefs=ALL-UNNAMED --add-opens=java.prefs/java.util.prefs=ALL-UNNAMED --add-opens=java.base/java.nio.charset=ALL-UNNAMED --add-opens=java.base/java.net=ALL-UNNAMED --add-opens=java.base/java.util.concurrent.atomic=ALL-UNNAMED -Xmx1536m -Dfile.encoding=windows-1251 -Duser.country=RU -Duser.language=ru -Duser.variant org.gradle.launcher.daemon.bootstrap.GradleDaemon 7.3.3

Host: Intel(R) Pentium(R) Gold G5420 CPU @ 3.80GHz, 4 cores, 7G,  Windows 10 , 64 bit Build 19041 (10.0.19041.2913)
Time: Mon Jun 12 12:14:45 2023 RTZ 2 (s 10 , 64 bit Build 19041 (10.0.19041.2913) elapsed time: 28.373173 seconds (0d 0h 0m 28s)

---------------  T H R E A D  ---------------

Current thread (0x00000230dbc09590):  JavaThread "C2 CompilerThread0" daemon [_thread_in_native, id=5272, stack(0x00000060c7600000,0x00000060c7700000)]


Current CompileTask:
C2:  28373 18069 %     4       com.android.tools.r8.internal.Pl::a @ 1582 (3110 bytes)

Stack: [0x00000060c7600000,0x00000060c7700000]
Native frames: (J=compiled Java code, j=interpreted, Vv=VM code, C=native code)
V  [jvm.dll+0x6bb95a]
V  [jvm.dll+0x8485fa]
V  [jvm.dll+0x84a1f5]
V  [jvm.dll+0x84a8f3]
V  [jvm.dll+0x280b0f]
V  [jvm.dll+0xc2b11]
V  [jvm.dll+0xc2e35]
V  [jvm.dll+0x3bb142]
V  [jvm.dll+0x3857f5]
V  [jvm.dll+0x384c6a]
V  [jvm.dll+0x24b259]
V  [jvm.dll+0x24a651]
V  [jvm.dll+0x1ce491]
V  [jvm.dll+0x259e1b]
V  [jvm.dll+0x2584f0]
V  [jvm.dll+0x3f2895]
V  [jvm.dll+0x7f4b56]
V  [jvm.dll+0x6ba5cb]
C  [ucrtbase.dll+0x21bb2]
C  [KERNEL32.DLL+0x17614]
C  [ntdll.dll+0x526a1]


---------------  P R O C E S S  ---------------

Threads class SMR info:
_java_thread_list=0x00000230e5bb2bc0, length=87, elements={
0x00000230c055cef0, 0x00000230dbbf5960, 0x00000230dbbf6440, 0x00000230dbbfa1c0,
0x00000230dbbfaca0, 0x00000230dbbfb5e0, 0x00000230dbbfc260, 0x00000230dbc09590,
0x00000230dbc0a0b0, 0x00000230e0113a70, 0x00000230e01193f0, 0x00000230e03184e0,
0x00000230e10d5440, 0x00000230e0d67ee0, 0x00000230e1bef4d0, 0x00000230e18cffa0,
0x00000230e19b16d0, 0x00000230e19b2c10, 0x00000230e19b2170, 0x00000230e19b26c0,
0x00000230e19b06e0, 0x00000230e19b0c30, 0x00000230e19b36b0, 0x00000230e19b1c20,
0x00000230e19b3160, 0x00000230e19b1180, 0x00000230e19b3c00, 0x00000230e227bd30,
0x00000230e2280790, 0x00000230e227d7c0, 0x00000230e2278d60, 0x00000230e227c280,
0x00000230e227fcf0, 0x00000230e227e260, 0x00000230e227c7d0, 0x00000230e227cd20,
0x00000230e227f250, 0x00000230e227f7a0, 0x00000230e227b7e0, 0x00000230e09feac0,
0x00000230e09ff010, 0x00000230e09fd580, 0x00000230e09fdad0, 0x00000230e09ffab0,
0x00000230e09fd030, 0x00000230e09ff560, 0x00000230e09fe570, 0x00000230e0a00000,
0x00000230e09fe020, 0x00000230e2581b00, 0x00000230e2581060, 0x00000230e257eb30,
0x00000230e257b0c0, 0x00000230e257b610, 0x00000230e257d0a0, 0x00000230e257c600,
0x00000230e257e5e0, 0x00000230e257f080, 0x00000230e25815b0, 0x00000230e2580b10,
0x00000230e257bb60, 0x00000230e2580070, 0x00000230e257c0b0, 0x00000230e257cb50,
0x00000230e257f5d0, 0x00000230e257d5f0, 0x00000230e257db40, 0x00000230e257e090,
0x00000230e257fb20, 0x00000230e25805c0, 0x00000230e2582050, 0x00000230e25825a0,
0x00000230e2582af0, 0x00000230e0c7a2a0, 0x00000230e0c79800, 0x00000230e0c7d7c0,
0x00000230e0c78d60, 0x00000230e0c7dd10, 0x00000230e0c782c0, 0x00000230e0c78810,
0x00000230e0c79d50, 0x00000230e0c7bd30, 0x00000230e0c77d70, 0x00000230e0c7ad40,
0x00000230e0c7a7f0, 0x00000230e3251540, 0x00000230e324ab00
}

Java Threads: ( => current thread )
  0x00000230c055cef0 JavaThread "main" [_thread_blocked, id=8012, stack(0x00000060c6900000,0x00000060c6a00000)]
  0x00000230dbbf5960 JavaThread "Reference Handler" daemon [_thread_blocked, id=9704, stack(0x00000060c7000000,0x00000060c7100000)]
  0x00000230dbbf6440 JavaThread "Finalizer" daemon [_thread_blocked, id=3972, stack(0x00000060c7100000,0x00000060c7200000)]
  0x00000230dbbfa1c0 JavaThread "Signal Dispatcher" daemon [_thread_blocked, id=2964, stack(0x00000060c7200000,0x00000060c7300000)]
  0x00000230dbbfaca0 JavaThread "Attach Listener" daemon [_thread_blocked, id=7916, stack(0x00000060c7300000,0x00000060c7400000)]
  0x00000230dbbfb5e0 JavaThread "Service Thread" daemon [_thread_blocked, id=6868, stack(0x00000060c7400000,0x00000060c7500000)]
  0x00000230dbbfc260 JavaThread "Monitor Deflation Thread" daemon [_thread_blocked, id=1584, stack(0x00000060c7500000,0x00000060c7600000)]
=>0x00000230dbc09590 JavaThread "C2 CompilerThread0" daemon [_thread_in_native, id=5272, stack(0x00000060c7600000,0x00000060c7700000)]
  0x00000230dbc0a0b0 JavaThread "C1 CompilerThread0" daemon [_thread_blocked, id=1088, stack(0x00000060c7700000,0x00000060c7800000)]
  0x00000230e0113a70 JavaThread "Common-Cleaner" daemon [_thread_blocked, id=4868, stack(0x00000060c7800000,0x00000060c7900000)]
  0x00000230e01193f0 JavaThread "Notification Thread" daemon [_thread_blocked, id=1588, stack(0x00000060c7900000,0x00000060c7a00000)]
  0x00000230e03184e0 JavaThread "C2 CompilerThread1" daemon [_thread_in_native, id=7184, stack(0x00000060c7b00000,0x00000060c7c00000)]
  0x00000230e10d5440 JavaThread "Daemon health stats" [_thread_blocked, id=8832, stack(0x00000060c7f00000,0x00000060c8000000)]
  0x00000230e0d67ee0 JavaThread "Incoming local TCP Connector on port 55819" [_thread_in_native, id=1292, stack(0x00000060c8000000,0x00000060c8100000)]
  0x00000230e1bef4d0 JavaThread "Daemon periodic checks" [_thread_blocked, id=784, stack(0x00000060c8100000,0x00000060c8200000)]
  0x00000230e18cffa0 JavaThread "Daemon" [_thread_blocked, id=1340, stack(0x00000060c8200000,0x00000060c8300000)]
  0x00000230e19b16d0 JavaThread "Handler for socket connection from /127.0.0.1:55819 to /127.0.0.1:55820" [_thread_in_native, id=3820, stack(0x00000060c8300000,0x00000060c8400000)]
  0x00000230e19b2c10 JavaThread "Cancel handler" [_thread_blocked, id=2616, stack(0x00000060c8400000,0x00000060c8500000)]
  0x00000230e19b2170 JavaThread "Daemon worker" [_thread_blocked, id=6244, stack(0x00000060c8500000,0x00000060c8600000)]
  0x00000230e19b26c0 JavaThread "Asynchronous log dispatcher for DefaultDaemonConnection: socket connection from /127.0.0.1:55819 to /127.0.0.1:55820" [_thread_blocked, id=2072, stack(0x00000060c8600000,0x00000060c8700000)]
  0x00000230e19b06e0 JavaThread "Stdin handler" [_thread_blocked, id=8772, stack(0x00000060c8700000,0x00000060c8800000)]
  0x00000230e19b0c30 JavaThread "Daemon client event forwarder" [_thread_blocked, id=5592, stack(0x00000060c8800000,0x00000060c8900000)]
  0x00000230e19b36b0 JavaThread "Cache worker for journal cache (C:\Users\User\.gradle\caches\journal-1)" [_thread_blocked, id=8912, stack(0x00000060c8900000,0x00000060c8a00000)]
  0x00000230e19b1c20 JavaThread "File lock request listener" [_thread_in_native, id=6684, stack(0x00000060c8a00000,0x00000060c8b00000)]
  0x00000230e19b3160 JavaThread "Cache worker for file hash cache (C:\Users\User\.gradle\caches\7.3.3\fileHashes)" [_thread_blocked, id=4424, stack(0x00000060c8b00000,0x00000060c8c00000)]
  0x00000230e19b1180 JavaThread "Cache worker for file hash cache (D:\AndroidStudio\LenovoStart\.gradle\7.3.3\fileHashes)" [_thread_blocked, id=10144, stack(0x00000060c8c00000,0x00000060c8d00000)]
  0x00000230e19b3c00 JavaThread "File watcher server" daemon [_thread_in_native, id=120, stack(0x00000060c8d00000,0x00000060c8e00000)]
  0x00000230e227bd30 JavaThread "File watcher consumer" daemon [_thread_blocked, id=9488, stack(0x00000060c8e00000,0x00000060c8f00000)]
  0x00000230e2280790 JavaThread "Cache worker for checksums cache (D:\AndroidStudio\LenovoStart\.gradle\7.3.3\checksums)" [_thread_blocked, id=8536, stack(0x00000060c8f00000,0x00000060c9000000)]
  0x00000230e227d7c0 JavaThread "Cache worker for cache directory md-supplier (C:\Users\User\.gradle\caches\7.3.3\md-supplier)" [_thread_blocked, id=8404, stack(0x00000060c9000000,0x00000060c9100000)]
  0x00000230e2278d60 JavaThread "Cache worker for cache directory md-rule (C:\Users\User\.gradle\caches\7.3.3\md-rule)" [_thread_blocked, id=6908, stack(0x00000060c9100000,0x00000060c9200000)]
  0x00000230e227c280 JavaThread "Cache worker for execution history cache (C:\Users\User\.gradle\caches\7.3.3\executionHistory)" [_thread_blocked, id=5872, stack(0x00000060c9200000,0x00000060c9300000)]
  0x00000230e227fcf0 JavaThread "jar transforms" [_thread_blocked, id=7068, stack(0x00000060c9300000,0x00000060c9400000)]
  0x00000230e227e260 JavaThread "jar transforms Thread 2" [_thread_blocked, id=6616, stack(0x00000060c9400000,0x00000060c9500000)]
  0x00000230e227c7d0 JavaThread "Cache worker for file content cache (C:\Users\User\.gradle\caches\7.3.3\fileContent)" [_thread_blocked, id=8320, stack(0x00000060c9500000,0x00000060c9600000)]
  0x00000230e227cd20 JavaThread "jar transforms Thread 3" [_thread_blocked, id=9880, stack(0x00000060c9600000,0x00000060c9700000)]
  0x00000230e227f250 JavaThread "jar transforms Thread 4" [_thread_blocked, id=5036, stack(0x00000060c9700000,0x00000060c9800000)]
  0x00000230e227f7a0 JavaThread "Cache worker for dependencies-accessors (D:\AndroidStudio\LenovoStart\.gradle\7.3.3\dependencies-accessors)" [_thread_blocked, id=4988, stack(0x00000060c9800000,0x00000060c9900000)]
  0x00000230e227b7e0 JavaThread "Cache worker for Build Output Cleanup Cache (D:\AndroidStudio\LenovoStart\.gradle\buildOutputCleanup)" [_thread_blocked, id=4444, stack(0x00000060c9900000,0x00000060c9a00000)]
  0x00000230e09feac0 JavaThread "Unconstrained build operations" [_thread_blocked, id=212, stack(0x00000060c9a00000,0x00000060c9b00000)]
  0x00000230e09ff010 JavaThread "Unconstrained build operations Thread 2" [_thread_blocked, id=1696, stack(0x00000060c9b00000,0x00000060c9c00000)]
  0x00000230e09fd580 JavaThread "Unconstrained build operations Thread 3" [_thread_blocked, id=8596, stack(0x00000060c9c00000,0x00000060c9d00000)]
  0x00000230e09fdad0 JavaThread "Unconstrained build operations Thread 4" [_thread_blocked, id=6840, stack(0x00000060c9d00000,0x00000060c9e00000)]
  0x00000230e09ffab0 JavaThread "Unconstrained build operations Thread 5" [_thread_blocked, id=5260, stack(0x00000060c9e00000,0x00000060c9f00000)]
  0x00000230e09fd030 JavaThread "Unconstrained build operations Thread 6" [_thread_blocked, id=2484, stack(0x00000060c9f00000,0x00000060ca000000)]
  0x00000230e09ff560 JavaThread "Unconstrained build operations Thread 7" [_thread_blocked, id=4564, stack(0x00000060ca000000,0x00000060ca100000)]
  0x00000230e09fe570 JavaThread "Unconstrained build operations Thread 8" [_thread_blocked, id=2288, stack(0x00000060ca100000,0x00000060ca200000)]
  0x00000230e0a00000 JavaThread "Unconstrained build operations Thread 9" [_thread_blocked, id=8040, stack(0x00000060ca200000,0x00000060ca300000)]
  0x00000230e09fe020 JavaThread "Unconstrained build operations Thread 10" [_thread_blocked, id=10200, stack(0x00000060ca300000,0x00000060ca400000)]
  0x00000230e2581b00 JavaThread "Unconstrained build operations Thread 11" [_thread_blocked, id=8512, stack(0x00000060ca400000,0x00000060ca500000)]
  0x00000230e2581060 JavaThread "Unconstrained build operations Thread 12" [_thread_blocked, id=552, stack(0x00000060ca500000,0x00000060ca600000)]
  0x00000230e257eb30 JavaThread "Unconstrained build operations Thread 13" [_thread_blocked, id=4452, stack(0x00000060ca600000,0x00000060ca700000)]
  0x00000230e257b0c0 JavaThread "Unconstrained build operations Thread 14" [_thread_blocked, id=7796, stack(0x00000060ca700000,0x00000060ca800000)]
  0x00000230e257b610 JavaThread "Unconstrained build operations Thread 15" [_thread_blocked, id=672, stack(0x00000060ca800000,0x00000060ca900000)]
  0x00000230e257d0a0 JavaThread "Unconstrained build operations Thread 16" [_thread_blocked, id=9428, stack(0x00000060ca900000,0x00000060caa00000)]
  0x00000230e257c600 JavaThread "Unconstrained build operations Thread 17" [_thread_blocked, id=1308, stack(0x00000060caa00000,0x00000060cab00000)]
  0x00000230e257e5e0 JavaThread "Unconstrained build operations Thread 18" [_thread_blocked, id=5824, stack(0x00000060cab00000,0x00000060cac00000)]
  0x00000230e257f080 JavaThread "Unconstrained build operations Thread 19" [_thread_blocked, id=4056, stack(0x00000060cac00000,0x00000060cad00000)]
  0x00000230e25815b0 JavaThread "Unconstrained build operations Thread 20" [_thread_blocked, id=9980, stack(0x00000060cad00000,0x00000060cae00000)]
  0x00000230e2580b10 JavaThread "Unconstrained build operations Thread 21" [_thread_blocked, id=7440, stack(0x00000060cae00000,0x00000060caf00000)]
  0x00000230e257bb60 JavaThread "Unconstrained build operations Thread 22" [_thread_blocked, id=4092, stack(0x00000060caf00000,0x00000060cb000000)]
  0x00000230e2580070 JavaThread "Unconstrained build operations Thread 23" [_thread_blocked, id=5656, stack(0x00000060cb000000,0x00000060cb100000)]
  0x00000230e257c0b0 JavaThread "Unconstrained build operations Thread 24" [_thread_blocked, id=4952, stack(0x00000060cb100000,0x00000060cb200000)]
  0x00000230e257cb50 JavaThread "Unconstrained build operations Thread 25" [_thread_blocked, id=1396, stack(0x00000060cb200000,0x00000060cb300000)]
  0x00000230e257f5d0 JavaThread "Unconstrained build operations Thread 26" [_thread_blocked, id=3744, stack(0x00000060cb300000,0x00000060cb400000)]
  0x00000230e257d5f0 JavaThread "Unconstrained build operations Thread 27" [_thread_blocked, id=3092, stack(0x00000060cb400000,0x00000060cb500000)]
  0x00000230e257db40 JavaThread "Unconstrained build operations Thread 28" [_thread_blocked, id=7816, stack(0x00000060cb500000,0x00000060cb600000)]
  0x00000230e257e090 JavaThread "Unconstrained build operations Thread 29" [_thread_blocked, id=8792, stack(0x00000060cb600000,0x00000060cb700000)]
  0x00000230e257fb20 JavaThread "Unconstrained build operations Thread 30" [_thread_in_Java, id=9952, stack(0x00000060cb700000,0x00000060cb800000)]
  0x00000230e25805c0 JavaThread "Unconstrained build operations Thread 31" [_thread_blocked, id=3576, stack(0x00000060cb800000,0x00000060cb900000)]
  0x00000230e2582050 JavaThread "Unconstrained build operations Thread 32" [_thread_blocked, id=4248, stack(0x00000060cb900000,0x00000060cba00000)]
  0x00000230e25825a0 JavaThread "Unconstrained build operations Thread 33" [_thread_blocked, id=5800, stack(0x00000060cba00000,0x00000060cbb00000)]
  0x00000230e2582af0 JavaThread "Unconstrained build operations Thread 34" [_thread_blocked, id=7728, stack(0x00000060cbb00000,0x00000060cbc00000)]
  0x00000230e0c7a2a0 JavaThread "Unconstrained build operations Thread 35" [_thread_blocked, id=2992, stack(0x00000060cbc00000,0x00000060cbd00000)]
  0x00000230e0c79800 JavaThread "Unconstrained build operations Thread 36" [_thread_blocked, id=9120, stack(0x00000060cbd00000,0x00000060cbe00000)]
  0x00000230e0c7d7c0 JavaThread "Unconstrained build operations Thread 37" [_thread_blocked, id=3444, stack(0x00000060cbe00000,0x00000060cbf00000)]
  0x00000230e0c78d60 JavaThread "Unconstrained build operations Thread 38" [_thread_blocked, id=8632, stack(0x00000060cbf00000,0x00000060cc000000)]
  0x00000230e0c7dd10 JavaThread "Unconstrained build operations Thread 39" [_thread_blocked, id=8664, stack(0x00000060cc000000,0x00000060cc100000)]
  0x00000230e0c782c0 JavaThread "Unconstrained build operations Thread 40" [_thread_blocked, id=5388, stack(0x00000060cc100000,0x00000060cc200000)]
  0x00000230e0c78810 JavaThread "Memory manager" [_thread_blocked, id=1184, stack(0x00000060cc200000,0x00000060cc300000)]
  0x00000230e0c79d50 JavaThread "build event listener" [_thread_blocked, id=9424, stack(0x00000060cc300000,0x00000060cc400000)]
  0x00000230e0c7bd30 JavaThread "Execution worker for ':'" [_thread_blocked, id=8868, stack(0x00000060cc400000,0x00000060cc500000)]
  0x00000230e0c77d70 JavaThread "Execution worker for ':' Thread 2" [_thread_blocked, id=4548, stack(0x00000060cc500000,0x00000060cc600000)]
  0x00000230e0c7ad40 JavaThread "Execution worker for ':' Thread 3" [_thread_blocked, id=9156, stack(0x00000060cc600000,0x00000060cc700000)]
  0x00000230e0c7a7f0 JavaThread "Cache worker for execution history cache (D:\AndroidStudio\LenovoStart\.gradle\7.3.3\executionHistory)" [_thread_blocked, id=5244, stack(0x00000060cc700000,0x00000060cc800000)]
  0x00000230e3251540 JavaThread "WorkerExecutor Queue" [_thread_blocked, id=1952, stack(0x00000060cc800000,0x00000060cc900000)]
  0x00000230e324ab00 JavaThread "WorkerExecutor Queue Thread 2" [_thread_blocked, id=3408, stack(0x00000060cc900000,0x00000060cca00000)]

Other Threads:
  0x00000230dbbd3bf0 VMThread "VM Thread" [stack: 0x00000060c6f00000,0x00000060c7000000] [id=9184]
  0x00000230e0119940 WatcherThread "VM Periodic Task Thread" [stack: 0x00000060c7a00000,0x00000060c7b00000] [id=1092]
  0x00000230c05abf00 WorkerThread "GC Thread#0" [stack: 0x00000060c6a00000,0x00000060c6b00000] [id=10164]
  0x00000230e0166e30 WorkerThread "GC Thread#1" [stack: 0x00000060c7c00000,0x00000060c7d00000] [id=5316]
  0x00000230e0239090 WorkerThread "GC Thread#2" [stack: 0x00000060c7d00000,0x00000060c7e00000] [id=1684]
  0x00000230e09a4610 WorkerThread "GC Thread#3" [stack: 0x00000060c7e00000,0x00000060c7f00000] [id=6152]
  0x00000230c05b8fb0 ConcurrentGCThread "G1 Main Marker" [stack: 0x00000060c6b00000,0x00000060c6c00000] [id=4272]
  0x00000230c05b9b80 WorkerThread "G1 Conc#0" [stack: 0x00000060c6c00000,0x00000060c6d00000] [id=7684]
  0x00000230dba96540 ConcurrentGCThread "G1 Refine#0" [stack: 0x00000060c6d00000,0x00000060c6e00000] [id=3800]
  0x00000230c061e5f0 ConcurrentGCThread "G1 Service" [stack: 0x00000060c6e00000,0x00000060c6f00000] [id=5028]

Threads with active compile tasks:
C2 CompilerThread0    28470 18069 %     4       com.android.tools.r8.internal.Pl::a @ 1582 (3110 bytes)
C2 CompilerThread1    28470 17993 %     4       com.android.tools.r8.internal.xa::a @ 3855 (4216 bytes)

VM state: not at safepoint (normal execution)

VM Mutex/Monitor currently owned by a thread: None

Heap address: 0x00000000a0000000, size: 1536 MB, Compressed Oops mode: 32-bit

CDS archive(s) mapped at: [0x0000000800000000-0x0000000800c60000-0x0000000800c60000), size 12976128, SharedBaseAddress: 0x0000000800000000, ArchiveRelocationMode: 0.
Compressed class space mapped at: 0x0000000801000000-0x0000000841000000, reserved size: 1073741824
Narrow klass base: 0x0000000800000000, Narrow klass shift: 0, Narrow klass range: 0x100000000

GC Precious Log:
 CardTable entry size: 512
 Card Set container configuration: InlinePtr #cards 5 size 8 Array Of Cards #cards 12 size 40 Howl #buckets 4 coarsen threshold 1843 Howl Bitmap #cards 512 size 80 coarsen threshold 460 Card regions per heap region 1 cards per card region 2048
 CPUs: 4 total, 4 available
 Memory: 8063M
 Large Page Support: Disabled
 NUMA Support: Disabled
 Compressed Oops: Enabled (32-bit)
 Heap Region Size: 1M
 Heap Min Capacity: 8M
 Heap Initial Capacity: 126M
 Heap Max Capacity: 1536M
 Pre-touch: Disabled
 Parallel Workers: 4
 Concurrent Workers: 1
 Concurrent Refinement Workers: 4
 Periodic GC: Disabled

Heap:
 garbage-first heap   total 264192K, used 164029K [0x00000000a0000000, 0x0000000100000000)
  region size 1024K, 65 young (66560K), 14 survivors (14336K)
 Metaspace       used 93190K, committed 95040K, reserved 1179648K
  class space    used 12661K, committed 13568K, reserved 1048576K

Heap Regions: E=young(eden), S=young(survivor), O=old, HS=humongous(starts), HC=humongous(continues), CS=collection set, F=free, OA=open archive, CA=closed archive, TAMS=top-at-mark-start, PB=parsable bottom
|   0|0x00000000a0000000, 0x00000000a0100000, 0x00000000a0100000|100%|HS|  |TAMS 0x00000000a0000000| PB 0x00000000a0000000| Complete 
|   1|0x00000000a0100000, 0x00000000a0200000, 0x00000000a0200000|100%|HC|  |TAMS 0x00000000a0100000| PB 0x00000000a0100000| Complete 
|   2|0x00000000a0200000, 0x00000000a0300000, 0x00000000a0300000|100%|HC|  |TAMS 0x00000000a0200000| PB 0x00000000a0200000| Complete 
|   3|0x00000000a0300000, 0x00000000a0400000, 0x00000000a0400000|100%| O|  |TAMS 0x00000000a0300000| PB 0x00000000a0300000| Untracked 
|   4|0x00000000a0400000, 0x00000000a0500000, 0x00000000a0500000|100%| O|  |TAMS 0x00000000a0400000| PB 0x00000000a0400000| Untracked 
|   5|0x00000000a0500000, 0x00000000a0600000, 0x00000000a0600000|100%| O|  |TAMS 0x00000000a0500000| PB 0x00000000a0500000| Untracked 
|   6|0x00000000a0600000, 0x00000000a0700000, 0x00000000a0700000|100%| O|  |TAMS 0x00000000a0600000| PB 0x00000000a0600000| Untracked 
|   7|0x00000000a0700000, 0x00000000a0800000, 0x00000000a0800000|100%| O|  |TAMS 0x00000000a0700000| PB 0x00000000a0700000| Untracked 
|   8|0x00000000a0800000, 0x00000000a0900000, 0x00000000a0900000|100%| O|  |TAMS 0x00000000a0800000| PB 0x00000000a0800000| Untracked 
|   9|0x00000000a0900000, 0x00000000a0a00000, 0x00000000a0a00000|100%| O|  |TAMS 0x00000000a0900000| PB 0x00000000a0900000| Untracked 
|  10|0x00000000a0a00000, 0x00000000a0b00000, 0x00000000a0b00000|100%| O|  |TAMS 0x00000000a0a00000| PB 0x00000000a0a00000| Untracked 
|  11|0x00000000a0b00000, 0x00000000a0c00000, 0x00000000a0c00000|100%| O|  |TAMS 0x00000000a0b00000| PB 0x00000000a0b00000| Untracked 
|  12|0x00000000a0c00000, 0x00000000a0d00000, 0x00000000a0d00000|100%| O|  |TAMS 0x00000000a0c00000| PB 0x00000000a0c00000| Untracked 
|  13|0x00000000a0d00000, 0x00000000a0e00000, 0x00000000a0e00000|100%| O|  |TAMS 0x00000000a0d00000| PB 0x00000000a0d00000| Untracked 
|  14|0x00000000a0e00000, 0x00000000a0f00000, 0x00000000a0f00000|100%| O|  |TAMS 0x00000000a0e00000| PB 0x00000000a0e00000| Untracked 
|  15|0x00000000a0f00000, 0x00000000a1000000, 0x00000000a1000000|100%| O|  |TAMS 0x00000000a0f00000| PB 0x00000000a0f00000| Untracked 
|  16|0x00000000a1000000, 0x00000000a1100000, 0x00000000a1100000|100%| O|  |TAMS 0x00000000a1000000| PB 0x00000000a1000000| Untracked 
|  17|0x00000000a1100000, 0x00000000a1200000, 0x00000000a1200000|100%| O|  |TAMS 0x00000000a1100000| PB 0x00000000a1100000| Untracked 
|  18|0x00000000a1200000, 0x00000000a1300000, 0x00000000a1300000|100%| O|  |TAMS 0x00000000a1200000| PB 0x00000000a1200000| Untracked 
|  19|0x00000000a1300000, 0x00000000a1400000, 0x00000000a1400000|100%| O|  |TAMS 0x00000000a1300000| PB 0x00000000a1300000| Untracked 
|  20|0x00000000a1400000, 0x00000000a1500000, 0x00000000a1500000|100%| O|  |TAMS 0x00000000a1400000| PB 0x00000000a1400000| Untracked 
|  21|0x00000000a1500000, 0x00000000a1600000, 0x00000000a1600000|100%| O|  |TAMS 0x00000000a1500000| PB 0x00000000a1500000| Untracked 
|  22|0x00000000a1600000, 0x00000000a1700000, 0x00000000a1700000|100%| O|  |TAMS 0x00000000a1600000| PB 0x00000000a1600000| Untracked 
|  23|0x00000000a1700000, 0x00000000a1800000, 0x00000000a1800000|100%| O|  |TAMS 0x00000000a1700000| PB 0x00000000a1700000| Untracked 
|  24|0x00000000a1800000, 0x00000000a1900000, 0x00000000a1900000|100%| O|  |TAMS 0x00000000a1800000| PB 0x00000000a1800000| Untracked 
|  25|0x00000000a1900000, 0x00000000a1a00000, 0x00000000a1a00000|100%| O|  |TAMS 0x00000000a1900000| PB 0x00000000a1900000| Untracked 
|  26|0x00000000a1a00000, 0x00000000a1b00000, 0x00000000a1b00000|100%|HS|  |TAMS 0x00000000a1a00000| PB 0x00000000a1a00000| Complete 
|  27|0x00000000a1b00000, 0x00000000a1c00000, 0x00000000a1c00000|100%|HS|  |TAMS 0x00000000a1b00000| PB 0x00000000a1b00000| Complete 
|  28|0x00000000a1c00000, 0x00000000a1d00000, 0x00000000a1d00000|100%| O|  |TAMS 0x00000000a1c00000| PB 0x00000000a1c00000| Untracked 
|  29|0x00000000a1d00000, 0x00000000a1e00000, 0x00000000a1e00000|100%| O|  |TAMS 0x00000000a1d00000| PB 0x00000000a1d00000| Untracked 
|  30|0x00000000a1e00000, 0x00000000a1f00000, 0x00000000a1f00000|100%| O|  |TAMS 0x00000000a1e00000| PB 0x00000000a1e00000| Untracked 
|  31|0x00000000a1f00000, 0x00000000a2000000, 0x00000000a2000000|100%| O|  |TAMS 0x00000000a1f00000| PB 0x00000000a1f00000| Untracked 
|  32|0x00000000a2000000, 0x00000000a2100000, 0x00000000a2100000|100%| O|  |TAMS 0x00000000a2000000| PB 0x00000000a2000000| Untracked 
|  33|0x00000000a2100000, 0x00000000a2200000, 0x00000000a2200000|100%| O|  |TAMS 0x00000000a2100000| PB 0x00000000a2100000| Untracked 
|  34|0x00000000a2200000, 0x00000000a2300000, 0x00000000a2300000|100%| O|  |TAMS 0x00000000a2200000| PB 0x00000000a2200000| Untracked 
|  35|0x00000000a2300000, 0x00000000a2400000, 0x00000000a2400000|100%| O|  |TAMS 0x00000000a2300000| PB 0x00000000a2300000| Untracked 
|  36|0x00000000a2400000, 0x00000000a2500000, 0x00000000a2500000|100%| O|  |TAMS 0x00000000a2400000| PB 0x00000000a2400000| Untracked 
|  37|0x00000000a2500000, 0x00000000a2600000, 0x00000000a2600000|100%|HS|  |TAMS 0x00000000a2500000| PB 0x00000000a2500000| Complete 
|  38|0x00000000a2600000, 0x00000000a2700000, 0x00000000a2700000|100%|HC|  |TAMS 0x00000000a2600000| PB 0x00000000a2600000| Complete 
|  39|0x00000000a2700000, 0x00000000a2800000, 0x00000000a2800000|100%| O|  |TAMS 0x00000000a2700000| PB 0x00000000a2700000| Untracked 
|  40|0x00000000a2800000, 0x00000000a2900000, 0x00000000a2900000|100%| O|  |TAMS 0x00000000a2800000| PB 0x00000000a2800000| Untracked 
|  41|0x00000000a2900000, 0x00000000a2a00000, 0x00000000a2a00000|100%| O|  |TAMS 0x00000000a2900000| PB 0x00000000a2900000| Untracked 
|  42|0x00000000a2a00000, 0x00000000a2b00000, 0x00000000a2b00000|100%| O|  |TAMS 0x00000000a2a00000| PB 0x00000000a2a00000| Untracked 
|  43|0x00000000a2b00000, 0x00000000a2c00000, 0x00000000a2c00000|100%| O|  |TAMS 0x00000000a2b00000| PB 0x00000000a2b00000| Untracked 
|  44|0x00000000a2c00000, 0x00000000a2d00000, 0x00000000a2d00000|100%| O|  |TAMS 0x00000000a2c00000| PB 0x00000000a2c00000| Untracked 
|  45|0x00000000a2d00000, 0x00000000a2e00000, 0x00000000a2e00000|100%| O|  |TAMS 0x00000000a2d00000| PB 0x00000000a2d00000| Untracked 
|  46|0x00000000a2e00000, 0x00000000a2f00000, 0x00000000a2f00000|100%| O|  |TAMS 0x00000000a2e00000| PB 0x00000000a2e00000| Untracked 
|  47|0x00000000a2f00000, 0x00000000a3000000, 0x00000000a3000000|100%| O|  |TAMS 0x00000000a2f00000| PB 0x00000000a2f00000| Untracked 
|  48|0x00000000a3000000, 0x00000000a3100000, 0x00000000a3100000|100%| O|  |TAMS 0x00000000a3000000| PB 0x00000000a3000000| Untracked 
|  49|0x00000000a3100000, 0x00000000a3200000, 0x00000000a3200000|100%| O|  |TAMS 0x00000000a3100000| PB 0x00000000a3100000| Untracked 
|  50|0x00000000a3200000, 0x00000000a3300000, 0x00000000a3300000|100%| O|  |TAMS 0x00000000a3200000| PB 0x00000000a3200000| Untracked 
|  51|0x00000000a3300000, 0x00000000a3400000, 0x00000000a3400000|100%| O|  |TAMS 0x00000000a3300000| PB 0x00000000a3300000| Untracked 
|  52|0x00000000a3400000, 0x00000000a3500000, 0x00000000a3500000|100%| O|  |TAMS 0x00000000a3400000| PB 0x00000000a3400000| Untracked 
|  53|0x00000000a3500000, 0x00000000a3600000, 0x00000000a3600000|100%| O|  |TAMS 0x00000000a3500000| PB 0x00000000a3500000| Untracked 
|  54|0x00000000a3600000, 0x00000000a3700000, 0x00000000a3700000|100%| O|  |TAMS 0x00000000a3600000| PB 0x00000000a3600000| Untracked 
|  55|0x00000000a3700000, 0x00000000a3800000, 0x00000000a3800000|100%| O|  |TAMS 0x00000000a3700000| PB 0x00000000a3700000| Untracked 
|  56|0x00000000a3800000, 0x00000000a3900000, 0x00000000a3900000|100%| O|  |TAMS 0x00000000a3800000| PB 0x00000000a3800000| Untracked 
|  57|0x00000000a3900000, 0x00000000a3a00000, 0x00000000a3a00000|100%| O|  |TAMS 0x00000000a3900000| PB 0x00000000a3900000| Untracked 
|  58|0x00000000a3a00000, 0x00000000a3b00000, 0x00000000a3b00000|100%| O|  |TAMS 0x00000000a3a00000| PB 0x00000000a3a00000| Untracked 
|  59|0x00000000a3b00000, 0x00000000a3c00000, 0x00000000a3c00000|100%| O|  |TAMS 0x00000000a3b00000| PB 0x00000000a3b00000| Untracked 
|  60|0x00000000a3c00000, 0x00000000a3d00000, 0x00000000a3d00000|100%| O|  |TAMS 0x00000000a3c00000| PB 0x00000000a3c00000| Untracked 
|  61|0x00000000a3d00000, 0x00000000a3d00000, 0x00000000a3e00000|  0%| F|  |TAMS 0x00000000a3d00000| PB 0x00000000a3d00000| Untracked 
|  62|0x00000000a3e00000, 0x00000000a3f00000, 0x00000000a3f00000|100%| O|  |TAMS 0x00000000a3e00000| PB 0x00000000a3e00000| Untracked 
|  63|0x00000000a3f00000, 0x00000000a4000000, 0x00000000a4000000|100%| O|  |TAMS 0x00000000a3f00000| PB 0x00000000a3f00000| Untracked 
|  64|0x00000000a4000000, 0x00000000a4100000, 0x00000000a4100000|100%| O|  |TAMS 0x00000000a4000000| PB 0x00000000a4000000| Untracked 
|  65|0x00000000a4100000, 0x00000000a4200000, 0x00000000a4200000|100%| O|  |TAMS 0x00000000a4100000| PB 0x00000000a4100000| Untracked 
|  66|0x00000000a4200000, 0x00000000a4300000, 0x00000000a4300000|100%| O|  |TAMS 0x00000000a4200000| PB 0x00000000a4200000| Untracked 
|  67|0x00000000a4300000, 0x00000000a4400000, 0x00000000a4400000|100%| O|  |TAMS 0x00000000a4300000| PB 0x00000000a4300000| Untracked 
|  68|0x00000000a4400000, 0x00000000a4500000, 0x00000000a4500000|100%| O|  |TAMS 0x00000000a4400000| PB 0x00000000a4400000| Untracked 
|  69|0x00000000a4500000, 0x00000000a4600000, 0x00000000a4600000|100%| O|  |TAMS 0x00000000a4500000| PB 0x00000000a4500000| Untracked 
|  70|0x00000000a4600000, 0x00000000a4700000, 0x00000000a4700000|100%| O|  |TAMS 0x00000000a4600000| PB 0x00000000a4600000| Untracked 
|  71|0x00000000a4700000, 0x00000000a4800000, 0x00000000a4800000|100%| O|  |TAMS 0x00000000a4700000| PB 0x00000000a4700000| Untracked 
|  72|0x00000000a4800000, 0x00000000a4900000, 0x00000000a4900000|100%| O|  |TAMS 0x00000000a4800000| PB 0x00000000a4800000| Untracked 
|  73|0x00000000a4900000, 0x00000000a4a00000, 0x00000000a4a00000|100%| O|  |TAMS 0x00000000a4900000| PB 0x00000000a4900000| Untracked 
|  74|0x00000000a4a00000, 0x00000000a4b00000, 0x00000000a4b00000|100%| O|  |TAMS 0x00000000a4a00000| PB 0x00000000a4a00000| Untracked 
|  75|0x00000000a4b00000, 0x00000000a4c00000, 0x00000000a4c00000|100%| O|  |TAMS 0x00000000a4b00000| PB 0x00000000a4b00000| Untracked 
|  76|0x00000000a4c00000, 0x00000000a4d00000, 0x00000000a4d00000|100%| O|  |TAMS 0x00000000a4c00000| PB 0x00000000a4c00000| Untracked 
|  77|0x00000000a4d00000, 0x00000000a4d00000, 0x00000000a4e00000|  0%| F|  |TAMS 0x00000000a4d00000| PB 0x00000000a4d00000| Untracked 
|  78|0x00000000a4e00000, 0x00000000a4f00000, 0x00000000a4f00000|100%| O|  |TAMS 0x00000000a4e00000| PB 0x00000000a4e00000| Untracked 
|  79|0x00000000a4f00000, 0x00000000a5000000, 0x00000000a5000000|100%| O|  |TAMS 0x00000000a4f00000| PB 0x00000000a4f00000| Untracked 
|  80|0x00000000a5000000, 0x00000000a5100000, 0x00000000a5100000|100%| O|  |TAMS 0x00000000a5000000| PB 0x00000000a5000000| Untracked 
|  81|0x00000000a5100000, 0x00000000a5200000, 0x00000000a5200000|100%| O|  |TAMS 0x00000000a5100000| PB 0x00000000a5100000| Untracked 
|  82|0x00000000a5200000, 0x00000000a5300000, 0x00000000a5300000|100%| O|  |TAMS 0x00000000a5200000| PB 0x00000000a5200000| Complete 
|  83|0x00000000a5300000, 0x00000000a5400000, 0x00000000a5400000|100%| O|  |TAMS 0x00000000a5300000| PB 0x00000000a5300000| Complete 
|  84|0x00000000a5400000, 0x00000000a5500000, 0x00000000a5500000|100%| O|  |TAMS 0x00000000a5400000| PB 0x00000000a5400000| Untracked 
|  85|0x00000000a5500000, 0x00000000a5600000, 0x00000000a5600000|100%| O|  |TAMS 0x00000000a5500000| PB 0x00000000a5500000| Untracked 
|  86|0x00000000a5600000, 0x00000000a5600000, 0x00000000a5700000|  0%| F|  |TAMS 0x00000000a5600000| PB 0x00000000a5600000| Untracked 
|  87|0x00000000a5700000, 0x00000000a5700000, 0x00000000a5800000|  0%| F|  |TAMS 0x00000000a5700000| PB 0x00000000a5700000| Untracked 
|  88|0x00000000a5800000, 0x00000000a5900000, 0x00000000a5900000|100%| O|  |TAMS 0x00000000a5800000| PB 0x00000000a5800000| Untracked 
|  89|0x00000000a5900000, 0x00000000a592f400, 0x00000000a5a00000| 18%| O|  |TAMS 0x00000000a5900000| PB 0x00000000a5900000| Untracked 
|  90|0x00000000a5a00000, 0x00000000a5b00000, 0x00000000a5b00000|100%| O|  |TAMS 0x00000000a5a00000| PB 0x00000000a5a00000| Untracked 
|  91|0x00000000a5b00000, 0x00000000a5c00000, 0x00000000a5c00000|100%| O|  |TAMS 0x00000000a5b00000| PB 0x00000000a5b00000| Untracked 
|  92|0x00000000a5c00000, 0x00000000a5d00000, 0x00000000a5d00000|100%| S|CS|TAMS 0x00000000a5c00000| PB 0x00000000a5c00000| Complete 
|  93|0x00000000a5d00000, 0x00000000a5e00000, 0x00000000a5e00000|100%| S|CS|TAMS 0x00000000a5d00000| PB 0x00000000a5d00000| Complete 
|  94|0x00000000a5e00000, 0x00000000a5f00000, 0x00000000a5f00000|100%| S|CS|TAMS 0x00000000a5e00000| PB 0x00000000a5e00000| Complete 
|  95|0x00000000a5f00000, 0x00000000a6000000, 0x00000000a6000000|100%| O|  |TAMS 0x00000000a5f00000| PB 0x00000000a5f00000| Untracked 
|  96|0x00000000a6000000, 0x00000000a6100000, 0x00000000a6100000|100%| O|  |TAMS 0x00000000a6000000| PB 0x00000000a6000000| Untracked 
|  97|0x00000000a6100000, 0x00000000a6200000, 0x00000000a6200000|100%| S|CS|TAMS 0x00000000a6100000| PB 0x00000000a6100000| Complete 
|  98|0x00000000a6200000, 0x00000000a6300000, 0x00000000a6300000|100%| S|CS|TAMS 0x00000000a6200000| PB 0x00000000a6200000| Complete 
|  99|0x00000000a6300000, 0x00000000a6400000, 0x00000000a6400000|100%| O|  |TAMS 0x00000000a6300000| PB 0x00000000a6300000| Complete 
| 100|0x00000000a6400000, 0x00000000a6500000, 0x00000000a6500000|100%| O|  |TAMS 0x00000000a6400000| PB 0x00000000a6400000| Untracked 
| 101|0x00000000a6500000, 0x00000000a6600000, 0x00000000a6600000|100%| O|  |TAMS 0x00000000a6500000| PB 0x00000000a6500000| Untracked 
| 102|0x00000000a6600000, 0x00000000a6700000, 0x00000000a6700000|100%| S|CS|TAMS 0x00000000a6600000| PB 0x00000000a6600000| Complete 
| 103|0x00000000a6700000, 0x00000000a6800000, 0x00000000a6800000|100%| O|  |TAMS 0x00000000a6700000| PB 0x00000000a6700000| Complete 
| 104|0x00000000a6800000, 0x00000000a6900000, 0x00000000a6900000|100%| S|CS|TAMS 0x00000000a6800000| PB 0x00000000a6800000| Complete 
| 105|0x00000000a6900000, 0x00000000a6a00000, 0x00000000a6a00000|100%| S|CS|TAMS 0x00000000a6900000| PB 0x00000000a6900000| Complete 
| 106|0x00000000a6a00000, 0x00000000a6b00000, 0x00000000a6b00000|100%| S|CS|TAMS 0x00000000a6a00000| PB 0x00000000a6a00000| Complete 
| 107|0x00000000a6b00000, 0x00000000a6c00000, 0x00000000a6c00000|100%| S|CS|TAMS 0x00000000a6b00000| PB 0x00000000a6b00000| Complete 
| 108|0x00000000a6c00000, 0x00000000a6d00000, 0x00000000a6d00000|100%| S|CS|TAMS 0x00000000a6c00000| PB 0x00000000a6c00000| Complete 
| 109|0x00000000a6d00000, 0x00000000a6e00000, 0x00000000a6e00000|100%| S|CS|TAMS 0x00000000a6d00000| PB 0x00000000a6d00000| Complete 
| 110|0x00000000a6e00000, 0x00000000a6f00000, 0x00000000a6f00000|100%| S|CS|TAMS 0x00000000a6e00000| PB 0x00000000a6e00000| Complete 
| 111|0x00000000a6f00000, 0x00000000a7000000, 0x00000000a7000000|100%| S|CS|TAMS 0x00000000a6f00000| PB 0x00000000a6f00000| Complete 
| 112|0x00000000a7000000, 0x00000000a7000000, 0x00000000a7100000|  0%| F|  |TAMS 0x00000000a7000000| PB 0x00000000a7000000| Untracked 
| 113|0x00000000a7100000, 0x00000000a7100000, 0x00000000a7200000|  0%| F|  |TAMS 0x00000000a7100000| PB 0x00000000a7100000| Untracked 
| 114|0x00000000a7200000, 0x00000000a7200000, 0x00000000a7300000|  0%| F|  |TAMS 0x00000000a7200000| PB 0x00000000a7200000| Untracked 
| 115|0x00000000a7300000, 0x00000000a7300000, 0x00000000a7400000|  0%| F|  |TAMS 0x00000000a7300000| PB 0x00000000a7300000| Untracked 
| 116|0x00000000a7400000, 0x00000000a7400000, 0x00000000a7500000|  0%| F|  |TAMS 0x00000000a7400000| PB 0x00000000a7400000| Untracked 
| 117|0x00000000a7500000, 0x00000000a7500000, 0x00000000a7600000|  0%| F|  |TAMS 0x00000000a7500000| PB 0x00000000a7500000| Untracked 
| 118|0x00000000a7600000, 0x00000000a7600000, 0x00000000a7700000|  0%| F|  |TAMS 0x00000000a7600000| PB 0x00000000a7600000| Untracked 
| 119|0x00000000a7700000, 0x00000000a7700000, 0x00000000a7800000|  0%| F|  |TAMS 0x00000000a7700000| PB 0x00000000a7700000| Untracked 
| 120|0x00000000a7800000, 0x00000000a7800000, 0x00000000a7900000|  0%| F|  |TAMS 0x00000000a7800000| PB 0x00000000a7800000| Untracked 
| 121|0x00000000a7900000, 0x00000000a7900000, 0x00000000a7a00000|  0%| F|  |TAMS 0x00000000a7900000| PB 0x00000000a7900000| Untracked 
| 122|0x00000000a7a00000, 0x00000000a7a00000, 0x00000000a7b00000|  0%| F|  |TAMS 0x00000000a7a00000| PB 0x00000000a7a00000| Untracked 
| 123|0x00000000a7b00000, 0x00000000a7b00000, 0x00000000a7c00000|  0%| F|  |TAMS 0x00000000a7b00000| PB 0x00000000a7b00000| Untracked 
| 124|0x00000000a7c00000, 0x00000000a7c00000, 0x00000000a7d00000|  0%| F|  |TAMS 0x00000000a7c00000| PB 0x00000000a7c00000| Untracked 
| 125|0x00000000a7d00000, 0x00000000a7d00000, 0x00000000a7e00000|  0%| F|  |TAMS 0x00000000a7d00000| PB 0x00000000a7d00000| Untracked 
| 126|0x00000000a7e00000, 0x00000000a7e00000, 0x00000000a7f00000|  0%| F|  |TAMS 0x00000000a7e00000| PB 0x00000000a7e00000| Untracked 
| 127|0x00000000a7f00000, 0x00000000a7f00000, 0x00000000a8000000|  0%| F|  |TAMS 0x00000000a7f00000| PB 0x00000000a7f00000| Untracked 
| 128|0x00000000a8000000, 0x00000000a8000000, 0x00000000a8100000|  0%| F|  |TAMS 0x00000000a8000000| PB 0x00000000a8000000| Untracked 
| 129|0x00000000a8100000, 0x00000000a8100000, 0x00000000a8200000|  0%| F|  |TAMS 0x00000000a8100000| PB 0x00000000a8100000| Untracked 
| 130|0x00000000a8200000, 0x00000000a8200000, 0x00000000a8300000|  0%| F|  |TAMS 0x00000000a8200000| PB 0x00000000a8200000| Untracked 
| 131|0x00000000a8300000, 0x00000000a8300000, 0x00000000a8400000|  0%| F|  |TAMS 0x00000000a8300000| PB 0x00000000a8300000| Untracked 
| 132|0x00000000a8400000, 0x00000000a8400000, 0x00000000a8500000|  0%| F|  |TAMS 0x00000000a8400000| PB 0x00000000a8400000| Untracked 
| 133|0x00000000a8500000, 0x00000000a8500000, 0x00000000a8600000|  0%| F|  |TAMS 0x00000000a8500000| PB 0x00000000a8500000| Untracked 
| 134|0x00000000a8600000, 0x00000000a8600000, 0x00000000a8700000|  0%| F|  |TAMS 0x00000000a8600000| PB 0x00000000a8600000| Untracked 
| 135|0x00000000a8700000, 0x00000000a8700000, 0x00000000a8800000|  0%| F|  |TAMS 0x00000000a8700000| PB 0x00000000a8700000| Untracked 
| 136|0x00000000a8800000, 0x00000000a8800000, 0x00000000a8900000|  0%| F|  |TAMS 0x00000000a8800000| PB 0x00000000a8800000| Untracked 
| 137|0x00000000a8900000, 0x00000000a8900000, 0x00000000a8a00000|  0%| F|  |TAMS 0x00000000a8900000| PB 0x00000000a8900000| Untracked 
| 138|0x00000000a8a00000, 0x00000000a8a00000, 0x00000000a8b00000|  0%| F|  |TAMS 0x00000000a8a00000| PB 0x00000000a8a00000| Untracked 
| 139|0x00000000a8b00000, 0x00000000a8b00000, 0x00000000a8c00000|  0%| F|  |TAMS 0x00000000a8b00000| PB 0x00000000a8b00000| Untracked 
| 140|0x00000000a8c00000, 0x00000000a8c00000, 0x00000000a8d00000|  0%| F|  |TAMS 0x00000000a8c00000| PB 0x00000000a8c00000| Untracked 
| 141|0x00000000a8d00000, 0x00000000a8d00000, 0x00000000a8e00000|  0%| F|  |TAMS 0x00000000a8d00000| PB 0x00000000a8d00000| Untracked 
| 142|0x00000000a8e00000, 0x00000000a8e00000, 0x00000000a8f00000|  0%| F|  |TAMS 0x00000000a8e00000| PB 0x00000000a8e00000| Untracked 
| 143|0x00000000a8f00000, 0x00000000a8f00000, 0x00000000a9000000|  0%| F|  |TAMS 0x00000000a8f00000| PB 0x00000000a8f00000| Untracked 
| 144|0x00000000a9000000, 0x00000000a9000000, 0x00000000a9100000|  0%| F|  |TAMS 0x00000000a9000000| PB 0x00000000a9000000| Untracked 
| 145|0x00000000a9100000, 0x00000000a9100000, 0x00000000a9200000|  0%| F|  |TAMS 0x00000000a9100000| PB 0x00000000a9100000| Untracked 
| 146|0x00000000a9200000, 0x00000000a9200000, 0x00000000a9300000|  0%| F|  |TAMS 0x00000000a9200000| PB 0x00000000a9200000| Untracked 
| 147|0x00000000a9300000, 0x00000000a9300000, 0x00000000a9400000|  0%| F|  |TAMS 0x00000000a9300000| PB 0x00000000a9300000| Untracked 
| 148|0x00000000a9400000, 0x00000000a9400000, 0x00000000a9500000|  0%| F|  |TAMS 0x00000000a9400000| PB 0x00000000a9400000| Untracked 
| 149|0x00000000a9500000, 0x00000000a9500000, 0x00000000a9600000|  0%| F|  |TAMS 0x00000000a9500000| PB 0x00000000a9500000| Untracked 
| 150|0x00000000a9600000, 0x00000000a9600000, 0x00000000a9700000|  0%| F|  |TAMS 0x00000000a9600000| PB 0x00000000a9600000| Untracked 
| 151|0x00000000a9700000, 0x00000000a9700000, 0x00000000a9800000|  0%| F|  |TAMS 0x00000000a9700000| PB 0x00000000a9700000| Untracked 
| 152|0x00000000a9800000, 0x00000000a9800000, 0x00000000a9900000|  0%| F|  |TAMS 0x00000000a9800000| PB 0x00000000a9800000| Untracked 
| 153|0x00000000a9900000, 0x00000000a9900000, 0x00000000a9a00000|  0%| F|  |TAMS 0x00000000a9900000| PB 0x00000000a9900000| Untracked 
| 154|0x00000000a9a00000, 0x00000000a9a00000, 0x00000000a9b00000|  0%| F|  |TAMS 0x00000000a9a00000| PB 0x00000000a9a00000| Untracked 
| 155|0x00000000a9b00000, 0x00000000a9b00000, 0x00000000a9c00000|  0%| F|  |TAMS 0x00000000a9b00000| PB 0x00000000a9b00000| Untracked 
| 156|0x00000000a9c00000, 0x00000000a9c00000, 0x00000000a9d00000|  0%| F|  |TAMS 0x00000000a9c00000| PB 0x00000000a9c00000| Untracked 
| 157|0x00000000a9d00000, 0x00000000a9d00000, 0x00000000a9e00000|  0%| F|  |TAMS 0x00000000a9d00000| PB 0x00000000a9d00000| Untracked 
| 158|0x00000000a9e00000, 0x00000000a9e00000, 0x00000000a9f00000|  0%| F|  |TAMS 0x00000000a9e00000| PB 0x00000000a9e00000| Untracked 
| 159|0x00000000a9f00000, 0x00000000a9f00000, 0x00000000aa000000|  0%| F|  |TAMS 0x00000000a9f00000| PB 0x00000000a9f00000| Untracked 
| 160|0x00000000aa000000, 0x00000000aa000000, 0x00000000aa100000|  0%| F|  |TAMS 0x00000000aa000000| PB 0x00000000aa000000| Untracked 
| 161|0x00000000aa100000, 0x00000000aa100000, 0x00000000aa200000|  0%| F|  |TAMS 0x00000000aa100000| PB 0x00000000aa100000| Untracked 
| 162|0x00000000aa200000, 0x00000000aa200000, 0x00000000aa300000|  0%| F|  |TAMS 0x00000000aa200000| PB 0x00000000aa200000| Untracked 
| 163|0x00000000aa300000, 0x00000000aa300000, 0x00000000aa400000|  0%| F|  |TAMS 0x00000000aa300000| PB 0x00000000aa300000| Untracked 
| 164|0x00000000aa400000, 0x00000000aa400000, 0x00000000aa500000|  0%| F|  |TAMS 0x00000000aa400000| PB 0x00000000aa400000| Untracked 
| 165|0x00000000aa500000, 0x00000000aa500000, 0x00000000aa600000|  0%| F|  |TAMS 0x00000000aa500000| PB 0x00000000aa500000| Untracked 
| 166|0x00000000aa600000, 0x00000000aa600000, 0x00000000aa700000|  0%| F|  |TAMS 0x00000000aa600000| PB 0x00000000aa600000| Untracked 
| 167|0x00000000aa700000, 0x00000000aa700000, 0x00000000aa800000|  0%| F|  |TAMS 0x00000000aa700000| PB 0x00000000aa700000| Untracked 
| 168|0x00000000aa800000, 0x00000000aa800000, 0x00000000aa900000|  0%| F|  |TAMS 0x00000000aa800000| PB 0x00000000aa800000| Untracked 
| 169|0x00000000aa900000, 0x00000000aa900000, 0x00000000aaa00000|  0%| F|  |TAMS 0x00000000aa900000| PB 0x00000000aa900000| Untracked 
| 170|0x00000000aaa00000, 0x00000000aaa00000, 0x00000000aab00000|  0%| F|  |TAMS 0x00000000aaa00000| PB 0x00000000aaa00000| Untracked 
| 171|0x00000000aab00000, 0x00000000aab00000, 0x00000000aac00000|  0%| F|  |TAMS 0x00000000aab00000| PB 0x00000000aab00000| Untracked 
| 172|0x00000000aac00000, 0x00000000aac00000, 0x00000000aad00000|  0%| F|  |TAMS 0x00000000aac00000| PB 0x00000000aac00000| Untracked 
| 173|0x00000000aad00000, 0x00000000aad00000, 0x00000000aae00000|  0%| F|  |TAMS 0x00000000aad00000| PB 0x00000000aad00000| Untracked 
| 174|0x00000000aae00000, 0x00000000aae00000, 0x00000000aaf00000|  0%| F|  |TAMS 0x00000000aae00000| PB 0x00000000aae00000| Untracked 
| 175|0x00000000aaf00000, 0x00000000aaf00000, 0x00000000ab000000|  0%| F|  |TAMS 0x00000000aaf00000| PB 0x00000000aaf00000| Untracked 
| 176|0x00000000ab000000, 0x00000000ab000000, 0x00000000ab100000|  0%| F|  |TAMS 0x00000000ab000000| PB 0x00000000ab000000| Untracked 
| 177|0x00000000ab100000, 0x00000000ab100000, 0x00000000ab200000|  0%| F|  |TAMS 0x00000000ab100000| PB 0x00000000ab100000| Untracked 
| 178|0x00000000ab200000, 0x00000000ab200000, 0x00000000ab300000|  0%| F|  |TAMS 0x00000000ab200000| PB 0x00000000ab200000| Untracked 
| 179|0x00000000ab300000, 0x00000000ab300000, 0x00000000ab400000|  0%| F|  |TAMS 0x00000000ab300000| PB 0x00000000ab300000| Untracked 
| 180|0x00000000ab400000, 0x00000000ab400000, 0x00000000ab500000|  0%| F|  |TAMS 0x00000000ab400000| PB 0x00000000ab400000| Untracked 
| 181|0x00000000ab500000, 0x00000000ab500000, 0x00000000ab600000|  0%| F|  |TAMS 0x00000000ab500000| PB 0x00000000ab500000| Untracked 
| 182|0x00000000ab600000, 0x00000000ab600000, 0x00000000ab700000|  0%| F|  |TAMS 0x00000000ab600000| PB 0x00000000ab600000| Untracked 
| 183|0x00000000ab700000, 0x00000000ab700000, 0x00000000ab800000|  0%| F|  |TAMS 0x00000000ab700000| PB 0x00000000ab700000| Untracked 
| 184|0x00000000ab800000, 0x00000000ab800000, 0x00000000ab900000|  0%| F|  |TAMS 0x00000000ab800000| PB 0x00000000ab800000| Untracked 
| 185|0x00000000ab900000, 0x00000000ab900000, 0x00000000aba00000|  0%| F|  |TAMS 0x00000000ab900000| PB 0x00000000ab900000| Untracked 
| 186|0x00000000aba00000, 0x00000000aba00000, 0x00000000abb00000|  0%| F|  |TAMS 0x00000000aba00000| PB 0x00000000aba00000| Untracked 
| 187|0x00000000abb00000, 0x00000000abb00000, 0x00000000abc00000|  0%| F|  |TAMS 0x00000000abb00000| PB 0x00000000abb00000| Untracked 
| 188|0x00000000abc00000, 0x00000000abc00000, 0x00000000abd00000|  0%| F|  |TAMS 0x00000000abc00000| PB 0x00000000abc00000| Untracked 
| 189|0x00000000abd00000, 0x00000000abd00000, 0x00000000abe00000|  0%| F|  |TAMS 0x00000000abd00000| PB 0x00000000abd00000| Untracked 
| 190|0x00000000abe00000, 0x00000000abe00000, 0x00000000abf00000|  0%| F|  |TAMS 0x00000000abe00000| PB 0x00000000abe00000| Untracked 
| 191|0x00000000abf00000, 0x00000000abf00000, 0x00000000ac000000|  0%| F|  |TAMS 0x00000000abf00000| PB 0x00000000abf00000| Untracked 
| 192|0x00000000ac000000, 0x00000000ac000000, 0x00000000ac100000|  0%| F|  |TAMS 0x00000000ac000000| PB 0x00000000ac000000| Untracked 
| 193|0x00000000ac100000, 0x00000000ac100000, 0x00000000ac200000|  0%| F|  |TAMS 0x00000000ac100000| PB 0x00000000ac100000| Untracked 
| 194|0x00000000ac200000, 0x00000000ac200000, 0x00000000ac300000|  0%| F|  |TAMS 0x00000000ac200000| PB 0x00000000ac200000| Untracked 
| 195|0x00000000ac300000, 0x00000000ac300000, 0x00000000ac400000|  0%| F|  |TAMS 0x00000000ac300000| PB 0x00000000ac300000| Untracked 
| 196|0x00000000ac400000, 0x00000000ac400000, 0x00000000ac500000|  0%| F|  |TAMS 0x00000000ac400000| PB 0x00000000ac400000| Untracked 
| 197|0x00000000ac500000, 0x00000000ac500000, 0x00000000ac600000|  0%| F|  |TAMS 0x00000000ac500000| PB 0x00000000ac500000| Untracked 
| 198|0x00000000ac600000, 0x00000000ac600000, 0x00000000ac700000|  0%| F|  |TAMS 0x00000000ac600000| PB 0x00000000ac600000| Untracked 
| 199|0x00000000ac700000, 0x00000000ac700000, 0x00000000ac800000|  0%| F|  |TAMS 0x00000000ac700000| PB 0x00000000ac700000| Untracked 
| 200|0x00000000ac800000, 0x00000000ac800000, 0x00000000ac900000|  0%| F|  |TAMS 0x00000000ac800000| PB 0x00000000ac800000| Untracked 
| 201|0x00000000ac900000, 0x00000000ac900000, 0x00000000aca00000|  0%| F|  |TAMS 0x00000000ac900000| PB 0x00000000ac900000| Untracked 
| 202|0x00000000aca00000, 0x00000000aca00000, 0x00000000acb00000|  0%| F|  |TAMS 0x00000000aca00000| PB 0x00000000aca00000| Untracked 
| 203|0x00000000acb00000, 0x00000000acb80800, 0x00000000acc00000| 50%| E|  |TAMS 0x00000000acb00000| PB 0x00000000acb00000| Complete 
| 204|0x00000000acc00000, 0x00000000acd00000, 0x00000000acd00000|100%| E|CS|TAMS 0x00000000acc00000| PB 0x00000000acc00000| Complete 
| 205|0x00000000acd00000, 0x00000000ace00000, 0x00000000ace00000|100%| E|CS|TAMS 0x00000000acd00000| PB 0x00000000acd00000| Complete 
| 206|0x00000000ace00000, 0x00000000acf00000, 0x00000000acf00000|100%| E|CS|TAMS 0x00000000ace00000| PB 0x00000000ace00000| Complete 
| 207|0x00000000acf00000, 0x00000000ad000000, 0x00000000ad000000|100%| E|CS|TAMS 0x00000000acf00000| PB 0x00000000acf00000| Complete 
| 208|0x00000000ad000000, 0x00000000ad100000, 0x00000000ad100000|100%| E|CS|TAMS 0x00000000ad000000| PB 0x00000000ad000000| Complete 
| 209|0x00000000ad100000, 0x00000000ad200000, 0x00000000ad200000|100%| E|CS|TAMS 0x00000000ad100000| PB 0x00000000ad100000| Complete 
| 210|0x00000000ad200000, 0x00000000ad300000, 0x00000000ad300000|100%| E|CS|TAMS 0x00000000ad200000| PB 0x00000000ad200000| Complete 
| 211|0x00000000ad300000, 0x00000000ad400000, 0x00000000ad400000|100%| E|CS|TAMS 0x00000000ad300000| PB 0x00000000ad300000| Complete 
| 212|0x00000000ad400000, 0x00000000ad500000, 0x00000000ad500000|100%| E|CS|TAMS 0x00000000ad400000| PB 0x00000000ad400000| Complete 
| 213|0x00000000ad500000, 0x00000000ad600000, 0x00000000ad600000|100%| E|CS|TAMS 0x00000000ad500000| PB 0x00000000ad500000| Complete 
| 214|0x00000000ad600000, 0x00000000ad700000, 0x00000000ad700000|100%| E|CS|TAMS 0x00000000ad600000| PB 0x00000000ad600000| Complete 
| 215|0x00000000ad700000, 0x00000000ad800000, 0x00000000ad800000|100%| E|CS|TAMS 0x00000000ad700000| PB 0x00000000ad700000| Complete 
| 216|0x00000000ad800000, 0x00000000ad900000, 0x00000000ad900000|100%| E|CS|TAMS 0x00000000ad800000| PB 0x00000000ad800000| Complete 
| 217|0x00000000ad900000, 0x00000000ada00000, 0x00000000ada00000|100%| E|CS|TAMS 0x00000000ad900000| PB 0x00000000ad900000| Complete 
| 218|0x00000000ada00000, 0x00000000adb00000, 0x00000000adb00000|100%| E|CS|TAMS 0x00000000ada00000| PB 0x00000000ada00000| Complete 
| 219|0x00000000adb00000, 0x00000000adc00000, 0x00000000adc00000|100%| E|CS|TAMS 0x00000000adb00000| PB 0x00000000adb00000| Complete 
| 220|0x00000000adc00000, 0x00000000add00000, 0x00000000add00000|100%| E|CS|TAMS 0x00000000adc00000| PB 0x00000000adc00000| Complete 
| 221|0x00000000add00000, 0x00000000ade00000, 0x00000000ade00000|100%| E|CS|TAMS 0x00000000add00000| PB 0x00000000add00000| Complete 
| 222|0x00000000ade00000, 0x00000000adf00000, 0x00000000adf00000|100%| E|CS|TAMS 0x00000000ade00000| PB 0x00000000ade00000| Complete 
| 223|0x00000000adf00000, 0x00000000ae000000, 0x00000000ae000000|100%| E|CS|TAMS 0x00000000adf00000| PB 0x00000000adf00000| Complete 
| 224|0x00000000ae000000, 0x00000000ae100000, 0x00000000ae100000|100%| E|CS|TAMS 0x00000000ae000000| PB 0x00000000ae000000| Complete 
| 225|0x00000000ae100000, 0x00000000ae200000, 0x00000000ae200000|100%| E|CS|TAMS 0x00000000ae100000| PB 0x00000000ae100000| Complete 
| 226|0x00000000ae200000, 0x00000000ae300000, 0x00000000ae300000|100%| E|CS|TAMS 0x00000000ae200000| PB 0x00000000ae200000| Complete 
| 227|0x00000000ae300000, 0x00000000ae400000, 0x00000000ae400000|100%| E|CS|TAMS 0x00000000ae300000| PB 0x00000000ae300000| Complete 
| 228|0x00000000ae400000, 0x00000000ae500000, 0x00000000ae500000|100%| E|CS|TAMS 0x00000000ae400000| PB 0x00000000ae400000| Complete 
| 229|0x00000000ae500000, 0x00000000ae600000, 0x00000000ae600000|100%| E|CS|TAMS 0x00000000ae500000| PB 0x00000000ae500000| Complete 
| 230|0x00000000ae600000, 0x00000000ae700000, 0x00000000ae700000|100%| E|CS|TAMS 0x00000000ae600000| PB 0x00000000ae600000| Complete 
| 231|0x00000000ae700000, 0x00000000ae800000, 0x00000000ae800000|100%| E|CS|TAMS 0x00000000ae700000| PB 0x00000000ae700000| Complete 
| 232|0x00000000ae800000, 0x00000000ae900000, 0x00000000ae900000|100%| E|CS|TAMS 0x00000000ae800000| PB 0x00000000ae800000| Complete 
| 233|0x00000000ae900000, 0x00000000aea00000, 0x00000000aea00000|100%| E|CS|TAMS 0x00000000ae900000| PB 0x00000000ae900000| Complete 
| 234|0x00000000aea00000, 0x00000000aeb00000, 0x00000000aeb00000|100%| E|CS|TAMS 0x00000000aea00000| PB 0x00000000aea00000| Complete 
| 235|0x00000000aeb00000, 0x00000000aec00000, 0x00000000aec00000|100%| E|CS|TAMS 0x00000000aeb00000| PB 0x00000000aeb00000| Complete 
| 236|0x00000000aec00000, 0x00000000aed00000, 0x00000000aed00000|100%| E|CS|TAMS 0x00000000aec00000| PB 0x00000000aec00000| Complete 
| 237|0x00000000aed00000, 0x00000000aee00000, 0x00000000aee00000|100%| E|CS|TAMS 0x00000000aed00000| PB 0x00000000aed00000| Complete 
| 238|0x00000000aee00000, 0x00000000aef00000, 0x00000000aef00000|100%| E|CS|TAMS 0x00000000aee00000| PB 0x00000000aee00000| Complete 
| 239|0x00000000aef00000, 0x00000000af000000, 0x00000000af000000|100%| E|CS|TAMS 0x00000000aef00000| PB 0x00000000aef00000| Complete 
| 240|0x00000000af000000, 0x00000000af100000, 0x00000000af100000|100%| E|CS|TAMS 0x00000000af000000| PB 0x00000000af000000| Complete 
| 241|0x00000000af100000, 0x00000000af200000, 0x00000000af200000|100%| E|CS|TAMS 0x00000000af100000| PB 0x00000000af100000| Complete 
| 242|0x00000000af200000, 0x00000000af300000, 0x00000000af300000|100%| E|CS|TAMS 0x00000000af200000| PB 0x00000000af200000| Complete 
| 243|0x00000000af300000, 0x00000000af400000, 0x00000000af400000|100%| E|CS|TAMS 0x00000000af300000| PB 0x00000000af300000| Complete 
| 244|0x00000000af400000, 0x00000000af500000, 0x00000000af500000|100%| E|CS|TAMS 0x00000000af400000| PB 0x00000000af400000| Complete 
| 245|0x00000000af500000, 0x00000000af600000, 0x00000000af600000|100%| E|CS|TAMS 0x00000000af500000| PB 0x00000000af500000| Complete 
| 246|0x00000000af600000, 0x00000000af700000, 0x00000000af700000|100%| E|CS|TAMS 0x00000000af600000| PB 0x00000000af600000| Complete 
| 247|0x00000000af700000, 0x00000000af800000, 0x00000000af800000|100%| E|CS|TAMS 0x00000000af700000| PB 0x00000000af700000| Complete 
| 248|0x00000000af800000, 0x00000000af900000, 0x00000000af900000|100%| E|CS|TAMS 0x00000000af800000| PB 0x00000000af800000| Complete 
| 249|0x00000000af900000, 0x00000000afa00000, 0x00000000afa00000|100%| E|CS|TAMS 0x00000000af900000| PB 0x00000000af900000| Complete 
| 250|0x00000000afa00000, 0x00000000afb00000, 0x00000000afb00000|100%| E|CS|TAMS 0x00000000afa00000| PB 0x00000000afa00000| Complete 
| 251|0x00000000afb00000, 0x00000000afc00000, 0x00000000afc00000|100%| E|CS|TAMS 0x00000000afb00000| PB 0x00000000afb00000| Complete 
| 252|0x00000000afc00000, 0x00000000afd00000, 0x00000000afd00000|100%| E|CS|TAMS 0x00000000afc00000| PB 0x00000000afc00000| Complete 
| 253|0x00000000afd00000, 0x00000000afe00000, 0x00000000afe00000|100%| E|CS|TAMS 0x00000000afd00000| PB 0x00000000afd00000| Complete 
| 254|0x00000000afe00000, 0x00000000aff00000, 0x00000000aff00000|100%| E|CS|TAMS 0x00000000afe00000| PB 0x00000000afe00000| Complete 
|1533|0x00000000ffd00000, 0x00000000ffe00000, 0x00000000ffe00000|100%| O|  |TAMS 0x00000000ffd00000| PB 0x00000000ffd00000| Untracked 
|1534|0x00000000ffe00000, 0x00000000fff00000, 0x00000000fff00000|100%| O|  |TAMS 0x00000000ffe00000| PB 0x00000000ffe00000| Untracked 
|1535|0x00000000fff00000, 0x0000000100000000, 0x0000000100000000|100%| O|  |TAMS 0x00000000fff00000| PB 0x00000000fff00000| Untracked 

Card table byte_map: [0x00000230d7910000,0x00000230d7c10000] _byte_map_base: 0x00000230d7410000

Marking Bits: (CMBitMap*) 0x00000230c05ac530
 Bits: [0x00000230d7f10000, 0x00000230d9710000)

Polling page: 0x00000230bfd20000

Metaspace:

Usage:
  Non-class:     78.64 MB used.
      Class:     12.36 MB used.
       Both:     91.01 MB used.

Virtual space:
  Non-class space:      128.00 MB reserved,      79.56 MB ( 62%) committed,  2 nodes.
      Class space:        1.00 GB reserved,      13.25 MB (  1%) committed,  1 nodes.
             Both:        1.12 GB reserved,      92.81 MB (  8%) committed. 

Chunk freelists:
   Non-Class:  3.95 MB
       Class:  2.64 MB
        Both:  6.59 MB

MaxMetaspaceSize: unlimited
CompressedClassSpaceSize: 1.00 GB
Initial GC threshold: 21.00 MB
Current GC threshold: 154.69 MB
CDS: on
MetaspaceReclaimPolicy: balanced
 - commit_granule_bytes: 65536.
 - commit_granule_words: 8192.
 - virtual_space_node_default_size: 8388608.
 - enlarge_chunks_in_place: 1.
 - new_chunks_are_fully_committed: 0.
 - uncommit_free_chunks: 1.
 - use_allocation_guard: 0.


Internal statistics:

num_allocs_failed_limit: 9.
num_arena_births: 3306.
num_arena_deaths: 12.
num_vsnodes_births: 3.
num_vsnodes_deaths: 0.
num_space_committed: 1485.
num_space_uncommitted: 0.
num_chunks_returned_to_freelist: 26.
num_chunks_taken_from_freelist: 7255.
num_chunk_merges: 12.
num_chunk_splits: 4880.
num_chunks_enlarged: 3227.
num_inconsistent_stats: 0.

CodeHeap 'non-profiled nmethods': size=120000Kb used=8407Kb max_used=8460Kb free=111592Kb
 bounds [0x00000230d00e0000, 0x00000230d0940000, 0x00000230d7610000]
CodeHeap 'profiled nmethods': size=120000Kb used=28983Kb max_used=29398Kb free=91016Kb
 bounds [0x00000230c8610000, 0x00000230ca2d0000, 0x00000230cfb40000]
CodeHeap 'non-nmethods': size=5760Kb used=2912Kb max_used=3020Kb free=2847Kb
 bounds [0x00000230cfb40000, 0x00000230cfe60000, 0x00000230d00e0000]
 total_blobs=15392 nmethods=14441 adapters=860
 compilation: enabled
              stopped_count=0, restarted_count=0
 full_count=0

Compilation events (20 events):
Event: 28.161 Thread 0x00000230dbc0a0b0 18076       3       com.android.tools.r8.graph.w0$$Lambda$1619/0x0000000801c98428::apply (28 bytes)
Event: 28.161 Thread 0x00000230dbc0a0b0 nmethod 18076 0x00000230c8642010 code [0x00000230c86421a0, 0x00000230c86423f8]
Event: 28.161 Thread 0x00000230dbc0a0b0 18077       3       com.android.tools.r8.internal.DF::a (27 bytes)
Event: 28.162 Thread 0x00000230dbc0a0b0 nmethod 18077 0x00000230c8642e10 code [0x00000230c8642fc0, 0x00000230c86433e0]
Event: 28.162 Thread 0x00000230dbc0a0b0 18078       3       com.android.tools.r8.graph.w0::a (119 bytes)
Event: 28.163 Thread 0x00000230dbc0a0b0 nmethod 18078 0x00000230c904bc90 code [0x00000230c904c020, 0x00000230c904d848]
Event: 28.234 Thread 0x00000230dbc0a0b0 18080       2       java.nio.file.FileTreeWalker$DirectoryNode::<init> (30 bytes)
Event: 28.234 Thread 0x00000230dbc0a0b0 nmethod 18080 0x00000230c894a390 code [0x00000230c894a520, 0x00000230c894a7c8]
Event: 28.237 Thread 0x00000230dbc0a0b0 18081       2       java.lang.invoke.DelegatingMethodHandle$Holder::reinvoke_L (20 bytes)
Event: 28.237 Thread 0x00000230dbc0a0b0 nmethod 18081 0x00000230c9abcd90 code [0x00000230c9abcf20, 0x00000230c9abd0c0]
Event: 28.237 Thread 0x00000230dbc0a0b0 18082   !   2       sun.management.Util::newObjectName (15 bytes)
Event: 28.237 Thread 0x00000230dbc0a0b0 nmethod 18082 0x00000230c977a590 code [0x00000230c977a740, 0x00000230c977a988]
Event: 28.237 Thread 0x00000230dbc0a0b0 18083       2       java.lang.invoke.LambdaForm$MH/0x00000008010c9c00::invoke (45 bytes)
Event: 28.237 Thread 0x00000230dbc0a0b0 nmethod 18083 0x00000230c977d690 code [0x00000230c977d840, 0x00000230c977da58]
Event: 28.316 Thread 0x00000230dbc0a0b0 18085       1       com.android.tools.r8.internal.c6::a (5 bytes)
Event: 28.316 Thread 0x00000230dbc0a0b0 nmethod 18085 0x00000230d075cb10 code [0x00000230d075cc80, 0x00000230d075cd48]
Event: 28.353 Thread 0x00000230dbc0a0b0 18086 %     2       com.android.tools.r8.internal.Ed::a @ 13 (362 bytes)
Event: 28.355 Thread 0x00000230dbc0a0b0 nmethod 18086% 0x00000230c9f5f310 code [0x00000230c9f5f660, 0x00000230c9f60510]
Event: 28.358 Thread 0x00000230dbc0a0b0 18087       2       com.android.tools.r8.internal.Ed::a (362 bytes)
Event: 28.360 Thread 0x00000230dbc0a0b0 nmethod 18087 0x00000230c9df3410 code [0x00000230c9df3760, 0x00000230c9df44e8]

GC Heap History (20 events):
Event: 21.947 GC heap before
{Heap before GC invocations=45 (full 0):
 garbage-first heap   total 220160K, used 200891K [0x00000000a0000000, 0x0000000100000000)
  region size 1024K, 93 young (95232K), 6 survivors (6144K)
 Metaspace       used 92496K, committed 94336K, reserved 1179648K
  class space    used 12628K, committed 13568K, reserved 1048576K
}
Event: 21.954 GC heap after
{Heap after GC invocations=46 (full 0):
 garbage-first heap   total 264192K, used 112392K [0x00000000a0000000, 0x0000000100000000)
  region size 1024K, 7 young (7168K), 7 survivors (7168K)
 Metaspace       used 92496K, committed 94336K, reserved 1179648K
  class space    used 12628K, committed 13568K, reserved 1048576K
}
Event: 22.625 GC heap before
{Heap before GC invocations=47 (full 0):
 garbage-first heap   total 264192K, used 241416K [0x00000000a0000000, 0x0000000100000000)
  region size 1024K, 133 young (136192K), 7 survivors (7168K)
 Metaspace       used 92544K, committed 94400K, reserved 1179648K
  class space    used 12630K, committed 13568K, reserved 1048576K
}
Event: 22.633 GC heap after
{Heap after GC invocations=48 (full 0):
 garbage-first heap   total 264192K, used 111692K [0x00000000a0000000, 0x0000000100000000)
  region size 1024K, 6 young (6144K), 6 survivors (6144K)
 Metaspace       used 92544K, committed 94400K, reserved 1179648K
  class space    used 12630K, committed 13568K, reserved 1048576K
}
Event: 23.181 GC heap before
{Heap before GC invocations=48 (full 0):
 garbage-first heap   total 264192K, used 242764K [0x00000000a0000000, 0x0000000100000000)
  region size 1024K, 134 young (137216K), 6 survivors (6144K)
 Metaspace       used 92774K, committed 94592K, reserved 1179648K
  class space    used 12643K, committed 13568K, reserved 1048576K
}
Event: 23.190 GC heap after
{Heap after GC invocations=49 (full 0):
 garbage-first heap   total 264192K, used 110746K [0x00000000a0000000, 0x0000000100000000)
  region size 1024K, 7 young (7168K), 7 survivors (7168K)
 Metaspace       used 92774K, committed 94592K, reserved 1179648K
  class space    used 12643K, committed 13568K, reserved 1048576K
}
Event: 23.616 GC heap before
{Heap before GC invocations=49 (full 0):
 garbage-first heap   total 264192K, used 241818K [0x00000000a0000000, 0x0000000100000000)
  region size 1024K, 135 young (138240K), 7 survivors (7168K)
 Metaspace       used 92798K, committed 94656K, reserved 1179648K
  class space    used 12643K, committed 13568K, reserved 1048576K
}
Event: 23.622 GC heap after
{Heap after GC invocations=50 (full 0):
 garbage-first heap   total 264192K, used 110055K [0x00000000a0000000, 0x0000000100000000)
  region size 1024K, 6 young (6144K), 6 survivors (6144K)
 Metaspace       used 92798K, committed 94656K, reserved 1179648K
  class space    used 12643K, committed 13568K, reserved 1048576K
}
Event: 24.331 GC heap before
{Heap before GC invocations=51 (full 0):
 garbage-first heap   total 264192K, used 243175K [0x00000000a0000000, 0x0000000100000000)
  region size 1024K, 136 young (139264K), 6 survivors (6144K)
 Metaspace       used 92873K, committed 94720K, reserved 1179648K
  class space    used 12650K, committed 13568K, reserved 1048576K
}
Event: 24.338 GC heap after
{Heap after GC invocations=52 (full 0):
 garbage-first heap   total 264192K, used 110183K [0x00000000a0000000, 0x0000000100000000)
  region size 1024K, 6 young (6144K), 6 survivors (6144K)
 Metaspace       used 92873K, committed 94720K, reserved 1179648K
  class space    used 12650K, committed 13568K, reserved 1048576K
}
Event: 25.004 GC heap before
{Heap before GC invocations=52 (full 0):
 garbage-first heap   total 264192K, used 244327K [0x00000000a0000000, 0x0000000100000000)
  region size 1024K, 136 young (139264K), 6 survivors (6144K)
 Metaspace       used 92944K, committed 94784K, reserved 1179648K
  class space    used 12651K, committed 13568K, reserved 1048576K
}
Event: 25.012 GC heap after
{Heap after GC invocations=53 (full 0):
 garbage-first heap   total 264192K, used 107911K [0x00000000a0000000, 0x0000000100000000)
  region size 1024K, 6 young (6144K), 6 survivors (6144K)
 Metaspace       used 92944K, committed 94784K, reserved 1179648K
  class space    used 12651K, committed 13568K, reserved 1048576K
}
Event: 25.533 GC heap before
{Heap before GC invocations=53 (full 0):
 garbage-first heap   total 264192K, used 243079K [0x00000000a0000000, 0x0000000100000000)
  region size 1024K, 138 young (141312K), 6 survivors (6144K)
 Metaspace       used 92977K, committed 94848K, reserved 1179648K
  class space    used 12651K, committed 13568K, reserved 1048576K
}
Event: 25.545 GC heap after
{Heap after GC invocations=54 (full 0):
 garbage-first heap   total 264192K, used 109678K [0x00000000a0000000, 0x0000000100000000)
  region size 1024K, 8 young (8192K), 8 survivors (8192K)
 Metaspace       used 92977K, committed 94848K, reserved 1179648K
  class space    used 12651K, committed 13568K, reserved 1048576K
}
Event: 26.227 GC heap before
{Heap before GC invocations=55 (full 0):
 garbage-first heap   total 264192K, used 239726K [0x00000000a0000000, 0x0000000100000000)
  region size 1024K, 136 young (139264K), 8 survivors (8192K)
 Metaspace       used 93039K, committed 94912K, reserved 1179648K
  class space    used 12655K, committed 13568K, reserved 1048576K
}
Event: 26.235 GC heap after
{Heap after GC invocations=56 (full 0):
 garbage-first heap   total 264192K, used 109104K [0x00000000a0000000, 0x0000000100000000)
  region size 1024K, 7 young (7168K), 7 survivors (7168K)
 Metaspace       used 93039K, committed 94912K, reserved 1179648K
  class space    used 12655K, committed 13568K, reserved 1048576K
}
Event: 27.025 GC heap before
{Heap before GC invocations=56 (full 0):
 garbage-first heap   total 264192K, used 244272K [0x00000000a0000000, 0x0000000100000000)
  region size 1024K, 137 young (140288K), 7 survivors (7168K)
 Metaspace       used 93138K, committed 94976K, reserved 1179648K
  class space    used 12661K, committed 13568K, reserved 1048576K
}
Event: 27.033 GC heap after
{Heap after GC invocations=57 (full 0):
 garbage-first heap   total 264192K, used 102214K [0x00000000a0000000, 0x0000000100000000)
  region size 1024K, 4 young (4096K), 4 survivors (4096K)
 Metaspace       used 93138K, committed 94976K, reserved 1179648K
  class space    used 12661K, committed 13568K, reserved 1048576K
}
Event: 27.808 GC heap before
{Heap before GC invocations=57 (full 0):
 garbage-first heap   total 264192K, used 244550K [0x00000000a0000000, 0x0000000100000000)
  region size 1024K, 143 young (146432K), 4 survivors (4096K)
 Metaspace       used 93173K, committed 95040K, reserved 1179648K
  class space    used 12661K, committed 13568K, reserved 1048576K
}
Event: 27.825 GC heap after
{Heap after GC invocations=58 (full 0):
 garbage-first heap   total 264192K, used 112829K [0x00000000a0000000, 0x0000000100000000)
  region size 1024K, 14 young (14336K), 14 survivors (14336K)
 Metaspace       used 93173K, committed 95040K, reserved 1179648K
  class space    used 12661K, committed 13568K, reserved 1048576K
}

Dll operation events (13 events):
Event: 0.008 Loaded shared library C:\Users\User\.jdks\openjdk-20.0.1\bin\java.dll
Event: 0.017 Loaded shared library C:\Users\User\.jdks\openjdk-20.0.1\bin\jsvml.dll
Event: 0.058 Loaded shared library C:\Users\User\.jdks\openjdk-20.0.1\bin\net.dll
Event: 0.060 Loaded shared library C:\Users\User\.jdks\openjdk-20.0.1\bin\nio.dll
Event: 0.065 Loaded shared library C:\Users\User\.jdks\openjdk-20.0.1\bin\zip.dll
Event: 0.272 Loaded shared library C:\Users\User\.jdks\openjdk-20.0.1\bin\jimage.dll
Event: 0.336 Loaded shared library C:\Users\User\.jdks\openjdk-20.0.1\bin\verify.dll
Event: 0.497 Loaded shared library C:\Users\User\.gradle\native\e1d6ef7f7dcc3fd88c89a11ec53ec762bb8ba0a96d01ffa2cd45eb1d1d8dd5c5\windows-amd64\native-platform.dll
Event: 0.502 Loaded shared library C:\Users\User\.gradle\native\5664cfc778a61ccfe75a443a1ab52a65af34e5dc3c78e0209fed803814484fcb\windows-amd64\native-platform-file-events.dll
Event: 1.189 Loaded shared library C:\Users\User\.jdks\openjdk-20.0.1\bin\management.dll
Event: 1.193 Loaded shared library C:\Users\User\.jdks\openjdk-20.0.1\bin\management_ext.dll
Event: 1.401 Loaded shared library C:\Users\User\.jdks\openjdk-20.0.1\bin\extnet.dll
Event: 1.541 Loaded shared library C:\Users\User\.jdks\openjdk-20.0.1\bin\sunmscapi.dll

Deoptimization events (20 events):
Event: 27.710 Thread 0x00000230e257fb20 DEOPT PACKING pc=0x00000230c9b060c4 sp=0x00000060cb7f90b0
Event: 27.710 Thread 0x00000230e257fb20 DEOPT UNPACKING pc=0x00000230cfbaa4a3 sp=0x00000060cb7f87e0 mode 0
Event: 27.729 Thread 0x00000230e257fb20 DEOPT PACKING pc=0x00000230c9b06061 sp=0x00000060cb7f9090
Event: 27.729 Thread 0x00000230e257fb20 DEOPT UNPACKING pc=0x00000230cfbaa4a3 sp=0x00000060cb7f87c0 mode 0
Event: 27.763 Thread 0x00000230e09fe020 DEOPT PACKING pc=0x00000230c9d08465 sp=0x00000060ca3f9b70
Event: 27.763 Thread 0x00000230e09fe020 DEOPT UNPACKING pc=0x00000230cfbaa4a3 sp=0x00000060ca3f90e8 mode 0
Event: 28.094 Thread 0x00000230e257fb20 DEOPT PACKING pc=0x00000230c9c962b7 sp=0x00000060cb7f8d10
Event: 28.094 Thread 0x00000230e257fb20 DEOPT UNPACKING pc=0x00000230cfbaa4a3 sp=0x00000060cb7f8308 mode 0
Event: 28.102 Thread 0x00000230e257fb20 DEOPT PACKING pc=0x00000230c9d0809f sp=0x00000060cb7f9410
Event: 28.102 Thread 0x00000230e257fb20 DEOPT UNPACKING pc=0x00000230cfbaa4a3 sp=0x00000060cb7f8980 mode 0
Event: 28.146 Thread 0x00000230e257fb20 DEOPT PACKING pc=0x00000230ca246013 sp=0x00000060cb7f8f10
Event: 28.146 Thread 0x00000230e257fb20 DEOPT UNPACKING pc=0x00000230cfbaa4a3 sp=0x00000060cb7f8730 mode 0
Event: 28.240 Thread 0x00000230e257fb20 DEOPT PACKING pc=0x00000230c9c962b7 sp=0x00000060cb7f8d10
Event: 28.240 Thread 0x00000230e257fb20 DEOPT UNPACKING pc=0x00000230cfbaa4a3 sp=0x00000060cb7f8308 mode 0
Event: 28.240 Thread 0x00000230e257fb20 DEOPT PACKING pc=0x00000230c99ba82b sp=0x00000060cb7f95d0
Event: 28.240 Thread 0x00000230e257fb20 DEOPT UNPACKING pc=0x00000230cfbaa4a3 sp=0x00000060cb7f8bf0 mode 0
Event: 28.350 Thread 0x00000230e257fb20 Uncommon trap: trap_request=0xffffffde fr.pc=0x00000230d07bdfec relative=0x0000000000002b6c
Event: 28.350 Thread 0x00000230e257fb20 Uncommon trap: reason=class_check action=maybe_recompile pc=0x00000230d07bdfec method=com.android.tools.r8.internal.Ed.a(Ljava/util/Queue;Lcom/android/tools/r8/internal/Sl;Lcom/android/tools/r8/internal/h4;)V @ 308 c2
Event: 28.350 Thread 0x00000230e257fb20 DEOPT PACKING pc=0x00000230d07bdfec sp=0x00000060cb7f9640
Event: 28.350 Thread 0x00000230e257fb20 DEOPT UNPACKING pc=0x00000230cfba9d1c sp=0x00000060cb7f9648 mode 2

Classes loaded (20 events):
Event: 17.173 Loading class java/util/IdentityHashMap$ValueIterator
Event: 17.173 Loading class java/util/IdentityHashMap$ValueIterator done
Event: 17.196 Loading class java/util/SortedSet$1
Event: 17.196 Loading class java/util/SortedSet$1 done
Event: 17.382 Loading class java/util/stream/SliceOps
Event: 17.382 Loading class java/util/stream/SliceOps done
Event: 17.382 Loading class java/util/stream/SliceOps$1
Event: 17.382 Loading class java/util/stream/SliceOps$1 done
Event: 17.384 Loading class java/util/stream/SliceOps$1$1
Event: 17.384 Loading class java/util/stream/SliceOps$1$1 done
Event: 18.126 Loading class java/util/IdentityHashMap$KeySpliterator
Event: 18.126 Loading class java/util/IdentityHashMap$IdentityHashMapSpliterator
Event: 18.126 Loading class java/util/IdentityHashMap$IdentityHashMapSpliterator done
Event: 18.126 Loading class java/util/IdentityHashMap$KeySpliterator done
Event: 18.139 Loading class java/nio/ShortBuffer
Event: 18.139 Loading class java/nio/ShortBuffer done
Event: 18.226 Loading class java/nio/ByteBufferAsShortBufferL
Event: 18.227 Loading class java/nio/ByteBufferAsShortBufferL done
Event: 18.278 Loading class java/util/zip/Adler32
Event: 18.278 Loading class java/util/zip/Adler32 done

Classes unloaded (6 events):
Event: 15.349 Thread 0x00000230dbbd3bf0 Unloading class 0x0000000801af8c00 'java/lang/invoke/LambdaForm$DMH+0x0000000801af8c00'
Event: 15.349 Thread 0x00000230dbbd3bf0 Unloading class 0x0000000801af8800 'java/lang/invoke/LambdaForm$DMH+0x0000000801af8800'
Event: 15.349 Thread 0x00000230dbbd3bf0 Unloading class 0x0000000801af8400 'java/lang/invoke/LambdaForm$DMH+0x0000000801af8400'
Event: 19.433 Thread 0x00000230dbbd3bf0 Unloading class 0x0000000801c5c000 'java/lang/invoke/LambdaForm$DMH+0x0000000801c5c000'
Event: 19.434 Thread 0x00000230dbbd3bf0 Unloading class 0x0000000801bf1400 'java/lang/invoke/LambdaForm$DMH+0x0000000801bf1400'
Event: 19.434 Thread 0x00000230dbbd3bf0 Unloading class 0x0000000801bf0400 'java/lang/invoke/LambdaForm$DMH+0x0000000801bf0400'

Classes redefined (0 events):
No events

Internal exceptions (20 events):
Event: 17.805 Thread 0x00000230e09fe020 Exception <a 'java/lang/NoSuchMethodError'{0x00000000a964fbf0}: 'void java.lang.invoke.DirectMethodHandle$Holder.invokeStatic(java.lang.Object, java.lang.Object, java.lang.Object, java.lang.Object, java.lang.Object, java.lang.Object, java.lang.Object, java.lang.Object)'> (0x00000000a964fbf0) 
thrown [s\open\src\hotspot\share\interpreter\linkResolver.cpp, line 773]
Event: 18.059 Thread 0x00000230e09fe020 Exception <a 'java/lang/IncompatibleClassChangeError'{0x00000000a85f8dd8}: Found class java.lang.Object, but interface was expected> (0x00000000a85f8dd8) 
thrown [s\open\src\hotspot\share\interpreter\linkResolver.cpp, line 840]
Event: 18.296 Thread 0x00000230e09fe020 Exception <a 'sun/nio/fs/WindowsException'{0x00000000aa016420}> (0x00000000aa016420) 
thrown [s\open\src\hotspot\share\prims\jni.cpp, line 519]
Event: 18.296 Thread 0x00000230e09ff560 Exception <a 'sun/nio/fs/WindowsException'{0x00000000aa2a29b8}> (0x00000000aa2a29b8) 
thrown [s\open\src\hotspot\share\prims\jni.cpp, line 519]
Event: 19.891 Thread 0x00000230e09ff560 Exception <a 'java/lang/NoSuchMethodError'{0x00000000ac898218}: 'int java.lang.invoke.DirectMethodHandle$Holder.invokeInterface(java.lang.Object, java.lang.Object, int)'> (0x00000000ac898218) 
thrown [s\open\src\hotspot\share\interpreter\linkResolver.cpp, line 773]
Event: 22.965 Thread 0x00000230e09ff560 Exception <a 'sun/nio/fs/WindowsException'{0x00000000ac1a3068}> (0x00000000ac1a3068) 
thrown [s\open\src\hotspot\share\prims\jni.cpp, line 519]
Event: 23.530 Thread 0x00000230e257fb20 Implicit null exception at 0x00000230d0870833 to 0x00000230d08743b4
Event: 24.480 Thread 0x00000230e09fe020 Exception <a 'sun/nio/fs/WindowsException'{0x00000000ae73d578}> (0x00000000ae73d578) 
thrown [s\open\src\hotspot\share\prims\jni.cpp, line 519]
Event: 25.042 Thread 0x00000230e09fe020 Exception <a 'sun/nio/fs/WindowsException'{0x00000000af86c3f0}> (0x00000000af86c3f0) 
thrown [s\open\src\hotspot\share\prims\jni.cpp, line 519]
Event: 26.200 Thread 0x00000230e09ff560 Implicit null exception at 0x00000230d08ac46b to 0x00000230d08b118c
Event: 26.366 Thread 0x00000230e09ff560 Exception <a 'sun/nio/fs/WindowsException'{0x00000000ae9993f0}> (0x00000000ae9993f0) 
thrown [s\open\src\hotspot\share\prims\jni.cpp, line 519]
Event: 26.430 Thread 0x00000230e09fe020 Exception <a 'sun/nio/fs/WindowsException'{0x00000000adb80998}> (0x00000000adb80998) 
thrown [s\open\src\hotspot\share\prims\jni.cpp, line 519]
Event: 26.467 Thread 0x00000230e257fb20 Exception <a 'sun/nio/fs/WindowsException'{0x00000000ad95e988}> (0x00000000ad95e988) 
thrown [s\open\src\hotspot\share\prims\jni.cpp, line 519]
Event: 26.535 Thread 0x00000230e257bb60 Exception <a 'sun/nio/fs/WindowsException'{0x00000000ad7338e0}> (0x00000000ad7338e0) 
thrown [s\open\src\hotspot\share\prims\jni.cpp, line 519]
Event: 27.074 Thread 0x00000230e09fe020 Exception <a 'sun/nio/fs/WindowsException'{0x00000000af8d31f8}> (0x00000000af8d31f8) 
thrown [s\open\src\hotspot\share\prims\jni.cpp, line 519]
Event: 27.184 Thread 0x00000230e257bb60 Exception <a 'sun/nio/fs/WindowsException'{0x00000000ae9297d0}> (0x00000000ae9297d0) 
thrown [s\open\src\hotspot\share\prims\jni.cpp, line 519]
Event: 27.186 Thread 0x00000230e09ff560 Exception <a 'sun/nio/fs/WindowsException'{0x00000000aebd4c18}> (0x00000000aebd4c18) 
thrown [s\open\src\hotspot\share\prims\jni.cpp, line 519]
Event: 27.292 Thread 0x00000230e257bb60 Exception <a 'sun/nio/fs/WindowsException'{0x00000000ade4bef8}> (0x00000000ade4bef8) 
thrown [s\open\src\hotspot\share\prims\jni.cpp, line 519]
Event: 27.658 Thread 0x00000230e09ff560 Exception <a 'sun/nio/fs/WindowsException'{0x00000000a8fc09b0}> (0x00000000a8fc09b0) 
thrown [s\open\src\hotspot\share\prims\jni.cpp, line 519]
Event: 28.081 Thread 0x00000230e09fe020 Exception <a 'sun/nio/fs/WindowsException'{0x00000000af49cb68}> (0x00000000af49cb68) 
thrown [s\open\src\hotspot\share\prims\jni.cpp, line 519]

VM Operations (20 events):
Event: 24.331 Executing VM operation: G1CollectForAllocation
Event: 24.339 Executing VM operation: G1CollectForAllocation done
Event: 25.003 Executing VM operation: G1CollectForAllocation
Event: 25.015 Executing VM operation: G1CollectForAllocation done
Event: 25.533 Executing VM operation: G1CollectForAllocation
Event: 25.562 Executing VM operation: G1CollectForAllocation done
Event: 25.771 Executing VM operation: G1PauseRemark
Event: 25.789 Executing VM operation: G1PauseRemark done
Event: 25.885 Executing VM operation: G1PauseCleanup
Event: 25.887 Executing VM operation: G1PauseCleanup done
Event: 26.213 Executing VM operation: G1CollectForAllocation
Event: 26.247 Executing VM operation: G1CollectForAllocation done
Event: 27.025 Executing VM operation: G1CollectForAllocation
Event: 27.034 Executing VM operation: G1CollectForAllocation done
Event: 27.808 Executing VM operation: G1CollectForAllocation
Event: 27.854 Executing VM operation: G1CollectForAllocation done
Event: 28.039 Executing VM operation: G1PauseRemark
Event: 28.058 Executing VM operation: G1PauseRemark done
Event: 28.152 Executing VM operation: G1PauseCleanup
Event: 28.152 Executing VM operation: G1PauseCleanup done

Events (20 events):
Event: 28.052 Thread 0x00000230dbbd3bf0 flushing nmethod 0x00000230c895ee90
Event: 28.052 Thread 0x00000230dbbd3bf0 flushing nmethod 0x00000230c895e210
Event: 28.052 Thread 0x00000230dbbd3bf0 flushing nmethod 0x00000230c895dc90
Event: 28.052 Thread 0x00000230dbbd3bf0 flushing nmethod 0x00000230c895d910
Event: 28.052 Thread 0x00000230dbbd3bf0 flushing nmethod 0x00000230c8956790
Event: 28.052 Thread 0x00000230dbbd3bf0 flushing nmethod 0x00000230c894a390
Event: 28.052 Thread 0x00000230dbbd3bf0 flushing nmethod 0x00000230c8910490
Event: 28.052 Thread 0x00000230dbbd3bf0 flushing nmethod 0x00000230c8799390
Event: 28.052 Thread 0x00000230dbbd3bf0 flushing nmethod 0x00000230c8795590
Event: 28.052 Thread 0x00000230dbbd3bf0 flushing nmethod 0x00000230c873f890
Event: 28.052 Thread 0x00000230dbbd3bf0 flushing nmethod 0x00000230c878a310
Event: 28.052 Thread 0x00000230dbbd3bf0 flushing nmethod 0x00000230c8776210
Event: 28.052 Thread 0x00000230dbbd3bf0 flushing nmethod 0x00000230c86d3e90
Event: 28.052 Thread 0x00000230dbbd3bf0 flushing nmethod 0x00000230c86bd010
Event: 28.052 Thread 0x00000230dbbd3bf0 flushing nmethod 0x00000230c86bac90
Event: 28.052 Thread 0x00000230dbbd3bf0 flushing nmethod 0x00000230c8642e10
Event: 28.052 Thread 0x00000230dbbd3bf0 flushing nmethod 0x00000230c8642010
Event: 28.052 Thread 0x00000230dbbd3bf0 flushing nmethod 0x00000230c862f790
Event: 28.052 Thread 0x00000230dbbd3bf0 flushing nmethod 0x00000230d04caa90
Event: 28.052 Thread 0x00000230dbbd3bf0 flushing nmethod 0x00000230d07c1f10


Dynamic libraries:
0x00007ff7be820000 - 0x00007ff7be82e000 	C:\Users\User\.jdks\openjdk-20.0.1\bin\java.exe
0x00007fffd2730000 - 0x00007fffd2928000 	C:\WINDOWS\SYSTEM32\ntdll.dll
0x00007fffd2630000 - 0x00007fffd26ef000 	C:\WINDOWS\System32\KERNEL32.DLL
0x00007fffd00f0000 - 0x00007fffd03e6000 	C:\WINDOWS\System32\KERNELBASE.dll
0x00007fffcd710000 - 0x00007fffcd7a1000 	C:\WINDOWS\SYSTEM32\apphelp.dll
0x00007fffd05b0000 - 0x00007fffd06b0000 	C:\WINDOWS\System32\ucrtbase.dll
0x00007fffb7400000 - 0x00007fffb741b000 	C:\Users\User\.jdks\openjdk-20.0.1\bin\VCRUNTIME140.dll
0x00007fffb6e90000 - 0x00007fffb6ea7000 	C:\Users\User\.jdks\openjdk-20.0.1\bin\jli.dll
0x00007fffd12e0000 - 0x00007fffd147d000 	C:\WINDOWS\System32\USER32.dll
0x00007fffd0760000 - 0x00007fffd0782000 	C:\WINDOWS\System32\win32u.dll
0x00007fffc3fa0000 - 0x00007fffc423a000 	C:\WINDOWS\WinSxS\amd64_microsoft.windows.common-controls_6595b64144ccf1df_6.0.19041.1110_none_60b5254171f9507e\COMCTL32.dll
0x00007fffd15f0000 - 0x00007fffd161c000 	C:\WINDOWS\System32\GDI32.dll
0x00007fffd1990000 - 0x00007fffd1a2e000 	C:\WINDOWS\System32\msvcrt.dll
0x00007fffd0420000 - 0x00007fffd0535000 	C:\WINDOWS\System32\gdi32full.dll
0x00007fffcfe10000 - 0x00007fffcfead000 	C:\WINDOWS\System32\msvcp_win.dll
0x00007fffd15b0000 - 0x00007fffd15e0000 	C:\WINDOWS\System32\IMM32.DLL
0x00007fffbd220000 - 0x00007fffbd22c000 	C:\Users\User\.jdks\openjdk-20.0.1\bin\vcruntime140_1.dll
0x00007fffab8d0000 - 0x00007fffab95e000 	C:\Users\User\.jdks\openjdk-20.0.1\bin\msvcp140.dll
0x00007fff96c80000 - 0x00007fff97917000 	C:\Users\User\.jdks\openjdk-20.0.1\bin\server\jvm.dll
0x00007fffd10f0000 - 0x00007fffd119f000 	C:\WINDOWS\System32\ADVAPI32.dll
0x00007fffd1ec0000 - 0x00007fffd1f5c000 	C:\WINDOWS\System32\sechost.dll
0x00007fffd1480000 - 0x00007fffd15a6000 	C:\WINDOWS\System32\RPCRT4.dll
0x00007fffbbc50000 - 0x00007fffbbc59000 	C:\WINDOWS\SYSTEM32\WSOCK32.dll
0x00007fffc5670000 - 0x00007fffc5697000 	C:\WINDOWS\SYSTEM32\WINMM.dll
0x00007fffcaf90000 - 0x00007fffcaf9a000 	C:\WINDOWS\SYSTEM32\VERSION.dll
0x00007fffd0930000 - 0x00007fffd099b000 	C:\WINDOWS\System32\WS2_32.dll
0x00007fffcdcf0000 - 0x00007fffcdd02000 	C:\WINDOWS\SYSTEM32\kernel.appcore.dll
0x00007fffbc0f0000 - 0x00007fffbc0fa000 	C:\Users\User\.jdks\openjdk-20.0.1\bin\jimage.dll
0x00007fffbb370000 - 0x00007fffbb554000 	C:\WINDOWS\SYSTEM32\DBGHELP.DLL
0x00007fffbbad0000 - 0x00007fffbbb04000 	C:\WINDOWS\SYSTEM32\dbgcore.DLL
0x00007fffcfeb0000 - 0x00007fffcff32000 	C:\WINDOWS\System32\bcryptPrimitives.dll
0x00007fffb1ff0000 - 0x00007fffb2016000 	C:\Users\User\.jdks\openjdk-20.0.1\bin\java.dll
0x00007fffa3d90000 - 0x00007fffa3e67000 	C:\Users\User\.jdks\openjdk-20.0.1\bin\jsvml.dll
0x00007fffd09a0000 - 0x00007fffd10e4000 	C:\WINDOWS\System32\SHELL32.dll
0x00007fffcdef0000 - 0x00007fffce683000 	C:\WINDOWS\SYSTEM32\windows.storage.dll
0x00007fffd1b00000 - 0x00007fffd1e54000 	C:\WINDOWS\System32\combase.dll
0x00007fffcf790000 - 0x00007fffcf7be000 	C:\WINDOWS\SYSTEM32\Wldp.dll
0x00007fffd1620000 - 0x00007fffd16cd000 	C:\WINDOWS\System32\SHCORE.dll
0x00007fffd1e60000 - 0x00007fffd1eb5000 	C:\WINDOWS\System32\shlwapi.dll
0x00007fffcfd50000 - 0x00007fffcfd6f000 	C:\WINDOWS\SYSTEM32\profapi.dll
0x00007fffb6e70000 - 0x00007fffb6e83000 	C:\Users\User\.jdks\openjdk-20.0.1\bin\net.dll
0x00007fffc9600000 - 0x00007fffc970a000 	C:\WINDOWS\SYSTEM32\WINHTTP.dll
0x00007fffcf4f0000 - 0x00007fffcf55a000 	C:\WINDOWS\system32\mswsock.dll
0x00007fffb6630000 - 0x00007fffb6646000 	C:\Users\User\.jdks\openjdk-20.0.1\bin\nio.dll
0x00007fffb65e0000 - 0x00007fffb65f8000 	C:\Users\User\.jdks\openjdk-20.0.1\bin\zip.dll
0x00007fffb81e0000 - 0x00007fffb81f0000 	C:\Users\User\.jdks\openjdk-20.0.1\bin\verify.dll
0x00007fffc8850000 - 0x00007fffc8877000 	C:\Users\User\.gradle\native\e1d6ef7f7dcc3fd88c89a11ec53ec762bb8ba0a96d01ffa2cd45eb1d1d8dd5c5\windows-amd64\native-platform.dll
0x00007fffa2e60000 - 0x00007fffa2fa4000 	C:\Users\User\.gradle\native\5664cfc778a61ccfe75a443a1ab52a65af34e5dc3c78e0209fed803814484fcb\windows-amd64\native-platform-file-events.dll
0x00007fffb8070000 - 0x00007fffb807a000 	C:\Users\User\.jdks\openjdk-20.0.1\bin\management.dll
0x00007fffb8040000 - 0x00007fffb804b000 	C:\Users\User\.jdks\openjdk-20.0.1\bin\management_ext.dll
0x00007fffd2620000 - 0x00007fffd2628000 	C:\WINDOWS\System32\PSAPI.DLL
0x00007fffcf6e0000 - 0x00007fffcf6f8000 	C:\WINDOWS\SYSTEM32\CRYPTSP.dll
0x00007fffcee10000 - 0x00007fffcee44000 	C:\WINDOWS\system32\rsaenh.dll
0x00007fffd03f0000 - 0x00007fffd0417000 	C:\WINDOWS\System32\bcrypt.dll
0x00007fffcfd10000 - 0x00007fffcfd3e000 	C:\WINDOWS\SYSTEM32\USERENV.dll
0x00007fffcf700000 - 0x00007fffcf70c000 	C:\WINDOWS\SYSTEM32\CRYPTBASE.dll
0x00007fffcf1e0000 - 0x00007fffcf21c000 	C:\WINDOWS\SYSTEM32\IPHLPAPI.DLL
0x00007fffd1f60000 - 0x00007fffd1f68000 	C:\WINDOWS\System32\NSI.dll
0x00007fffc9e40000 - 0x00007fffc9e57000 	C:\WINDOWS\SYSTEM32\dhcpcsvc6.DLL
0x00007fffc9e20000 - 0x00007fffc9e3d000 	C:\WINDOWS\SYSTEM32\dhcpcsvc.DLL
0x00007fffcf220000 - 0x00007fffcf2eb000 	C:\WINDOWS\SYSTEM32\DNSAPI.dll
0x00007fffb7e80000 - 0x00007fffb7e87000 	C:\Users\User\.jdks\openjdk-20.0.1\bin\extnet.dll
0x00007fffb7c20000 - 0x00007fffb7c2e000 	C:\Users\User\.jdks\openjdk-20.0.1\bin\sunmscapi.dll
0x00007fffcff40000 - 0x00007fffd009e000 	C:\WINDOWS\System32\CRYPT32.dll
0x00007fffcf800000 - 0x00007fffcf828000 	C:\WINDOWS\SYSTEM32\ncrypt.dll
0x00007fffcf7c0000 - 0x00007fffcf7fb000 	C:\WINDOWS\SYSTEM32\NTASN1.dll
0x00007fffc8640000 - 0x00007fffc8647000 	C:\WINDOWS\system32\wshunix.dll

dbghelp: loaded successfully - version: 4.0.5 - missing functions: none
symbol engine: initialized successfully - sym options: 0x614 - pdb path: .;C:\Users\User\.jdks\openjdk-20.0.1\bin;C:\WINDOWS\SYSTEM32;C:\WINDOWS\WinSxS\amd64_microsoft.windows.common-controls_6595b64144ccf1df_6.0.19041.1110_none_60b5254171f9507e;C:\Users\User\.jdks\openjdk-20.0.1\bin\server;C:\Users\User\.gradle\native\e1d6ef7f7dcc3fd88c89a11ec53ec762bb8ba0a96d01ffa2cd45eb1d1d8dd5c5\windows-amd64;C:\Users\User\.gradle\native\5664cfc778a61ccfe75a443a1ab52a65af34e5dc3c78e0209fed803814484fcb\windows-amd64

VM Arguments:
jvm_args: --add-opens=java.base/java.util=ALL-UNNAMED --add-opens=java.base/java.lang=ALL-UNNAMED --add-opens=java.base/java.lang.invoke=ALL-UNNAMED --add-opens=java.base/java.util=ALL-UNNAMED --add-opens=java.prefs/java.util.prefs=ALL-UNNAMED --add-opens=java.prefs/java.util.prefs=ALL-UNNAMED --add-opens=java.base/java.nio.charset=ALL-UNNAMED --add-opens=java.base/java.net=ALL-UNNAMED --add-opens=java.base/java.util.concurrent.atomic=ALL-UNNAMED -Xmx1536m -Dfile.encoding=windows-1251 -Duser.country=RU -Duser.language=ru -Duser.variant 
java_command: org.gradle.launcher.daemon.bootstrap.GradleDaemon 7.3.3
java_class_path (initial): C:\Users\User\.gradle\wrapper\dists\gradle-7.3.3-bin\6a41zxkdtcxs8rphpq6y0069z\gradle-7.3.3\lib\gradle-launcher-7.3.3.jar
Launcher Type: SUN_STANDARD

[Global flags]
     intx CICompilerCount                          = 3                                         {product} {ergonomic}
     uint ConcGCThreads                            = 1                                         {product} {ergonomic}
     uint G1ConcRefinementThreads                  = 4                                         {product} {ergonomic}
   size_t G1HeapRegionSize                         = 1048576                                   {product} {ergonomic}
    uintx GCDrainStackTargetSize                   = 64                                        {product} {ergonomic}
   size_t InitialHeapSize                          = 132120576                                 {product} {ergonomic}
   size_t MarkStackSize                            = 4194304                                   {product} {ergonomic}
   size_t MaxHeapSize                              = 1610612736                                {product} {command line}
   size_t MaxNewSize                               = 965738496                                 {product} {ergonomic}
   size_t MinHeapDeltaBytes                        = 1048576                                   {product} {ergonomic}
   size_t MinHeapSize                              = 8388608                                   {product} {ergonomic}
    uintx NonNMethodCodeHeapSize                   = 5832780                                {pd product} {ergonomic}
    uintx NonProfiledCodeHeapSize                  = 122912730                              {pd product} {ergonomic}
    uintx ProfiledCodeHeapSize                     = 122912730                              {pd product} {ergonomic}
    uintx ReservedCodeCacheSize                    = 251658240                              {pd product} {ergonomic}
     bool SegmentedCodeCache                       = true                                      {product} {ergonomic}
   size_t SoftMaxHeapSize                          = 1610612736                             {manageable} {ergonomic}
     bool UseCompressedClassPointers               = true                           {product lp64_product} {ergonomic}
     bool UseCompressedOops                        = true                           {product lp64_product} {ergonomic}
     bool UseG1GC                                  = true                                      {product} {ergonomic}
     bool UseLargePagesIndividualAllocation        = false                                  {pd product} {ergonomic}

Logging:
Log output configuration:
 #0: stdout all=warning uptime,level,tags foldmultilines=false
 #1: stderr all=off uptime,level,tags foldmultilines=false

Environment Variables:
PATH=C:\Program Files (x86)\Common Files\Intel\Shared Libraries\redist\intel64_win\compiler;C:\Program Files\Python38\Scripts\;C:\Program Files\Python38\;C:\Program Files (x86)\Windows Kits\10\bin\10.0.19041.0\x64;C:\ProgramData\Oracle\Java\javapath;C:\WINDOWS\system32;C:\WINDOWS;C:\WINDOWS\System32\Wbem;C:\WINDOWS\System32\WindowsPowerShell\v1.0\;C:\WINDOWS\System32\OpenSSH\;D:\OpenCV\build\x64\vc14\bin;D:\Embarcadero\Studio\19.0\bin;C:\Users\Public\Documents\Embarcadero\Studio\19.0\Bpl;c:\Program Files\Microsoft Visual Studio\2022\Community\VC\Tools\MSVC\14.33.31629\bin\Hostx64\x64\;c:\Users\User\AppData\Local\Programs\Python\Python310\;c:\Users\User\AppData\Local\Programs\Python\Python310\Scripts\;C:\Users\User\AppData\Local\Programs\Python\Python310\python.exe;C:\Program Files\Git\cmd;C:\Program Files\WireGuard\;C:\Program Files\nodejs\;C:\Users\User\AppData\Local\Programs\Python\Python38\Scripts\;C:\Users\User\AppData\Local\Programs\Python\Python38\;C:\Users\User\AppData\Local\Programs\Python\Python310\Scripts\;C:\Users\User\AppData\Local\Programs\Python\Python310\;C:\Users\User\AppData\Local\Microsoft\WindowsApps;"c:\Windows;c:\Windows\system32";C:\Program Files\JetBrains\PyCharm Community Edition 2022.2.1\bin;;C:\Program Files\JetBrains\IntelliJ IDEA Community Edition 2022.1\bin;;C:\Users\User\AppData\Local\Programs\Python\Python310\python.exe;C:\Users\User\AppData\Roaming\npm;C:\Users\User\AppData\Local\Programs\Microsoft VS Code\bin
USERNAME=User
OS=Windows_NT
PROCESSOR_IDENTIFIER=Intel64 Family 6 Model 158 Stepping 10, GenuineIntel
TMP=C:\Users\User\AppData\Local\Temp
TEMP=C:\Users\User\AppData\Local\Temp




---------------  S Y S T E M  ---------------

OS:
 Windows 10 , 64 bit Build 19041 (10.0.19041.2913)
OS uptime: 4 days 3:36 hours

CPU: total 4 (initial active 4) (2 cores per cpu, 2 threads per core) family 6 model 158 stepping 10 microcode 0xb4, cx8, cmov, fxsr, ht, mmx, 3dnowpref, sse, sse2, sse3, ssse3, sse4.1, sse4.2, popcnt, lzcnt, tsc, tscinvbit, aes, erms, clmul, clflush, clflushopt, rdtscp

Memory: 4k page, system-wide physical 8063M (621M free)
TotalPageFile size 8063M (AvailPageFile size 5M)
current process WorkingSet (physical memory assigned to process): 576M, peak: 584M
current process commit charge ("private bytes"): 621M, peak: 625M

vm_info: OpenJDK 64-Bit Server VM (20.0.1+9-29) for windows-amd64 JRE (20.0.1+9-29), built on 2023-03-07T13:56:11Z by "mach5one" with MS VC++ 17.1 (VS2022)

END.
