#
# There is insufficient memory for the Java Runtime Environment to continue.
# Native memory allocation (malloc) failed to allocate 774576 bytes for Chunk::new
# Possible reasons:
#   The system is out of physical RAM or swap space
#   The process is running with CompressedOops enabled, and the Java Heap may be blocking the growth of the native heap
# Possible solutions:
#   Reduce memory load on the system
#   Increase physical memory or swap space
#   Check if swap backing store is full
#   Decrease Java heap size (-Xmx/-Xms)
#   Decrease number of Java threads
#   Decrease Java thread stack sizes (-Xss)
#   Set larger code cache with -XX:ReservedCodeCacheSize=
#   JVM is running with Unscaled Compressed Oops mode in which the Java heap is
#     placed in the first 4GB address space. The Java Heap base address is the
#     maximum limit for the native heap growth. Please use -XX:HeapBaseMinAddress
#     to set the Java Heap base and to place the Java Heap above 4GB virtual address.
# This output file may be truncated or incomplete.
#
#  Out of Memory Error (arena.cpp:195), pid=8196, tid=11984
#
# JRE version: OpenJDK Runtime Environment (16.0.1+9) (build 16.0.1+9-24)
# Java VM: OpenJDK 64-Bit Server VM (16.0.1+9-24, mixed mode, sharing, tiered, compressed oops, compressed class ptrs, g1 gc, windows-amd64)
# No core dump will be written. Minidumps are not enabled by default on client versions of Windows
#

---------------  S U M M A R Y ------------

Command Line: --add-opens=java.base/java.util=ALL-UNNAMED --add-opens=java.base/java.lang=ALL-UNNAMED --add-opens=java.base/java.lang.invoke=ALL-UNNAMED --add-opens=java.base/java.util=ALL-UNNAMED --add-opens=java.prefs/java.util.prefs=ALL-UNNAMED --add-opens=java.prefs/java.util.prefs=ALL-UNNAMED --add-opens=java.base/java.nio.charset=ALL-UNNAMED --add-opens=java.base/java.net=ALL-UNNAMED --add-opens=java.base/java.util.concurrent.atomic=ALL-UNNAMED -Xmx1536m -Dfile.encoding=windows-1251 -Duser.country=RU -Duser.language=ru -Duser.variant org.gradle.launcher.daemon.bootstrap.GradleDaemon 7.0

Host: Intel(R) Pentium(R) Gold G5420 CPU @ 3.80GHz, 4 cores, 7G,  Windows 10 , 64 bit Build 19041 (10.0.19041.2913)
Time: Mon Jun 12 15:59:24 2023 RTZ 2 (s 10 , 64 bit Build 19041 (10.0.19041.2913) elapsed time: 5.789691 seconds (0d 0h 0m 5s)

---------------  T H R E A D  ---------------

Current thread (0x00000169d81dde30):  JavaThread "C2 CompilerThread0" daemon [_thread_in_native, id=11984, stack(0x0000002a52100000,0x0000002a52200000)]


Current CompileTask:
C2:   5789 2096       4       java.net.URLClassLoader$1::run (5 bytes)

Stack: [0x0000002a52100000,0x0000002a52200000]
Native frames: (J=compiled Java code, j=interpreted, Vv=VM code, C=native code)
V  [jvm.dll+0x6687ca]
V  [jvm.dll+0x7ca3c9]
V  [jvm.dll+0x7cbb53]
V  [jvm.dll+0x7cc1b3]
V  [jvm.dll+0x242ea5]
V  [jvm.dll+0xadeca]
V  [jvm.dll+0xae5ac]
V  [jvm.dll+0x2a52cf]
V  [jvm.dll+0x574359]
V  [jvm.dll+0x21e6de]
V  [jvm.dll+0x217bdd]
V  [jvm.dll+0x21524c]
V  [jvm.dll+0x1a1d9b]
V  [jvm.dll+0x2253a8]
V  [jvm.dll+0x2233ec]
V  [jvm.dll+0x780002]
V  [jvm.dll+0x779b4a]
V  [jvm.dll+0x667666]
C  [ucrtbase.dll+0x21bb2]
C  [KERNEL32.DLL+0x17614]
C  [ntdll.dll+0x526a1]


---------------  P R O C E S S  ---------------

Threads class SMR info:
_java_thread_list=0x00000169dac25880, length=26, elements={
0x00000169bbcee7a0, 0x00000169d81bd7b0, 0x00000169d81c0990, 0x00000169d81d53e0,
0x00000169d81d5ef0, 0x00000169d81d8810, 0x00000169d81db130, 0x00000169d81dde30,
0x00000169d81e0850, 0x00000169d824ffc0, 0x00000169d8c87ff0, 0x00000169d8c95540,
0x00000169da42c3a0, 0x00000169da66c230, 0x00000169dac41f90, 0x00000169da888bc0,
0x00000169da5df2b0, 0x00000169da44e9f0, 0x00000169da44e4a0, 0x00000169da44da00,
0x00000169da44ef40, 0x00000169da44df50, 0x00000169daeb65f0, 0x00000169daeb0650,
0x00000169daeb5600, 0x00000169db03f7b0
}

Java Threads: ( => current thread )
  0x00000169bbcee7a0 JavaThread "main" [_thread_blocked, id=10040, stack(0x0000002a51400000,0x0000002a51500000)]
  0x00000169d81bd7b0 JavaThread "Reference Handler" daemon [_thread_blocked, id=13632, stack(0x0000002a51b00000,0x0000002a51c00000)]
  0x00000169d81c0990 JavaThread "Finalizer" daemon [_thread_blocked, id=2052, stack(0x0000002a51c00000,0x0000002a51d00000)]
  0x00000169d81d53e0 JavaThread "Signal Dispatcher" daemon [_thread_blocked, id=14188, stack(0x0000002a51d00000,0x0000002a51e00000)]
  0x00000169d81d5ef0 JavaThread "Attach Listener" daemon [_thread_blocked, id=5420, stack(0x0000002a51e00000,0x0000002a51f00000)]
  0x00000169d81d8810 JavaThread "Service Thread" daemon [_thread_blocked, id=12572, stack(0x0000002a51f00000,0x0000002a52000000)]
  0x00000169d81db130 JavaThread "Monitor Deflation Thread" daemon [_thread_blocked, id=1564, stack(0x0000002a52000000,0x0000002a52100000)]
=>0x00000169d81dde30 JavaThread "C2 CompilerThread0" daemon [_thread_in_native, id=11984, stack(0x0000002a52100000,0x0000002a52200000)]
  0x00000169d81e0850 JavaThread "C1 CompilerThread0" daemon [_thread_blocked, id=10496, stack(0x0000002a52200000,0x0000002a52300000)]
  0x00000169d824ffc0 JavaThread "Sweeper thread" daemon [_thread_blocked, id=12836, stack(0x0000002a52300000,0x0000002a52400000)]
  0x00000169d8c87ff0 JavaThread "Common-Cleaner" daemon [_thread_blocked, id=10084, stack(0x0000002a52400000,0x0000002a52500000)]
  0x00000169d8c95540 JavaThread "Notification Thread" daemon [_thread_blocked, id=9568, stack(0x0000002a52500000,0x0000002a52600000)]
  0x00000169da42c3a0 JavaThread "Daemon health stats" [_thread_blocked, id=3280, stack(0x0000002a52b00000,0x0000002a52c00000)]
  0x00000169da66c230 JavaThread "Incoming local TCP Connector on port 61901" [_thread_in_native, id=6692, stack(0x0000002a52c00000,0x0000002a52d00000)]
  0x00000169dac41f90 JavaThread "Daemon periodic checks" [_thread_blocked, id=13492, stack(0x0000002a52d00000,0x0000002a52e00000)]
  0x00000169da888bc0 JavaThread "Daemon" [_thread_blocked, id=13096, stack(0x0000002a52700000,0x0000002a52800000)]
  0x00000169da5df2b0 JavaThread "Handler for socket connection from /127.0.0.1:61901 to /127.0.0.1:61902" [_thread_in_native, id=13080, stack(0x0000002a52e00000,0x0000002a52f00000)]
  0x00000169da44e9f0 JavaThread "Cancel handler" [_thread_blocked, id=12684, stack(0x0000002a52f00000,0x0000002a53000000)]
  0x00000169da44e4a0 JavaThread "Daemon worker" [_thread_in_Java, id=12860, stack(0x0000002a53000000,0x0000002a53100000)]
  0x00000169da44da00 JavaThread "Asynchronous log dispatcher for DefaultDaemonConnection: socket connection from /127.0.0.1:61901 to /127.0.0.1:61902" [_thread_blocked, id=13992, stack(0x0000002a53100000,0x0000002a53200000)]
  0x00000169da44ef40 JavaThread "Stdin handler" [_thread_blocked, id=5668, stack(0x0000002a53200000,0x0000002a53300000)]
  0x00000169da44df50 JavaThread "Daemon client event forwarder" [_thread_blocked, id=11000, stack(0x0000002a53300000,0x0000002a53400000)]
  0x00000169daeb65f0 JavaThread "Cache worker for file hash cache (C:\Users\User\.gradle\caches\7.0\fileHashes)" [_thread_blocked, id=12008, stack(0x0000002a53400000,0x0000002a53500000)]
  0x00000169daeb0650 JavaThread "File lock request listener" [_thread_in_native, id=3408, stack(0x0000002a53500000,0x0000002a53600000)]
  0x00000169daeb5600 JavaThread "Cache worker for journal cache (C:\Users\User\.gradle\caches\journal-1)" [_thread_blocked, id=8220, stack(0x0000002a53600000,0x0000002a53700000)]
  0x00000169db03f7b0 JavaThread "C2 CompilerThread1" daemon [_thread_in_native, id=11476, stack(0x0000002a53700000,0x0000002a53800000)]

Other Threads:
  0x00000169d81b95b0 VMThread "VM Thread" [stack: 0x0000002a51a00000,0x0000002a51b00000] [id=2672]
  0x00000169d8c97a70 WatcherThread [stack: 0x0000002a52600000,0x0000002a52700000] [id=12920]
  0x00000169bbd24e10 GCTaskThread "GC Thread#0" [stack: 0x0000002a51500000,0x0000002a51600000] [id=1036]
  0x00000169d907a090 GCTaskThread "GC Thread#1" [stack: 0x0000002a52800000,0x0000002a52900000] [id=1768]
  0x00000169d9591b10 GCTaskThread "GC Thread#2" [stack: 0x0000002a52900000,0x0000002a52a00000] [id=14172]
  0x00000169d98fd8e0 GCTaskThread "GC Thread#3" [stack: 0x0000002a52a00000,0x0000002a52b00000] [id=8292]
  0x00000169bbd31d60 ConcurrentGCThread "G1 Main Marker" [stack: 0x0000002a51600000,0x0000002a51700000] [id=10828]
  0x00000169bbd326e0 ConcurrentGCThread "G1 Conc#0" [stack: 0x0000002a51700000,0x0000002a51800000] [id=12140]
  0x00000169bbdaaa40 ConcurrentGCThread "G1 Refine#0" [stack: 0x0000002a51800000,0x0000002a51900000] [id=1692]
  0x00000169bbdab3d0 ConcurrentGCThread "G1 Service" [stack: 0x0000002a51900000,0x0000002a51a00000] [id=13344]

Threads with active compile tasks:
C2 CompilerThread0     5925 2096       4       java.net.URLClassLoader$1::run (5 bytes)
C2 CompilerThread1     5925 2087       4       jdk.internal.org.objectweb.asm.Frame::execute (2305 bytes)

VM state: not at safepoint (normal execution)

VM Mutex/Monitor currently owned by a thread: None

Heap address: 0x00000000a0000000, size: 1536 MB, Compressed Oops mode: 32-bit

CDS archive(s) mapped at: [0x0000000800000000-0x0000000800bb0000-0x0000000800bb0000), size 12255232, SharedBaseAddress: 0x0000000800000000, ArchiveRelocationMode: 0.
Compressed class space mapped at: 0x0000000800c00000-0x0000000840c00000, reserved size: 1073741824
Narrow klass base: 0x0000000800000000, Narrow klass shift: 3, Narrow klass range: 0x100000000

GC Precious Log:
 CPUs: 4 total, 4 available
 Memory: 8063M
 Large Page Support: Disabled
 NUMA Support: Disabled
 Compressed Oops: Enabled (32-bit)
 Heap Region Size: 1M
 Heap Min Capacity: 8M
 Heap Initial Capacity: 126M
 Heap Max Capacity: 1536M
 Pre-touch: Disabled
 Parallel Workers: 4
 Concurrent Workers: 1
 Concurrent Refinement Workers: 4
 Periodic GC: Disabled

Heap:
 garbage-first heap   total 129024K, used 82256K [0x00000000a0000000, 0x0000000100000000)
  region size 1024K, 73 young (74752K), 2 survivors (2048K)
 Metaspace       used 15692K, committed 16000K, reserved 1064960K
  class space    used 2250K, committed 2432K, reserved 1048576K

Heap Regions: E=young(eden), S=young(survivor), O=old, HS=humongous(starts), HC=humongous(continues), CS=collection set, F=free, OA=open archive, CA=closed archive, TAMS=top-at-mark-start (previous, next)
|   0|0x00000000a0000000, 0x00000000a0100000, 0x00000000a0100000|100%|HS|  |TAMS 0x00000000a0000000, 0x00000000a0000000| Complete 
|   1|0x00000000a0100000, 0x00000000a0200000, 0x00000000a0200000|100%|HC|  |TAMS 0x00000000a0100000, 0x00000000a0100000| Complete 
|   2|0x00000000a0200000, 0x00000000a0300000, 0x00000000a0300000|100%|HC|  |TAMS 0x00000000a0200000, 0x00000000a0200000| Complete 
|   3|0x00000000a0300000, 0x00000000a0400000, 0x00000000a0400000|100%| O|  |TAMS 0x00000000a0300000, 0x00000000a0300000| Untracked 
|   4|0x00000000a0400000, 0x00000000a0500000, 0x00000000a0500000|100%| O|  |TAMS 0x00000000a0400000, 0x00000000a0400000| Untracked 
|   5|0x00000000a0500000, 0x00000000a0600000, 0x00000000a0600000|100%| O|  |TAMS 0x00000000a0500000, 0x00000000a0500000| Untracked 
|   6|0x00000000a0600000, 0x00000000a0700000, 0x00000000a0700000|100%| O|  |TAMS 0x00000000a0600000, 0x00000000a0600000| Untracked 
|   7|0x00000000a0700000, 0x00000000a0800000, 0x00000000a0800000|100%| O|  |TAMS 0x00000000a0700000, 0x00000000a0700000| Untracked 
|   8|0x00000000a0800000, 0x00000000a0900000, 0x00000000a0900000|100%| O|  |TAMS 0x00000000a0800000, 0x00000000a0800000| Untracked 
|   9|0x00000000a0900000, 0x00000000a0a00000, 0x00000000a0a00000|100%|HS|  |TAMS 0x00000000a0900000, 0x00000000a0900000| Complete 
|  10|0x00000000a0a00000, 0x00000000a0a00000, 0x00000000a0b00000|  0%| F|  |TAMS 0x00000000a0a00000, 0x00000000a0a00000| Untracked 
|  11|0x00000000a0b00000, 0x00000000a0b00000, 0x00000000a0c00000|  0%| F|  |TAMS 0x00000000a0b00000, 0x00000000a0b00000| Untracked 
|  12|0x00000000a0c00000, 0x00000000a0c00000, 0x00000000a0d00000|  0%| F|  |TAMS 0x00000000a0c00000, 0x00000000a0c00000| Untracked 
|  13|0x00000000a0d00000, 0x00000000a0d00000, 0x00000000a0e00000|  0%| F|  |TAMS 0x00000000a0d00000, 0x00000000a0d00000| Untracked 
|  14|0x00000000a0e00000, 0x00000000a0e00000, 0x00000000a0f00000|  0%| F|  |TAMS 0x00000000a0e00000, 0x00000000a0e00000| Untracked 
|  15|0x00000000a0f00000, 0x00000000a0f00000, 0x00000000a1000000|  0%| F|  |TAMS 0x00000000a0f00000, 0x00000000a0f00000| Untracked 
|  16|0x00000000a1000000, 0x00000000a1000000, 0x00000000a1100000|  0%| F|  |TAMS 0x00000000a1000000, 0x00000000a1000000| Untracked 
|  17|0x00000000a1100000, 0x00000000a1100000, 0x00000000a1200000|  0%| F|  |TAMS 0x00000000a1100000, 0x00000000a1100000| Untracked 
|  18|0x00000000a1200000, 0x00000000a1200000, 0x00000000a1300000|  0%| F|  |TAMS 0x00000000a1200000, 0x00000000a1200000| Untracked 
|  19|0x00000000a1300000, 0x00000000a1300000, 0x00000000a1400000|  0%| F|  |TAMS 0x00000000a1300000, 0x00000000a1300000| Untracked 
|  20|0x00000000a1400000, 0x00000000a1400000, 0x00000000a1500000|  0%| F|  |TAMS 0x00000000a1400000, 0x00000000a1400000| Untracked 
|  21|0x00000000a1500000, 0x00000000a1500000, 0x00000000a1600000|  0%| F|  |TAMS 0x00000000a1500000, 0x00000000a1500000| Untracked 
|  22|0x00000000a1600000, 0x00000000a1600000, 0x00000000a1700000|  0%| F|  |TAMS 0x00000000a1600000, 0x00000000a1600000| Untracked 
|  23|0x00000000a1700000, 0x00000000a1700000, 0x00000000a1800000|  0%| F|  |TAMS 0x00000000a1700000, 0x00000000a1700000| Untracked 
|  24|0x00000000a1800000, 0x00000000a1800000, 0x00000000a1900000|  0%| F|  |TAMS 0x00000000a1800000, 0x00000000a1800000| Untracked 
|  25|0x00000000a1900000, 0x00000000a1900000, 0x00000000a1a00000|  0%| F|  |TAMS 0x00000000a1900000, 0x00000000a1900000| Untracked 
|  26|0x00000000a1a00000, 0x00000000a1a00000, 0x00000000a1b00000|  0%| F|  |TAMS 0x00000000a1a00000, 0x00000000a1a00000| Untracked 
|  27|0x00000000a1b00000, 0x00000000a1b00000, 0x00000000a1c00000|  0%| F|  |TAMS 0x00000000a1b00000, 0x00000000a1b00000| Untracked 
|  28|0x00000000a1c00000, 0x00000000a1c00000, 0x00000000a1d00000|  0%| F|  |TAMS 0x00000000a1c00000, 0x00000000a1c00000| Untracked 
|  29|0x00000000a1d00000, 0x00000000a1d00000, 0x00000000a1e00000|  0%| F|  |TAMS 0x00000000a1d00000, 0x00000000a1d00000| Untracked 
|  30|0x00000000a1e00000, 0x00000000a1e00000, 0x00000000a1f00000|  0%| F|  |TAMS 0x00000000a1e00000, 0x00000000a1e00000| Untracked 
|  31|0x00000000a1f00000, 0x00000000a1f00000, 0x00000000a2000000|  0%| F|  |TAMS 0x00000000a1f00000, 0x00000000a1f00000| Untracked 
|  32|0x00000000a2000000, 0x00000000a2000000, 0x00000000a2100000|  0%| F|  |TAMS 0x00000000a2000000, 0x00000000a2000000| Untracked 
|  33|0x00000000a2100000, 0x00000000a2100000, 0x00000000a2200000|  0%| F|  |TAMS 0x00000000a2100000, 0x00000000a2100000| Untracked 
|  34|0x00000000a2200000, 0x00000000a2200000, 0x00000000a2300000|  0%| F|  |TAMS 0x00000000a2200000, 0x00000000a2200000| Untracked 
|  35|0x00000000a2300000, 0x00000000a2300000, 0x00000000a2400000|  0%| F|  |TAMS 0x00000000a2300000, 0x00000000a2300000| Untracked 
|  36|0x00000000a2400000, 0x00000000a2400000, 0x00000000a2500000|  0%| F|  |TAMS 0x00000000a2400000, 0x00000000a2400000| Untracked 
|  37|0x00000000a2500000, 0x00000000a2500000, 0x00000000a2600000|  0%| F|  |TAMS 0x00000000a2500000, 0x00000000a2500000| Untracked 
|  38|0x00000000a2600000, 0x00000000a2600000, 0x00000000a2700000|  0%| F|  |TAMS 0x00000000a2600000, 0x00000000a2600000| Untracked 
|  39|0x00000000a2700000, 0x00000000a2700000, 0x00000000a2800000|  0%| F|  |TAMS 0x00000000a2700000, 0x00000000a2700000| Untracked 
|  40|0x00000000a2800000, 0x00000000a2800000, 0x00000000a2900000|  0%| F|  |TAMS 0x00000000a2800000, 0x00000000a2800000| Untracked 
|  41|0x00000000a2900000, 0x00000000a2900000, 0x00000000a2a00000|  0%| F|  |TAMS 0x00000000a2900000, 0x00000000a2900000| Untracked 
|  42|0x00000000a2a00000, 0x00000000a2a00000, 0x00000000a2b00000|  0%| F|  |TAMS 0x00000000a2a00000, 0x00000000a2a00000| Untracked 
|  43|0x00000000a2b00000, 0x00000000a2b00000, 0x00000000a2c00000|  0%| F|  |TAMS 0x00000000a2b00000, 0x00000000a2b00000| Untracked 
|  44|0x00000000a2c00000, 0x00000000a2c00000, 0x00000000a2d00000|  0%| F|  |TAMS 0x00000000a2c00000, 0x00000000a2c00000| Untracked 
|  45|0x00000000a2d00000, 0x00000000a2d00000, 0x00000000a2e00000|  0%| F|  |TAMS 0x00000000a2d00000, 0x00000000a2d00000| Untracked 
|  46|0x00000000a2e00000, 0x00000000a2e00000, 0x00000000a2f00000|  0%| F|  |TAMS 0x00000000a2e00000, 0x00000000a2e00000| Untracked 
|  47|0x00000000a2f00000, 0x00000000a2f00000, 0x00000000a3000000|  0%| F|  |TAMS 0x00000000a2f00000, 0x00000000a2f00000| Untracked 
|  48|0x00000000a3000000, 0x00000000a3000000, 0x00000000a3100000|  0%| F|  |TAMS 0x00000000a3000000, 0x00000000a3000000| Untracked 
|  49|0x00000000a3100000, 0x00000000a3100000, 0x00000000a3200000|  0%| F|  |TAMS 0x00000000a3100000, 0x00000000a3100000| Untracked 
|  50|0x00000000a3200000, 0x00000000a3200000, 0x00000000a3300000|  0%| F|  |TAMS 0x00000000a3200000, 0x00000000a3200000| Untracked 
|  51|0x00000000a3300000, 0x00000000a3300000, 0x00000000a3400000|  0%| F|  |TAMS 0x00000000a3300000, 0x00000000a3300000| Untracked 
|  52|0x00000000a3400000, 0x00000000a3400000, 0x00000000a3500000|  0%| F|  |TAMS 0x00000000a3400000, 0x00000000a3400000| Untracked 
|  53|0x00000000a3500000, 0x00000000a3600000, 0x00000000a3600000|100%| E|  |TAMS 0x00000000a3500000, 0x00000000a3500000| Complete 
|  54|0x00000000a3600000, 0x00000000a3700000, 0x00000000a3700000|100%| E|CS|TAMS 0x00000000a3600000, 0x00000000a3600000| Complete 
|  55|0x00000000a3700000, 0x00000000a3800000, 0x00000000a3800000|100%| E|CS|TAMS 0x00000000a3700000, 0x00000000a3700000| Complete 
|  56|0x00000000a3800000, 0x00000000a3900000, 0x00000000a3900000|100%| E|CS|TAMS 0x00000000a3800000, 0x00000000a3800000| Complete 
|  57|0x00000000a3900000, 0x00000000a3a00000, 0x00000000a3a00000|100%| E|CS|TAMS 0x00000000a3900000, 0x00000000a3900000| Complete 
|  58|0x00000000a3a00000, 0x00000000a3b00000, 0x00000000a3b00000|100%| E|CS|TAMS 0x00000000a3a00000, 0x00000000a3a00000| Complete 
|  59|0x00000000a3b00000, 0x00000000a3c00000, 0x00000000a3c00000|100%| E|CS|TAMS 0x00000000a3b00000, 0x00000000a3b00000| Complete 
|  60|0x00000000a3c00000, 0x00000000a3d00000, 0x00000000a3d00000|100%| E|CS|TAMS 0x00000000a3c00000, 0x00000000a3c00000| Complete 
|  61|0x00000000a3d00000, 0x00000000a3e00000, 0x00000000a3e00000|100%| E|CS|TAMS 0x00000000a3d00000, 0x00000000a3d00000| Complete 
|  62|0x00000000a3e00000, 0x00000000a3f00000, 0x00000000a3f00000|100%| E|CS|TAMS 0x00000000a3e00000, 0x00000000a3e00000| Complete 
|  63|0x00000000a3f00000, 0x00000000a4000000, 0x00000000a4000000|100%| E|CS|TAMS 0x00000000a3f00000, 0x00000000a3f00000| Complete 
|  64|0x00000000a4000000, 0x00000000a4100000, 0x00000000a4100000|100%| E|CS|TAMS 0x00000000a4000000, 0x00000000a4000000| Complete 
|  65|0x00000000a4100000, 0x00000000a4200000, 0x00000000a4200000|100%| E|CS|TAMS 0x00000000a4100000, 0x00000000a4100000| Complete 
|  66|0x00000000a4200000, 0x00000000a4300000, 0x00000000a4300000|100%| E|CS|TAMS 0x00000000a4200000, 0x00000000a4200000| Complete 
|  67|0x00000000a4300000, 0x00000000a4400000, 0x00000000a4400000|100%| E|CS|TAMS 0x00000000a4300000, 0x00000000a4300000| Complete 
|  68|0x00000000a4400000, 0x00000000a4500000, 0x00000000a4500000|100%| E|CS|TAMS 0x00000000a4400000, 0x00000000a4400000| Complete 
|  69|0x00000000a4500000, 0x00000000a4600000, 0x00000000a4600000|100%| E|CS|TAMS 0x00000000a4500000, 0x00000000a4500000| Complete 
|  70|0x00000000a4600000, 0x00000000a4700000, 0x00000000a4700000|100%| E|CS|TAMS 0x00000000a4600000, 0x00000000a4600000| Complete 
|  71|0x00000000a4700000, 0x00000000a4800000, 0x00000000a4800000|100%| E|CS|TAMS 0x00000000a4700000, 0x00000000a4700000| Complete 
|  72|0x00000000a4800000, 0x00000000a4900000, 0x00000000a4900000|100%| E|CS|TAMS 0x00000000a4800000, 0x00000000a4800000| Complete 
|  73|0x00000000a4900000, 0x00000000a4a00000, 0x00000000a4a00000|100%| E|CS|TAMS 0x00000000a4900000, 0x00000000a4900000| Complete 
|  74|0x00000000a4a00000, 0x00000000a4b00000, 0x00000000a4b00000|100%| E|CS|TAMS 0x00000000a4a00000, 0x00000000a4a00000| Complete 
|  75|0x00000000a4b00000, 0x00000000a4c00000, 0x00000000a4c00000|100%| E|CS|TAMS 0x00000000a4b00000, 0x00000000a4b00000| Complete 
|  76|0x00000000a4c00000, 0x00000000a4d00000, 0x00000000a4d00000|100%| E|CS|TAMS 0x00000000a4c00000, 0x00000000a4c00000| Complete 
|  77|0x00000000a4d00000, 0x00000000a4e00000, 0x00000000a4e00000|100%| E|CS|TAMS 0x00000000a4d00000, 0x00000000a4d00000| Complete 
|  78|0x00000000a4e00000, 0x00000000a4f00000, 0x00000000a4f00000|100%| E|CS|TAMS 0x00000000a4e00000, 0x00000000a4e00000| Complete 
|  79|0x00000000a4f00000, 0x00000000a5000000, 0x00000000a5000000|100%| E|CS|TAMS 0x00000000a4f00000, 0x00000000a4f00000| Complete 
|  80|0x00000000a5000000, 0x00000000a5100000, 0x00000000a5100000|100%| E|CS|TAMS 0x00000000a5000000, 0x00000000a5000000| Complete 
|  81|0x00000000a5100000, 0x00000000a5200000, 0x00000000a5200000|100%| E|CS|TAMS 0x00000000a5100000, 0x00000000a5100000| Complete 
|  82|0x00000000a5200000, 0x00000000a5300000, 0x00000000a5300000|100%| E|CS|TAMS 0x00000000a5200000, 0x00000000a5200000| Complete 
|  83|0x00000000a5300000, 0x00000000a5400000, 0x00000000a5400000|100%| E|CS|TAMS 0x00000000a5300000, 0x00000000a5300000| Complete 
|  84|0x00000000a5400000, 0x00000000a5500000, 0x00000000a5500000|100%| E|CS|TAMS 0x00000000a5400000, 0x00000000a5400000| Complete 
|  85|0x00000000a5500000, 0x00000000a5600000, 0x00000000a5600000|100%| E|CS|TAMS 0x00000000a5500000, 0x00000000a5500000| Complete 
|  86|0x00000000a5600000, 0x00000000a5700000, 0x00000000a5700000|100%| E|CS|TAMS 0x00000000a5600000, 0x00000000a5600000| Complete 
|  87|0x00000000a5700000, 0x00000000a5800000, 0x00000000a5800000|100%| E|CS|TAMS 0x00000000a5700000, 0x00000000a5700000| Complete 
|  88|0x00000000a5800000, 0x00000000a5900000, 0x00000000a5900000|100%| E|CS|TAMS 0x00000000a5800000, 0x00000000a5800000| Complete 
|  89|0x00000000a5900000, 0x00000000a5a00000, 0x00000000a5a00000|100%| E|CS|TAMS 0x00000000a5900000, 0x00000000a5900000| Complete 
|  90|0x00000000a5a00000, 0x00000000a5b00000, 0x00000000a5b00000|100%| E|CS|TAMS 0x00000000a5a00000, 0x00000000a5a00000| Complete 
|  91|0x00000000a5b00000, 0x00000000a5c00000, 0x00000000a5c00000|100%| E|CS|TAMS 0x00000000a5b00000, 0x00000000a5b00000| Complete 
|  92|0x00000000a5c00000, 0x00000000a5d00000, 0x00000000a5d00000|100%| E|CS|TAMS 0x00000000a5c00000, 0x00000000a5c00000| Complete 
|  93|0x00000000a5d00000, 0x00000000a5e00000, 0x00000000a5e00000|100%| E|CS|TAMS 0x00000000a5d00000, 0x00000000a5d00000| Complete 
|  94|0x00000000a5e00000, 0x00000000a5f00000, 0x00000000a5f00000|100%| E|CS|TAMS 0x00000000a5e00000, 0x00000000a5e00000| Complete 
|  95|0x00000000a5f00000, 0x00000000a6000000, 0x00000000a6000000|100%| E|CS|TAMS 0x00000000a5f00000, 0x00000000a5f00000| Complete 
|  96|0x00000000a6000000, 0x00000000a6100000, 0x00000000a6100000|100%| E|CS|TAMS 0x00000000a6000000, 0x00000000a6000000| Complete 
|  97|0x00000000a6100000, 0x00000000a6200000, 0x00000000a6200000|100%| E|CS|TAMS 0x00000000a6100000, 0x00000000a6100000| Complete 
|  98|0x00000000a6200000, 0x00000000a6300000, 0x00000000a6300000|100%| E|CS|TAMS 0x00000000a6200000, 0x00000000a6200000| Complete 
|  99|0x00000000a6300000, 0x00000000a6400000, 0x00000000a6400000|100%| E|CS|TAMS 0x00000000a6300000, 0x00000000a6300000| Complete 
| 100|0x00000000a6400000, 0x00000000a6500000, 0x00000000a6500000|100%| E|CS|TAMS 0x00000000a6400000, 0x00000000a6400000| Complete 
| 101|0x00000000a6500000, 0x00000000a6600000, 0x00000000a6600000|100%| E|CS|TAMS 0x00000000a6500000, 0x00000000a6500000| Complete 
| 102|0x00000000a6600000, 0x00000000a6654270, 0x00000000a6700000| 32%| S|CS|TAMS 0x00000000a6600000, 0x00000000a6600000| Complete 
| 103|0x00000000a6700000, 0x00000000a6800000, 0x00000000a6800000|100%| S|CS|TAMS 0x00000000a6700000, 0x00000000a6700000| Complete 
| 104|0x00000000a6800000, 0x00000000a6900000, 0x00000000a6900000|100%| E|CS|TAMS 0x00000000a6800000, 0x00000000a6800000| Complete 
| 105|0x00000000a6900000, 0x00000000a6a00000, 0x00000000a6a00000|100%| E|CS|TAMS 0x00000000a6900000, 0x00000000a6900000| Complete 
| 106|0x00000000a6a00000, 0x00000000a6b00000, 0x00000000a6b00000|100%| E|CS|TAMS 0x00000000a6a00000, 0x00000000a6a00000| Complete 
| 107|0x00000000a6b00000, 0x00000000a6c00000, 0x00000000a6c00000|100%| E|CS|TAMS 0x00000000a6b00000, 0x00000000a6b00000| Complete 
| 108|0x00000000a6c00000, 0x00000000a6d00000, 0x00000000a6d00000|100%| E|CS|TAMS 0x00000000a6c00000, 0x00000000a6c00000| Complete 
| 109|0x00000000a6d00000, 0x00000000a6e00000, 0x00000000a6e00000|100%| E|CS|TAMS 0x00000000a6d00000, 0x00000000a6d00000| Complete 
| 110|0x00000000a6e00000, 0x00000000a6f00000, 0x00000000a6f00000|100%| E|CS|TAMS 0x00000000a6e00000, 0x00000000a6e00000| Complete 
| 111|0x00000000a6f00000, 0x00000000a7000000, 0x00000000a7000000|100%| E|CS|TAMS 0x00000000a6f00000, 0x00000000a6f00000| Complete 
| 112|0x00000000a7000000, 0x00000000a7100000, 0x00000000a7100000|100%| E|CS|TAMS 0x00000000a7000000, 0x00000000a7000000| Complete 
| 113|0x00000000a7100000, 0x00000000a7200000, 0x00000000a7200000|100%| E|CS|TAMS 0x00000000a7100000, 0x00000000a7100000| Complete 
| 114|0x00000000a7200000, 0x00000000a7300000, 0x00000000a7300000|100%| E|CS|TAMS 0x00000000a7200000, 0x00000000a7200000| Complete 
| 115|0x00000000a7300000, 0x00000000a7400000, 0x00000000a7400000|100%| E|CS|TAMS 0x00000000a7300000, 0x00000000a7300000| Complete 
| 116|0x00000000a7400000, 0x00000000a7500000, 0x00000000a7500000|100%| E|CS|TAMS 0x00000000a7400000, 0x00000000a7400000| Complete 
| 117|0x00000000a7500000, 0x00000000a7600000, 0x00000000a7600000|100%| E|CS|TAMS 0x00000000a7500000, 0x00000000a7500000| Complete 
| 118|0x00000000a7600000, 0x00000000a7700000, 0x00000000a7700000|100%| E|CS|TAMS 0x00000000a7600000, 0x00000000a7600000| Complete 
| 119|0x00000000a7700000, 0x00000000a7800000, 0x00000000a7800000|100%| E|CS|TAMS 0x00000000a7700000, 0x00000000a7700000| Complete 
| 120|0x00000000a7800000, 0x00000000a7900000, 0x00000000a7900000|100%| E|CS|TAMS 0x00000000a7800000, 0x00000000a7800000| Complete 
| 121|0x00000000a7900000, 0x00000000a7a00000, 0x00000000a7a00000|100%| E|CS|TAMS 0x00000000a7900000, 0x00000000a7900000| Complete 
| 122|0x00000000a7a00000, 0x00000000a7b00000, 0x00000000a7b00000|100%| E|  |TAMS 0x00000000a7a00000, 0x00000000a7a00000| Complete 
| 123|0x00000000a7b00000, 0x00000000a7c00000, 0x00000000a7c00000|100%| E|CS|TAMS 0x00000000a7b00000, 0x00000000a7b00000| Complete 
| 124|0x00000000a7c00000, 0x00000000a7d00000, 0x00000000a7d00000|100%| E|CS|TAMS 0x00000000a7c00000, 0x00000000a7c00000| Complete 
| 125|0x00000000a7d00000, 0x00000000a7e00000, 0x00000000a7e00000|100%| E|CS|TAMS 0x00000000a7d00000, 0x00000000a7d00000| Complete 

Card table byte_map: [0x00000169d2760000,0x00000169d2a60000] _byte_map_base: 0x00000169d2260000

Marking Bits (Prev, Next): (CMBitMap*) 0x00000169bbd25390, (CMBitMap*) 0x00000169bbd253d0
 Prev Bits: [0x00000169d2d60000, 0x00000169d4560000)
 Next Bits: [0x00000169d4560000, 0x00000169d5d60000)

Polling page: 0x00000169b9be0000

Metaspace:

Usage:
  Non-class:     13.14 MB used.
      Class:      2.20 MB used.
       Both:     15.34 MB used.

Virtual space:
  Non-class space:       16.00 MB reserved,      13.25 MB ( 83%) committed,  2 nodes.
      Class space:        1.00 GB reserved,       2.38 MB ( <1%) committed,  1 nodes.
              Both:        1.02 GB reserved,      15.62 MB (  2%) committed. 

Chunk freelists:
   Non-Class:  2.19 MB
       Class:  1.61 MB
        Both:  3.80 MB

MaxMetaspaceSize: 17179869184.00 GB
CompressedClassSpaceSize: 1.00 GB
 - commit_granule_bytes: 65536.
 - commit_granule_words: 8192.
 - virtual_space_node_default_size: 1048576.
 - enlarge_chunks_in_place: 1.
 - new_chunks_are_fully_committed: 0.
 - uncommit_free_chunks: 1.
 - use_allocation_guard: 0.
 - handle_deallocations: 1.


Internal statistics:

num_allocs_failed_limit: 0.
num_arena_births: 256.
num_arena_deaths: 0.
num_vsnodes_births: 3.
num_vsnodes_deaths: 0.
num_space_committed: 250.
num_space_uncommitted: 0.
num_chunks_returned_to_freelist: 0.
num_chunks_taken_from_freelist: 771.
num_chunk_merges: 0.
num_chunk_splits: 506.
num_chunks_enlarged: 357.
num_purges: 0.

CodeHeap 'non-profiled nmethods': size=120000Kb used=1052Kb max_used=1052Kb free=118947Kb
 bounds [0x00000169caf30000, 0x00000169cb1a0000, 0x00000169d2460000]
CodeHeap 'profiled nmethods': size=120000Kb used=4389Kb max_used=4389Kb free=115610Kb
 bounds [0x00000169c3a00000, 0x00000169c3e50000, 0x00000169caf30000]
CodeHeap 'non-nmethods': size=5760Kb used=1219Kb max_used=1264Kb free=4540Kb
 bounds [0x00000169c3460000, 0x00000169c36d0000, 0x00000169c3a00000]
 total_blobs=2673 nmethods=2149 adapters=437
 compilation: enabled
              stopped_count=0, restarted_count=0
 full_count=0

Compilation events (20 events):
Event: 5.766 Thread 0x00000169d81e0850 2104       3       org.objectweb.asm.SymbolTable::hash (10 bytes)
Event: 5.766 Thread 0x00000169d81e0850 nmethod 2104 0x00000169c3e2b390 code [0x00000169c3e2b540, 0x00000169c3e2b668]
Event: 5.766 Thread 0x00000169d81e0850 2105       3       org.objectweb.asm.ByteVector::putByte (39 bytes)
Event: 5.766 Thread 0x00000169d81e0850 nmethod 2105 0x00000169c3e2b790 code [0x00000169c3e2b940, 0x00000169c3e2bb28]
Event: 5.766 Thread 0x00000169d81e0850 2106       3       org.objectweb.asm.Frame::execute (2318 bytes)
Event: 5.771 Thread 0x00000169d81e0850 nmethod 2106 0x00000169c3e2bc90 code [0x00000169c3e2cbc0, 0x00000169c3e33638]
Event: 5.771 Thread 0x00000169d81e0850 2108       3       org.objectweb.asm.SymbolTable::put (150 bytes)
Event: 5.772 Thread 0x00000169d81e0850 nmethod 2108 0x00000169c3e35210 code [0x00000169c3e35400, 0x00000169c3e35cb8]
Event: 5.772 Thread 0x00000169d81e0850 2107       3       org.objectweb.asm.Symbol::<init> (38 bytes)
Event: 5.772 Thread 0x00000169d81e0850 nmethod 2107 0x00000169c3e35f90 code [0x00000169c3e36140, 0x00000169c3e363d8]
Event: 5.773 Thread 0x00000169d81e0850 2109       3       org.objectweb.asm.ByteVector::putUTF8 (144 bytes)
Event: 5.774 Thread 0x00000169d81e0850 nmethod 2109 0x00000169c3e36510 code [0x00000169c3e36780, 0x00000169c3e37288]
Event: 5.774 Thread 0x00000169d81e0850 2110       3       java.lang.invoke.MemberName::hashCode (43 bytes)
Event: 5.775 Thread 0x00000169d81e0850 nmethod 2110 0x00000169c3e37790 code [0x00000169c3e379e0, 0x00000169c3e38768]
Event: 5.775 Thread 0x00000169d81e0850 2111       3       java.lang.Byte::<init> (10 bytes)
Event: 5.775 Thread 0x00000169d81e0850 nmethod 2111 0x00000169c3e38b10 code [0x00000169c3e38cc0, 0x00000169c3e38e98]
Event: 5.775 Thread 0x00000169d81e0850 2112       3       org.objectweb.asm.SymbolTable$Entry::<init> (17 bytes)
Event: 5.775 Thread 0x00000169d81e0850 nmethod 2112 0x00000169c3e38f90 code [0x00000169c3e39140, 0x00000169c3e392c8]
Event: 5.782 Thread 0x00000169d81e0850 2113       3       org.objectweb.asm.Frame::push (109 bytes)
Event: 5.782 Thread 0x00000169d81e0850 nmethod 2113 0x00000169c3e39390 code [0x00000169c3e39560, 0x00000169c3e39ae8]

GC Heap History (6 events):
Event: 1.232 GC heap before
{Heap before GC invocations=0 (full 0):
 garbage-first heap   total 129024K, used 16384K [0x00000000a0000000, 0x0000000100000000)
  region size 1024K, 13 young (13312K), 0 survivors (0K)
 Metaspace       used 1063K, committed 1216K, reserved 1056768K
  class space    used 74K, committed 128K, reserved 1048576K
}
Event: 1.250 GC heap after
{Heap after GC invocations=1 (full 0):
 garbage-first heap   total 129024K, used 4240K [0x00000000a0000000, 0x0000000100000000)
  region size 1024K, 2 young (2048K), 2 survivors (2048K)
 Metaspace       used 1063K, committed 1216K, reserved 1056768K
  class space    used 74K, committed 128K, reserved 1048576K
}
Event: 2.256 GC heap before
{Heap before GC invocations=1 (full 0):
 garbage-first heap   total 129024K, used 21648K [0x00000000a0000000, 0x0000000100000000)
  region size 1024K, 16 young (16384K), 2 survivors (2048K)
 Metaspace       used 3866K, committed 4032K, reserved 1056768K
  class space    used 468K, committed 576K, reserved 1048576K
}
Event: 2.261 GC heap after
{Heap after GC invocations=2 (full 0):
 garbage-first heap   total 129024K, used 9236K [0x00000000a0000000, 0x0000000100000000)
  region size 1024K, 2 young (2048K), 2 survivors (2048K)
 Metaspace       used 3866K, committed 4032K, reserved 1056768K
  class space    used 468K, committed 576K, reserved 1048576K
}
Event: 3.166 GC heap before
{Heap before GC invocations=2 (full 0):
 garbage-first heap   total 129024K, used 28692K [0x00000000a0000000, 0x0000000100000000)
  region size 1024K, 22 young (22528K), 2 survivors (2048K)
 Metaspace       used 4082K, committed 4288K, reserved 1056768K
  class space    used 482K, committed 576K, reserved 1048576K
}
Event: 3.170 GC heap after
{Heap after GC invocations=3 (full 0):
 garbage-first heap   total 129024K, used 10576K [0x00000000a0000000, 0x0000000100000000)
  region size 1024K, 2 young (2048K), 2 survivors (2048K)
 Metaspace       used 4082K, committed 4288K, reserved 1056768K
  class space    used 482K, committed 576K, reserved 1048576K
}

Deoptimization events (20 events):
Event: 5.560 Thread 0x00000169da44e4a0 Uncommon trap: trap_request=0xffffff45 fr.pc=0x00000169caf91098 relative=0x0000000000000258
Event: 5.560 Thread 0x00000169da44e4a0 Uncommon trap: reason=unstable_if action=reinterpret pc=0x00000169caf91098 method=java.util.HashMap.getNode(Ljava/lang/Object;)Ljava/util/HashMap$Node; @ 66 c2
Event: 5.560 Thread 0x00000169da44e4a0 DEOPT PACKING pc=0x00000169caf91098 sp=0x0000002a530fcb90
Event: 5.560 Thread 0x00000169da44e4a0 DEOPT UNPACKING pc=0x00000169c34ad728 sp=0x0000002a530fcb10 mode 2
Event: 5.560 Thread 0x00000169da44e4a0 Uncommon trap: trap_request=0xffffffc6 fr.pc=0x00000169cb0240f8 relative=0x0000000000001ab8
Event: 5.560 Thread 0x00000169da44e4a0 Uncommon trap: reason=bimorphic_or_optimized_type_check action=maybe_recompile pc=0x00000169cb0240f8 method=java.util.HashMap.putVal(ILjava/lang/Object;Ljava/lang/Object;ZZ)Ljava/lang/Object; @ 91 c2
Event: 5.560 Thread 0x00000169da44e4a0 DEOPT PACKING pc=0x00000169cb0240f8 sp=0x0000002a530fcb40
Event: 5.560 Thread 0x00000169da44e4a0 DEOPT UNPACKING pc=0x00000169c34ad728 sp=0x0000002a530fcae0 mode 2
Event: 5.560 Thread 0x00000169da44e4a0 Uncommon trap: trap_request=0xffffffc6 fr.pc=0x00000169cb0240f8 relative=0x0000000000001ab8
Event: 5.560 Thread 0x00000169da44e4a0 Uncommon trap: reason=bimorphic_or_optimized_type_check action=maybe_recompile pc=0x00000169cb0240f8 method=java.util.HashMap.putVal(ILjava/lang/Object;Ljava/lang/Object;ZZ)Ljava/lang/Object; @ 91 c2
Event: 5.560 Thread 0x00000169da44e4a0 DEOPT PACKING pc=0x00000169cb0240f8 sp=0x0000002a530fcb40
Event: 5.560 Thread 0x00000169da44e4a0 DEOPT UNPACKING pc=0x00000169c34ad728 sp=0x0000002a530fcae0 mode 2
Event: 5.647 Thread 0x00000169da44e4a0 Uncommon trap: trap_request=0xffffff45 fr.pc=0x00000169caf9befc relative=0x000000000000005c
Event: 5.647 Thread 0x00000169da44e4a0 Uncommon trap: reason=unstable_if action=reinterpret pc=0x00000169caf9befc method=java.util.LinkedHashMap.afterNodeInsertion(Z)V @ 1 c2
Event: 5.647 Thread 0x00000169da44e4a0 DEOPT PACKING pc=0x00000169caf9befc sp=0x0000002a530fc830
Event: 5.647 Thread 0x00000169da44e4a0 DEOPT UNPACKING pc=0x00000169c34ad728 sp=0x0000002a530fc7b0 mode 2
Event: 5.654 Thread 0x00000169da44e4a0 Uncommon trap: trap_request=0xffffff45 fr.pc=0x00000169cafc5c3c relative=0x00000000000003fc
Event: 5.654 Thread 0x00000169da44e4a0 Uncommon trap: reason=unstable_if action=reinterpret pc=0x00000169cafc5c3c method=java.util.concurrent.ConcurrentHashMap.get(Ljava/lang/Object;)Ljava/lang/Object; @ 152 c2
Event: 5.654 Thread 0x00000169da44e4a0 DEOPT PACKING pc=0x00000169cafc5c3c sp=0x0000002a530fc060
Event: 5.654 Thread 0x00000169da44e4a0 DEOPT UNPACKING pc=0x00000169c34ad728 sp=0x0000002a530fbfd8 mode 2

Classes unloaded (0 events):
No events

Classes redefined (0 events):
No events

Internal exceptions (20 events):
Event: 4.820 Thread 0x00000169da44e4a0 Exception <a 'java/lang/NoSuchMethodError'{0x00000000a59b6660}: 'void java.lang.invoke.DelegatingMethodHandle$Holder.reinvoke_L(java.lang.Object, java.lang.Object, java.lang.Object, java.lang.Object, java.lang.Object, java.lang.Object, java.lang.Object)'> (0x00000000a59b6660) 
thrown [t:\workspace\open\src\hotspot\share\interpreter\linkResolver.cpp, line 790]
Event: 5.014 Thread 0x00000169da44e4a0 Exception <a 'java/lang/NoSuchMethodError'{0x00000000a50eb618}: 'java.lang.Object java.lang.invoke.DirectMethodHandle$Holder.invokeVirtual(java.lang.Object, java.lang.Object, java.lang.Object)'> (0x00000000a50eb618) 
thrown [t:\workspace\open\src\hotspot\share\interpreter\linkResolver.cpp, line 790]
Event: 5.051 Thread 0x00000169da44e4a0 Exception <a 'java/lang/NoSuchMethodError'{0x00000000a4e87c08}: 'void java.lang.invoke.DirectMethodHandle$Holder.invokeInterface(java.lang.Object, java.lang.Object)'> (0x00000000a4e87c08) 
thrown [t:\workspace\open\src\hotspot\share\interpreter\linkResolver.cpp, line 790]
Event: 5.051 Thread 0x00000169da44e4a0 Exception <a 'java/lang/IncompatibleClassChangeError'{0x00000000a4e8b838}: Found class java.lang.Object, but interface was expected> (0x00000000a4e8b838) 
thrown [t:\workspace\open\src\hotspot\share\interpreter\linkResolver.cpp, line 857]
Event: 5.074 Thread 0x00000169da44e4a0 Exception <a 'java/lang/NoSuchMethodError'{0x00000000a4d69628}: 'void java.lang.invoke.DirectMethodHandle$Holder.invokeStaticInit(java.lang.Object)'> (0x00000000a4d69628) 
thrown [t:\workspace\open\src\hotspot\share\interpreter\linkResolver.cpp, line 790]
Event: 5.123 Thread 0x00000169da44e4a0 Exception <a 'java/lang/NoSuchMethodError'{0x00000000a4b5f1c0}: 'java.lang.Object java.lang.invoke.DirectMethodHandle$Holder.newInvokeSpecial(java.lang.Object, java.lang.Object, java.lang.Object, int)'> (0x00000000a4b5f1c0) 
thrown [t:\workspace\open\src\hotspot\share\interpreter\linkResolver.cpp, line 790]
Event: 5.123 Thread 0x00000169da44e4a0 Exception <a 'java/lang/NoSuchMethodError'{0x00000000a4b63c08}: 'java.lang.Object java.lang.invoke.DirectMethodHandle$Holder.invokeSpecial(java.lang.Object, java.lang.Object, java.lang.Object, java.lang.Object, int)'> (0x00000000a4b63c08) 
thrown [t:\workspace\open\src\hotspot\share\interpreter\linkResolver.cpp, line 790]
Event: 5.123 Thread 0x00000169da44e4a0 Exception <a 'java/lang/NoSuchMethodError'{0x00000000a4b67f18}: 'java.lang.Object java.lang.invoke.Invokers$Holder.linkToTargetMethod(java.lang.Object, java.lang.Object, int, java.lang.Object)'> (0x00000000a4b67f18) 
thrown [t:\workspace\open\src\hotspot\share\interpreter\linkResolver.cpp, line 790]
Event: 5.180 Thread 0x00000169da44e4a0 Exception <a 'java/lang/NoSuchMethodError'{0x00000000a48b1eb0}: 'java.lang.Object java.lang.invoke.DirectMethodHandle$Holder.newInvokeSpecial(java.lang.Object, java.lang.Object, java.lang.Object, java.lang.Object, java.lang.Object)'> (0x00000000a48b1eb0) 
thrown [t:\workspace\open\src\hotspot\share\interpreter\linkResolver.cpp, line 790]
Event: 5.226 Thread 0x00000169da44e4a0 Exception <a 'java/lang/NoSuchMethodError'{0x00000000a47c9a10}: 'int java.lang.invoke.DirectMethodHandle$Holder.invokeSpecialIFC(java.lang.Object, java.lang.Object, java.lang.Object, java.lang.Object)'> (0x00000000a47c9a10) 
thrown [t:\workspace\open\src\hotspot\share\interpreter\linkResolver.cpp, line 790]
Event: 5.229 Thread 0x00000169da44e4a0 Exception <a 'java/lang/NoSuchMethodError'{0x00000000a47d8c90}: 'java.lang.Object java.lang.invoke.DirectMethodHandle$Holder.invokeInterface(java.lang.Object, java.lang.Object, java.lang.Object)'> (0x00000000a47d8c90) 
thrown [t:\workspace\open\src\hotspot\share\interpreter\linkResolver.cpp, line 790]
Event: 5.229 Thread 0x00000169da44e4a0 Exception <a 'java/lang/IncompatibleClassChangeError'{0x00000000a47dca78}: Found class java.lang.Object, but interface was expected> (0x00000000a47dca78) 
thrown [t:\workspace\open\src\hotspot\share\interpreter\linkResolver.cpp, line 857]
Event: 5.286 Thread 0x00000169da44e4a0 Exception <a 'java/lang/NoSuchMethodError'{0x00000000a45aa1a0}: 'int java.lang.invoke.DirectMethodHandle$Holder.invokeStatic(java.lang.Object, java.lang.Object, java.lang.Object, java.lang.Object)'> (0x00000000a45aa1a0) 
thrown [t:\workspace\open\src\hotspot\share\interpreter\linkResolver.cpp, line 790]
Event: 5.287 Thread 0x00000169da44e4a0 Exception <a 'java/lang/NoSuchMethodError'{0x00000000a45adfa0}: 'java.lang.Object java.lang.invoke.Invokers$Holder.invokeExact_MT(java.lang.Object, java.lang.Object, java.lang.Object, java.lang.Object, java.lang.Object, java.lang.Object)'> (0x00000000a45adfa0) 
thrown [t:\workspace\open\src\hotspot\share\interpreter\linkResolver.cpp, line 790]
Event: 5.382 Thread 0x00000169da44e4a0 Exception <a 'java/lang/NoSuchMethodError'{0x00000000a41a9e18}: 'java.lang.Object java.lang.invoke.DirectMethodHandle$Holder.invokeSpecial(java.lang.Object, java.lang.Object, java.lang.Object, java.lang.Object, java.lang.Object, java.lang.Object, java.lang.Object, java.lang.Object, java.lang.Object)'> (0x00000000a41a9e18) 
thrown [t:\workspace\open\src\hotspot\share\interpreter\linkResolver.cpp, line 790]
Event: 5.452 Thread 0x00000169da44e4a0 Exception <a 'java/lang/NoSuchMethodError'{0x00000000a3dc3140}: 'void java.lang.invoke.DirectMethodHandle$Holder.invokeStatic(java.lang.Object, java.lang.Object)'> (0x00000000a3dc3140) 
thrown [t:\workspace\open\src\hotspot\share\interpreter\linkResolver.cpp, line 790]
Event: 5.456 Thread 0x00000169da44e4a0 Exception <a 'java/lang/NoSuchMethodError'{0x00000000a3c021e8}: 'java.lang.Object java.lang.invoke.DirectMethodHandle$Holder.invokeVirtual(java.lang.Object, java.lang.Object, java.lang.Object, java.lang.Object)'> (0x00000000a3c021e8) 
thrown [t:\workspace\open\src\hotspot\share\interpreter\linkResolver.cpp, line 790]
Event: 5.488 Thread 0x00000169da44e4a0 Exception <a 'java/lang/NoSuchMethodError'{0x00000000a3b0fb50}: 'java.lang.Object java.lang.invoke.Invokers$Holder.invoker(java.lang.Object, java.lang.Object, java.lang.Object, java.lang.Object, java.lang.Object)'> (0x00000000a3b0fb50) 
thrown [t:\workspace\open\src\hotspot\share\interpreter\linkResolver.cpp, line 790]
Event: 5.763 Thread 0x00000169da44e4a0 Exception <a 'java/lang/NoSuchMethodError'{0x00000000a38582b0}: 'void java.lang.invoke.DirectMethodHandle$Holder.invokeSpecial(java.lang.Object, java.lang.Object, java.lang.Object, java.lang.Object, java.lang.Object, java.lang.Object)'> (0x00000000a38582b0) 
thrown [t:\workspace\open\src\hotspot\share\interpreter\linkResolver.cpp, line 790]
Event: 5.782 Thread 0x00000169da44e4a0 Exception <a 'java/lang/NoSuchMethodError'{0x00000000a38ba9a8}: 'void java.lang.invoke.DirectMethodHandle$Holder.invokeSpecial(java.lang.Object, java.lang.Object, java.lang.Object, java.lang.Object, java.lang.Object, java.lang.Object, java.lang.Object)'> (0x00000000a38ba9a8) 
thrown [t:\workspace\open\src\hotspot\share\interpreter\linkResolver.cpp, line 790]

Events (20 events):
Event: 5.557 loading class jdk/internal/access/JavaBeansAccess
Event: 5.557 loading class jdk/internal/access/JavaBeansAccess done
Event: 5.557 loading class java/beans/Introspector$1 done
Event: 5.575 loading class sun/reflect/generics/tree/BottomSignature
Event: 5.575 loading class sun/reflect/generics/tree/BottomSignature done
Event: 5.575 loading class sun/reflect/generics/tree/Wildcard
Event: 5.575 loading class sun/reflect/generics/tree/Wildcard done
Event: 5.575 loading class sun/reflect/generics/reflectiveObjects/WildcardTypeImpl
Event: 5.575 loading class sun/reflect/generics/reflectiveObjects/WildcardTypeImpl done
Event: 5.580 loading class java/lang/annotation/ElementType
Event: 5.580 loading class java/lang/annotation/ElementType done
Event: 5.585 Thread 0x00000169db03f7b0 Thread added: 0x00000169db03f7b0
Event: 5.589 loading class java/lang/Deprecated
Event: 5.590 loading class java/lang/Deprecated done
Event: 5.653 loading class jdk/internal/vm/annotation/IntrinsicCandidate
Event: 5.653 loading class jdk/internal/vm/annotation/IntrinsicCandidate done
Event: 5.700 loading class java/lang/TypeNotPresentException
Event: 5.700 loading class java/lang/TypeNotPresentException done
Event: 5.776 loading class java/util/ConcurrentModificationException
Event: 5.777 loading class java/util/ConcurrentModificationException done


Dynamic libraries:
0x00007ff755b90000 - 0x00007ff755b9e000 	C:\Users\User\.jdks\openjdk-16.0.1\bin\java.exe
0x00007fffd2730000 - 0x00007fffd2928000 	C:\WINDOWS\SYSTEM32\ntdll.dll
0x00007fffd2630000 - 0x00007fffd26ef000 	C:\WINDOWS\System32\KERNEL32.DLL
0x00007fffd00f0000 - 0x00007fffd03e6000 	C:\WINDOWS\System32\KERNELBASE.dll
0x00007fffd05b0000 - 0x00007fffd06b0000 	C:\WINDOWS\System32\ucrtbase.dll
0x00007fffbd290000 - 0x00007fffbd2a8000 	C:\Users\User\.jdks\openjdk-16.0.1\bin\jli.dll
0x00007fffc8870000 - 0x00007fffc8889000 	C:\Users\User\.jdks\openjdk-16.0.1\bin\VCRUNTIME140.dll
0x00007fffd12e0000 - 0x00007fffd147d000 	C:\WINDOWS\System32\USER32.dll
0x00007fffd0760000 - 0x00007fffd0782000 	C:\WINDOWS\System32\win32u.dll
0x00007fffd15f0000 - 0x00007fffd161c000 	C:\WINDOWS\System32\GDI32.dll
0x00007fffc3fa0000 - 0x00007fffc423a000 	C:\WINDOWS\WinSxS\amd64_microsoft.windows.common-controls_6595b64144ccf1df_6.0.19041.1110_none_60b5254171f9507e\COMCTL32.dll
0x00007fffd0420000 - 0x00007fffd0535000 	C:\WINDOWS\System32\gdi32full.dll
0x00007fffcfe10000 - 0x00007fffcfead000 	C:\WINDOWS\System32\msvcp_win.dll
0x00007fffd1990000 - 0x00007fffd1a2e000 	C:\WINDOWS\System32\msvcrt.dll
0x00007fffd15b0000 - 0x00007fffd15e0000 	C:\WINDOWS\System32\IMM32.DLL
0x00007fffc7230000 - 0x00007fffc723c000 	C:\Users\User\.jdks\openjdk-16.0.1\bin\vcruntime140_1.dll
0x00007fffa5950000 - 0x00007fffa59e1000 	C:\Users\User\.jdks\openjdk-16.0.1\bin\msvcp140.dll
0x00007fff98ff0000 - 0x00007fff99b9b000 	C:\Users\User\.jdks\openjdk-16.0.1\bin\server\jvm.dll
0x00007fffd10f0000 - 0x00007fffd119f000 	C:\WINDOWS\System32\ADVAPI32.dll
0x00007fffd1ec0000 - 0x00007fffd1f5c000 	C:\WINDOWS\System32\sechost.dll
0x00007fffd1480000 - 0x00007fffd15a6000 	C:\WINDOWS\System32\RPCRT4.dll
0x00007fffd2620000 - 0x00007fffd2628000 	C:\WINDOWS\System32\PSAPI.DLL
0x00007fffbbc50000 - 0x00007fffbbc59000 	C:\WINDOWS\SYSTEM32\WSOCK32.dll
0x00007fffd0930000 - 0x00007fffd099b000 	C:\WINDOWS\System32\WS2_32.dll
0x00007fffc5670000 - 0x00007fffc5697000 	C:\WINDOWS\SYSTEM32\WINMM.dll
0x00007fffcaf90000 - 0x00007fffcaf9a000 	C:\WINDOWS\SYSTEM32\VERSION.dll
0x00007fffcdcf0000 - 0x00007fffcdd02000 	C:\WINDOWS\SYSTEM32\kernel.appcore.dll
0x00007fffc70e0000 - 0x00007fffc70ea000 	C:\Users\User\.jdks\openjdk-16.0.1\bin\jimage.dll
0x00007fffbb370000 - 0x00007fffbb554000 	C:\WINDOWS\SYSTEM32\DBGHELP.DLL
0x00007fffbbad0000 - 0x00007fffbbb04000 	C:\WINDOWS\SYSTEM32\dbgcore.DLL
0x00007fffcfeb0000 - 0x00007fffcff32000 	C:\WINDOWS\System32\bcryptPrimitives.dll
0x00007fffbd260000 - 0x00007fffbd285000 	C:\Users\User\.jdks\openjdk-16.0.1\bin\java.dll
0x00007fffd09a0000 - 0x00007fffd10e4000 	C:\WINDOWS\System32\SHELL32.dll
0x00007fffcdef0000 - 0x00007fffce683000 	C:\WINDOWS\SYSTEM32\windows.storage.dll
0x00007fffd1b00000 - 0x00007fffd1e54000 	C:\WINDOWS\System32\combase.dll
0x00007fffcf790000 - 0x00007fffcf7be000 	C:\WINDOWS\SYSTEM32\Wldp.dll
0x00007fffd1620000 - 0x00007fffd16cd000 	C:\WINDOWS\System32\SHCORE.dll
0x00007fffd1e60000 - 0x00007fffd1eb5000 	C:\WINDOWS\System32\shlwapi.dll
0x00007fffcfd50000 - 0x00007fffcfd6f000 	C:\WINDOWS\SYSTEM32\profapi.dll
0x00007fffb65e0000 - 0x00007fffb65f9000 	C:\Users\User\.jdks\openjdk-16.0.1\bin\net.dll
0x00007fffc9600000 - 0x00007fffc970a000 	C:\WINDOWS\SYSTEM32\WINHTTP.dll
0x00007fffcf4f0000 - 0x00007fffcf55a000 	C:\WINDOWS\system32\mswsock.dll
0x00007fffb2000000 - 0x00007fffb2013000 	C:\Users\User\.jdks\openjdk-16.0.1\bin\nio.dll
0x00007fffb1590000 - 0x00007fffb15a8000 	C:\Users\User\.jdks\openjdk-16.0.1\bin\zip.dll
0x00007fffcb9c0000 - 0x00007fffcb9d0000 	C:\Users\User\.jdks\openjdk-16.0.1\bin\verify.dll
0x00007fffb7b60000 - 0x00007fffb7b87000 	C:\Users\User\.gradle\native\49d0259a56938c7f99b2704e745ce422c4f750a7a20b539a32ccef96729676b1\windows-amd64\native-platform.dll
0x00007fffa2fb0000 - 0x00007fffa3146000 	C:\Users\User\.gradle\native\12488b8bf47d2d4c9fbf2f6322a914ad602e24e48041cd04a747c6da556b65c4\windows-amd64\native-platform-file-events.dll
0x00007fffc8640000 - 0x00007fffc8649000 	C:\Users\User\.jdks\openjdk-16.0.1\bin\management.dll
0x00007fffc5df0000 - 0x00007fffc5dfb000 	C:\Users\User\.jdks\openjdk-16.0.1\bin\management_ext.dll
0x00007fffcf6e0000 - 0x00007fffcf6f8000 	C:\WINDOWS\SYSTEM32\CRYPTSP.dll
0x00007fffcee10000 - 0x00007fffcee44000 	C:\WINDOWS\system32\rsaenh.dll
0x00007fffd03f0000 - 0x00007fffd0417000 	C:\WINDOWS\System32\bcrypt.dll
0x00007fffcfd10000 - 0x00007fffcfd3e000 	C:\WINDOWS\SYSTEM32\USERENV.dll
0x00007fffcf700000 - 0x00007fffcf70c000 	C:\WINDOWS\SYSTEM32\CRYPTBASE.dll
0x00007fffcf1e0000 - 0x00007fffcf21c000 	C:\WINDOWS\SYSTEM32\IPHLPAPI.DLL
0x00007fffd1f60000 - 0x00007fffd1f68000 	C:\WINDOWS\System32\NSI.dll
0x00007fffc9e40000 - 0x00007fffc9e57000 	C:\WINDOWS\SYSTEM32\dhcpcsvc6.DLL
0x00007fffc9e20000 - 0x00007fffc9e3d000 	C:\WINDOWS\SYSTEM32\dhcpcsvc.DLL
0x00007fffcf220000 - 0x00007fffcf2eb000 	C:\WINDOWS\SYSTEM32\DNSAPI.dll
0x00007fffbd220000 - 0x00007fffbd22e000 	C:\Users\User\.jdks\openjdk-16.0.1\bin\sunmscapi.dll
0x00007fffcff40000 - 0x00007fffd009e000 	C:\WINDOWS\System32\CRYPT32.dll
0x00007fffcf800000 - 0x00007fffcf828000 	C:\WINDOWS\SYSTEM32\ncrypt.dll
0x00007fffcf7c0000 - 0x00007fffcf7fb000 	C:\WINDOWS\SYSTEM32\NTASN1.dll
0x00007fffc87d0000 - 0x00007fffc87d7000 	C:\WINDOWS\system32\wshunix.dll

dbghelp: loaded successfully - version: 4.0.5 - missing functions: none
symbol engine: initialized successfully - sym options: 0x614 - pdb path: .;C:\Users\User\.jdks\openjdk-16.0.1\bin;C:\WINDOWS\SYSTEM32;C:\WINDOWS\WinSxS\amd64_microsoft.windows.common-controls_6595b64144ccf1df_6.0.19041.1110_none_60b5254171f9507e;C:\Users\User\.jdks\openjdk-16.0.1\bin\server;C:\Users\User\.gradle\native\49d0259a56938c7f99b2704e745ce422c4f750a7a20b539a32ccef96729676b1\windows-amd64;C:\Users\User\.gradle\native\12488b8bf47d2d4c9fbf2f6322a914ad602e24e48041cd04a747c6da556b65c4\windows-amd64

VM Arguments:
jvm_args: --add-opens=java.base/java.util=ALL-UNNAMED --add-opens=java.base/java.lang=ALL-UNNAMED --add-opens=java.base/java.lang.invoke=ALL-UNNAMED --add-opens=java.base/java.util=ALL-UNNAMED --add-opens=java.prefs/java.util.prefs=ALL-UNNAMED --add-opens=java.prefs/java.util.prefs=ALL-UNNAMED --add-opens=java.base/java.nio.charset=ALL-UNNAMED --add-opens=java.base/java.net=ALL-UNNAMED --add-opens=java.base/java.util.concurrent.atomic=ALL-UNNAMED -Xmx1536m -Dfile.encoding=windows-1251 -Duser.country=RU -Duser.language=ru -Duser.variant 
java_command: org.gradle.launcher.daemon.bootstrap.GradleDaemon 7.0
java_class_path (initial): C:\Users\User\.gradle\wrapper\dists\gradle-7.0-bin\2p9ebqfz6ilrfozi676ogco7n\gradle-7.0\lib\gradle-launcher-7.0.jar
Launcher Type: SUN_STANDARD

[Global flags]
     intx CICompilerCount                          = 3                                         {product} {ergonomic}
     uint ConcGCThreads                            = 1                                         {product} {ergonomic}
     uint G1ConcRefinementThreads                  = 4                                         {product} {ergonomic}
   size_t G1HeapRegionSize                         = 1048576                                   {product} {ergonomic}
    uintx GCDrainStackTargetSize                   = 64                                        {product} {ergonomic}
   size_t InitialHeapSize                          = 132120576                                 {product} {ergonomic}
   size_t MarkStackSize                            = 4194304                                   {product} {ergonomic}
   size_t MaxHeapSize                              = 1610612736                                {product} {command line}
   size_t MaxNewSize                               = 965738496                                 {product} {ergonomic}
   size_t MinHeapDeltaBytes                        = 1048576                                   {product} {ergonomic}
   size_t MinHeapSize                              = 8388608                                   {product} {ergonomic}
    uintx NonNMethodCodeHeapSize                   = 5832780                                {pd product} {ergonomic}
    uintx NonProfiledCodeHeapSize                  = 122912730                              {pd product} {ergonomic}
    uintx ProfiledCodeHeapSize                     = 122912730                              {pd product} {ergonomic}
    uintx ReservedCodeCacheSize                    = 251658240                              {pd product} {ergonomic}
     bool SegmentedCodeCache                       = true                                      {product} {ergonomic}
   size_t SoftMaxHeapSize                          = 1610612736                             {manageable} {ergonomic}
     bool UseCompressedClassPointers               = true                           {product lp64_product} {ergonomic}
     bool UseCompressedOops                        = true                           {product lp64_product} {ergonomic}
     bool UseG1GC                                  = true                                      {product} {ergonomic}
     bool UseLargePagesIndividualAllocation        = false                                  {pd product} {ergonomic}

Logging:
Log output configuration:
 #0: stdout all=warning uptime,level,tags
 #1: stderr all=off uptime,level,tags

Environment Variables:
PATH=C:\Program Files\Common Files\Oracle\Java\javapath;C:\Program Files (x86)\Common Files\Intel\Shared Libraries\redist\intel64_win\compiler;C:\Program Files\Python38\Scripts\;C:\Program Files\Python38\;C:\Program Files (x86)\Windows Kits\10\bin\10.0.19041.0\x64;C:\ProgramData\Oracle\Java\javapath;C:\WINDOWS\system32;C:\WINDOWS;C:\WINDOWS\System32\Wbem;C:\WINDOWS\System32\WindowsPowerShell\v1.0\;C:\WINDOWS\System32\OpenSSH\;D:\OpenCV\build\x64\vc14\bin;D:\Embarcadero\Studio\19.0\bin;C:\Users\Public\Documents\Embarcadero\Studio\19.0\Bpl;c:\Program Files\Microsoft Visual Studio\2022\Community\VC\Tools\MSVC\14.33.31629\bin\Hostx64\x64\;c:\Users\User\AppData\Local\Programs\Python\Python310\;c:\Users\User\AppData\Local\Programs\Python\Python310\Scripts\;C:\Users\User\AppData\Local\Programs\Python\Python310\python.exe;C:\Program Files\Git\cmd;C:\Program Files\WireGuard\;C:\Program Files\nodejs\;C:\Users\User\AppData\Local\Programs\Python\Python38\Scripts\;C:\Users\User\AppData\Local\Programs\Python\Python38\;C:\Users\User\AppData\Local\Programs\Python\Python310\Scripts\;C:\Users\User\AppData\Local\Programs\Python\Python310\;C:\Users\User\AppData\Local\Microsoft\WindowsApps;"c:\Windows;c:\Windows\system32";C:\Program Files\JetBrains\PyCharm Community Edition 2022.2.1\bin;;C:\Program Files\JetBrains\IntelliJ IDEA Community Edition 2022.1\bin;;C:\Users\User\AppData\Local\Programs\Python\Python310\python.exe;C:\Users\User\AppData\Roaming\npm;C:\Users\User\AppData\Local\Programs\Microsoft VS Code\bin
USERNAME=User
OS=Windows_NT
PROCESSOR_IDENTIFIER=Intel64 Family 6 Model 158 Stepping 10, GenuineIntel



---------------  S Y S T E M  ---------------

OS:
 Windows 10 , 64 bit Build 19041 (10.0.19041.2913)
OS uptime: 4 days 7:20 hours

CPU: total 4 (initial active 4) (2 cores per cpu, 2 threads per core) family 6 model 158 stepping 10 microcode 0xb4, cx8, cmov, fxsr, ht, mmx, 3dnowpref, sse, sse2, sse3, ssse3, sse4.1, sse4.2, popcnt, lzcnt, tsc, tscinvbit, aes, erms, clmul, clflush, clflushopt

Memory: 4k page, system-wide physical 8063M (711M free)
TotalPageFile size 8063M (AvailPageFile size 0M)
current process WorkingSet (physical memory assigned to process): 174M, peak: 174M
current process commit charge ("private bytes"): 259M, peak: 260M

vm_info: OpenJDK 64-Bit Server VM (16.0.1+9-24) for windows-amd64 JRE (16.0.1+9-24), built on Mar 26 2021 19:30:07 by "mach5one" with MS VC++ 16.7 (VS2019)

END.
