#
# There is insufficient memory for the Java Runtime Environment to continue.
# Native memory allocation (malloc) failed to allocate 1477696 bytes for Chunk::new
# Possible reasons:
#   The system is out of physical RAM or swap space
#   The process is running with CompressedOops enabled, and the Java Heap may be blocking the growth of the native heap
# Possible solutions:
#   Reduce memory load on the system
#   Increase physical memory or swap space
#   Check if swap backing store is full
#   Decrease Java heap size (-Xmx/-Xms)
#   Decrease number of Java threads
#   Decrease Java thread stack sizes (-Xss)
#   Set larger code cache with -XX:ReservedCodeCacheSize=
#   JVM is running with Unscaled Compressed Oops mode in which the Java heap is
#     placed in the first 4GB address space. The Java Heap base address is the
#     maximum limit for the native heap growth. Please use -XX:HeapBaseMinAddress
#     to set the Java Heap base and to place the Java Heap above 4GB virtual address.
# This output file may be truncated or incomplete.
#
#  Out of Memory Error (arena.cpp:195), pid=9988, tid=5156
#
# JRE version: OpenJDK Runtime Environment (16.0.1+9) (build 16.0.1+9-24)
# Java VM: OpenJDK 64-Bit Server VM (16.0.1+9-24, mixed mode, sharing, tiered, compressed oops, compressed class ptrs, g1 gc, windows-amd64)
# No core dump will be written. Minidumps are not enabled by default on client versions of Windows
#

---------------  S U M M A R Y ------------

Command Line: --add-opens=java.base/java.util=ALL-UNNAMED --add-opens=java.base/java.lang=ALL-UNNAMED --add-opens=java.base/java.lang.invoke=ALL-UNNAMED --add-opens=java.prefs/java.util.prefs=ALL-UNNAMED --add-opens=java.base/java.nio.charset=ALL-UNNAMED --add-opens=java.base/java.net=ALL-UNNAMED --add-opens=java.base/java.util.concurrent.atomic=ALL-UNNAMED -Xmx1536m -Dfile.encoding=windows-1251 -Duser.country=RU -Duser.language=ru -Duser.variant org.gradle.launcher.daemon.bootstrap.GradleDaemon 8.0

Host: Intel(R) Pentium(R) Gold G5420 CPU @ 3.80GHz, 4 cores, 7G,  Windows 10 , 64 bit Build 19041 (10.0.19041.2913)
Time: Mon Jun 12 13:00:17 2023 RTZ 2 (s 10 , 64 bit Build 19041 (10.0.19041.2913) elapsed time: 19.197305 seconds (0d 0h 0m 19s)

---------------  T H R E A D  ---------------

Current thread (0x000001d3bc8c9440):  JavaThread "C2 CompilerThread1" daemon [_thread_in_native, id=5156, stack(0x00000043cf500000,0x00000043cf600000)]


Current CompileTask:
C2:  19197 10574       4       org.objectweb.asm.tree.MethodNode::accept (874 bytes)

Stack: [0x00000043cf500000,0x00000043cf600000]
Native frames: (J=compiled Java code, j=interpreted, Vv=VM code, C=native code)
V  [jvm.dll+0x6687ca]
V  [jvm.dll+0x7ca3c9]
V  [jvm.dll+0x7cbb53]
V  [jvm.dll+0x7cc1b3]
V  [jvm.dll+0x242ea5]
V  [jvm.dll+0xadeca]
V  [jvm.dll+0xae5ac]
V  [jvm.dll+0x2a52cf]
V  [jvm.dll+0x574359]
V  [jvm.dll+0x21eb55]
V  [jvm.dll+0x217e51]
V  [jvm.dll+0x21524c]
V  [jvm.dll+0x1a1d9b]
V  [jvm.dll+0x2253a8]
V  [jvm.dll+0x2233ec]
V  [jvm.dll+0x780002]
V  [jvm.dll+0x779b4a]
V  [jvm.dll+0x667666]
C  [ucrtbase.dll+0x21bb2]
C  [KERNEL32.DLL+0x17614]
C  [ntdll.dll+0x526a1]


---------------  P R O C E S S  ---------------

Threads class SMR info:
_java_thread_list=0x000001d3ba970f70, length=87, elements={
0x000001d39b8bcda0, 0x000001d3b9d00460, 0x000001d3b9d01230, 0x000001d3b9d15b40,
0x000001d3b9d18460, 0x000001d3b9d18d70, 0x000001d3b9d19680, 0x000001d3b9d1e880,
0x000001d3b9d496b0, 0x000001d3b9d4f420, 0x000001d3ba8bb420, 0x000001d3ba8bb940,
0x000001d3bc03d150, 0x000001d3bd244a80, 0x000001d3bbd5e8f0, 0x000001d3bca34430,
0x000001d3bbf8a8e0, 0x000001d3bd379ee0, 0x000001d3bd376f10, 0x000001d3bd378450,
0x000001d3bd378ef0, 0x000001d3bd3779b0, 0x000001d3bd379990, 0x000001d3bd3789a0,
0x000001d3bd37a430, 0x000001d3bd377460, 0x000001d3bd377f00, 0x000001d3bd379440,
0x000001d3be76b470, 0x000001d3be7674b0, 0x000001d3be766f60, 0x000001d3be764a30,
0x000001d3be763f90, 0x000001d3be767f50, 0x000001d3be7684a0, 0x000001d3be769490,
0x000001d3be764f80, 0x000001d3be7644e0, 0x000001d3be765a20, 0x000001d3be768f40,
0x000001d3be76af20, 0x000001d3be767a00, 0x000001d3be7689f0, 0x000001d3be7699e0,
0x000001d3be769f30, 0x000001d3be76a480, 0x000001d3be76a9d0, 0x000001d3be7654d0,
0x000001d3be765f70, 0x000001d3be766a10, 0x000001d3bdc42350, 0x000001d3bdc3f380,
0x000001d3bdc3fe20, 0x000001d3bdc43340, 0x000001d3bdc3f8d0, 0x000001d3bdc40e10,
0x000001d3bdc41360, 0x000001d3bdc45870, 0x000001d3bdc428a0, 0x000001d3bdc40370,
0x000001d3bdc46db0, 0x000001d3bdc44dd0, 0x000001d3bdc46310, 0x000001d3bdc408c0,
0x000001d3bdc46860, 0x000001d3bdc42df0, 0x000001d3bdc45dc0, 0x000001d3bdc418b0,
0x000001d3bdc43890, 0x000001d3bdc41e00, 0x000001d3bdc43de0, 0x000001d3bdc44330,
0x000001d3bdc44880, 0x000001d3bdc45320, 0x000001d3be5af180, 0x000001d3be5b1c00,
0x000001d3be5b4130, 0x000001d3be5b4bd0, 0x000001d3be5ae6e0, 0x000001d3be5b16b0,
0x000001d3be5aec30, 0x000001d3be5af6d0, 0x000001d3be5b4680, 0x000001d3be5ae190,
0x000001d3be5b5670, 0x000001d3be5b0170, 0x000001d3bc8c9440
}

Java Threads: ( => current thread )
  0x000001d39b8bcda0 JavaThread "main" [_thread_blocked, id=2184, stack(0x00000043ccc00000,0x00000043ccd00000)]
  0x000001d3b9d00460 JavaThread "Reference Handler" daemon [_thread_blocked, id=9452, stack(0x00000043cd300000,0x00000043cd400000)]
  0x000001d3b9d01230 JavaThread "Finalizer" daemon [_thread_blocked, id=920, stack(0x00000043cd400000,0x00000043cd500000)]
  0x000001d3b9d15b40 JavaThread "Signal Dispatcher" daemon [_thread_blocked, id=1036, stack(0x00000043cd500000,0x00000043cd600000)]
  0x000001d3b9d18460 JavaThread "Attach Listener" daemon [_thread_blocked, id=8424, stack(0x00000043cd600000,0x00000043cd700000)]
  0x000001d3b9d18d70 JavaThread "Service Thread" daemon [_thread_blocked, id=4992, stack(0x00000043cd700000,0x00000043cd800000)]
  0x000001d3b9d19680 JavaThread "Monitor Deflation Thread" daemon [_thread_blocked, id=524, stack(0x00000043cd800000,0x00000043cd900000)]
  0x000001d3b9d1e880 JavaThread "C2 CompilerThread0" daemon [_thread_in_native, id=9432, stack(0x00000043cd900000,0x00000043cda00000)]
  0x000001d3b9d496b0 JavaThread "C1 CompilerThread0" daemon [_thread_blocked, id=3784, stack(0x00000043cda00000,0x00000043cdb00000)]
  0x000001d3b9d4f420 JavaThread "Sweeper thread" daemon [_thread_blocked, id=8644, stack(0x00000043cdb00000,0x00000043cdc00000)]
  0x000001d3ba8bb420 JavaThread "Common-Cleaner" daemon [_thread_blocked, id=2532, stack(0x00000043cdc00000,0x00000043cdd00000)]
  0x000001d3ba8bb940 JavaThread "Notification Thread" daemon [_thread_blocked, id=9720, stack(0x00000043cdd00000,0x00000043cde00000)]
  0x000001d3bc03d150 JavaThread "Daemon health stats" [_thread_blocked, id=2260, stack(0x00000043ce300000,0x00000043ce400000)]
  0x000001d3bd244a80 JavaThread "Incoming local TCP Connector on port 58417" [_thread_in_native, id=9012, stack(0x00000043ce400000,0x00000043ce500000)]
  0x000001d3bbd5e8f0 JavaThread "Daemon periodic checks" [_thread_blocked, id=2772, stack(0x00000043ce500000,0x00000043ce600000)]
  0x000001d3bca34430 JavaThread "Daemon" [_thread_blocked, id=8948, stack(0x00000043ce600000,0x00000043ce700000)]
  0x000001d3bbf8a8e0 JavaThread "Handler for socket connection from /127.0.0.1:58417 to /127.0.0.1:58418" [_thread_in_native, id=8788, stack(0x00000043ce700000,0x00000043ce800000)]
  0x000001d3bd379ee0 JavaThread "Cancel handler" [_thread_blocked, id=7640, stack(0x00000043ce800000,0x00000043ce900000)]
  0x000001d3bd376f10 JavaThread "Daemon worker" [_thread_blocked, id=7440, stack(0x00000043ce900000,0x00000043cea00000)]
  0x000001d3bd378450 JavaThread "Asynchronous log dispatcher for DefaultDaemonConnection: socket connection from /127.0.0.1:58417 to /127.0.0.1:58418" [_thread_blocked, id=2092, stack(0x00000043cea00000,0x00000043ceb00000)]
  0x000001d3bd378ef0 JavaThread "Stdin handler" [_thread_blocked, id=5656, stack(0x00000043ceb00000,0x00000043cec00000)]
  0x000001d3bd3779b0 JavaThread "Daemon client event forwarder" [_thread_blocked, id=3708, stack(0x00000043cec00000,0x00000043ced00000)]
  0x000001d3bd379990 JavaThread "Cache worker for journal cache (C:\Users\User\.gradle\caches\journal-1)" [_thread_blocked, id=712, stack(0x00000043ced00000,0x00000043cee00000)]
  0x000001d3bd3789a0 JavaThread "File lock request listener" [_thread_in_native, id=3908, stack(0x00000043cee00000,0x00000043cef00000)]
  0x000001d3bd37a430 JavaThread "Cache worker for file hash cache (C:\Users\User\.gradle\caches\8.0\fileHashes)" [_thread_blocked, id=2012, stack(0x00000043cef00000,0x00000043cf000000)]
  0x000001d3bd377460 JavaThread "File watcher server" daemon [_thread_in_native, id=9884, stack(0x00000043cf000000,0x00000043cf100000)]
  0x000001d3bd377f00 JavaThread "File watcher consumer" daemon [_thread_blocked, id=8532, stack(0x00000043cf100000,0x00000043cf200000)]
  0x000001d3bd379440 JavaThread "jar transforms" [_thread_blocked, id=1256, stack(0x00000043cdf00000,0x00000043ce000000)]
  0x000001d3be76b470 JavaThread "jar transforms Thread 2" [_thread_blocked, id=120, stack(0x00000043cf200000,0x00000043cf300000)]
  0x000001d3be7674b0 JavaThread "jar transforms Thread 3" [_thread_blocked, id=7120, stack(0x00000043cf300000,0x00000043cf400000)]
  0x000001d3be766f60 JavaThread "jar transforms Thread 4" [_thread_blocked, id=5632, stack(0x00000043cf400000,0x00000043cf500000)]
  0x000001d3be764a30 JavaThread "Cache worker for checksums cache (D:\AndroidStudio\LenovoStart\.gradle\8.0\checksums)" [_thread_blocked, id=7884, stack(0x00000043cf700000,0x00000043cf800000)]
  0x000001d3be763f90 JavaThread "Cache worker for cache directory md-rule (C:\Users\User\.gradle\caches\8.0\md-rule)" [_thread_blocked, id=2812, stack(0x00000043cf800000,0x00000043cf900000)]
  0x000001d3be767f50 JavaThread "Cache worker for file content cache (C:\Users\User\.gradle\caches\8.0\fileContent)" [_thread_blocked, id=280, stack(0x00000043cf900000,0x00000043cfa00000)]
  0x000001d3be7684a0 JavaThread "Cache worker for file hash cache (D:\AndroidStudio\LenovoStart\.gradle\8.0\fileHashes)" [_thread_blocked, id=9004, stack(0x00000043cfa00000,0x00000043cfb00000)]
  0x000001d3be769490 JavaThread "Cache worker for cache directory md-supplier (C:\Users\User\.gradle\caches\8.0\md-supplier)" [_thread_blocked, id=6252, stack(0x00000043cfb00000,0x00000043cfc00000)]
  0x000001d3be764f80 JavaThread "Cache worker for execution history cache (C:\Users\User\.gradle\caches\8.0\executionHistory)" [_thread_blocked, id=2268, stack(0x00000043cfc00000,0x00000043cfd00000)]
  0x000001d3be7644e0 JavaThread "Cache worker for dependencies-accessors (D:\AndroidStudio\LenovoStart\.gradle\8.0\dependencies-accessors)" [_thread_blocked, id=976, stack(0x00000043cfd00000,0x00000043cfe00000)]
  0x000001d3be765a20 JavaThread "Cache worker for Build Output Cleanup Cache (D:\AndroidStudio\LenovoStart\.gradle\buildOutputCleanup)" [_thread_blocked, id=9528, stack(0x00000043cfe00000,0x00000043cff00000)]
  0x000001d3be768f40 JavaThread "Unconstrained build operations" [_thread_blocked, id=8148, stack(0x00000043cff00000,0x00000043d0000000)]
  0x000001d3be76af20 JavaThread "Unconstrained build operations Thread 2" [_thread_blocked, id=8140, stack(0x00000043d0000000,0x00000043d0100000)]
  0x000001d3be767a00 JavaThread "Unconstrained build operations Thread 3" [_thread_blocked, id=7428, stack(0x00000043d0100000,0x00000043d0200000)]
  0x000001d3be7689f0 JavaThread "Unconstrained build operations Thread 4" [_thread_in_Java, id=5800, stack(0x00000043d0200000,0x00000043d0300000)]
  0x000001d3be7699e0 JavaThread "Unconstrained build operations Thread 5" [_thread_blocked, id=8284, stack(0x00000043d0300000,0x00000043d0400000)]
  0x000001d3be769f30 JavaThread "Unconstrained build operations Thread 6" [_thread_blocked, id=9696, stack(0x00000043d0400000,0x00000043d0500000)]
  0x000001d3be76a480 JavaThread "Unconstrained build operations Thread 7" [_thread_blocked, id=5404, stack(0x00000043d0500000,0x00000043d0600000)]
  0x000001d3be76a9d0 JavaThread "Unconstrained build operations Thread 8" [_thread_blocked, id=10160, stack(0x00000043d0600000,0x00000043d0700000)]
  0x000001d3be7654d0 JavaThread "Unconstrained build operations Thread 9" [_thread_blocked, id=1052, stack(0x00000043d0700000,0x00000043d0800000)]
  0x000001d3be765f70 JavaThread "Unconstrained build operations Thread 10" [_thread_blocked, id=4364, stack(0x00000043d0800000,0x00000043d0900000)]
  0x000001d3be766a10 JavaThread "Unconstrained build operations Thread 11" [_thread_blocked, id=372, stack(0x00000043d0900000,0x00000043d0a00000)]
  0x000001d3bdc42350 JavaThread "Unconstrained build operations Thread 12" [_thread_blocked, id=2396, stack(0x00000043d0a00000,0x00000043d0b00000)]
  0x000001d3bdc3f380 JavaThread "Unconstrained build operations Thread 13" [_thread_blocked, id=4676, stack(0x00000043d0b00000,0x00000043d0c00000)]
  0x000001d3bdc3fe20 JavaThread "Unconstrained build operations Thread 14" [_thread_blocked, id=10084, stack(0x00000043d0c00000,0x00000043d0d00000)]
  0x000001d3bdc43340 JavaThread "Unconstrained build operations Thread 15" [_thread_blocked, id=1940, stack(0x00000043d0d00000,0x00000043d0e00000)]
  0x000001d3bdc3f8d0 JavaThread "Unconstrained build operations Thread 16" [_thread_blocked, id=6960, stack(0x00000043d0e00000,0x00000043d0f00000)]
  0x000001d3bdc40e10 JavaThread "Unconstrained build operations Thread 17" [_thread_blocked, id=1144, stack(0x00000043d0f00000,0x00000043d1000000)]
  0x000001d3bdc41360 JavaThread "Unconstrained build operations Thread 18" [_thread_blocked, id=9856, stack(0x00000043d1000000,0x00000043d1100000)]
  0x000001d3bdc45870 JavaThread "Unconstrained build operations Thread 19" [_thread_blocked, id=6828, stack(0x00000043d1100000,0x00000043d1200000)]
  0x000001d3bdc428a0 JavaThread "Unconstrained build operations Thread 20" [_thread_blocked, id=6792, stack(0x00000043d1200000,0x00000043d1300000)]
  0x000001d3bdc40370 JavaThread "Unconstrained build operations Thread 21" [_thread_blocked, id=5908, stack(0x00000043d1300000,0x00000043d1400000)]
  0x000001d3bdc46db0 JavaThread "Unconstrained build operations Thread 22" [_thread_blocked, id=1428, stack(0x00000043d1400000,0x00000043d1500000)]
  0x000001d3bdc44dd0 JavaThread "Unconstrained build operations Thread 23" [_thread_blocked, id=8676, stack(0x00000043d1500000,0x00000043d1600000)]
  0x000001d3bdc46310 JavaThread "Unconstrained build operations Thread 24" [_thread_blocked, id=3860, stack(0x00000043d1600000,0x00000043d1700000)]
  0x000001d3bdc408c0 JavaThread "Unconstrained build operations Thread 25" [_thread_blocked, id=2448, stack(0x00000043d1700000,0x00000043d1800000)]
  0x000001d3bdc46860 JavaThread "Unconstrained build operations Thread 26" [_thread_blocked, id=1584, stack(0x00000043d1800000,0x00000043d1900000)]
  0x000001d3bdc42df0 JavaThread "Unconstrained build operations Thread 27" [_thread_blocked, id=5288, stack(0x00000043d1900000,0x00000043d1a00000)]
  0x000001d3bdc45dc0 JavaThread "Unconstrained build operations Thread 28" [_thread_blocked, id=5912, stack(0x00000043d1a00000,0x00000043d1b00000)]
  0x000001d3bdc418b0 JavaThread "Unconstrained build operations Thread 29" [_thread_blocked, id=7452, stack(0x00000043d1b00000,0x00000043d1c00000)]
  0x000001d3bdc43890 JavaThread "Unconstrained build operations Thread 30" [_thread_blocked, id=8912, stack(0x00000043d1c00000,0x00000043d1d00000)]
  0x000001d3bdc41e00 JavaThread "Unconstrained build operations Thread 31" [_thread_blocked, id=7292, stack(0x00000043d1d00000,0x00000043d1e00000)]
  0x000001d3bdc43de0 JavaThread "Unconstrained build operations Thread 32" [_thread_blocked, id=9532, stack(0x00000043d1e00000,0x00000043d1f00000)]
  0x000001d3bdc44330 JavaThread "Unconstrained build operations Thread 33" [_thread_blocked, id=6824, stack(0x00000043d1f00000,0x00000043d2000000)]
  0x000001d3bdc44880 JavaThread "Unconstrained build operations Thread 34" [_thread_blocked, id=9344, stack(0x00000043d2000000,0x00000043d2100000)]
  0x000001d3bdc45320 JavaThread "Unconstrained build operations Thread 35" [_thread_blocked, id=2040, stack(0x00000043d2100000,0x00000043d2200000)]
  0x000001d3be5af180 JavaThread "Unconstrained build operations Thread 36" [_thread_blocked, id=4628, stack(0x00000043d2200000,0x00000043d2300000)]
  0x000001d3be5b1c00 JavaThread "Unconstrained build operations Thread 37" [_thread_blocked, id=6988, stack(0x00000043d2300000,0x00000043d2400000)]
  0x000001d3be5b4130 JavaThread "Unconstrained build operations Thread 38" [_thread_blocked, id=2752, stack(0x00000043d2400000,0x00000043d2500000)]
  0x000001d3be5b4bd0 JavaThread "Unconstrained build operations Thread 39" [_thread_blocked, id=8648, stack(0x00000043d2500000,0x00000043d2600000)]
  0x000001d3be5ae6e0 JavaThread "Unconstrained build operations Thread 40" [_thread_blocked, id=4436, stack(0x00000043d2600000,0x00000043d2700000)]
  0x000001d3be5b16b0 JavaThread "Memory manager" [_thread_blocked, id=1652, stack(0x00000043d2700000,0x00000043d2800000)]
  0x000001d3be5aec30 JavaThread "included builds" [_thread_blocked, id=2384, stack(0x00000043d2800000,0x00000043d2900000)]
  0x000001d3be5af6d0 JavaThread "Execution worker" [_thread_blocked, id=5100, stack(0x00000043d2900000,0x00000043d2a00000)]
  0x000001d3be5b4680 JavaThread "Execution worker Thread 2" [_thread_blocked, id=3748, stack(0x00000043d2a00000,0x00000043d2b00000)]
  0x000001d3be5ae190 JavaThread "Execution worker Thread 3" [_thread_blocked, id=1828, stack(0x00000043d2b00000,0x00000043d2c00000)]
  0x000001d3be5b5670 JavaThread "Cache worker for execution history cache (D:\AndroidStudio\LenovoStart\.gradle\8.0\executionHistory)" [_thread_blocked, id=1920, stack(0x00000043d2c00000,0x00000043d2d00000)]
  0x000001d3be5b0170 JavaThread "idea-tooling-model-converter" [_thread_blocked, id=9128, stack(0x00000043d2d00000,0x00000043d2e00000)]
=>0x000001d3bc8c9440 JavaThread "C2 CompilerThread1" daemon [_thread_in_native, id=5156, stack(0x00000043cf500000,0x00000043cf600000)]

Other Threads:
  0x000001d3b9cfca00 VMThread "VM Thread" [stack: 0x00000043cd200000,0x00000043cd300000] [id=6392]
  0x000001d3ba8bde70 WatcherThread [stack: 0x00000043cde00000,0x00000043cdf00000] [id=6180]
  0x000001d39b8f69c0 GCTaskThread "GC Thread#0" [stack: 0x00000043ccd00000,0x00000043cce00000] [id=2456]
  0x000001d3baa33cb0 GCTaskThread "GC Thread#1" [stack: 0x00000043ce000000,0x00000043ce100000] [id=5236]
  0x000001d3bae62050 GCTaskThread "GC Thread#2" [stack: 0x00000043ce100000,0x00000043ce200000] [id=6984]
  0x000001d3babfebd0 GCTaskThread "GC Thread#3" [stack: 0x00000043ce200000,0x00000043ce300000] [id=3584]
  0x000001d39b903910 ConcurrentGCThread "G1 Main Marker" [stack: 0x00000043cce00000,0x00000043ccf00000] [id=636]
  0x000001d39b904a30 ConcurrentGCThread "G1 Conc#0" [stack: 0x00000043ccf00000,0x00000043cd000000] [id=1632]
  0x000001d39b97e590 ConcurrentGCThread "G1 Refine#0" [stack: 0x00000043cd000000,0x00000043cd100000] [id=1128]
  0x000001d3bfc6e940 ConcurrentGCThread "G1 Refine#1" [stack: 0x00000043cf600000,0x00000043cf700000] [id=1088]
  0x000001d39b97ef20 ConcurrentGCThread "G1 Service" [stack: 0x00000043cd100000,0x00000043cd200000] [id=892]

Threads with active compile tasks:
C2 CompilerThread0    19233 10575       4       org.objectweb.asm.ClassReader::readCode (5109 bytes)
C2 CompilerThread1    19233 10574       4       org.objectweb.asm.tree.MethodNode::accept (874 bytes)

VM state: not at safepoint (normal execution)

VM Mutex/Monitor currently owned by a thread: None

Heap address: 0x00000000a0000000, size: 1536 MB, Compressed Oops mode: 32-bit

CDS archive(s) mapped at: [0x0000000800000000-0x0000000800bb0000-0x0000000800bb0000), size 12255232, SharedBaseAddress: 0x0000000800000000, ArchiveRelocationMode: 0.
Compressed class space mapped at: 0x0000000800c00000-0x0000000840c00000, reserved size: 1073741824
Narrow klass base: 0x0000000800000000, Narrow klass shift: 3, Narrow klass range: 0x100000000

GC Precious Log:
 CPUs: 4 total, 4 available
 Memory: 8063M
 Large Page Support: Disabled
 NUMA Support: Disabled
 Compressed Oops: Enabled (32-bit)
 Heap Region Size: 1M
 Heap Min Capacity: 8M
 Heap Initial Capacity: 126M
 Heap Max Capacity: 1536M
 Pre-touch: Disabled
 Parallel Workers: 4
 Concurrent Workers: 1
 Concurrent Refinement Workers: 4
 Periodic GC: Disabled

Heap:
 garbage-first heap   total 352256K, used 209867K [0x00000000a0000000, 0x0000000100000000)
  region size 1024K, 40 young (40960K), 8 survivors (8192K)
 Metaspace       used 89283K, committed 90048K, reserved 1130496K
  class space    used 12170K, committed 12544K, reserved 1048576K

Heap Regions: E=young(eden), S=young(survivor), O=old, HS=humongous(starts), HC=humongous(continues), CS=collection set, F=free, OA=open archive, CA=closed archive, TAMS=top-at-mark-start (previous, next)
|   0|0x00000000a0000000, 0x00000000a0100000, 0x00000000a0100000|100%| O|  |TAMS 0x00000000a0100000, 0x00000000a0000000| Untracked 
|   1|0x00000000a0100000, 0x00000000a0200000, 0x00000000a0200000|100%| O|  |TAMS 0x00000000a0200000, 0x00000000a0100000| Untracked 
|   2|0x00000000a0200000, 0x00000000a0300000, 0x00000000a0300000|100%|HS|  |TAMS 0x00000000a0300000, 0x00000000a0200000| Complete 
|   3|0x00000000a0300000, 0x00000000a0400000, 0x00000000a0400000|100%|HC|  |TAMS 0x00000000a0400000, 0x00000000a0300000| Complete 
|   4|0x00000000a0400000, 0x00000000a0500000, 0x00000000a0500000|100%|HC|  |TAMS 0x00000000a0500000, 0x00000000a0400000| Complete 
|   5|0x00000000a0500000, 0x00000000a0600000, 0x00000000a0600000|100%|HC|  |TAMS 0x00000000a0600000, 0x00000000a0500000| Complete 
|   6|0x00000000a0600000, 0x00000000a0700000, 0x00000000a0700000|100%| O|  |TAMS 0x00000000a0700000, 0x00000000a0600000| Untracked 
|   7|0x00000000a0700000, 0x00000000a0800000, 0x00000000a0800000|100%| O|  |TAMS 0x00000000a0800000, 0x00000000a0700000| Untracked 
|   8|0x00000000a0800000, 0x00000000a0900000, 0x00000000a0900000|100%| O|  |TAMS 0x00000000a0900000, 0x00000000a0800000| Untracked 
|   9|0x00000000a0900000, 0x00000000a0a00000, 0x00000000a0a00000|100%| O|  |TAMS 0x00000000a0a00000, 0x00000000a0900000| Untracked 
|  10|0x00000000a0a00000, 0x00000000a0b00000, 0x00000000a0b00000|100%| O|  |TAMS 0x00000000a0b00000, 0x00000000a0a00000| Untracked 
|  11|0x00000000a0b00000, 0x00000000a0c00000, 0x00000000a0c00000|100%|HS|  |TAMS 0x00000000a0c00000, 0x00000000a0b00000| Complete 
|  12|0x00000000a0c00000, 0x00000000a0d00000, 0x00000000a0d00000|100%|HC|  |TAMS 0x00000000a0d00000, 0x00000000a0c00000| Complete 
|  13|0x00000000a0d00000, 0x00000000a0e00000, 0x00000000a0e00000|100%|HS|  |TAMS 0x00000000a0e00000, 0x00000000a0d00000| Complete 
|  14|0x00000000a0e00000, 0x00000000a0f00000, 0x00000000a0f00000|100%|HC|  |TAMS 0x00000000a0f00000, 0x00000000a0e00000| Complete 
|  15|0x00000000a0f00000, 0x00000000a1000000, 0x00000000a1000000|100%|HC|  |TAMS 0x00000000a1000000, 0x00000000a0f00000| Complete 
|  16|0x00000000a1000000, 0x00000000a1100000, 0x00000000a1100000|100%|HS|  |TAMS 0x00000000a1100000, 0x00000000a1000000| Complete 
|  17|0x00000000a1100000, 0x00000000a1200000, 0x00000000a1200000|100%|HC|  |TAMS 0x00000000a1200000, 0x00000000a1100000| Complete 
|  18|0x00000000a1200000, 0x00000000a1300000, 0x00000000a1300000|100%|HC|  |TAMS 0x00000000a1300000, 0x00000000a1200000| Complete 
|  19|0x00000000a1300000, 0x00000000a1400000, 0x00000000a1400000|100%|HC|  |TAMS 0x00000000a1400000, 0x00000000a1300000| Complete 
|  20|0x00000000a1400000, 0x00000000a1500000, 0x00000000a1500000|100%|HC|  |TAMS 0x00000000a1500000, 0x00000000a1400000| Complete 
|  21|0x00000000a1500000, 0x00000000a1600000, 0x00000000a1600000|100%|HC|  |TAMS 0x00000000a1600000, 0x00000000a1500000| Complete 
|  22|0x00000000a1600000, 0x00000000a1700000, 0x00000000a1700000|100%|HS|  |TAMS 0x00000000a1700000, 0x00000000a1600000| Complete 
|  23|0x00000000a1700000, 0x00000000a1800000, 0x00000000a1800000|100%|HS|  |TAMS 0x00000000a1800000, 0x00000000a1700000| Complete 
|  24|0x00000000a1800000, 0x00000000a1900000, 0x00000000a1900000|100%|HC|  |TAMS 0x00000000a1900000, 0x00000000a1800000| Complete 
|  25|0x00000000a1900000, 0x00000000a1a00000, 0x00000000a1a00000|100%|HS|  |TAMS 0x00000000a1a00000, 0x00000000a1900000| Complete 
|  26|0x00000000a1a00000, 0x00000000a1b00000, 0x00000000a1b00000|100%|HC|  |TAMS 0x00000000a1b00000, 0x00000000a1a00000| Complete 
|  27|0x00000000a1b00000, 0x00000000a1c00000, 0x00000000a1c00000|100%|HC|  |TAMS 0x00000000a1c00000, 0x00000000a1b00000| Complete 
|  28|0x00000000a1c00000, 0x00000000a1d00000, 0x00000000a1d00000|100%|HC|  |TAMS 0x00000000a1d00000, 0x00000000a1c00000| Complete 
|  29|0x00000000a1d00000, 0x00000000a1e00000, 0x00000000a1e00000|100%|HC|  |TAMS 0x00000000a1e00000, 0x00000000a1d00000| Complete 
|  30|0x00000000a1e00000, 0x00000000a1f00000, 0x00000000a1f00000|100%|HC|  |TAMS 0x00000000a1f00000, 0x00000000a1e00000| Complete 
|  31|0x00000000a1f00000, 0x00000000a2000000, 0x00000000a2000000|100%|HC|  |TAMS 0x00000000a2000000, 0x00000000a1f00000| Complete 
|  32|0x00000000a2000000, 0x00000000a2100000, 0x00000000a2100000|100%|HC|  |TAMS 0x00000000a2100000, 0x00000000a2000000| Complete 
|  33|0x00000000a2100000, 0x00000000a2200000, 0x00000000a2200000|100%|HC|  |TAMS 0x00000000a2200000, 0x00000000a2100000| Complete 
|  34|0x00000000a2200000, 0x00000000a2300000, 0x00000000a2300000|100%|HC|  |TAMS 0x00000000a2300000, 0x00000000a2200000| Complete 
|  35|0x00000000a2300000, 0x00000000a2400000, 0x00000000a2400000|100%|HS|  |TAMS 0x00000000a2400000, 0x00000000a2300000| Complete 
|  36|0x00000000a2400000, 0x00000000a2500000, 0x00000000a2500000|100%|HC|  |TAMS 0x00000000a2500000, 0x00000000a2400000| Complete 
|  37|0x00000000a2500000, 0x00000000a2600000, 0x00000000a2600000|100%|HS|  |TAMS 0x00000000a2600000, 0x00000000a2500000| Complete 
|  38|0x00000000a2600000, 0x00000000a2700000, 0x00000000a2700000|100%|HC|  |TAMS 0x00000000a2700000, 0x00000000a2600000| Complete 
|  39|0x00000000a2700000, 0x00000000a2800000, 0x00000000a2800000|100%|HC|  |TAMS 0x00000000a2800000, 0x00000000a2700000| Complete 
|  40|0x00000000a2800000, 0x00000000a2900000, 0x00000000a2900000|100%| O|  |TAMS 0x00000000a2900000, 0x00000000a2800000| Untracked 
|  41|0x00000000a2900000, 0x00000000a2a00000, 0x00000000a2a00000|100%| O|  |TAMS 0x00000000a2a00000, 0x00000000a2900000| Untracked 
|  42|0x00000000a2a00000, 0x00000000a2b00000, 0x00000000a2b00000|100%| O|  |TAMS 0x00000000a2b00000, 0x00000000a2a00000| Untracked 
|  43|0x00000000a2b00000, 0x00000000a2c00000, 0x00000000a2c00000|100%| O|  |TAMS 0x00000000a2c00000, 0x00000000a2b00000| Untracked 
|  44|0x00000000a2c00000, 0x00000000a2d00000, 0x00000000a2d00000|100%| O|  |TAMS 0x00000000a2d00000, 0x00000000a2c00000| Untracked 
|  45|0x00000000a2d00000, 0x00000000a2e00000, 0x00000000a2e00000|100%| O|  |TAMS 0x00000000a2e00000, 0x00000000a2d00000| Untracked 
|  46|0x00000000a2e00000, 0x00000000a2f00000, 0x00000000a2f00000|100%| O|  |TAMS 0x00000000a2f00000, 0x00000000a2e00000| Untracked 
|  47|0x00000000a2f00000, 0x00000000a3000000, 0x00000000a3000000|100%| O|  |TAMS 0x00000000a3000000, 0x00000000a2f00000| Untracked 
|  48|0x00000000a3000000, 0x00000000a3100000, 0x00000000a3100000|100%| O|  |TAMS 0x00000000a3100000, 0x00000000a3000000| Untracked 
|  49|0x00000000a3100000, 0x00000000a3200000, 0x00000000a3200000|100%| O|  |TAMS 0x00000000a3200000, 0x00000000a3100000| Untracked 
|  50|0x00000000a3200000, 0x00000000a3300000, 0x00000000a3300000|100%| O|  |TAMS 0x00000000a3300000, 0x00000000a3200000| Untracked 
|  51|0x00000000a3300000, 0x00000000a3400000, 0x00000000a3400000|100%| O|  |TAMS 0x00000000a3400000, 0x00000000a3300000| Untracked 
|  52|0x00000000a3400000, 0x00000000a3500000, 0x00000000a3500000|100%| O|  |TAMS 0x00000000a3500000, 0x00000000a3400000| Untracked 
|  53|0x00000000a3500000, 0x00000000a3600000, 0x00000000a3600000|100%| O|  |TAMS 0x00000000a3600000, 0x00000000a3500000| Untracked 
|  54|0x00000000a3600000, 0x00000000a3700000, 0x00000000a3700000|100%| O|  |TAMS 0x00000000a3700000, 0x00000000a3600000| Untracked 
|  55|0x00000000a3700000, 0x00000000a3800000, 0x00000000a3800000|100%| O|  |TAMS 0x00000000a3800000, 0x00000000a3700000| Untracked 
|  56|0x00000000a3800000, 0x00000000a3900000, 0x00000000a3900000|100%| O|  |TAMS 0x00000000a3900000, 0x00000000a3800000| Untracked 
|  57|0x00000000a3900000, 0x00000000a3a00000, 0x00000000a3a00000|100%| O|  |TAMS 0x00000000a3a00000, 0x00000000a3900000| Untracked 
|  58|0x00000000a3a00000, 0x00000000a3b00000, 0x00000000a3b00000|100%|HS|  |TAMS 0x00000000a3b00000, 0x00000000a3a00000| Complete 
|  59|0x00000000a3b00000, 0x00000000a3c00000, 0x00000000a3c00000|100%|HC|  |TAMS 0x00000000a3c00000, 0x00000000a3b00000| Complete 
|  60|0x00000000a3c00000, 0x00000000a3d00000, 0x00000000a3d00000|100%| O|  |TAMS 0x00000000a3d00000, 0x00000000a3c00000| Untracked 
|  61|0x00000000a3d00000, 0x00000000a3e00000, 0x00000000a3e00000|100%| O|  |TAMS 0x00000000a3e00000, 0x00000000a3d00000| Untracked 
|  62|0x00000000a3e00000, 0x00000000a3f00000, 0x00000000a3f00000|100%| O|  |TAMS 0x00000000a3f00000, 0x00000000a3e00000| Untracked 
|  63|0x00000000a3f00000, 0x00000000a4000000, 0x00000000a4000000|100%| O|  |TAMS 0x00000000a4000000, 0x00000000a3f00000| Untracked 
|  64|0x00000000a4000000, 0x00000000a4100000, 0x00000000a4100000|100%| O|  |TAMS 0x00000000a4100000, 0x00000000a4000000| Untracked 
|  65|0x00000000a4100000, 0x00000000a4200000, 0x00000000a4200000|100%|HS|  |TAMS 0x00000000a4200000, 0x00000000a4100000| Complete 
|  66|0x00000000a4200000, 0x00000000a4300000, 0x00000000a4300000|100%|HC|  |TAMS 0x00000000a4300000, 0x00000000a4200000| Complete 
|  67|0x00000000a4300000, 0x00000000a4400000, 0x00000000a4400000|100%|HC|  |TAMS 0x00000000a4400000, 0x00000000a4300000| Complete 
|  68|0x00000000a4400000, 0x00000000a4500000, 0x00000000a4500000|100%|HC|  |TAMS 0x00000000a4500000, 0x00000000a4400000| Complete 
|  69|0x00000000a4500000, 0x00000000a4600000, 0x00000000a4600000|100%|HC|  |TAMS 0x00000000a4600000, 0x00000000a4500000| Complete 
|  70|0x00000000a4600000, 0x00000000a4700000, 0x00000000a4700000|100%|HC|  |TAMS 0x00000000a4700000, 0x00000000a4600000| Complete 
|  71|0x00000000a4700000, 0x00000000a4800000, 0x00000000a4800000|100%|HC|  |TAMS 0x00000000a4800000, 0x00000000a4700000| Complete 
|  72|0x00000000a4800000, 0x00000000a4900000, 0x00000000a4900000|100%|HC|  |TAMS 0x00000000a4900000, 0x00000000a4800000| Complete 
|  73|0x00000000a4900000, 0x00000000a4a00000, 0x00000000a4a00000|100%|HC|  |TAMS 0x00000000a4a00000, 0x00000000a4900000| Complete 
|  74|0x00000000a4a00000, 0x00000000a4b00000, 0x00000000a4b00000|100%|HC|  |TAMS 0x00000000a4b00000, 0x00000000a4a00000| Complete 
|  75|0x00000000a4b00000, 0x00000000a4c00000, 0x00000000a4c00000|100%|HC|  |TAMS 0x00000000a4c00000, 0x00000000a4b00000| Complete 
|  76|0x00000000a4c00000, 0x00000000a4d00000, 0x00000000a4d00000|100%|HS|  |TAMS 0x00000000a4d00000, 0x00000000a4c00000| Complete 
|  77|0x00000000a4d00000, 0x00000000a4e00000, 0x00000000a4e00000|100%|HC|  |TAMS 0x00000000a4e00000, 0x00000000a4d00000| Complete 
|  78|0x00000000a4e00000, 0x00000000a4f00000, 0x00000000a4f00000|100%|HC|  |TAMS 0x00000000a4f00000, 0x00000000a4e00000| Complete 
|  79|0x00000000a4f00000, 0x00000000a5000000, 0x00000000a5000000|100%|HS|  |TAMS 0x00000000a5000000, 0x00000000a4f00000| Complete 
|  80|0x00000000a5000000, 0x00000000a5100000, 0x00000000a5100000|100%|HC|  |TAMS 0x00000000a5100000, 0x00000000a5000000| Complete 
|  81|0x00000000a5100000, 0x00000000a5200000, 0x00000000a5200000|100%|HS|  |TAMS 0x00000000a5200000, 0x00000000a5100000| Complete 
|  82|0x00000000a5200000, 0x00000000a5300000, 0x00000000a5300000|100%|HC|  |TAMS 0x00000000a5300000, 0x00000000a5200000| Complete 
|  83|0x00000000a5300000, 0x00000000a5400000, 0x00000000a5400000|100%|HC|  |TAMS 0x00000000a5400000, 0x00000000a5300000| Complete 
|  84|0x00000000a5400000, 0x00000000a5500000, 0x00000000a5500000|100%| O|  |TAMS 0x00000000a5500000, 0x00000000a5400000| Untracked 
|  85|0x00000000a5500000, 0x00000000a5600000, 0x00000000a5600000|100%| O|  |TAMS 0x00000000a5600000, 0x00000000a5500000| Untracked 
|  86|0x00000000a5600000, 0x00000000a5700000, 0x00000000a5700000|100%| O|  |TAMS 0x00000000a5700000, 0x00000000a5600000| Untracked 
|  87|0x00000000a5700000, 0x00000000a5800000, 0x00000000a5800000|100%| O|  |TAMS 0x00000000a5800000, 0x00000000a5700000| Untracked 
|  88|0x00000000a5800000, 0x00000000a5900000, 0x00000000a5900000|100%| O|  |TAMS 0x00000000a5900000, 0x00000000a5800000| Untracked 
|  89|0x00000000a5900000, 0x00000000a5a00000, 0x00000000a5a00000|100%| O|  |TAMS 0x00000000a5a00000, 0x00000000a5900000| Untracked 
|  90|0x00000000a5a00000, 0x00000000a5b00000, 0x00000000a5b00000|100%| O|  |TAMS 0x00000000a5b00000, 0x00000000a5a00000| Untracked 
|  91|0x00000000a5b00000, 0x00000000a5c00000, 0x00000000a5c00000|100%|HS|  |TAMS 0x00000000a5c00000, 0x00000000a5b00000| Complete 
|  92|0x00000000a5c00000, 0x00000000a5d00000, 0x00000000a5d00000|100%|HC|  |TAMS 0x00000000a5d00000, 0x00000000a5c00000| Complete 
|  93|0x00000000a5d00000, 0x00000000a5e00000, 0x00000000a5e00000|100%|HC|  |TAMS 0x00000000a5e00000, 0x00000000a5d00000| Complete 
|  94|0x00000000a5e00000, 0x00000000a5f00000, 0x00000000a5f00000|100%|HC|  |TAMS 0x00000000a5f00000, 0x00000000a5e00000| Complete 
|  95|0x00000000a5f00000, 0x00000000a6000000, 0x00000000a6000000|100%|HC|  |TAMS 0x00000000a6000000, 0x00000000a5f00000| Complete 
|  96|0x00000000a6000000, 0x00000000a6100000, 0x00000000a6100000|100%|HC|  |TAMS 0x00000000a6100000, 0x00000000a6000000| Complete 
|  97|0x00000000a6100000, 0x00000000a6200000, 0x00000000a6200000|100%|HS|  |TAMS 0x00000000a6200000, 0x00000000a6100000| Complete 
|  98|0x00000000a6200000, 0x00000000a6300000, 0x00000000a6300000|100%|HS|  |TAMS 0x00000000a6300000, 0x00000000a6200000| Complete 
|  99|0x00000000a6300000, 0x00000000a6400000, 0x00000000a6400000|100%|HS|  |TAMS 0x00000000a6400000, 0x00000000a6300000| Complete 
| 100|0x00000000a6400000, 0x00000000a6500000, 0x00000000a6500000|100%| O|  |TAMS 0x00000000a6500000, 0x00000000a6400000| Untracked 
| 101|0x00000000a6500000, 0x00000000a6600000, 0x00000000a6600000|100%| O|  |TAMS 0x00000000a6600000, 0x00000000a6500000| Untracked 
| 102|0x00000000a6600000, 0x00000000a6700000, 0x00000000a6700000|100%| O|  |TAMS 0x00000000a6700000, 0x00000000a6600000| Untracked 
| 103|0x00000000a6700000, 0x00000000a6800000, 0x00000000a6800000|100%| O|  |TAMS 0x00000000a6800000, 0x00000000a6700000| Untracked 
| 104|0x00000000a6800000, 0x00000000a6900000, 0x00000000a6900000|100%| O|  |TAMS 0x00000000a6900000, 0x00000000a6800000| Untracked 
| 105|0x00000000a6900000, 0x00000000a6a00000, 0x00000000a6a00000|100%| O|  |TAMS 0x00000000a6a00000, 0x00000000a6900000| Untracked 
| 106|0x00000000a6a00000, 0x00000000a6b00000, 0x00000000a6b00000|100%| O|  |TAMS 0x00000000a6b00000, 0x00000000a6a00000| Untracked 
| 107|0x00000000a6b00000, 0x00000000a6c00000, 0x00000000a6c00000|100%| O|  |TAMS 0x00000000a6c00000, 0x00000000a6b00000| Untracked 
| 108|0x00000000a6c00000, 0x00000000a6d00000, 0x00000000a6d00000|100%| O|  |TAMS 0x00000000a6d00000, 0x00000000a6c00000| Untracked 
| 109|0x00000000a6d00000, 0x00000000a6e00000, 0x00000000a6e00000|100%| O|  |TAMS 0x00000000a6e00000, 0x00000000a6d00000| Untracked 
| 110|0x00000000a6e00000, 0x00000000a6f00000, 0x00000000a6f00000|100%| O|  |TAMS 0x00000000a6f00000, 0x00000000a6e00000| Untracked 
| 111|0x00000000a6f00000, 0x00000000a7000000, 0x00000000a7000000|100%| O|  |TAMS 0x00000000a7000000, 0x00000000a6f00000| Untracked 
| 112|0x00000000a7000000, 0x00000000a7100000, 0x00000000a7100000|100%| O|  |TAMS 0x00000000a7100000, 0x00000000a7000000| Untracked 
| 113|0x00000000a7100000, 0x00000000a7200000, 0x00000000a7200000|100%| O|  |TAMS 0x00000000a7200000, 0x00000000a7100000| Untracked 
| 114|0x00000000a7200000, 0x00000000a7300000, 0x00000000a7300000|100%| O|  |TAMS 0x00000000a7300000, 0x00000000a7200000| Untracked 
| 115|0x00000000a7300000, 0x00000000a7400000, 0x00000000a7400000|100%| O|  |TAMS 0x00000000a7400000, 0x00000000a7300000| Untracked 
| 116|0x00000000a7400000, 0x00000000a7500000, 0x00000000a7500000|100%| O|  |TAMS 0x00000000a7500000, 0x00000000a7400000| Untracked 
| 117|0x00000000a7500000, 0x00000000a7600000, 0x00000000a7600000|100%| O|  |TAMS 0x00000000a7600000, 0x00000000a7500000| Untracked 
| 118|0x00000000a7600000, 0x00000000a7700000, 0x00000000a7700000|100%| O|  |TAMS 0x00000000a7700000, 0x00000000a7600000| Untracked 
| 119|0x00000000a7700000, 0x00000000a7800000, 0x00000000a7800000|100%| O|  |TAMS 0x00000000a7800000, 0x00000000a7700000| Untracked 
| 120|0x00000000a7800000, 0x00000000a7900000, 0x00000000a7900000|100%|HS|  |TAMS 0x00000000a7900000, 0x00000000a7800000| Complete 
| 121|0x00000000a7900000, 0x00000000a7a00000, 0x00000000a7a00000|100%|HC|  |TAMS 0x00000000a7a00000, 0x00000000a7900000| Complete 
| 122|0x00000000a7a00000, 0x00000000a7b00000, 0x00000000a7b00000|100%|HS|  |TAMS 0x00000000a7b00000, 0x00000000a7a00000| Complete 
| 123|0x00000000a7b00000, 0x00000000a7c00000, 0x00000000a7c00000|100%|HC|  |TAMS 0x00000000a7c00000, 0x00000000a7b00000| Complete 
| 124|0x00000000a7c00000, 0x00000000a7d00000, 0x00000000a7d00000|100%|HC|  |TAMS 0x00000000a7d00000, 0x00000000a7c00000| Complete 
| 125|0x00000000a7d00000, 0x00000000a7e00000, 0x00000000a7e00000|100%|HS|  |TAMS 0x00000000a7e00000, 0x00000000a7d00000| Complete 
| 126|0x00000000a7e00000, 0x00000000a7f00000, 0x00000000a7f00000|100%|HC|  |TAMS 0x00000000a7f00000, 0x00000000a7e00000| Complete 
| 127|0x00000000a7f00000, 0x00000000a8000000, 0x00000000a8000000|100%|HC|  |TAMS 0x00000000a8000000, 0x00000000a7f00000| Complete 
| 128|0x00000000a8000000, 0x00000000a8100000, 0x00000000a8100000|100%|HC|  |TAMS 0x00000000a8100000, 0x00000000a8000000| Complete 
| 129|0x00000000a8100000, 0x00000000a8200000, 0x00000000a8200000|100%|HC|  |TAMS 0x00000000a8200000, 0x00000000a8100000| Complete 
| 130|0x00000000a8200000, 0x00000000a8300000, 0x00000000a8300000|100%|HC|  |TAMS 0x00000000a8300000, 0x00000000a8200000| Complete 
| 131|0x00000000a8300000, 0x00000000a8400000, 0x00000000a8400000|100%|HS|  |TAMS 0x00000000a8400000, 0x00000000a8300000| Complete 
| 132|0x00000000a8400000, 0x00000000a8500000, 0x00000000a8500000|100%|HS|  |TAMS 0x00000000a8500000, 0x00000000a8400000| Complete 
| 133|0x00000000a8500000, 0x00000000a8600000, 0x00000000a8600000|100%|HC|  |TAMS 0x00000000a8600000, 0x00000000a8500000| Complete 
| 134|0x00000000a8600000, 0x00000000a8700000, 0x00000000a8700000|100%|HS|  |TAMS 0x00000000a8700000, 0x00000000a8600000| Complete 
| 135|0x00000000a8700000, 0x00000000a8800000, 0x00000000a8800000|100%|HC|  |TAMS 0x00000000a8800000, 0x00000000a8700000| Complete 
| 136|0x00000000a8800000, 0x00000000a8900000, 0x00000000a8900000|100%|HC|  |TAMS 0x00000000a8900000, 0x00000000a8800000| Complete 
| 137|0x00000000a8900000, 0x00000000a8a00000, 0x00000000a8a00000|100%|HC|  |TAMS 0x00000000a8a00000, 0x00000000a8900000| Complete 
| 138|0x00000000a8a00000, 0x00000000a8b00000, 0x00000000a8b00000|100%|HC|  |TAMS 0x00000000a8b00000, 0x00000000a8a00000| Complete 
| 139|0x00000000a8b00000, 0x00000000a8c00000, 0x00000000a8c00000|100%|HC|  |TAMS 0x00000000a8c00000, 0x00000000a8b00000| Complete 
| 140|0x00000000a8c00000, 0x00000000a8d00000, 0x00000000a8d00000|100%|HC|  |TAMS 0x00000000a8d00000, 0x00000000a8c00000| Complete 
| 141|0x00000000a8d00000, 0x00000000a8e00000, 0x00000000a8e00000|100%|HC|  |TAMS 0x00000000a8e00000, 0x00000000a8d00000| Complete 
| 142|0x00000000a8e00000, 0x00000000a8f00000, 0x00000000a8f00000|100%|HC|  |TAMS 0x00000000a8f00000, 0x00000000a8e00000| Complete 
| 143|0x00000000a8f00000, 0x00000000a9000000, 0x00000000a9000000|100%|HC|  |TAMS 0x00000000a9000000, 0x00000000a8f00000| Complete 
| 144|0x00000000a9000000, 0x00000000a9100000, 0x00000000a9100000|100%|HS|  |TAMS 0x00000000a9100000, 0x00000000a9000000| Complete 
| 145|0x00000000a9100000, 0x00000000a9200000, 0x00000000a9200000|100%|HC|  |TAMS 0x00000000a9200000, 0x00000000a9100000| Complete 
| 146|0x00000000a9200000, 0x00000000a9300000, 0x00000000a9300000|100%|HS|  |TAMS 0x00000000a9300000, 0x00000000a9200000| Complete 
| 147|0x00000000a9300000, 0x00000000a9400000, 0x00000000a9400000|100%|HC|  |TAMS 0x00000000a9400000, 0x00000000a9300000| Complete 
| 148|0x00000000a9400000, 0x00000000a9500000, 0x00000000a9500000|100%|HC|  |TAMS 0x00000000a9500000, 0x00000000a9400000| Complete 
| 149|0x00000000a9500000, 0x00000000a9600000, 0x00000000a9600000|100%| O|  |TAMS 0x00000000a9600000, 0x00000000a9500000| Untracked 
| 150|0x00000000a9600000, 0x00000000a9700000, 0x00000000a9700000|100%| O|  |TAMS 0x00000000a9700000, 0x00000000a9600000| Untracked 
| 151|0x00000000a9700000, 0x00000000a9800000, 0x00000000a9800000|100%| O|  |TAMS 0x00000000a9800000, 0x00000000a9700000| Untracked 
| 152|0x00000000a9800000, 0x00000000a9900000, 0x00000000a9900000|100%| O|  |TAMS 0x00000000a9900000, 0x00000000a9800000| Untracked 
| 153|0x00000000a9900000, 0x00000000a9a00000, 0x00000000a9a00000|100%| O|  |TAMS 0x00000000a9a00000, 0x00000000a9900000| Untracked 
| 154|0x00000000a9a00000, 0x00000000a9b00000, 0x00000000a9b00000|100%| O|  |TAMS 0x00000000a9b00000, 0x00000000a9a00000| Untracked 
| 155|0x00000000a9b00000, 0x00000000a9c00000, 0x00000000a9c00000|100%| O|  |TAMS 0x00000000a9c00000, 0x00000000a9b00000| Untracked 
| 156|0x00000000a9c00000, 0x00000000a9d00000, 0x00000000a9d00000|100%| O|  |TAMS 0x00000000a9d00000, 0x00000000a9c00000| Untracked 
| 157|0x00000000a9d00000, 0x00000000a9e00000, 0x00000000a9e00000|100%| O|  |TAMS 0x00000000a9e00000, 0x00000000a9d00000| Untracked 
| 158|0x00000000a9e00000, 0x00000000a9f00000, 0x00000000a9f00000|100%| O|  |TAMS 0x00000000a9f00000, 0x00000000a9e00000| Untracked 
| 159|0x00000000a9f00000, 0x00000000aa000000, 0x00000000aa000000|100%| O|  |TAMS 0x00000000aa000000, 0x00000000a9f00000| Untracked 
| 160|0x00000000aa000000, 0x00000000aa100000, 0x00000000aa100000|100%| O|  |TAMS 0x00000000aa100000, 0x00000000aa000000| Untracked 
| 161|0x00000000aa100000, 0x00000000aa200000, 0x00000000aa200000|100%| O|  |TAMS 0x00000000aa200000, 0x00000000aa100000| Untracked 
| 162|0x00000000aa200000, 0x00000000aa300000, 0x00000000aa300000|100%| O|  |TAMS 0x00000000aa300000, 0x00000000aa200000| Untracked 
| 163|0x00000000aa300000, 0x00000000aa400000, 0x00000000aa400000|100%| O|  |TAMS 0x00000000aa400000, 0x00000000aa300000| Untracked 
| 164|0x00000000aa400000, 0x00000000aa449000, 0x00000000aa500000| 28%| O|  |TAMS 0x00000000aa449000, 0x00000000aa400000| Untracked 
| 165|0x00000000aa500000, 0x00000000aa600000, 0x00000000aa600000|100%|HS|  |TAMS 0x00000000aa500000, 0x00000000aa500000| Complete 
| 166|0x00000000aa600000, 0x00000000aa700000, 0x00000000aa700000|100%|HC|  |TAMS 0x00000000aa600000, 0x00000000aa600000| Complete 
| 167|0x00000000aa700000, 0x00000000aa700000, 0x00000000aa800000|  0%| F|  |TAMS 0x00000000aa700000, 0x00000000aa700000| Untracked 
| 168|0x00000000aa800000, 0x00000000aa800000, 0x00000000aa900000|  0%| F|  |TAMS 0x00000000aa800000, 0x00000000aa800000| Untracked 
| 169|0x00000000aa900000, 0x00000000aa900000, 0x00000000aaa00000|  0%| F|  |TAMS 0x00000000aa900000, 0x00000000aa900000| Untracked 
| 170|0x00000000aaa00000, 0x00000000aaa00000, 0x00000000aab00000|  0%| F|  |TAMS 0x00000000aaa00000, 0x00000000aaa00000| Untracked 
| 171|0x00000000aab00000, 0x00000000aab00000, 0x00000000aac00000|  0%| F|  |TAMS 0x00000000aab00000, 0x00000000aab00000| Untracked 
| 172|0x00000000aac00000, 0x00000000aac00000, 0x00000000aad00000|  0%| F|  |TAMS 0x00000000aac00000, 0x00000000aac00000| Untracked 
| 173|0x00000000aad00000, 0x00000000aad00000, 0x00000000aae00000|  0%| F|  |TAMS 0x00000000aad00000, 0x00000000aad00000| Untracked 
| 174|0x00000000aae00000, 0x00000000aae00000, 0x00000000aaf00000|  0%| F|  |TAMS 0x00000000aae00000, 0x00000000aae00000| Untracked 
| 175|0x00000000aaf00000, 0x00000000aaf00000, 0x00000000ab000000|  0%| F|  |TAMS 0x00000000aaf00000, 0x00000000aaf00000| Untracked 
| 176|0x00000000ab000000, 0x00000000ab000000, 0x00000000ab100000|  0%| F|  |TAMS 0x00000000ab000000, 0x00000000ab000000| Untracked 
| 177|0x00000000ab100000, 0x00000000ab100000, 0x00000000ab200000|  0%| F|  |TAMS 0x00000000ab100000, 0x00000000ab100000| Untracked 
| 178|0x00000000ab200000, 0x00000000ab200000, 0x00000000ab300000|  0%| F|  |TAMS 0x00000000ab200000, 0x00000000ab200000| Untracked 
| 179|0x00000000ab300000, 0x00000000ab300000, 0x00000000ab400000|  0%| F|  |TAMS 0x00000000ab300000, 0x00000000ab300000| Untracked 
| 180|0x00000000ab400000, 0x00000000ab400000, 0x00000000ab500000|  0%| F|  |TAMS 0x00000000ab400000, 0x00000000ab400000| Untracked 
| 181|0x00000000ab500000, 0x00000000ab500000, 0x00000000ab600000|  0%| F|  |TAMS 0x00000000ab500000, 0x00000000ab500000| Untracked 
| 182|0x00000000ab600000, 0x00000000ab600000, 0x00000000ab700000|  0%| F|  |TAMS 0x00000000ab600000, 0x00000000ab600000| Untracked 
| 183|0x00000000ab700000, 0x00000000ab700000, 0x00000000ab800000|  0%| F|  |TAMS 0x00000000ab700000, 0x00000000ab700000| Untracked 
| 184|0x00000000ab800000, 0x00000000ab800000, 0x00000000ab900000|  0%| F|  |TAMS 0x00000000ab800000, 0x00000000ab800000| Untracked 
| 185|0x00000000ab900000, 0x00000000ab900000, 0x00000000aba00000|  0%| F|  |TAMS 0x00000000ab900000, 0x00000000ab900000| Untracked 
| 186|0x00000000aba00000, 0x00000000aba00000, 0x00000000abb00000|  0%| F|  |TAMS 0x00000000aba00000, 0x00000000aba00000| Untracked 
| 187|0x00000000abb00000, 0x00000000abb00000, 0x00000000abc00000|  0%| F|  |TAMS 0x00000000abb00000, 0x00000000abb00000| Untracked 
| 188|0x00000000abc00000, 0x00000000abc00000, 0x00000000abd00000|  0%| F|  |TAMS 0x00000000abc00000, 0x00000000abc00000| Untracked 
| 189|0x00000000abd00000, 0x00000000abd00000, 0x00000000abe00000|  0%| F|  |TAMS 0x00000000abd00000, 0x00000000abd00000| Untracked 
| 190|0x00000000abe00000, 0x00000000abe00000, 0x00000000abf00000|  0%| F|  |TAMS 0x00000000abe00000, 0x00000000abe00000| Untracked 
| 191|0x00000000abf00000, 0x00000000abf00000, 0x00000000ac000000|  0%| F|  |TAMS 0x00000000abf00000, 0x00000000abf00000| Untracked 
| 192|0x00000000ac000000, 0x00000000ac000000, 0x00000000ac100000|  0%| F|  |TAMS 0x00000000ac000000, 0x00000000ac000000| Untracked 
| 193|0x00000000ac100000, 0x00000000ac100000, 0x00000000ac200000|  0%| F|  |TAMS 0x00000000ac100000, 0x00000000ac100000| Untracked 
| 194|0x00000000ac200000, 0x00000000ac200000, 0x00000000ac300000|  0%| F|  |TAMS 0x00000000ac200000, 0x00000000ac200000| Untracked 
| 195|0x00000000ac300000, 0x00000000ac300000, 0x00000000ac400000|  0%| F|  |TAMS 0x00000000ac300000, 0x00000000ac300000| Untracked 
| 196|0x00000000ac400000, 0x00000000ac400000, 0x00000000ac500000|  0%| F|  |TAMS 0x00000000ac400000, 0x00000000ac400000| Untracked 
| 197|0x00000000ac500000, 0x00000000ac500000, 0x00000000ac600000|  0%| F|  |TAMS 0x00000000ac500000, 0x00000000ac500000| Untracked 
| 198|0x00000000ac600000, 0x00000000ac600000, 0x00000000ac700000|  0%| F|  |TAMS 0x00000000ac600000, 0x00000000ac600000| Untracked 
| 199|0x00000000ac700000, 0x00000000ac700000, 0x00000000ac800000|  0%| F|  |TAMS 0x00000000ac700000, 0x00000000ac700000| Untracked 
| 200|0x00000000ac800000, 0x00000000ac800000, 0x00000000ac900000|  0%| F|  |TAMS 0x00000000ac800000, 0x00000000ac800000| Untracked 
| 201|0x00000000ac900000, 0x00000000ac900000, 0x00000000aca00000|  0%| F|  |TAMS 0x00000000ac900000, 0x00000000ac900000| Untracked 
| 202|0x00000000aca00000, 0x00000000aca00000, 0x00000000acb00000|  0%| F|  |TAMS 0x00000000aca00000, 0x00000000aca00000| Untracked 
| 203|0x00000000acb00000, 0x00000000acb00000, 0x00000000acc00000|  0%| F|  |TAMS 0x00000000acb00000, 0x00000000acb00000| Untracked 
| 204|0x00000000acc00000, 0x00000000acc00000, 0x00000000acd00000|  0%| F|  |TAMS 0x00000000acc00000, 0x00000000acc00000| Untracked 
| 205|0x00000000acd00000, 0x00000000acd00000, 0x00000000ace00000|  0%| F|  |TAMS 0x00000000acd00000, 0x00000000acd00000| Untracked 
| 206|0x00000000ace00000, 0x00000000ace00000, 0x00000000acf00000|  0%| F|  |TAMS 0x00000000ace00000, 0x00000000ace00000| Untracked 
| 207|0x00000000acf00000, 0x00000000acf00000, 0x00000000ad000000|  0%| F|  |TAMS 0x00000000acf00000, 0x00000000acf00000| Untracked 
| 208|0x00000000ad000000, 0x00000000ad000000, 0x00000000ad100000|  0%| F|  |TAMS 0x00000000ad000000, 0x00000000ad000000| Untracked 
| 209|0x00000000ad100000, 0x00000000ad100000, 0x00000000ad200000|  0%| F|  |TAMS 0x00000000ad100000, 0x00000000ad100000| Untracked 
| 210|0x00000000ad200000, 0x00000000ad200000, 0x00000000ad300000|  0%| F|  |TAMS 0x00000000ad200000, 0x00000000ad200000| Untracked 
| 211|0x00000000ad300000, 0x00000000ad300000, 0x00000000ad400000|  0%| F|  |TAMS 0x00000000ad300000, 0x00000000ad300000| Untracked 
| 212|0x00000000ad400000, 0x00000000ad400000, 0x00000000ad500000|  0%| F|  |TAMS 0x00000000ad400000, 0x00000000ad400000| Untracked 
| 213|0x00000000ad500000, 0x00000000ad500000, 0x00000000ad600000|  0%| F|  |TAMS 0x00000000ad500000, 0x00000000ad500000| Untracked 
| 214|0x00000000ad600000, 0x00000000ad600000, 0x00000000ad700000|  0%| F|  |TAMS 0x00000000ad600000, 0x00000000ad600000| Untracked 
| 215|0x00000000ad700000, 0x00000000ad700000, 0x00000000ad800000|  0%| F|  |TAMS 0x00000000ad700000, 0x00000000ad700000| Untracked 
| 216|0x00000000ad800000, 0x00000000ad800000, 0x00000000ad900000|  0%| F|  |TAMS 0x00000000ad800000, 0x00000000ad800000| Untracked 
| 217|0x00000000ad900000, 0x00000000ad900000, 0x00000000ada00000|  0%| F|  |TAMS 0x00000000ad900000, 0x00000000ad900000| Untracked 
| 218|0x00000000ada00000, 0x00000000ada00000, 0x00000000adb00000|  0%| F|  |TAMS 0x00000000ada00000, 0x00000000ada00000| Untracked 
| 219|0x00000000adb00000, 0x00000000adb00000, 0x00000000adc00000|  0%| F|  |TAMS 0x00000000adb00000, 0x00000000adb00000| Untracked 
| 220|0x00000000adc00000, 0x00000000adc00000, 0x00000000add00000|  0%| F|  |TAMS 0x00000000adc00000, 0x00000000adc00000| Untracked 
| 221|0x00000000add00000, 0x00000000add00000, 0x00000000ade00000|  0%| F|  |TAMS 0x00000000add00000, 0x00000000add00000| Untracked 
| 222|0x00000000ade00000, 0x00000000ade00000, 0x00000000adf00000|  0%| F|  |TAMS 0x00000000ade00000, 0x00000000ade00000| Untracked 
| 223|0x00000000adf00000, 0x00000000adf00000, 0x00000000ae000000|  0%| F|  |TAMS 0x00000000adf00000, 0x00000000adf00000| Untracked 
| 224|0x00000000ae000000, 0x00000000ae0a9c80, 0x00000000ae100000| 66%| S|CS|TAMS 0x00000000ae000000, 0x00000000ae000000| Complete 
| 225|0x00000000ae100000, 0x00000000ae200000, 0x00000000ae200000|100%| S|CS|TAMS 0x00000000ae100000, 0x00000000ae100000| Complete 
| 226|0x00000000ae200000, 0x00000000ae300000, 0x00000000ae300000|100%| S|CS|TAMS 0x00000000ae200000, 0x00000000ae200000| Complete 
| 227|0x00000000ae300000, 0x00000000ae400000, 0x00000000ae400000|100%| S|CS|TAMS 0x00000000ae300000, 0x00000000ae300000| Complete 
| 228|0x00000000ae400000, 0x00000000ae500000, 0x00000000ae500000|100%| S|CS|TAMS 0x00000000ae400000, 0x00000000ae400000| Complete 
| 229|0x00000000ae500000, 0x00000000ae600000, 0x00000000ae600000|100%| S|CS|TAMS 0x00000000ae500000, 0x00000000ae500000| Complete 
| 230|0x00000000ae600000, 0x00000000ae700000, 0x00000000ae700000|100%| S|CS|TAMS 0x00000000ae600000, 0x00000000ae600000| Complete 
| 231|0x00000000ae700000, 0x00000000ae800000, 0x00000000ae800000|100%| S|CS|TAMS 0x00000000ae700000, 0x00000000ae700000| Complete 
| 232|0x00000000ae800000, 0x00000000ae800000, 0x00000000ae900000|  0%| F|  |TAMS 0x00000000ae800000, 0x00000000ae800000| Untracked 
| 233|0x00000000ae900000, 0x00000000ae900000, 0x00000000aea00000|  0%| F|  |TAMS 0x00000000ae900000, 0x00000000ae900000| Untracked 
| 234|0x00000000aea00000, 0x00000000aea00000, 0x00000000aeb00000|  0%| F|  |TAMS 0x00000000aea00000, 0x00000000aea00000| Untracked 
| 235|0x00000000aeb00000, 0x00000000aeb00000, 0x00000000aec00000|  0%| F|  |TAMS 0x00000000aeb00000, 0x00000000aeb00000| Untracked 
| 236|0x00000000aec00000, 0x00000000aec00000, 0x00000000aed00000|  0%| F|  |TAMS 0x00000000aec00000, 0x00000000aec00000| Untracked 
| 237|0x00000000aed00000, 0x00000000aed00000, 0x00000000aee00000|  0%| F|  |TAMS 0x00000000aed00000, 0x00000000aed00000| Untracked 
| 238|0x00000000aee00000, 0x00000000aee00000, 0x00000000aef00000|  0%| F|  |TAMS 0x00000000aee00000, 0x00000000aee00000| Untracked 
| 239|0x00000000aef00000, 0x00000000aef00000, 0x00000000af000000|  0%| F|  |TAMS 0x00000000aef00000, 0x00000000aef00000| Untracked 
| 240|0x00000000af000000, 0x00000000af000000, 0x00000000af100000|  0%| F|  |TAMS 0x00000000af000000, 0x00000000af000000| Untracked 
| 241|0x00000000af100000, 0x00000000af100000, 0x00000000af200000|  0%| F|  |TAMS 0x00000000af100000, 0x00000000af100000| Untracked 
| 242|0x00000000af200000, 0x00000000af200000, 0x00000000af300000|  0%| F|  |TAMS 0x00000000af200000, 0x00000000af200000| Untracked 
| 243|0x00000000af300000, 0x00000000af300000, 0x00000000af400000|  0%| F|  |TAMS 0x00000000af300000, 0x00000000af300000| Untracked 
| 244|0x00000000af400000, 0x00000000af400000, 0x00000000af500000|  0%| F|  |TAMS 0x00000000af400000, 0x00000000af400000| Untracked 
| 245|0x00000000af500000, 0x00000000af500000, 0x00000000af600000|  0%| F|  |TAMS 0x00000000af500000, 0x00000000af500000| Untracked 
| 246|0x00000000af600000, 0x00000000af600000, 0x00000000af700000|  0%| F|  |TAMS 0x00000000af600000, 0x00000000af600000| Untracked 
| 247|0x00000000af700000, 0x00000000af700000, 0x00000000af800000|  0%| F|  |TAMS 0x00000000af700000, 0x00000000af700000| Untracked 
| 248|0x00000000af800000, 0x00000000af800000, 0x00000000af900000|  0%| F|  |TAMS 0x00000000af800000, 0x00000000af800000| Untracked 
| 249|0x00000000af900000, 0x00000000af900000, 0x00000000afa00000|  0%| F|  |TAMS 0x00000000af900000, 0x00000000af900000| Untracked 
| 250|0x00000000afa00000, 0x00000000afa00000, 0x00000000afb00000|  0%| F|  |TAMS 0x00000000afa00000, 0x00000000afa00000| Untracked 
| 251|0x00000000afb00000, 0x00000000afb00000, 0x00000000afc00000|  0%| F|  |TAMS 0x00000000afb00000, 0x00000000afb00000| Untracked 
| 252|0x00000000afc00000, 0x00000000afc00000, 0x00000000afd00000|  0%| F|  |TAMS 0x00000000afc00000, 0x00000000afc00000| Untracked 
| 253|0x00000000afd00000, 0x00000000afd00000, 0x00000000afe00000|  0%| F|  |TAMS 0x00000000afd00000, 0x00000000afd00000| Untracked 
| 254|0x00000000afe00000, 0x00000000afe00000, 0x00000000aff00000|  0%| F|  |TAMS 0x00000000afe00000, 0x00000000afe00000| Untracked 
| 255|0x00000000aff00000, 0x00000000aff00000, 0x00000000b0000000|  0%| F|  |TAMS 0x00000000aff00000, 0x00000000aff00000| Untracked 
| 256|0x00000000b0000000, 0x00000000b0000000, 0x00000000b0100000|  0%| F|  |TAMS 0x00000000b0000000, 0x00000000b0000000| Untracked 
| 257|0x00000000b0100000, 0x00000000b0100000, 0x00000000b0200000|  0%| F|  |TAMS 0x00000000b0100000, 0x00000000b0100000| Untracked 
| 258|0x00000000b0200000, 0x00000000b0200000, 0x00000000b0300000|  0%| F|  |TAMS 0x00000000b0200000, 0x00000000b0200000| Untracked 
| 259|0x00000000b0300000, 0x00000000b0300000, 0x00000000b0400000|  0%| F|  |TAMS 0x00000000b0300000, 0x00000000b0300000| Untracked 
| 260|0x00000000b0400000, 0x00000000b0400000, 0x00000000b0500000|  0%| F|  |TAMS 0x00000000b0400000, 0x00000000b0400000| Untracked 
| 261|0x00000000b0500000, 0x00000000b0500000, 0x00000000b0600000|  0%| F|  |TAMS 0x00000000b0500000, 0x00000000b0500000| Untracked 
| 262|0x00000000b0600000, 0x00000000b0600000, 0x00000000b0700000|  0%| F|  |TAMS 0x00000000b0600000, 0x00000000b0600000| Untracked 
| 263|0x00000000b0700000, 0x00000000b0700000, 0x00000000b0800000|  0%| F|  |TAMS 0x00000000b0700000, 0x00000000b0700000| Untracked 
| 264|0x00000000b0800000, 0x00000000b0800000, 0x00000000b0900000|  0%| F|  |TAMS 0x00000000b0800000, 0x00000000b0800000| Untracked 
| 265|0x00000000b0900000, 0x00000000b0900000, 0x00000000b0a00000|  0%| F|  |TAMS 0x00000000b0900000, 0x00000000b0900000| Untracked 
| 266|0x00000000b0a00000, 0x00000000b0a00000, 0x00000000b0b00000|  0%| F|  |TAMS 0x00000000b0a00000, 0x00000000b0a00000| Untracked 
| 267|0x00000000b0b00000, 0x00000000b0b00000, 0x00000000b0c00000|  0%| F|  |TAMS 0x00000000b0b00000, 0x00000000b0b00000| Untracked 
| 268|0x00000000b0c00000, 0x00000000b0c00000, 0x00000000b0d00000|  0%| F|  |TAMS 0x00000000b0c00000, 0x00000000b0c00000| Untracked 
| 269|0x00000000b0d00000, 0x00000000b0d00000, 0x00000000b0e00000|  0%| F|  |TAMS 0x00000000b0d00000, 0x00000000b0d00000| Untracked 
| 270|0x00000000b0e00000, 0x00000000b0e00000, 0x00000000b0f00000|  0%| F|  |TAMS 0x00000000b0e00000, 0x00000000b0e00000| Untracked 
| 271|0x00000000b0f00000, 0x00000000b0f00000, 0x00000000b1000000|  0%| F|  |TAMS 0x00000000b0f00000, 0x00000000b0f00000| Untracked 
| 272|0x00000000b1000000, 0x00000000b1000000, 0x00000000b1100000|  0%| F|  |TAMS 0x00000000b1000000, 0x00000000b1000000| Untracked 
| 273|0x00000000b1100000, 0x00000000b1100000, 0x00000000b1200000|  0%| F|  |TAMS 0x00000000b1100000, 0x00000000b1100000| Untracked 
| 274|0x00000000b1200000, 0x00000000b1200000, 0x00000000b1300000|  0%| F|  |TAMS 0x00000000b1200000, 0x00000000b1200000| Untracked 
| 275|0x00000000b1300000, 0x00000000b1300000, 0x00000000b1400000|  0%| F|  |TAMS 0x00000000b1300000, 0x00000000b1300000| Untracked 
| 276|0x00000000b1400000, 0x00000000b1400000, 0x00000000b1500000|  0%| F|  |TAMS 0x00000000b1400000, 0x00000000b1400000| Untracked 
| 277|0x00000000b1500000, 0x00000000b1500000, 0x00000000b1600000|  0%| F|  |TAMS 0x00000000b1500000, 0x00000000b1500000| Untracked 
| 278|0x00000000b1600000, 0x00000000b1600000, 0x00000000b1700000|  0%| F|  |TAMS 0x00000000b1600000, 0x00000000b1600000| Untracked 
| 279|0x00000000b1700000, 0x00000000b1700000, 0x00000000b1800000|  0%| F|  |TAMS 0x00000000b1700000, 0x00000000b1700000| Untracked 
| 280|0x00000000b1800000, 0x00000000b1800000, 0x00000000b1900000|  0%| F|  |TAMS 0x00000000b1800000, 0x00000000b1800000| Untracked 
| 281|0x00000000b1900000, 0x00000000b1900000, 0x00000000b1a00000|  0%| F|  |TAMS 0x00000000b1900000, 0x00000000b1900000| Untracked 
| 282|0x00000000b1a00000, 0x00000000b1a00000, 0x00000000b1b00000|  0%| F|  |TAMS 0x00000000b1a00000, 0x00000000b1a00000| Untracked 
| 283|0x00000000b1b00000, 0x00000000b1b00000, 0x00000000b1c00000|  0%| F|  |TAMS 0x00000000b1b00000, 0x00000000b1b00000| Untracked 
| 284|0x00000000b1c00000, 0x00000000b1c00000, 0x00000000b1d00000|  0%| F|  |TAMS 0x00000000b1c00000, 0x00000000b1c00000| Untracked 
| 285|0x00000000b1d00000, 0x00000000b1d00000, 0x00000000b1e00000|  0%| F|  |TAMS 0x00000000b1d00000, 0x00000000b1d00000| Untracked 
| 286|0x00000000b1e00000, 0x00000000b1e00000, 0x00000000b1f00000|  0%| F|  |TAMS 0x00000000b1e00000, 0x00000000b1e00000| Untracked 
| 287|0x00000000b1f00000, 0x00000000b1f00000, 0x00000000b2000000|  0%| F|  |TAMS 0x00000000b1f00000, 0x00000000b1f00000| Untracked 
| 288|0x00000000b2000000, 0x00000000b2000000, 0x00000000b2100000|  0%| F|  |TAMS 0x00000000b2000000, 0x00000000b2000000| Untracked 
| 289|0x00000000b2100000, 0x00000000b2100000, 0x00000000b2200000|  0%| F|  |TAMS 0x00000000b2100000, 0x00000000b2100000| Untracked 
| 290|0x00000000b2200000, 0x00000000b2200000, 0x00000000b2300000|  0%| F|  |TAMS 0x00000000b2200000, 0x00000000b2200000| Untracked 
| 291|0x00000000b2300000, 0x00000000b2300000, 0x00000000b2400000|  0%| F|  |TAMS 0x00000000b2300000, 0x00000000b2300000| Untracked 
| 292|0x00000000b2400000, 0x00000000b2400000, 0x00000000b2500000|  0%| F|  |TAMS 0x00000000b2400000, 0x00000000b2400000| Untracked 
| 293|0x00000000b2500000, 0x00000000b2500000, 0x00000000b2600000|  0%| F|  |TAMS 0x00000000b2500000, 0x00000000b2500000| Untracked 
| 294|0x00000000b2600000, 0x00000000b2600000, 0x00000000b2700000|  0%| F|  |TAMS 0x00000000b2600000, 0x00000000b2600000| Untracked 
| 295|0x00000000b2700000, 0x00000000b2700000, 0x00000000b2800000|  0%| F|  |TAMS 0x00000000b2700000, 0x00000000b2700000| Untracked 
| 296|0x00000000b2800000, 0x00000000b2800000, 0x00000000b2900000|  0%| F|  |TAMS 0x00000000b2800000, 0x00000000b2800000| Untracked 
| 297|0x00000000b2900000, 0x00000000b2900000, 0x00000000b2a00000|  0%| F|  |TAMS 0x00000000b2900000, 0x00000000b2900000| Untracked 
| 298|0x00000000b2a00000, 0x00000000b2a00000, 0x00000000b2b00000|  0%| F|  |TAMS 0x00000000b2a00000, 0x00000000b2a00000| Untracked 
| 299|0x00000000b2b00000, 0x00000000b2b00000, 0x00000000b2c00000|  0%| F|  |TAMS 0x00000000b2b00000, 0x00000000b2b00000| Untracked 
| 300|0x00000000b2c00000, 0x00000000b2c00000, 0x00000000b2d00000|  0%| F|  |TAMS 0x00000000b2c00000, 0x00000000b2c00000| Untracked 
| 301|0x00000000b2d00000, 0x00000000b2d00000, 0x00000000b2e00000|  0%| F|  |TAMS 0x00000000b2d00000, 0x00000000b2d00000| Untracked 
| 302|0x00000000b2e00000, 0x00000000b2e00000, 0x00000000b2f00000|  0%| F|  |TAMS 0x00000000b2e00000, 0x00000000b2e00000| Untracked 
| 303|0x00000000b2f00000, 0x00000000b2f00000, 0x00000000b3000000|  0%| F|  |TAMS 0x00000000b2f00000, 0x00000000b2f00000| Untracked 
| 304|0x00000000b3000000, 0x00000000b3000000, 0x00000000b3100000|  0%| F|  |TAMS 0x00000000b3000000, 0x00000000b3000000| Untracked 
| 305|0x00000000b3100000, 0x00000000b3100000, 0x00000000b3200000|  0%| F|  |TAMS 0x00000000b3100000, 0x00000000b3100000| Untracked 
| 306|0x00000000b3200000, 0x00000000b3200000, 0x00000000b3300000|  0%| F|  |TAMS 0x00000000b3200000, 0x00000000b3200000| Untracked 
| 307|0x00000000b3300000, 0x00000000b3300000, 0x00000000b3400000|  0%| F|  |TAMS 0x00000000b3300000, 0x00000000b3300000| Untracked 
| 308|0x00000000b3400000, 0x00000000b3400000, 0x00000000b3500000|  0%| F|  |TAMS 0x00000000b3400000, 0x00000000b3400000| Untracked 
| 309|0x00000000b3500000, 0x00000000b3500000, 0x00000000b3600000|  0%| F|  |TAMS 0x00000000b3500000, 0x00000000b3500000| Untracked 
| 310|0x00000000b3600000, 0x00000000b3680800, 0x00000000b3700000| 50%| E|  |TAMS 0x00000000b3600000, 0x00000000b3600000| Complete 
| 311|0x00000000b3700000, 0x00000000b3800000, 0x00000000b3800000|100%| E|CS|TAMS 0x00000000b3700000, 0x00000000b3700000| Complete 
| 312|0x00000000b3800000, 0x00000000b3900000, 0x00000000b3900000|100%| E|CS|TAMS 0x00000000b3800000, 0x00000000b3800000| Complete 
| 313|0x00000000b3900000, 0x00000000b3a00000, 0x00000000b3a00000|100%| E|CS|TAMS 0x00000000b3900000, 0x00000000b3900000| Complete 
| 314|0x00000000b3a00000, 0x00000000b3b00000, 0x00000000b3b00000|100%| E|CS|TAMS 0x00000000b3a00000, 0x00000000b3a00000| Complete 
| 315|0x00000000b3b00000, 0x00000000b3c00000, 0x00000000b3c00000|100%| E|CS|TAMS 0x00000000b3b00000, 0x00000000b3b00000| Complete 
| 316|0x00000000b3c00000, 0x00000000b3d00000, 0x00000000b3d00000|100%| E|CS|TAMS 0x00000000b3c00000, 0x00000000b3c00000| Complete 
| 317|0x00000000b3d00000, 0x00000000b3e00000, 0x00000000b3e00000|100%| E|CS|TAMS 0x00000000b3d00000, 0x00000000b3d00000| Complete 
| 318|0x00000000b3e00000, 0x00000000b3f00000, 0x00000000b3f00000|100%| E|CS|TAMS 0x00000000b3e00000, 0x00000000b3e00000| Complete 
| 319|0x00000000b3f00000, 0x00000000b4000000, 0x00000000b4000000|100%| E|CS|TAMS 0x00000000b3f00000, 0x00000000b3f00000| Complete 
| 320|0x00000000b4000000, 0x00000000b4100000, 0x00000000b4100000|100%| E|CS|TAMS 0x00000000b4000000, 0x00000000b4000000| Complete 
| 321|0x00000000b4100000, 0x00000000b4200000, 0x00000000b4200000|100%| E|CS|TAMS 0x00000000b4100000, 0x00000000b4100000| Complete 
| 322|0x00000000b4200000, 0x00000000b4300000, 0x00000000b4300000|100%| E|CS|TAMS 0x00000000b4200000, 0x00000000b4200000| Complete 
| 323|0x00000000b4300000, 0x00000000b4400000, 0x00000000b4400000|100%| E|CS|TAMS 0x00000000b4300000, 0x00000000b4300000| Complete 
| 324|0x00000000b4400000, 0x00000000b4500000, 0x00000000b4500000|100%| E|CS|TAMS 0x00000000b4400000, 0x00000000b4400000| Complete 
| 325|0x00000000b4500000, 0x00000000b4600000, 0x00000000b4600000|100%| E|CS|TAMS 0x00000000b4500000, 0x00000000b4500000| Complete 
| 326|0x00000000b4600000, 0x00000000b4700000, 0x00000000b4700000|100%| E|CS|TAMS 0x00000000b4600000, 0x00000000b4600000| Complete 
| 327|0x00000000b4700000, 0x00000000b4800000, 0x00000000b4800000|100%| E|CS|TAMS 0x00000000b4700000, 0x00000000b4700000| Complete 
| 328|0x00000000b4800000, 0x00000000b4900000, 0x00000000b4900000|100%| E|CS|TAMS 0x00000000b4800000, 0x00000000b4800000| Complete 
| 329|0x00000000b4900000, 0x00000000b4a00000, 0x00000000b4a00000|100%| E|CS|TAMS 0x00000000b4900000, 0x00000000b4900000| Complete 
| 330|0x00000000b4a00000, 0x00000000b4b00000, 0x00000000b4b00000|100%| E|CS|TAMS 0x00000000b4a00000, 0x00000000b4a00000| Complete 
| 331|0x00000000b4b00000, 0x00000000b4c00000, 0x00000000b4c00000|100%| E|CS|TAMS 0x00000000b4b00000, 0x00000000b4b00000| Complete 
| 332|0x00000000b4c00000, 0x00000000b4d00000, 0x00000000b4d00000|100%| E|CS|TAMS 0x00000000b4c00000, 0x00000000b4c00000| Complete 
| 333|0x00000000b4d00000, 0x00000000b4e00000, 0x00000000b4e00000|100%| E|CS|TAMS 0x00000000b4d00000, 0x00000000b4d00000| Complete 
| 334|0x00000000b4e00000, 0x00000000b4f00000, 0x00000000b4f00000|100%| E|CS|TAMS 0x00000000b4e00000, 0x00000000b4e00000| Complete 
| 335|0x00000000b4f00000, 0x00000000b5000000, 0x00000000b5000000|100%| E|CS|TAMS 0x00000000b4f00000, 0x00000000b4f00000| Complete 
| 336|0x00000000b5000000, 0x00000000b5100000, 0x00000000b5100000|100%| E|CS|TAMS 0x00000000b5000000, 0x00000000b5000000| Complete 
| 337|0x00000000b5100000, 0x00000000b5200000, 0x00000000b5200000|100%| E|CS|TAMS 0x00000000b5100000, 0x00000000b5100000| Complete 
| 338|0x00000000b5200000, 0x00000000b5300000, 0x00000000b5300000|100%| E|CS|TAMS 0x00000000b5200000, 0x00000000b5200000| Complete 
| 339|0x00000000b5300000, 0x00000000b5400000, 0x00000000b5400000|100%| E|CS|TAMS 0x00000000b5300000, 0x00000000b5300000| Complete 
| 340|0x00000000b5400000, 0x00000000b5500000, 0x00000000b5500000|100%| E|CS|TAMS 0x00000000b5400000, 0x00000000b5400000| Complete 
| 341|0x00000000b5500000, 0x00000000b5600000, 0x00000000b5600000|100%| E|CS|TAMS 0x00000000b5500000, 0x00000000b5500000| Complete 
| 342|0x00000000b5600000, 0x00000000b5700000, 0x00000000b5700000|100%| E|CS|TAMS 0x00000000b5600000, 0x00000000b5600000| Complete 
| 343|0x00000000b5700000, 0x00000000b5800000, 0x00000000b5800000|100%| E|CS|TAMS 0x00000000b5700000, 0x00000000b5700000| Complete 

Card table byte_map: [0x000001d3b4150000,0x000001d3b4450000] _byte_map_base: 0x000001d3b3c50000

Marking Bits (Prev, Next): (CMBitMap*) 0x000001d39b8f6f40, (CMBitMap*) 0x000001d39b8f6f80
 Prev Bits: [0x000001d3b4750000, 0x000001d3b5f50000)
 Next Bits: [0x000001d3b5f50000, 0x000001d3b7750000)

Polling page: 0x000001d39b9a0000

Metaspace:

Usage:
  Non-class:     75.31 MB used.
      Class:     11.89 MB used.
       Both:     87.19 MB used.

Virtual space:
  Non-class space:       80.00 MB reserved,      75.69 MB ( 95%) committed,  10 nodes.
      Class space:        1.00 GB reserved,      12.25 MB (  1%) committed,  1 nodes.
              Both:        1.08 GB reserved,      87.94 MB (  8%) committed. 

Chunk freelists:
   Non-Class:  80.00 KB
       Class:  3.75 MB
        Both:  3.83 MB

MaxMetaspaceSize: 17179869184.00 GB
CompressedClassSpaceSize: 1.00 GB
 - commit_granule_bytes: 65536.
 - commit_granule_words: 8192.
 - virtual_space_node_default_size: 1048576.
 - enlarge_chunks_in_place: 1.
 - new_chunks_are_fully_committed: 0.
 - uncommit_free_chunks: 1.
 - use_allocation_guard: 0.
 - handle_deallocations: 1.


Internal statistics:

num_allocs_failed_limit: 3.
num_arena_births: 918.
num_arena_deaths: 2.
num_vsnodes_births: 11.
num_vsnodes_deaths: 0.
num_space_committed: 1407.
num_space_uncommitted: 0.
num_chunks_returned_to_freelist: 10.
num_chunks_taken_from_freelist: 4595.
num_chunk_merges: 4.
num_chunk_splits: 3032.
num_chunks_enlarged: 2034.
num_purges: 2.

CodeHeap 'non-profiled nmethods': size=120000Kb used=5407Kb max_used=5407Kb free=114593Kb
 bounds [0x000001d3ac300000, 0x000001d3ac850000, 0x000001d3b3830000]
CodeHeap 'profiled nmethods': size=120000Kb used=17902Kb max_used=17902Kb free=102097Kb
 bounds [0x000001d3a4dd0000, 0x000001d3a5f50000, 0x000001d3ac300000]
CodeHeap 'non-nmethods': size=5760Kb used=2408Kb max_used=2507Kb free=3351Kb
 bounds [0x000001d3a4830000, 0x000001d3a4ad0000, 0x000001d3a4dd0000]
 total_blobs=10019 nmethods=9075 adapters=857
 compilation: enabled
              stopped_count=0, restarted_count=0
 full_count=0

Compilation events (20 events):
Event: 19.007 Thread 0x000001d3bc8c9440 nmethod 10571 0x000001d3ac538c90 code [0x000001d3ac538e40, 0x000001d3ac539828]
Event: 19.007 Thread 0x000001d3bc8c9440 10572       4       java.lang.StringUTF16::compress (50 bytes)
Event: 19.012 Thread 0x000001d3bc8c9440 nmethod 10572 0x000001d3ac538610 code [0x000001d3ac5387a0, 0x000001d3ac538b38]
Event: 19.012 Thread 0x000001d3bc8c9440 10573       4       org.objectweb.asm.ClassReader::readUtf (161 bytes)
Event: 19.019 Thread 0x000001d3b9d1e880 nmethod 10545 0x000001d3ac846e90 code [0x000001d3ac847120, 0x000001d3ac849270]
Event: 19.019 Thread 0x000001d3b9d1e880 10575       4       org.objectweb.asm.ClassReader::readCode (5109 bytes)
Event: 19.020 Thread 0x000001d3bc8c9440 nmethod 10573 0x000001d3ac537710 code [0x000001d3ac5378c0, 0x000001d3ac538118]
Event: 19.020 Thread 0x000001d3bc8c9440 10574       4       org.objectweb.asm.tree.MethodNode::accept (874 bytes)
Event: 19.136 Thread 0x000001d3b9d496b0 10582 %     3       org.objectweb.asm.SymbolTable::addConstantUtf8 @ 12 (98 bytes)
Event: 19.137 Thread 0x000001d3b9d496b0 nmethod 10582% 0x000001d3a5f4a390 code [0x000001d3a5f4a5c0, 0x000001d3a5f4ac78]
Event: 19.139 Thread 0x000001d3b9d496b0 10583       3       org.objectweb.asm.SymbolTable::addConstantUtf8 (98 bytes)
Event: 19.139 Thread 0x000001d3b9d496b0 nmethod 10583 0x000001d3a5f4b010 code [0x000001d3a5f4b240, 0x000001d3a5f4b818]
Event: 19.141 Thread 0x000001d3b9d496b0 10584       2       org.objectweb.asm.tree.MethodNode::visitIntInsn (17 bytes)
Event: 19.141 Thread 0x000001d3b9d496b0 nmethod 10584 0x000001d3a5f4bb90 code [0x000001d3a5f4bd40, 0x000001d3a5f4bee8]
Event: 19.141 Thread 0x000001d3b9d496b0 10585       2       org.objectweb.asm.tree.IntInsnNode::<init> (11 bytes)
Event: 19.141 Thread 0x000001d3b9d496b0 nmethod 10585 0x000001d3a5f4c010 code [0x000001d3a5f4c1a0, 0x000001d3a5f4c2b8]
Event: 19.145 Thread 0x000001d3b9d496b0 10586       2       org.objectweb.asm.tree.IntInsnNode::accept (18 bytes)
Event: 19.145 Thread 0x000001d3b9d496b0 nmethod 10586 0x000001d3a5f4c390 code [0x000001d3a5f4c540, 0x000001d3a5f4c698]
Event: 19.145 Thread 0x000001d3b9d496b0 10587       2       org.objectweb.asm.MethodWriter::visitIntInsn (113 bytes)
Event: 19.146 Thread 0x000001d3b9d496b0 nmethod 10587 0x000001d3a5f4c790 code [0x000001d3a5f4c960, 0x000001d3a5f4cbc8]

GC Heap History (20 events):
Event: 11.799 GC heap before
{Heap before GC invocations=28 (full 0):
 garbage-first heap   total 235520K, used 124546K [0x00000000a0000000, 0x0000000100000000)
  region size 1024K, 11 young (11264K), 8 survivors (8192K)
 Metaspace       used 63188K, committed 63808K, reserved 1105920K
  class space    used 8473K, committed 8768K, reserved 1048576K
}
Event: 11.807 GC heap after
{Heap after GC invocations=29 (full 0):
 garbage-first heap   total 235520K, used 123147K [0x00000000a0000000, 0x0000000100000000)
  region size 1024K, 6 young (6144K), 6 survivors (6144K)
 Metaspace       used 63188K, committed 63808K, reserved 1105920K
  class space    used 8473K, committed 8768K, reserved 1048576K
}
Event: 12.795 GC heap before
{Heap before GC invocations=30 (full 0):
 garbage-first heap   total 235520K, used 194827K [0x00000000a0000000, 0x0000000100000000)
  region size 1024K, 75 young (76800K), 6 survivors (6144K)
 Metaspace       used 67229K, committed 67904K, reserved 1114112K
  class space    used 9143K, committed 9472K, reserved 1048576K
}
Event: 12.805 GC heap after
{Heap after GC invocations=31 (full 0):
 garbage-first heap   total 235520K, used 127411K [0x00000000a0000000, 0x0000000100000000)
  region size 1024K, 10 young (10240K), 10 survivors (10240K)
 Metaspace       used 67229K, committed 67904K, reserved 1114112K
  class space    used 9143K, committed 9472K, reserved 1048576K
}
Event: 13.405 GC heap before
{Heap before GC invocations=31 (full 0):
 garbage-first heap   total 235520K, used 164275K [0x00000000a0000000, 0x0000000100000000)
  region size 1024K, 47 young (48128K), 10 survivors (10240K)
 Metaspace       used 71523K, committed 72192K, reserved 1114112K
  class space    used 9784K, committed 10048K, reserved 1048576K
}
Event: 13.417 GC heap after
{Heap after GC invocations=32 (full 0):
 garbage-first heap   total 235520K, used 130156K [0x00000000a0000000, 0x0000000100000000)
  region size 1024K, 8 young (8192K), 8 survivors (8192K)
 Metaspace       used 71523K, committed 72192K, reserved 1114112K
  class space    used 9784K, committed 10048K, reserved 1048576K
}
Event: 14.431 GC heap before
{Heap before GC invocations=33 (full 0):
 garbage-first heap   total 276480K, used 221292K [0x00000000a0000000, 0x0000000100000000)
  region size 1024K, 69 young (70656K), 8 survivors (8192K)
 Metaspace       used 75875K, committed 76608K, reserved 1122304K
  class space    used 10383K, committed 10752K, reserved 1048576K
}
Event: 14.445 GC heap after
{Heap after GC invocations=34 (full 0):
 garbage-first heap   total 276480K, used 167936K [0x00000000a0000000, 0x0000000100000000)
  region size 1024K, 9 young (9216K), 9 survivors (9216K)
 Metaspace       used 75875K, committed 76608K, reserved 1122304K
  class space    used 10383K, committed 10752K, reserved 1048576K
}
Event: 14.629 GC heap before
{Heap before GC invocations=34 (full 0):
 garbage-first heap   total 276480K, used 181248K [0x00000000a0000000, 0x0000000100000000)
  region size 1024K, 24 young (24576K), 9 survivors (9216K)
 Metaspace       used 77385K, committed 78144K, reserved 1122304K
  class space    used 10572K, committed 10944K, reserved 1048576K
}
Event: 14.638 GC heap after
{Heap after GC invocations=35 (full 0):
 garbage-first heap   total 276480K, used 170877K [0x00000000a0000000, 0x0000000100000000)
  region size 1024K, 3 young (3072K), 3 survivors (3072K)
 Metaspace       used 77385K, committed 78144K, reserved 1122304K
  class space    used 10572K, committed 10944K, reserved 1048576K
}
Event: 15.783 GC heap before
{Heap before GC invocations=36 (full 0):
 garbage-first heap   total 295936K, used 229245K [0x00000000a0000000, 0x0000000100000000)
  region size 1024K, 59 young (60416K), 3 survivors (3072K)
 Metaspace       used 87644K, committed 88448K, reserved 1130496K
  class space    used 11940K, committed 12352K, reserved 1048576K
}
Event: 15.791 GC heap after
{Heap after GC invocations=37 (full 0):
 garbage-first heap   total 295936K, used 172244K [0x00000000a0000000, 0x0000000100000000)
  region size 1024K, 4 young (4096K), 4 survivors (4096K)
 Metaspace       used 87644K, committed 88448K, reserved 1130496K
  class space    used 11940K, committed 12352K, reserved 1048576K
}
Event: 17.572 GC heap before
{Heap before GC invocations=37 (full 0):
 garbage-first heap   total 295936K, used 180436K [0x00000000a0000000, 0x0000000100000000)
  region size 1024K, 14 young (14336K), 4 survivors (4096K)
 Metaspace       used 88729K, committed 89536K, reserved 1130496K
  class space    used 12130K, committed 12544K, reserved 1048576K
}
Event: 17.585 GC heap after
{Heap after GC invocations=38 (full 0):
 garbage-first heap   total 295936K, used 173141K [0x00000000a0000000, 0x0000000100000000)
  region size 1024K, 5 young (5120K), 5 survivors (5120K)
 Metaspace       used 88729K, committed 89536K, reserved 1130496K
  class space    used 12130K, committed 12544K, reserved 1048576K
}
Event: 17.843 GC heap before
{Heap before GC invocations=39 (full 0):
 garbage-first heap   total 352256K, used 244821K [0x00000000a0000000, 0x0000000100000000)
  region size 1024K, 74 young (75776K), 5 survivors (5120K)
 Metaspace       used 88806K, committed 89600K, reserved 1130496K
  class space    used 12144K, committed 12544K, reserved 1048576K
}
Event: 17.854 GC heap after
{Heap after GC invocations=40 (full 0):
 garbage-first heap   total 352256K, used 176217K [0x00000000a0000000, 0x0000000100000000)
  region size 1024K, 6 young (6144K), 6 survivors (6144K)
 Metaspace       used 88806K, committed 89600K, reserved 1130496K
  class space    used 12144K, committed 12544K, reserved 1048576K
}
Event: 18.220 GC heap before
{Heap before GC invocations=40 (full 0):
 garbage-first heap   total 352256K, used 243801K [0x00000000a0000000, 0x0000000100000000)
  region size 1024K, 73 young (74752K), 6 survivors (6144K)
 Metaspace       used 88848K, committed 89600K, reserved 1130496K
  class space    used 12149K, committed 12544K, reserved 1048576K
}
Event: 18.227 GC heap after
{Heap after GC invocations=41 (full 0):
 garbage-first heap   total 352256K, used 173061K [0x00000000a0000000, 0x0000000100000000)
  region size 1024K, 5 young (5120K), 5 survivors (5120K)
 Metaspace       used 88848K, committed 89600K, reserved 1130496K
  class space    used 12149K, committed 12544K, reserved 1048576K
}
Event: 19.079 GC heap before
{Heap before GC invocations=42 (full 0):
 garbage-first heap   total 352256K, used 284677K [0x00000000a0000000, 0x0000000100000000)
  region size 1024K, 112 young (114688K), 5 survivors (5120K)
 Metaspace       used 89281K, committed 90048K, reserved 1130496K
  class space    used 12170K, committed 12544K, reserved 1048576K
}
Event: 19.087 GC heap after
{Heap after GC invocations=43 (full 0):
 garbage-first heap   total 352256K, used 178123K [0x00000000a0000000, 0x0000000100000000)
  region size 1024K, 8 young (8192K), 8 survivors (8192K)
 Metaspace       used 89281K, committed 90048K, reserved 1130496K
  class space    used 12170K, committed 12544K, reserved 1048576K
}

Deoptimization events (20 events):
Event: 18.952 Thread 0x000001d3be7689f0 DEOPT PACKING pc=0x000001d3ac622768 sp=0x00000043d02fae50
Event: 18.952 Thread 0x000001d3be7689f0 DEOPT UNPACKING pc=0x000001d3a487d728 sp=0x00000043d02fae18 mode 2
Event: 18.952 Thread 0x000001d3be7689f0 Uncommon trap: trap_request=0xffffff45 fr.pc=0x000001d3ac31ba90 relative=0x00000000000003f0
Event: 18.952 Thread 0x000001d3be7689f0 Uncommon trap: reason=unstable_if action=reinterpret pc=0x000001d3ac31ba90 method=java.lang.StringUTF16.compress([CII)[B @ 13 c2
Event: 18.952 Thread 0x000001d3be7689f0 DEOPT PACKING pc=0x000001d3ac31ba90 sp=0x00000043d02fad20
Event: 18.952 Thread 0x000001d3be7689f0 DEOPT UNPACKING pc=0x000001d3a487d728 sp=0x00000043d02fac88 mode 2
Event: 18.952 Thread 0x000001d3be7689f0 Uncommon trap: trap_request=0xffffff45 fr.pc=0x000001d3ac30eed8 relative=0x0000000000000338
Event: 18.952 Thread 0x000001d3be7689f0 Uncommon trap: reason=unstable_if action=reinterpret pc=0x000001d3ac30eed8 method=java.lang.StringUTF16.compress([CI[BII)I @ 20 c2
Event: 18.952 Thread 0x000001d3be7689f0 DEOPT PACKING pc=0x000001d3ac30eed8 sp=0x00000043d02fac60
Event: 18.952 Thread 0x000001d3be7689f0 DEOPT UNPACKING pc=0x000001d3a487d728 sp=0x00000043d02fac00 mode 2
Event: 18.952 Thread 0x000001d3be7689f0 Uncommon trap: trap_request=0xffffff3d fr.pc=0x000001d3ac623d20 relative=0x0000000000000e00
Event: 18.952 Thread 0x000001d3be7689f0 Uncommon trap: reason=unstable_fused_if action=reinterpret pc=0x000001d3ac623d20 method=org.objectweb.asm.ByteVector.putUTF8(Ljava/lang/String;)Lorg/objectweb/asm/ByteVector; @ 93 c2
Event: 18.952 Thread 0x000001d3be7689f0 DEOPT PACKING pc=0x000001d3ac623d20 sp=0x00000043d02fb070
Event: 18.952 Thread 0x000001d3be7689f0 DEOPT UNPACKING pc=0x000001d3a487d728 sp=0x00000043d02fafa8 mode 2
Event: 18.953 Thread 0x000001d3be7689f0 Uncommon trap: trap_request=0xffffff3d fr.pc=0x000001d3ac6ea250 relative=0x0000000000000210
Event: 18.953 Thread 0x000001d3be7689f0 Uncommon trap: reason=unstable_fused_if action=reinterpret pc=0x000001d3ac6ea250 method=org.objectweb.asm.ByteVector.putUTF8(Ljava/lang/String;)Lorg/objectweb/asm/ByteVector; @ 93 c2
Event: 18.953 Thread 0x000001d3be7689f0 DEOPT PACKING pc=0x000001d3ac6ea250 sp=0x00000043d02fb000
Event: 18.953 Thread 0x000001d3be7689f0 DEOPT UNPACKING pc=0x000001d3a487d728 sp=0x00000043d02faf90 mode 2
Event: 18.961 Thread 0x000001d3be7689f0 DEOPT PACKING pc=0x000001d3a5f449b1 sp=0x00000043d02fb110
Event: 18.961 Thread 0x000001d3be7689f0 DEOPT UNPACKING pc=0x000001d3a487deaf sp=0x00000043d02fa620 mode 0

Classes unloaded (8 events):
Event: 11.900 Thread 0x000001d3b9cfca00 Unloading class 0x00000008012fd388 '_BuildScript_$_run_closure2'
Event: 11.900 Thread 0x000001d3b9cfca00 Unloading class 0x00000008012fcfa0 '_BuildScript_$_run_closure1$_closure6'
Event: 11.900 Thread 0x000001d3b9cfca00 Unloading class 0x00000008012fcbb8 '_BuildScript_$_run_closure1$_closure5'
Event: 11.900 Thread 0x000001d3b9cfca00 Unloading class 0x00000008012fc7d0 '_BuildScript_$_run_closure1$_closure4$_closure7'
Event: 11.900 Thread 0x000001d3b9cfca00 Unloading class 0x00000008012fc3e8 '_BuildScript_$_run_closure1$_closure4'
Event: 11.900 Thread 0x000001d3b9cfca00 Unloading class 0x00000008012fc000 '_BuildScript_$_run_closure1$_closure3'
Event: 11.900 Thread 0x000001d3b9cfca00 Unloading class 0x00000008012f0400 '_BuildScript_$_run_closure1'
Event: 11.900 Thread 0x000001d3b9cfca00 Unloading class 0x00000008012f0800 '_BuildScript_'

Classes redefined (0 events):
No events

Internal exceptions (20 events):
Event: 14.473 Thread 0x000001d3bd376f10 Exception <a 'java/lang/ClassNotFoundException'{0x00000000b0a62798}: java/util/AbstractMapBeanInfo> (0x00000000b0a62798) 
thrown [t:\workspace\open\src\hotspot\share\classfile\systemDictionary.cpp, line 256]
Event: 14.473 Thread 0x000001d3bd376f10 Exception <a 'java/lang/ClassNotFoundException'{0x00000000b0a66d10}: java/util/AbstractMapCustomizer> (0x00000000b0a66d10) 
thrown [t:\workspace\open\src\hotspot\share\classfile\systemDictionary.cpp, line 256]
Event: 14.474 Thread 0x000001d3bd376f10 Exception <a 'java/lang/ClassNotFoundException'{0x00000000b0a74e80}: java/util/HashMapCustomizer> (0x00000000b0a74e80) 
thrown [t:\workspace\open\src\hotspot\share\classfile\systemDictionary.cpp, line 256]
Event: 14.475 Thread 0x000001d3bd376f10 Exception <a 'java/lang/ClassNotFoundException'{0x00000000b0a8ff60}: java/util/LinkedHashMapCustomizer> (0x00000000b0a8ff60) 
thrown [t:\workspace\open\src\hotspot\share\classfile\systemDictionary.cpp, line 256]
Event: 14.855 Thread 0x000001d3bd376f10 Exception <a 'sun/nio/fs/WindowsException'{0x00000000b1ec6940}> (0x00000000b1ec6940) 
thrown [t:\workspace\open\src\hotspot\share\prims\jni.cpp, line 579]
Event: 15.003 Thread 0x000001d3bd376f10 Exception <a 'java/lang/NullPointerException'{0x00000000b16324a0}> (0x00000000b16324a0) 
thrown [t:\workspace\open\src\hotspot\share\interpreter\linkResolver.cpp, line 1468]
Event: 15.085 Thread 0x000001d3bd376f10 Implicit null exception at 0x000001d3ac488310 to 0x000001d3ac48a618
Event: 15.329 Thread 0x000001d3bd376f10 Exception <a 'sun/nio/fs/WindowsException'{0x00000000b05fc780}> (0x00000000b05fc780) 
thrown [t:\workspace\open\src\hotspot\share\prims\jni.cpp, line 579]
Event: 15.329 Thread 0x000001d3bd376f10 Exception <a 'sun/nio/fs/WindowsException'{0x00000000b05fdaf8}> (0x00000000b05fdaf8) 
thrown [t:\workspace\open\src\hotspot\share\prims\jni.cpp, line 579]
Event: 15.329 Thread 0x000001d3bd376f10 Exception <a 'sun/nio/fs/WindowsException'{0x00000000b05feec0}> (0x00000000b05feec0) 
thrown [t:\workspace\open\src\hotspot\share\prims\jni.cpp, line 579]
Event: 15.329 Thread 0x000001d3bd376f10 Exception <a 'sun/nio/fs/WindowsException'{0x00000000b0400518}> (0x00000000b0400518) 
thrown [t:\workspace\open\src\hotspot\share\prims\jni.cpp, line 579]
Event: 15.503 Thread 0x000001d3bd376f10 Exception <a 'java/lang/NoSuchMethodError'{0x00000000af651ae8}: 'java.lang.Object java.lang.invoke.DirectMethodHandle$Holder.newInvokeSpecial(java.lang.Object, java.lang.Object, java.lang.Object, java.lang.Object, int, java.lang.Object)'> (0x00000000af651ae8) 
thrown [t:\workspace\open\src\hotspot\share\interpreter\linkResolver.cpp, line 790]
Event: 15.503 Thread 0x000001d3bd376f10 Exception <a 'java/lang/NoSuchMethodError'{0x00000000af656ca0}: 'java.lang.Object java.lang.invoke.Invokers$Holder.linkToTargetMethod(java.lang.Object, java.lang.Object, java.lang.Object, int, java.lang.Object, java.lang.Object)'> (0x00000000af656ca0) 
thrown [t:\workspace\open\src\hotspot\share\interpreter\linkResolver.cpp, line 790]
Event: 15.523 Thread 0x000001d3bd376f10 Exception <a 'java/lang/IncompatibleClassChangeError'{0x00000000af54aa38}: Found class java.lang.Object, but interface was expected> (0x00000000af54aa38) 
thrown [t:\workspace\open\src\hotspot\share\interpreter\linkResolver.cpp, line 857]
Event: 15.551 Thread 0x000001d3be76af20 Exception <a 'java/lang/IncompatibleClassChangeError'{0x00000000af4e2608}: Found class java.lang.Object, but interface was expected> (0x00000000af4e2608) 
thrown [t:\workspace\open\src\hotspot\share\interpreter\linkResolver.cpp, line 857]
Event: 15.723 Thread 0x000001d3be76af20 Exception <a 'java/lang/NoSuchMethodError'{0x00000000aeaf9ea0}: 'java.lang.Object java.lang.invoke.DirectMethodHandle$Holder.invokeStaticInit(java.lang.Object, java.lang.Object, java.lang.Object, java.lang.Object, java.lang.Object, java.lang.Object, java.lang.Object, java.lang.Object, java.lang.Object, java.lang.Object, java.lang.Object, java.lang.Object, java.lang.Object, java.lang.Object, java.lang.Object, java.lang.Object, java.lang.Object, java.lang.Object, java.lang.Object, int, java.lang.Object, java
Event: 15.820 Thread 0x000001d3be76af20 Exception <a 'java/lang/NoSuchMethodError'{0x00000000b1e1a168}: 'java.lang.Object java.lang.invoke.DirectMethodHandle$Holder.invokeStatic(java.lang.Object, int, java.lang.Object, java.lang.Object)'> (0x00000000b1e1a168) 
thrown [t:\workspace\open\src\hotspot\share\interpreter\linkResolver.cpp, line 790]
Event: 15.821 Thread 0x000001d3be76af20 Exception <a 'java/lang/NoSuchMethodError'{0x00000000b1e2acc8}: 'java.lang.Object java.lang.invoke.DirectMethodHandle$Holder.invokeStatic(java.lang.Object, java.lang.Object, int, java.lang.Object, java.lang.Object)'> (0x00000000b1e2acc8) 
thrown [t:\workspace\open\src\hotspot\share\interpreter\linkResolver.cpp, line 790]
Event: 15.871 Thread 0x000001d3bd376f10 Exception <a 'java/lang/NoSuchMethodError'{0x00000000b1cbba88}: 'int java.lang.invoke.DirectMethodHandle$Holder.invokeSpecialIFC(java.lang.Object, java.lang.Object, java.lang.Object)'> (0x00000000b1cbba88) 
thrown [t:\workspace\open\src\hotspot\share\interpreter\linkResolver.cpp, line 790]
Event: 15.914 Thread 0x000001d3bd376f10 Exception <a 'java/lang/NoSuchMethodError'{0x00000000b19ff410}: 'void java.lang.invoke.DirectMethodHandle$Holder.invokeSpecial(java.lang.Object, java.lang.Object, java.lang.Object, java.lang.Object, int, java.lang.Object, java.lang.Object)'> (0x00000000b19ff410) 
thrown [t:\workspace\open\src\hotspot\share\interpreter\linkResolver.cpp, line 790]

Events (20 events):
Event: 17.707 Executing  VM operation: G1Concurrent
Event: 17.712 Executing  VM operation: G1Concurrent done
Event: 17.794 Executing  VM operation: G1Concurrent
Event: 17.794 Executing  VM operation: G1Concurrent done
Event: 17.843 Executing  VM operation: G1CollectForAllocation
Event: 17.854 Executing  VM operation: G1CollectForAllocation done
Event: 18.217 loading class java/util/jar/JarOutputStream
Event: 18.218 loading class java/util/zip/ZipOutputStream
Event: 18.218 loading class java/util/zip/ZipOutputStream done
Event: 18.218 loading class java/util/jar/JarOutputStream done
Event: 18.220 Executing  VM operation: G1TryInitiateConcMark
Event: 18.228 Executing  VM operation: G1TryInitiateConcMark done
Event: 18.240 loading class java/util/zip/ZipOutputStream$XEntry
Event: 18.240 loading class java/util/zip/ZipOutputStream$XEntry done
Event: 18.379 Executing  VM operation: G1Concurrent
Event: 18.384 Executing  VM operation: G1Concurrent done
Event: 18.461 Executing  VM operation: G1Concurrent
Event: 18.462 Executing  VM operation: G1Concurrent done
Event: 19.079 Executing  VM operation: G1CollectForAllocation
Event: 19.087 Executing  VM operation: G1CollectForAllocation done


Dynamic libraries:
0x00007ff6c4810000 - 0x00007ff6c481e000 	C:\Users\User\.jdks\openjdk-16.0.1\bin\java.exe
0x00007fffd2730000 - 0x00007fffd2928000 	C:\WINDOWS\SYSTEM32\ntdll.dll
0x00007fffd2630000 - 0x00007fffd26ef000 	C:\WINDOWS\System32\KERNEL32.DLL
0x00007fffd00f0000 - 0x00007fffd03e6000 	C:\WINDOWS\System32\KERNELBASE.dll
0x00007fffd05b0000 - 0x00007fffd06b0000 	C:\WINDOWS\System32\ucrtbase.dll
0x00007fffbc080000 - 0x00007fffbc099000 	C:\Users\User\.jdks\openjdk-16.0.1\bin\VCRUNTIME140.dll
0x00007fffc8850000 - 0x00007fffc8868000 	C:\Users\User\.jdks\openjdk-16.0.1\bin\jli.dll
0x00007fffd12e0000 - 0x00007fffd147d000 	C:\WINDOWS\System32\USER32.dll
0x00007fffd0760000 - 0x00007fffd0782000 	C:\WINDOWS\System32\win32u.dll
0x00007fffd15f0000 - 0x00007fffd161c000 	C:\WINDOWS\System32\GDI32.dll
0x00007fffc3fa0000 - 0x00007fffc423a000 	C:\WINDOWS\WinSxS\amd64_microsoft.windows.common-controls_6595b64144ccf1df_6.0.19041.1110_none_60b5254171f9507e\COMCTL32.dll
0x00007fffd0420000 - 0x00007fffd0535000 	C:\WINDOWS\System32\gdi32full.dll
0x00007fffcfe10000 - 0x00007fffcfead000 	C:\WINDOWS\System32\msvcp_win.dll
0x00007fffd1990000 - 0x00007fffd1a2e000 	C:\WINDOWS\System32\msvcrt.dll
0x00007fffd15b0000 - 0x00007fffd15e0000 	C:\WINDOWS\System32\IMM32.DLL
0x00007fffcb9c0000 - 0x00007fffcb9cc000 	C:\Users\User\.jdks\openjdk-16.0.1\bin\vcruntime140_1.dll
0x00007fffb0360000 - 0x00007fffb03f1000 	C:\Users\User\.jdks\openjdk-16.0.1\bin\msvcp140.dll
0x00007fff9eb60000 - 0x00007fff9f70b000 	C:\Users\User\.jdks\openjdk-16.0.1\bin\server\jvm.dll
0x00007fffd10f0000 - 0x00007fffd119f000 	C:\WINDOWS\System32\ADVAPI32.dll
0x00007fffd1ec0000 - 0x00007fffd1f5c000 	C:\WINDOWS\System32\sechost.dll
0x00007fffd1480000 - 0x00007fffd15a6000 	C:\WINDOWS\System32\RPCRT4.dll
0x00007fffd2620000 - 0x00007fffd2628000 	C:\WINDOWS\System32\PSAPI.DLL
0x00007fffbbc50000 - 0x00007fffbbc59000 	C:\WINDOWS\SYSTEM32\WSOCK32.dll
0x00007fffc5670000 - 0x00007fffc5697000 	C:\WINDOWS\SYSTEM32\WINMM.dll
0x00007fffd0930000 - 0x00007fffd099b000 	C:\WINDOWS\System32\WS2_32.dll
0x00007fffcaf90000 - 0x00007fffcaf9a000 	C:\WINDOWS\SYSTEM32\VERSION.dll
0x00007fffcdcf0000 - 0x00007fffcdd02000 	C:\WINDOWS\SYSTEM32\kernel.appcore.dll
0x00007fffc7230000 - 0x00007fffc723a000 	C:\Users\User\.jdks\openjdk-16.0.1\bin\jimage.dll
0x00007fffbb370000 - 0x00007fffbb554000 	C:\WINDOWS\SYSTEM32\DBGHELP.DLL
0x00007fffbbad0000 - 0x00007fffbbb04000 	C:\WINDOWS\SYSTEM32\dbgcore.DLL
0x00007fffcfeb0000 - 0x00007fffcff32000 	C:\WINDOWS\System32\bcryptPrimitives.dll
0x00007fffbc050000 - 0x00007fffbc075000 	C:\Users\User\.jdks\openjdk-16.0.1\bin\java.dll
0x00007fffd09a0000 - 0x00007fffd10e4000 	C:\WINDOWS\System32\SHELL32.dll
0x00007fffcdef0000 - 0x00007fffce683000 	C:\WINDOWS\SYSTEM32\windows.storage.dll
0x00007fffd1b00000 - 0x00007fffd1e54000 	C:\WINDOWS\System32\combase.dll
0x00007fffcf790000 - 0x00007fffcf7be000 	C:\WINDOWS\SYSTEM32\Wldp.dll
0x00007fffd1620000 - 0x00007fffd16cd000 	C:\WINDOWS\System32\SHCORE.dll
0x00007fffd1e60000 - 0x00007fffd1eb5000 	C:\WINDOWS\System32\shlwapi.dll
0x00007fffcfd50000 - 0x00007fffcfd6f000 	C:\WINDOWS\SYSTEM32\profapi.dll
0x00007fffbc030000 - 0x00007fffbc049000 	C:\Users\User\.jdks\openjdk-16.0.1\bin\net.dll
0x00007fffc9600000 - 0x00007fffc970a000 	C:\WINDOWS\SYSTEM32\WINHTTP.dll
0x00007fffcf4f0000 - 0x00007fffcf55a000 	C:\WINDOWS\system32\mswsock.dll
0x00007fffb69f0000 - 0x00007fffb6a03000 	C:\Users\User\.jdks\openjdk-16.0.1\bin\nio.dll
0x00007fffb69d0000 - 0x00007fffb69e8000 	C:\Users\User\.jdks\openjdk-16.0.1\bin\zip.dll
0x00007fffc70e0000 - 0x00007fffc70f0000 	C:\Users\User\.jdks\openjdk-16.0.1\bin\verify.dll
0x00007fffb1ff0000 - 0x00007fffb2017000 	C:\Users\User\.gradle\native\68d5fa5c4cc2d200863cafc0d521ce42e7d3e7ee720ec0a83991735586a16f82\windows-amd64\native-platform.dll
0x00007fffa6530000 - 0x00007fffa6674000 	C:\Users\User\.gradle\native\e376f236ea51e6404a007f0833ffe2c6e607c4080706a723a18a27aeea778392\windows-amd64\native-platform-file-events.dll
0x00007fffc5df0000 - 0x00007fffc5df9000 	C:\Users\User\.jdks\openjdk-16.0.1\bin\management.dll
0x00007fffbc020000 - 0x00007fffbc02b000 	C:\Users\User\.jdks\openjdk-16.0.1\bin\management_ext.dll
0x00007fffcf6e0000 - 0x00007fffcf6f8000 	C:\WINDOWS\SYSTEM32\CRYPTSP.dll
0x00007fffcee10000 - 0x00007fffcee44000 	C:\WINDOWS\system32\rsaenh.dll
0x00007fffd03f0000 - 0x00007fffd0417000 	C:\WINDOWS\System32\bcrypt.dll
0x00007fffcfd10000 - 0x00007fffcfd3e000 	C:\WINDOWS\SYSTEM32\USERENV.dll
0x00007fffcf700000 - 0x00007fffcf70c000 	C:\WINDOWS\SYSTEM32\CRYPTBASE.dll
0x00007fffcf1e0000 - 0x00007fffcf21c000 	C:\WINDOWS\SYSTEM32\IPHLPAPI.DLL
0x00007fffd1f60000 - 0x00007fffd1f68000 	C:\WINDOWS\System32\NSI.dll
0x00007fffc9e40000 - 0x00007fffc9e57000 	C:\WINDOWS\SYSTEM32\dhcpcsvc6.DLL
0x00007fffc9e20000 - 0x00007fffc9e3d000 	C:\WINDOWS\SYSTEM32\dhcpcsvc.DLL
0x00007fffcf220000 - 0x00007fffcf2eb000 	C:\WINDOWS\SYSTEM32\DNSAPI.dll
0x00007fffb7880000 - 0x00007fffb788e000 	C:\Users\User\.jdks\openjdk-16.0.1\bin\sunmscapi.dll
0x00007fffcff40000 - 0x00007fffd009e000 	C:\WINDOWS\System32\CRYPT32.dll
0x00007fffcf800000 - 0x00007fffcf828000 	C:\WINDOWS\SYSTEM32\ncrypt.dll
0x00007fffcf7c0000 - 0x00007fffcf7fb000 	C:\WINDOWS\SYSTEM32\NTASN1.dll
0x00007fffc8640000 - 0x00007fffc8647000 	C:\WINDOWS\system32\wshunix.dll

dbghelp: loaded successfully - version: 4.0.5 - missing functions: none
symbol engine: initialized successfully - sym options: 0x614 - pdb path: .;C:\Users\User\.jdks\openjdk-16.0.1\bin;C:\WINDOWS\SYSTEM32;C:\WINDOWS\WinSxS\amd64_microsoft.windows.common-controls_6595b64144ccf1df_6.0.19041.1110_none_60b5254171f9507e;C:\Users\User\.jdks\openjdk-16.0.1\bin\server;C:\Users\User\.gradle\native\68d5fa5c4cc2d200863cafc0d521ce42e7d3e7ee720ec0a83991735586a16f82\windows-amd64;C:\Users\User\.gradle\native\e376f236ea51e6404a007f0833ffe2c6e607c4080706a723a18a27aeea778392\windows-amd64

VM Arguments:
jvm_args: --add-opens=java.base/java.util=ALL-UNNAMED --add-opens=java.base/java.lang=ALL-UNNAMED --add-opens=java.base/java.lang.invoke=ALL-UNNAMED --add-opens=java.prefs/java.util.prefs=ALL-UNNAMED --add-opens=java.base/java.nio.charset=ALL-UNNAMED --add-opens=java.base/java.net=ALL-UNNAMED --add-opens=java.base/java.util.concurrent.atomic=ALL-UNNAMED -Xmx1536m -Dfile.encoding=windows-1251 -Duser.country=RU -Duser.language=ru -Duser.variant 
java_command: org.gradle.launcher.daemon.bootstrap.GradleDaemon 8.0
java_class_path (initial): C:\Users\User\.gradle\wrapper\dists\gradle-8.0-bin\ca5e32bp14vu59qr306oxotwh\gradle-8.0\lib\gradle-launcher-8.0.jar
Launcher Type: SUN_STANDARD

[Global flags]
     intx CICompilerCount                          = 3                                         {product} {ergonomic}
     uint ConcGCThreads                            = 1                                         {product} {ergonomic}
     uint G1ConcRefinementThreads                  = 4                                         {product} {ergonomic}
   size_t G1HeapRegionSize                         = 1048576                                   {product} {ergonomic}
    uintx GCDrainStackTargetSize                   = 64                                        {product} {ergonomic}
   size_t InitialHeapSize                          = 132120576                                 {product} {ergonomic}
   size_t MarkStackSize                            = 4194304                                   {product} {ergonomic}
   size_t MaxHeapSize                              = 1610612736                                {product} {command line}
   size_t MaxNewSize                               = 965738496                                 {product} {ergonomic}
   size_t MinHeapDeltaBytes                        = 1048576                                   {product} {ergonomic}
   size_t MinHeapSize                              = 8388608                                   {product} {ergonomic}
    uintx NonNMethodCodeHeapSize                   = 5832780                                {pd product} {ergonomic}
    uintx NonProfiledCodeHeapSize                  = 122912730                              {pd product} {ergonomic}
    uintx ProfiledCodeHeapSize                     = 122912730                              {pd product} {ergonomic}
    uintx ReservedCodeCacheSize                    = 251658240                              {pd product} {ergonomic}
     bool SegmentedCodeCache                       = true                                      {product} {ergonomic}
   size_t SoftMaxHeapSize                          = 1610612736                             {manageable} {ergonomic}
     bool UseCompressedClassPointers               = true                           {product lp64_product} {ergonomic}
     bool UseCompressedOops                        = true                           {product lp64_product} {ergonomic}
     bool UseG1GC                                  = true                                      {product} {ergonomic}
     bool UseLargePagesIndividualAllocation        = false                                  {pd product} {ergonomic}

Logging:
Log output configuration:
 #0: stdout all=warning uptime,level,tags
 #1: stderr all=off uptime,level,tags

Environment Variables:
PATH=C:\Program Files (x86)\Common Files\Intel\Shared Libraries\redist\intel64_win\compiler;C:\Program Files\Python38\Scripts\;C:\Program Files\Python38\;C:\Program Files (x86)\Windows Kits\10\bin\10.0.19041.0\x64;C:\ProgramData\Oracle\Java\javapath;C:\WINDOWS\system32;C:\WINDOWS;C:\WINDOWS\System32\Wbem;C:\WINDOWS\System32\WindowsPowerShell\v1.0\;C:\WINDOWS\System32\OpenSSH\;D:\OpenCV\build\x64\vc14\bin;D:\Embarcadero\Studio\19.0\bin;C:\Users\Public\Documents\Embarcadero\Studio\19.0\Bpl;c:\Program Files\Microsoft Visual Studio\2022\Community\VC\Tools\MSVC\14.33.31629\bin\Hostx64\x64\;c:\Users\User\AppData\Local\Programs\Python\Python310\;c:\Users\User\AppData\Local\Programs\Python\Python310\Scripts\;C:\Users\User\AppData\Local\Programs\Python\Python310\python.exe;C:\Program Files\Git\cmd;C:\Program Files\WireGuard\;C:\Program Files\nodejs\;C:\Users\User\AppData\Local\Programs\Python\Python38\Scripts\;C:\Users\User\AppData\Local\Programs\Python\Python38\;C:\Users\User\AppData\Local\Programs\Python\Python310\Scripts\;C:\Users\User\AppData\Local\Programs\Python\Python310\;C:\Users\User\AppData\Local\Microsoft\WindowsApps;"c:\Windows;c:\Windows\system32";C:\Program Files\JetBrains\PyCharm Community Edition 2022.2.1\bin;;C:\Program Files\JetBrains\IntelliJ IDEA Community Edition 2022.1\bin;;C:\Users\User\AppData\Local\Programs\Python\Python310\python.exe;C:\Users\User\AppData\Roaming\npm;C:\Users\User\AppData\Local\Programs\Microsoft VS Code\bin
USERNAME=User
OS=Windows_NT
PROCESSOR_IDENTIFIER=Intel64 Family 6 Model 158 Stepping 10, GenuineIntel



---------------  S Y S T E M  ---------------

OS:
 Windows 10 , 64 bit Build 19041 (10.0.19041.2913)
OS uptime: 4 days 4:21 hours

CPU: total 4 (initial active 4) (2 cores per cpu, 2 threads per core) family 6 model 158 stepping 10 microcode 0xb4, cx8, cmov, fxsr, ht, mmx, 3dnowpref, sse, sse2, sse3, ssse3, sse4.1, sse4.2, popcnt, lzcnt, tsc, tscinvbit, aes, erms, clmul, clflush, clflushopt

Memory: 4k page, system-wide physical 8063M (1176M free)
TotalPageFile size 8063M (AvailPageFile size 10M)
current process WorkingSet (physical memory assigned to process): 601M, peak: 605M
current process commit charge ("private bytes"): 641M, peak: 646M

vm_info: OpenJDK 64-Bit Server VM (16.0.1+9-24) for windows-amd64 JRE (16.0.1+9-24), built on Mar 26 2021 19:30:07 by "mach5one" with MS VC++ 16.7 (VS2019)

END.
