#
# There is insufficient memory for the Java Runtime Environment to continue.
# Native memory allocation (malloc) failed to allocate 590416 bytes for Chunk::new
# Possible reasons:
#   The system is out of physical RAM or swap space
#   The process is running with CompressedOops enabled, and the Java Heap may be blocking the growth of the native heap
# Possible solutions:
#   Reduce memory load on the system
#   Increase physical memory or swap space
#   Check if swap backing store is full
#   Decrease Java heap size (-Xmx/-Xms)
#   Decrease number of Java threads
#   Decrease Java thread stack sizes (-Xss)
#   Set larger code cache with -XX:ReservedCodeCacheSize=
#   JVM is running with Unscaled Compressed Oops mode in which the Java heap is
#     placed in the first 4GB address space. The Java Heap base address is the
#     maximum limit for the native heap growth. Please use -XX:HeapBaseMinAddress
#     to set the Java Heap base and to place the Java Heap above 4GB virtual address.
# This output file may be truncated or incomplete.
#
#  Out of Memory Error (arena.cpp:184), pid=9108, tid=8644
#
# JRE version: OpenJDK Runtime Environment (20.0.1+9) (build 20.0.1+9-29)
# Java VM: OpenJDK 64-Bit Server VM (20.0.1+9-29, mixed mode, sharing, tiered, compressed oops, compressed class ptrs, g1 gc, windows-amd64)
# No core dump will be written. Minidumps are not enabled by default on client versions of Windows
#

---------------  S U M M A R Y ------------

Command Line: --add-opens=java.base/java.util=ALL-UNNAMED --add-opens=java.base/java.lang=ALL-UNNAMED --add-opens=java.base/java.lang.invoke=ALL-UNNAMED --add-opens=java.prefs/java.util.prefs=ALL-UNNAMED --add-opens=java.base/java.nio.charset=ALL-UNNAMED --add-opens=java.base/java.net=ALL-UNNAMED --add-opens=java.base/java.util.concurrent.atomic=ALL-UNNAMED -Xmx1536m -Dfile.encoding=windows-1251 -Duser.country=RU -Duser.language=ru -Duser.variant org.gradle.launcher.daemon.bootstrap.GradleDaemon 7.6.1

Host: Intel(R) Pentium(R) Gold G5420 CPU @ 3.80GHz, 4 cores, 7G,  Windows 10 , 64 bit Build 19041 (10.0.19041.2913)
Time: Mon Jun 12 12:53:00 2023 RTZ 2 (s 10 , 64 bit Build 19041 (10.0.19041.2913) elapsed time: 4.820561 seconds (0d 0h 0m 4s)

---------------  T H R E A D  ---------------

Current thread (0x00000246d6c3c4a0):  JavaThread "C2 CompilerThread0" daemon [_thread_in_native, id=8644, stack(0x000000712da00000,0x000000712db00000)]


Current CompileTask:
C2:   4820 2363   !   4       java.lang.ClassLoader::loadClass (121 bytes)

Stack: [0x000000712da00000,0x000000712db00000]
Native frames: (J=compiled Java code, j=interpreted, Vv=VM code, C=native code)
V  [jvm.dll+0x6bb95a]
V  [jvm.dll+0x8485fa]
V  [jvm.dll+0x84a1f5]
V  [jvm.dll+0x84a8f3]
V  [jvm.dll+0x280b0f]
V  [jvm.dll+0xc2b11]
V  [jvm.dll+0xc2e35]
V  [jvm.dll+0x2f5dbf]
V  [jvm.dll+0x5e32eb]
V  [jvm.dll+0x2543b4]
V  [jvm.dll+0x24c842]
V  [jvm.dll+0x24a549]
V  [jvm.dll+0x1ce491]
V  [jvm.dll+0x259e1b]
V  [jvm.dll+0x2584f0]
V  [jvm.dll+0x3f2895]
V  [jvm.dll+0x7f4b56]
V  [jvm.dll+0x6ba5cb]
C  [ucrtbase.dll+0x21bb2]
C  [KERNEL32.DLL+0x17614]
C  [ntdll.dll+0x526a1]


---------------  P R O C E S S  ---------------

Threads class SMR info:
_java_thread_list=0x00000246dcfd2fd0, length=25, elements={
0x00000246bb5d0a20, 0x00000246d6c2c560, 0x00000246d6c2d500, 0x00000246d6c32b90,
0x00000246d6c34680, 0x00000246d6c35900, 0x00000246d6c39340, 0x00000246d6c3c4a0,
0x00000246d6c400d0, 0x00000246db0cf9d0, 0x00000246db0cef30, 0x00000246db0cff20,
0x00000246db0cd9f0, 0x00000246db0ce490, 0x00000246db0ce9e0, 0x00000246dcc8fb00,
0x00000246dcc91040, 0x00000246dcc93ac0, 0x00000246dcc8f5b0, 0x00000246dcc92030,
0x00000246dcc91ae0, 0x00000246dcc90af0, 0x00000246dcc91590, 0x00000246dcdf4e70,
0x00000246dcc92580
}

Java Threads: ( => current thread )
  0x00000246bb5d0a20 JavaThread "main" [_thread_blocked, id=4992, stack(0x000000712cd00000,0x000000712ce00000)]
  0x00000246d6c2c560 JavaThread "Reference Handler" daemon [_thread_blocked, id=712, stack(0x000000712d400000,0x000000712d500000)]
  0x00000246d6c2d500 JavaThread "Finalizer" daemon [_thread_blocked, id=304, stack(0x000000712d500000,0x000000712d600000)]
  0x00000246d6c32b90 JavaThread "Signal Dispatcher" daemon [_thread_blocked, id=2336, stack(0x000000712d600000,0x000000712d700000)]
  0x00000246d6c34680 JavaThread "Attach Listener" daemon [_thread_blocked, id=8476, stack(0x000000712d700000,0x000000712d800000)]
  0x00000246d6c35900 JavaThread "Service Thread" daemon [_thread_blocked, id=9628, stack(0x000000712d800000,0x000000712d900000)]
  0x00000246d6c39340 JavaThread "Monitor Deflation Thread" daemon [_thread_blocked, id=1488, stack(0x000000712d900000,0x000000712da00000)]
=>0x00000246d6c3c4a0 JavaThread "C2 CompilerThread0" daemon [_thread_in_native, id=8644, stack(0x000000712da00000,0x000000712db00000)]
  0x00000246d6c400d0 JavaThread "C1 CompilerThread0" daemon [_thread_in_native, id=6760, stack(0x000000712db00000,0x000000712dc00000)]
  0x00000246db0cf9d0 JavaThread "Common-Cleaner" daemon [_thread_blocked, id=1180, stack(0x000000712dc00000,0x000000712dd00000)]
  0x00000246db0cef30 JavaThread "Notification Thread" daemon [_thread_blocked, id=7648, stack(0x000000712dd00000,0x000000712de00000)]
  0x00000246db0cff20 JavaThread "Daemon health stats" [_thread_blocked, id=7672, stack(0x000000712e300000,0x000000712e400000)]
  0x00000246db0cd9f0 JavaThread "Incoming local TCP Connector on port 57880" [_thread_in_native, id=2748, stack(0x000000712e400000,0x000000712e500000)]
  0x00000246db0ce490 JavaThread "Daemon periodic checks" [_thread_blocked, id=9764, stack(0x000000712e500000,0x000000712e600000)]
  0x00000246db0ce9e0 JavaThread "Daemon" [_thread_blocked, id=7944, stack(0x000000712e600000,0x000000712e700000)]
  0x00000246dcc8fb00 JavaThread "Handler for socket connection from /127.0.0.1:57880 to /127.0.0.1:57881" [_thread_in_native, id=6936, stack(0x000000712e700000,0x000000712e800000)]
  0x00000246dcc91040 JavaThread "Cancel handler" [_thread_blocked, id=1576, stack(0x000000712e800000,0x000000712e900000)]
  0x00000246dcc93ac0 JavaThread "Daemon worker" [_thread_in_vm, id=660, stack(0x000000712e900000,0x000000712ea00000)]
  0x00000246dcc8f5b0 JavaThread "Asynchronous log dispatcher for DefaultDaemonConnection: socket connection from /127.0.0.1:57880 to /127.0.0.1:57881" [_thread_blocked, id=8456, stack(0x000000712ea00000,0x000000712eb00000)]
  0x00000246dcc92030 JavaThread "Stdin handler" [_thread_blocked, id=3004, stack(0x000000712eb00000,0x000000712ec00000)]
  0x00000246dcc91ae0 JavaThread "Daemon client event forwarder" [_thread_blocked, id=1956, stack(0x000000712ec00000,0x000000712ed00000)]
  0x00000246dcc90af0 JavaThread "Cache worker for journal cache (C:\Users\User\.gradle\caches\journal-1)" [_thread_blocked, id=7268, stack(0x000000712ed00000,0x000000712ee00000)]
  0x00000246dcc91590 JavaThread "File lock request listener" [_thread_in_native, id=7820, stack(0x000000712e200000,0x000000712e300000)]
  0x00000246dcdf4e70 JavaThread "C2 CompilerThread1" daemon [_thread_in_native, id=4064, stack(0x000000712ee00000,0x000000712ef00000)]
  0x00000246dcc92580 JavaThread "Cache worker for file hash cache (C:\Users\User\.gradle\caches\7.6.1\fileHashes)" [_thread_blocked, id=8672, stack(0x000000712ef00000,0x000000712f000000)]

Other Threads:
  0x00000246d6c0e260 VMThread "VM Thread" [stack: 0x000000712d300000,0x000000712d400000] [id=6916]
  0x00000246db0d8350 WatcherThread "VM Periodic Task Thread" [stack: 0x000000712de00000,0x000000712df00000] [id=1036]
  0x00000246bb61db30 WorkerThread "GC Thread#0" [stack: 0x000000712ce00000,0x000000712cf00000] [id=524]
  0x00000246db2b6220 WorkerThread "GC Thread#1" [stack: 0x000000712df00000,0x000000712e000000] [id=8424]
  0x00000246db2b64f0 WorkerThread "GC Thread#2" [stack: 0x000000712e000000,0x000000712e100000] [id=1216]
  0x00000246dbbfe730 WorkerThread "GC Thread#3" [stack: 0x000000712e100000,0x000000712e200000] [id=8084]
  0x00000246bb62a950 ConcurrentGCThread "G1 Main Marker" [stack: 0x000000712cf00000,0x000000712d000000] [id=9432]
  0x00000246bb62b5d0 WorkerThread "G1 Conc#0" [stack: 0x000000712d000000,0x000000712d100000] [id=3628]
  0x00000246d6ad10a0 ConcurrentGCThread "G1 Refine#0" [stack: 0x000000712d100000,0x000000712d200000] [id=6832]
  0x00000246d6ad1a50 ConcurrentGCThread "G1 Service" [stack: 0x000000712d200000,0x000000712d300000] [id=1128]

Threads with active compile tasks:
C2 CompilerThread0     4862 2363   !   4       java.lang.ClassLoader::loadClass (121 bytes)
C1 CompilerThread0     4862 2423       3       java.io.WinNTFileSystem::resolve (275 bytes)
C2 CompilerThread1     4862 2388       4       jdk.internal.org.objectweb.asm.SymbolTable::addConstantMemberReference (147 bytes)

VM state: not at safepoint (normal execution)

VM Mutex/Monitor currently owned by a thread: None

Heap address: 0x00000000a0000000, size: 1536 MB, Compressed Oops mode: 32-bit

CDS archive(s) mapped at: [0x0000000800000000-0x0000000800c60000-0x0000000800c60000), size 12976128, SharedBaseAddress: 0x0000000800000000, ArchiveRelocationMode: 0.
Compressed class space mapped at: 0x0000000801000000-0x0000000841000000, reserved size: 1073741824
Narrow klass base: 0x0000000800000000, Narrow klass shift: 0, Narrow klass range: 0x100000000

GC Precious Log:
 CardTable entry size: 512
 Card Set container configuration: InlinePtr #cards 5 size 8 Array Of Cards #cards 12 size 40 Howl #buckets 4 coarsen threshold 1843 Howl Bitmap #cards 512 size 80 coarsen threshold 460 Card regions per heap region 1 cards per card region 2048
 CPUs: 4 total, 4 available
 Memory: 8063M
 Large Page Support: Disabled
 NUMA Support: Disabled
 Compressed Oops: Enabled (32-bit)
 Heap Region Size: 1M
 Heap Min Capacity: 8M
 Heap Initial Capacity: 126M
 Heap Max Capacity: 1536M
 Pre-touch: Disabled
 Parallel Workers: 4
 Concurrent Workers: 1
 Concurrent Refinement Workers: 4
 Periodic GC: Disabled

Heap:
 garbage-first heap   total 129024K, used 61668K [0x00000000a0000000, 0x0000000100000000)
  region size 1024K, 52 young (53248K), 3 survivors (3072K)
 Metaspace       used 14548K, committed 15040K, reserved 1114112K
  class space    used 2020K, committed 2240K, reserved 1048576K

Heap Regions: E=young(eden), S=young(survivor), O=old, HS=humongous(starts), HC=humongous(continues), CS=collection set, F=free, OA=open archive, CA=closed archive, TAMS=top-at-mark-start, PB=parsable bottom
|   0|0x00000000a0000000, 0x00000000a0100000, 0x00000000a0100000|100%| O|  |TAMS 0x00000000a0000000| PB 0x00000000a0000000| Untracked 
|   1|0x00000000a0100000, 0x00000000a0200000, 0x00000000a0200000|100%| O|  |TAMS 0x00000000a0100000| PB 0x00000000a0100000| Untracked 
|   2|0x00000000a0200000, 0x00000000a0300000, 0x00000000a0300000|100%|HS|  |TAMS 0x00000000a0200000| PB 0x00000000a0200000| Complete 
|   3|0x00000000a0300000, 0x00000000a0400000, 0x00000000a0400000|100%|HC|  |TAMS 0x00000000a0300000| PB 0x00000000a0300000| Complete 
|   4|0x00000000a0400000, 0x00000000a0500000, 0x00000000a0500000|100%|HC|  |TAMS 0x00000000a0400000| PB 0x00000000a0400000| Complete 
|   5|0x00000000a0500000, 0x00000000a0600000, 0x00000000a0600000|100%| O|  |TAMS 0x00000000a0500000| PB 0x00000000a0500000| Untracked 
|   6|0x00000000a0600000, 0x00000000a0700000, 0x00000000a0700000|100%| O|  |TAMS 0x00000000a0600000| PB 0x00000000a0600000| Untracked 
|   7|0x00000000a0700000, 0x00000000a0700000, 0x00000000a0800000|  0%| F|  |TAMS 0x00000000a0700000| PB 0x00000000a0700000| Untracked 
|   8|0x00000000a0800000, 0x00000000a0900000, 0x00000000a0900000|100%| O|  |TAMS 0x00000000a0800000| PB 0x00000000a0800000| Untracked 
|   9|0x00000000a0900000, 0x00000000a0a00000, 0x00000000a0a00000|100%| O|  |TAMS 0x00000000a0900000| PB 0x00000000a0900000| Untracked 
|  10|0x00000000a0a00000, 0x00000000a0a39200, 0x00000000a0b00000| 22%| O|  |TAMS 0x00000000a0a00000| PB 0x00000000a0a00000| Untracked 
|  11|0x00000000a0b00000, 0x00000000a0b00000, 0x00000000a0c00000|  0%| F|  |TAMS 0x00000000a0b00000| PB 0x00000000a0b00000| Untracked 
|  12|0x00000000a0c00000, 0x00000000a0c00000, 0x00000000a0d00000|  0%| F|  |TAMS 0x00000000a0c00000| PB 0x00000000a0c00000| Untracked 
|  13|0x00000000a0d00000, 0x00000000a0d00000, 0x00000000a0e00000|  0%| F|  |TAMS 0x00000000a0d00000| PB 0x00000000a0d00000| Untracked 
|  14|0x00000000a0e00000, 0x00000000a0e00000, 0x00000000a0f00000|  0%| F|  |TAMS 0x00000000a0e00000| PB 0x00000000a0e00000| Untracked 
|  15|0x00000000a0f00000, 0x00000000a0f00000, 0x00000000a1000000|  0%| F|  |TAMS 0x00000000a0f00000| PB 0x00000000a0f00000| Untracked 
|  16|0x00000000a1000000, 0x00000000a1000000, 0x00000000a1100000|  0%| F|  |TAMS 0x00000000a1000000| PB 0x00000000a1000000| Untracked 
|  17|0x00000000a1100000, 0x00000000a1100000, 0x00000000a1200000|  0%| F|  |TAMS 0x00000000a1100000| PB 0x00000000a1100000| Untracked 
|  18|0x00000000a1200000, 0x00000000a1200000, 0x00000000a1300000|  0%| F|  |TAMS 0x00000000a1200000| PB 0x00000000a1200000| Untracked 
|  19|0x00000000a1300000, 0x00000000a1300000, 0x00000000a1400000|  0%| F|  |TAMS 0x00000000a1300000| PB 0x00000000a1300000| Untracked 
|  20|0x00000000a1400000, 0x00000000a1400000, 0x00000000a1500000|  0%| F|  |TAMS 0x00000000a1400000| PB 0x00000000a1400000| Untracked 
|  21|0x00000000a1500000, 0x00000000a1500000, 0x00000000a1600000|  0%| F|  |TAMS 0x00000000a1500000| PB 0x00000000a1500000| Untracked 
|  22|0x00000000a1600000, 0x00000000a1600000, 0x00000000a1700000|  0%| F|  |TAMS 0x00000000a1600000| PB 0x00000000a1600000| Untracked 
|  23|0x00000000a1700000, 0x00000000a1700000, 0x00000000a1800000|  0%| F|  |TAMS 0x00000000a1700000| PB 0x00000000a1700000| Untracked 
|  24|0x00000000a1800000, 0x00000000a1800000, 0x00000000a1900000|  0%| F|  |TAMS 0x00000000a1800000| PB 0x00000000a1800000| Untracked 
|  25|0x00000000a1900000, 0x00000000a1900000, 0x00000000a1a00000|  0%| F|  |TAMS 0x00000000a1900000| PB 0x00000000a1900000| Untracked 
|  26|0x00000000a1a00000, 0x00000000a1a00000, 0x00000000a1b00000|  0%| F|  |TAMS 0x00000000a1a00000| PB 0x00000000a1a00000| Untracked 
|  27|0x00000000a1b00000, 0x00000000a1b00000, 0x00000000a1c00000|  0%| F|  |TAMS 0x00000000a1b00000| PB 0x00000000a1b00000| Untracked 
|  28|0x00000000a1c00000, 0x00000000a1c00000, 0x00000000a1d00000|  0%| F|  |TAMS 0x00000000a1c00000| PB 0x00000000a1c00000| Untracked 
|  29|0x00000000a1d00000, 0x00000000a1d00000, 0x00000000a1e00000|  0%| F|  |TAMS 0x00000000a1d00000| PB 0x00000000a1d00000| Untracked 
|  30|0x00000000a1e00000, 0x00000000a1e00000, 0x00000000a1f00000|  0%| F|  |TAMS 0x00000000a1e00000| PB 0x00000000a1e00000| Untracked 
|  31|0x00000000a1f00000, 0x00000000a1f00000, 0x00000000a2000000|  0%| F|  |TAMS 0x00000000a1f00000| PB 0x00000000a1f00000| Untracked 
|  32|0x00000000a2000000, 0x00000000a2000000, 0x00000000a2100000|  0%| F|  |TAMS 0x00000000a2000000| PB 0x00000000a2000000| Untracked 
|  33|0x00000000a2100000, 0x00000000a2100000, 0x00000000a2200000|  0%| F|  |TAMS 0x00000000a2100000| PB 0x00000000a2100000| Untracked 
|  34|0x00000000a2200000, 0x00000000a2200000, 0x00000000a2300000|  0%| F|  |TAMS 0x00000000a2200000| PB 0x00000000a2200000| Untracked 
|  35|0x00000000a2300000, 0x00000000a2300000, 0x00000000a2400000|  0%| F|  |TAMS 0x00000000a2300000| PB 0x00000000a2300000| Untracked 
|  36|0x00000000a2400000, 0x00000000a2400000, 0x00000000a2500000|  0%| F|  |TAMS 0x00000000a2400000| PB 0x00000000a2400000| Untracked 
|  37|0x00000000a2500000, 0x00000000a2500000, 0x00000000a2600000|  0%| F|  |TAMS 0x00000000a2500000| PB 0x00000000a2500000| Untracked 
|  38|0x00000000a2600000, 0x00000000a2600000, 0x00000000a2700000|  0%| F|  |TAMS 0x00000000a2600000| PB 0x00000000a2600000| Untracked 
|  39|0x00000000a2700000, 0x00000000a2700000, 0x00000000a2800000|  0%| F|  |TAMS 0x00000000a2700000| PB 0x00000000a2700000| Untracked 
|  40|0x00000000a2800000, 0x00000000a2800000, 0x00000000a2900000|  0%| F|  |TAMS 0x00000000a2800000| PB 0x00000000a2800000| Untracked 
|  41|0x00000000a2900000, 0x00000000a2900000, 0x00000000a2a00000|  0%| F|  |TAMS 0x00000000a2900000| PB 0x00000000a2900000| Untracked 
|  42|0x00000000a2a00000, 0x00000000a2a00000, 0x00000000a2b00000|  0%| F|  |TAMS 0x00000000a2a00000| PB 0x00000000a2a00000| Untracked 
|  43|0x00000000a2b00000, 0x00000000a2b00000, 0x00000000a2c00000|  0%| F|  |TAMS 0x00000000a2b00000| PB 0x00000000a2b00000| Untracked 
|  44|0x00000000a2c00000, 0x00000000a2c00000, 0x00000000a2d00000|  0%| F|  |TAMS 0x00000000a2c00000| PB 0x00000000a2c00000| Untracked 
|  45|0x00000000a2d00000, 0x00000000a2d00000, 0x00000000a2e00000|  0%| F|  |TAMS 0x00000000a2d00000| PB 0x00000000a2d00000| Untracked 
|  46|0x00000000a2e00000, 0x00000000a2e00000, 0x00000000a2f00000|  0%| F|  |TAMS 0x00000000a2e00000| PB 0x00000000a2e00000| Untracked 
|  47|0x00000000a2f00000, 0x00000000a2f00000, 0x00000000a3000000|  0%| F|  |TAMS 0x00000000a2f00000| PB 0x00000000a2f00000| Untracked 
|  48|0x00000000a3000000, 0x00000000a3000000, 0x00000000a3100000|  0%| F|  |TAMS 0x00000000a3000000| PB 0x00000000a3000000| Untracked 
|  49|0x00000000a3100000, 0x00000000a3100000, 0x00000000a3200000|  0%| F|  |TAMS 0x00000000a3100000| PB 0x00000000a3100000| Untracked 
|  50|0x00000000a3200000, 0x00000000a3200000, 0x00000000a3300000|  0%| F|  |TAMS 0x00000000a3200000| PB 0x00000000a3200000| Untracked 
|  51|0x00000000a3300000, 0x00000000a3300000, 0x00000000a3400000|  0%| F|  |TAMS 0x00000000a3300000| PB 0x00000000a3300000| Untracked 
|  52|0x00000000a3400000, 0x00000000a3400000, 0x00000000a3500000|  0%| F|  |TAMS 0x00000000a3400000| PB 0x00000000a3400000| Untracked 
|  53|0x00000000a3500000, 0x00000000a3500000, 0x00000000a3600000|  0%| F|  |TAMS 0x00000000a3500000| PB 0x00000000a3500000| Untracked 
|  54|0x00000000a3600000, 0x00000000a3600000, 0x00000000a3700000|  0%| F|  |TAMS 0x00000000a3600000| PB 0x00000000a3600000| Untracked 
|  55|0x00000000a3700000, 0x00000000a3700000, 0x00000000a3800000|  0%| F|  |TAMS 0x00000000a3700000| PB 0x00000000a3700000| Untracked 
|  56|0x00000000a3800000, 0x00000000a3800000, 0x00000000a3900000|  0%| F|  |TAMS 0x00000000a3800000| PB 0x00000000a3800000| Untracked 
|  57|0x00000000a3900000, 0x00000000a3900000, 0x00000000a3a00000|  0%| F|  |TAMS 0x00000000a3900000| PB 0x00000000a3900000| Untracked 
|  58|0x00000000a3a00000, 0x00000000a3a00000, 0x00000000a3b00000|  0%| F|  |TAMS 0x00000000a3a00000| PB 0x00000000a3a00000| Untracked 
|  59|0x00000000a3b00000, 0x00000000a3b00000, 0x00000000a3c00000|  0%| F|  |TAMS 0x00000000a3b00000| PB 0x00000000a3b00000| Untracked 
|  60|0x00000000a3c00000, 0x00000000a3c00000, 0x00000000a3d00000|  0%| F|  |TAMS 0x00000000a3c00000| PB 0x00000000a3c00000| Untracked 
|  61|0x00000000a3d00000, 0x00000000a3d00000, 0x00000000a3e00000|  0%| F|  |TAMS 0x00000000a3d00000| PB 0x00000000a3d00000| Untracked 
|  62|0x00000000a3e00000, 0x00000000a3e00000, 0x00000000a3f00000|  0%| F|  |TAMS 0x00000000a3e00000| PB 0x00000000a3e00000| Untracked 
|  63|0x00000000a3f00000, 0x00000000a3f00000, 0x00000000a4000000|  0%| F|  |TAMS 0x00000000a3f00000| PB 0x00000000a3f00000| Untracked 
|  64|0x00000000a4000000, 0x00000000a4000000, 0x00000000a4100000|  0%| F|  |TAMS 0x00000000a4000000| PB 0x00000000a4000000| Untracked 
|  65|0x00000000a4100000, 0x00000000a4100000, 0x00000000a4200000|  0%| F|  |TAMS 0x00000000a4100000| PB 0x00000000a4100000| Untracked 
|  66|0x00000000a4200000, 0x00000000a4200000, 0x00000000a4300000|  0%| F|  |TAMS 0x00000000a4200000| PB 0x00000000a4200000| Untracked 
|  67|0x00000000a4300000, 0x00000000a4300000, 0x00000000a4400000|  0%| F|  |TAMS 0x00000000a4300000| PB 0x00000000a4300000| Untracked 
|  68|0x00000000a4400000, 0x00000000a4400000, 0x00000000a4500000|  0%| F|  |TAMS 0x00000000a4400000| PB 0x00000000a4400000| Untracked 
|  69|0x00000000a4500000, 0x00000000a4500000, 0x00000000a4600000|  0%| F|  |TAMS 0x00000000a4500000| PB 0x00000000a4500000| Untracked 
|  70|0x00000000a4600000, 0x00000000a4600000, 0x00000000a4700000|  0%| F|  |TAMS 0x00000000a4600000| PB 0x00000000a4600000| Untracked 
|  71|0x00000000a4700000, 0x00000000a4700000, 0x00000000a4800000|  0%| F|  |TAMS 0x00000000a4700000| PB 0x00000000a4700000| Untracked 
|  72|0x00000000a4800000, 0x00000000a4800000, 0x00000000a4900000|  0%| F|  |TAMS 0x00000000a4800000| PB 0x00000000a4800000| Untracked 
|  73|0x00000000a4900000, 0x00000000a4900000, 0x00000000a4a00000|  0%| F|  |TAMS 0x00000000a4900000| PB 0x00000000a4900000| Untracked 
|  74|0x00000000a4a00000, 0x00000000a4b00000, 0x00000000a4b00000|100%| E|  |TAMS 0x00000000a4a00000| PB 0x00000000a4a00000| Complete 
|  75|0x00000000a4b00000, 0x00000000a4c00000, 0x00000000a4c00000|100%| E|CS|TAMS 0x00000000a4b00000| PB 0x00000000a4b00000| Complete 
|  76|0x00000000a4c00000, 0x00000000a4d00000, 0x00000000a4d00000|100%| E|CS|TAMS 0x00000000a4c00000| PB 0x00000000a4c00000| Complete 
|  77|0x00000000a4d00000, 0x00000000a4e00000, 0x00000000a4e00000|100%| E|CS|TAMS 0x00000000a4d00000| PB 0x00000000a4d00000| Complete 
|  78|0x00000000a4e00000, 0x00000000a4f00000, 0x00000000a4f00000|100%| E|CS|TAMS 0x00000000a4e00000| PB 0x00000000a4e00000| Complete 
|  79|0x00000000a4f00000, 0x00000000a5000000, 0x00000000a5000000|100%| E|CS|TAMS 0x00000000a4f00000| PB 0x00000000a4f00000| Complete 
|  80|0x00000000a5000000, 0x00000000a5100000, 0x00000000a5100000|100%| E|CS|TAMS 0x00000000a5000000| PB 0x00000000a5000000| Complete 
|  81|0x00000000a5100000, 0x00000000a5200000, 0x00000000a5200000|100%| E|CS|TAMS 0x00000000a5100000| PB 0x00000000a5100000| Complete 
|  82|0x00000000a5200000, 0x00000000a5300000, 0x00000000a5300000|100%| E|CS|TAMS 0x00000000a5200000| PB 0x00000000a5200000| Complete 
|  83|0x00000000a5300000, 0x00000000a5400000, 0x00000000a5400000|100%| E|CS|TAMS 0x00000000a5300000| PB 0x00000000a5300000| Complete 
|  84|0x00000000a5400000, 0x00000000a5500000, 0x00000000a5500000|100%| E|CS|TAMS 0x00000000a5400000| PB 0x00000000a5400000| Complete 
|  85|0x00000000a5500000, 0x00000000a5600000, 0x00000000a5600000|100%| E|CS|TAMS 0x00000000a5500000| PB 0x00000000a5500000| Complete 
|  86|0x00000000a5600000, 0x00000000a5700000, 0x00000000a5700000|100%| E|CS|TAMS 0x00000000a5600000| PB 0x00000000a5600000| Complete 
|  87|0x00000000a5700000, 0x00000000a5800000, 0x00000000a5800000|100%| E|CS|TAMS 0x00000000a5700000| PB 0x00000000a5700000| Complete 
|  88|0x00000000a5800000, 0x00000000a5900000, 0x00000000a5900000|100%| E|CS|TAMS 0x00000000a5800000| PB 0x00000000a5800000| Complete 
|  89|0x00000000a5900000, 0x00000000a5a00000, 0x00000000a5a00000|100%| E|CS|TAMS 0x00000000a5900000| PB 0x00000000a5900000| Complete 
|  90|0x00000000a5a00000, 0x00000000a5b00000, 0x00000000a5b00000|100%| E|CS|TAMS 0x00000000a5a00000| PB 0x00000000a5a00000| Complete 
|  91|0x00000000a5b00000, 0x00000000a5c00000, 0x00000000a5c00000|100%| E|CS|TAMS 0x00000000a5b00000| PB 0x00000000a5b00000| Complete 
|  92|0x00000000a5c00000, 0x00000000a5d00000, 0x00000000a5d00000|100%| E|CS|TAMS 0x00000000a5c00000| PB 0x00000000a5c00000| Complete 
|  93|0x00000000a5d00000, 0x00000000a5e00000, 0x00000000a5e00000|100%| E|CS|TAMS 0x00000000a5d00000| PB 0x00000000a5d00000| Complete 
|  94|0x00000000a5e00000, 0x00000000a5f00000, 0x00000000a5f00000|100%| E|CS|TAMS 0x00000000a5e00000| PB 0x00000000a5e00000| Complete 
|  95|0x00000000a5f00000, 0x00000000a6000000, 0x00000000a6000000|100%| E|CS|TAMS 0x00000000a5f00000| PB 0x00000000a5f00000| Complete 
|  96|0x00000000a6000000, 0x00000000a6100000, 0x00000000a6100000|100%| E|CS|TAMS 0x00000000a6000000| PB 0x00000000a6000000| Complete 
|  97|0x00000000a6100000, 0x00000000a6200000, 0x00000000a6200000|100%| E|CS|TAMS 0x00000000a6100000| PB 0x00000000a6100000| Complete 
|  98|0x00000000a6200000, 0x00000000a6300000, 0x00000000a6300000|100%| E|CS|TAMS 0x00000000a6200000| PB 0x00000000a6200000| Complete 
|  99|0x00000000a6300000, 0x00000000a6400000, 0x00000000a6400000|100%| S|CS|TAMS 0x00000000a6300000| PB 0x00000000a6300000| Complete 
| 100|0x00000000a6400000, 0x00000000a6500000, 0x00000000a6500000|100%| S|CS|TAMS 0x00000000a6400000| PB 0x00000000a6400000| Complete 
| 101|0x00000000a6500000, 0x00000000a6600000, 0x00000000a6600000|100%| S|CS|TAMS 0x00000000a6500000| PB 0x00000000a6500000| Complete 
| 102|0x00000000a6600000, 0x00000000a6700000, 0x00000000a6700000|100%| E|CS|TAMS 0x00000000a6600000| PB 0x00000000a6600000| Complete 
| 103|0x00000000a6700000, 0x00000000a6800000, 0x00000000a6800000|100%| E|CS|TAMS 0x00000000a6700000| PB 0x00000000a6700000| Complete 
| 104|0x00000000a6800000, 0x00000000a6900000, 0x00000000a6900000|100%| E|CS|TAMS 0x00000000a6800000| PB 0x00000000a6800000| Complete 
| 105|0x00000000a6900000, 0x00000000a6a00000, 0x00000000a6a00000|100%| E|CS|TAMS 0x00000000a6900000| PB 0x00000000a6900000| Complete 
| 106|0x00000000a6a00000, 0x00000000a6b00000, 0x00000000a6b00000|100%| E|CS|TAMS 0x00000000a6a00000| PB 0x00000000a6a00000| Complete 
| 107|0x00000000a6b00000, 0x00000000a6c00000, 0x00000000a6c00000|100%| E|CS|TAMS 0x00000000a6b00000| PB 0x00000000a6b00000| Complete 
| 108|0x00000000a6c00000, 0x00000000a6d00000, 0x00000000a6d00000|100%| E|CS|TAMS 0x00000000a6c00000| PB 0x00000000a6c00000| Complete 
| 109|0x00000000a6d00000, 0x00000000a6e00000, 0x00000000a6e00000|100%| E|CS|TAMS 0x00000000a6d00000| PB 0x00000000a6d00000| Complete 
| 110|0x00000000a6e00000, 0x00000000a6f00000, 0x00000000a6f00000|100%| E|CS|TAMS 0x00000000a6e00000| PB 0x00000000a6e00000| Complete 
| 111|0x00000000a6f00000, 0x00000000a7000000, 0x00000000a7000000|100%| E|CS|TAMS 0x00000000a6f00000| PB 0x00000000a6f00000| Complete 
| 112|0x00000000a7000000, 0x00000000a7100000, 0x00000000a7100000|100%| E|CS|TAMS 0x00000000a7000000| PB 0x00000000a7000000| Complete 
| 113|0x00000000a7100000, 0x00000000a7200000, 0x00000000a7200000|100%| E|CS|TAMS 0x00000000a7100000| PB 0x00000000a7100000| Complete 
| 114|0x00000000a7200000, 0x00000000a7300000, 0x00000000a7300000|100%| E|CS|TAMS 0x00000000a7200000| PB 0x00000000a7200000| Complete 
| 115|0x00000000a7300000, 0x00000000a7400000, 0x00000000a7400000|100%| E|CS|TAMS 0x00000000a7300000| PB 0x00000000a7300000| Complete 
| 116|0x00000000a7400000, 0x00000000a7500000, 0x00000000a7500000|100%| E|CS|TAMS 0x00000000a7400000| PB 0x00000000a7400000| Complete 
| 117|0x00000000a7500000, 0x00000000a7600000, 0x00000000a7600000|100%| E|CS|TAMS 0x00000000a7500000| PB 0x00000000a7500000| Complete 
| 118|0x00000000a7600000, 0x00000000a7700000, 0x00000000a7700000|100%| E|CS|TAMS 0x00000000a7600000| PB 0x00000000a7600000| Complete 
| 119|0x00000000a7700000, 0x00000000a7800000, 0x00000000a7800000|100%| E|CS|TAMS 0x00000000a7700000| PB 0x00000000a7700000| Complete 
| 120|0x00000000a7800000, 0x00000000a7900000, 0x00000000a7900000|100%| E|CS|TAMS 0x00000000a7800000| PB 0x00000000a7800000| Complete 
| 121|0x00000000a7900000, 0x00000000a7a00000, 0x00000000a7a00000|100%| E|CS|TAMS 0x00000000a7900000| PB 0x00000000a7900000| Complete 
| 122|0x00000000a7a00000, 0x00000000a7b00000, 0x00000000a7b00000|100%| E|CS|TAMS 0x00000000a7a00000| PB 0x00000000a7a00000| Complete 
| 123|0x00000000a7b00000, 0x00000000a7c00000, 0x00000000a7c00000|100%| E|CS|TAMS 0x00000000a7b00000| PB 0x00000000a7b00000| Complete 
| 124|0x00000000a7c00000, 0x00000000a7d00000, 0x00000000a7d00000|100%| E|CS|TAMS 0x00000000a7c00000| PB 0x00000000a7c00000| Complete 
| 125|0x00000000a7d00000, 0x00000000a7e00000, 0x00000000a7e00000|100%| E|CS|TAMS 0x00000000a7d00000| PB 0x00000000a7d00000| Complete 

Card table byte_map: [0x00000246d2990000,0x00000246d2c90000] _byte_map_base: 0x00000246d2490000

Marking Bits: (CMBitMap*) 0x00000246bb61e070
 Bits: [0x00000246d2f90000, 0x00000246d4790000)

Polling page: 0x00000246b95b0000

Metaspace:

Usage:
  Non-class:     12.24 MB used.
      Class:      1.97 MB used.
       Both:     14.21 MB used.

Virtual space:
  Non-class space:       64.00 MB reserved,      12.50 MB ( 20%) committed,  1 nodes.
      Class space:        1.00 GB reserved,       2.19 MB ( <1%) committed,  1 nodes.
             Both:        1.06 GB reserved,      14.69 MB (  1%) committed. 

Chunk freelists:
   Non-Class:  3.22 MB
       Class:  1.85 MB
        Both:  5.06 MB

MaxMetaspaceSize: unlimited
CompressedClassSpaceSize: 1.00 GB
Initial GC threshold: 21.00 MB
Current GC threshold: 21.00 MB
CDS: on
MetaspaceReclaimPolicy: balanced
 - commit_granule_bytes: 65536.
 - commit_granule_words: 8192.
 - virtual_space_node_default_size: 8388608.
 - enlarge_chunks_in_place: 1.
 - new_chunks_are_fully_committed: 0.
 - uncommit_free_chunks: 1.
 - use_allocation_guard: 0.


Internal statistics:

num_allocs_failed_limit: 0.
num_arena_births: 588.
num_arena_deaths: 0.
num_vsnodes_births: 2.
num_vsnodes_deaths: 0.
num_space_committed: 235.
num_space_uncommitted: 0.
num_chunks_returned_to_freelist: 0.
num_chunks_taken_from_freelist: 1075.
num_chunk_merges: 0.
num_chunk_splits: 701.
num_chunks_enlarged: 458.
num_inconsistent_stats: 0.

CodeHeap 'non-profiled nmethods': size=120000Kb used=1087Kb max_used=1087Kb free=118912Kb
 bounds [0x00000246cb160000, 0x00000246cb3d0000, 0x00000246d2690000]
CodeHeap 'profiled nmethods': size=120000Kb used=4776Kb max_used=4776Kb free=115223Kb
 bounds [0x00000246c3690000, 0x00000246c3b40000, 0x00000246cabc0000]
CodeHeap 'non-nmethods': size=5760Kb used=1527Kb max_used=1551Kb free=4232Kb
 bounds [0x00000246cabc0000, 0x00000246cae30000, 0x00000246cb160000]
 total_blobs=2967 nmethods=2419 adapters=459
 compilation: enabled
              stopped_count=0, restarted_count=0
 full_count=0

Compilation events (20 events):
Event: 4.789 Thread 0x00000246d6c400d0 2399       1       java.lang.reflect.Constructor::getRoot (5 bytes)
Event: 4.789 Thread 0x00000246d6c400d0 nmethod 2399 0x00000246cb26ef90 code [0x00000246cb26f100, 0x00000246cb26f1c8]
Event: 4.789 Thread 0x00000246d6c400d0 2400       3       java.lang.reflect.Constructor::setConstructorAccessor (20 bytes)
Event: 4.789 Thread 0x00000246d6c400d0 nmethod 2400 0x00000246c3b2a490 code [0x00000246c3b2a640, 0x00000246c3b2a910]
Event: 4.803 Thread 0x00000246d6c400d0 2402       3       java.lang.invoke.InvokerBytecodeGenerator$ClassData::<init> (20 bytes)
Event: 4.803 Thread 0x00000246d6c400d0 nmethod 2402 0x00000246c3b2aa10 code [0x00000246c3b2aba0, 0x00000246c3b2ae20]
Event: 4.805 Thread 0x00000246d6c400d0 2404       1       java.util.concurrent.atomic.AtomicInteger::get (5 bytes)
Event: 4.805 Thread 0x00000246d6c400d0 nmethod 2404 0x00000246cb26f290 code [0x00000246cb26f400, 0x00000246cb26f4c8]
Event: 4.807 Thread 0x00000246d6c400d0 2405       3       java.lang.invoke.MethodType::genericMethodType (6 bytes)
Event: 4.807 Thread 0x00000246d6c400d0 nmethod 2405 0x00000246c3b2af10 code [0x00000246c3b2b0a0, 0x00000246c3b2b1b8]
Event: 4.808 Thread 0x00000246d6c400d0 2406       3       java.lang.invoke.MethodType::methodType (7 bytes)
Event: 4.808 Thread 0x00000246d6c400d0 nmethod 2406 0x00000246c3b2b290 code [0x00000246c3b2b420, 0x00000246c3b2b538]
Event: 4.808 Thread 0x00000246d6c400d0 2407   !   3       java.lang.invoke.LambdaForm::lambdaName (49 bytes)
Event: 4.808 Thread 0x00000246d6c400d0 nmethod 2407 0x00000246c3b2b610 code [0x00000246c3b2b7a0, 0x00000246c3b2b8c8]
Event: 4.808 Thread 0x00000246d6c400d0 2409       3       java.lang.invoke.InvokerBytecodeGenerator::clinit (351 bytes)
Event: 4.810 Thread 0x00000246d6c400d0 nmethod 2409 0x00000246c3b2b990 code [0x00000246c3b2be20, 0x00000246c3b2e0d0]
Event: 4.813 Thread 0x00000246d6c400d0 2408       3       java.lang.invoke.InvokerBytecodeGenerator::classFilePrologue (64 bytes)
Event: 4.814 Thread 0x00000246d6c400d0 nmethod 2408 0x00000246c3b2eb10 code [0x00000246c3b2ed40, 0x00000246c3b2f480]
Event: 4.814 Thread 0x00000246d6c400d0 2410       3       java.lang.invoke.MethodHandles::classData (17 bytes)
Event: 4.814 Thread 0x00000246d6c400d0 nmethod 2410 0x00000246c3b2f710 code [0x00000246c3b2f8e0, 0x00000246c3b2fcb0]

GC Heap History (6 events):
Event: 1.059 GC heap before
{Heap before GC invocations=0 (full 0):
 garbage-first heap   total 129024K, used 12288K [0x00000000a0000000, 0x0000000100000000)
  region size 1024K, 13 young (13312K), 0 survivors (0K)
 Metaspace       used 922K, committed 1088K, reserved 1114112K
  class space    used 72K, committed 128K, reserved 1048576K
}
Event: 1.064 GC heap after
{Heap after GC invocations=1 (full 0):
 garbage-first heap   total 129024K, used 3943K [0x00000000a0000000, 0x0000000100000000)
  region size 1024K, 2 young (2048K), 2 survivors (2048K)
 Metaspace       used 922K, committed 1088K, reserved 1114112K
  class space    used 72K, committed 128K, reserved 1048576K
}
Event: 1.990 GC heap before
{Heap before GC invocations=1 (full 0):
 garbage-first heap   total 129024K, used 22375K [0x00000000a0000000, 0x0000000100000000)
  region size 1024K, 17 young (17408K), 2 survivors (2048K)
 Metaspace       used 3850K, committed 4032K, reserved 1114112K
  class space    used 474K, committed 576K, reserved 1048576K
}
Event: 1.995 GC heap after
{Heap after GC invocations=2 (full 0):
 garbage-first heap   total 129024K, used 9421K [0x00000000a0000000, 0x0000000100000000)
  region size 1024K, 3 young (3072K), 3 survivors (3072K)
 Metaspace       used 3850K, committed 4032K, reserved 1114112K
  class space    used 474K, committed 576K, reserved 1048576K
}
Event: 2.742 GC heap before
{Heap before GC invocations=2 (full 0):
 garbage-first heap   total 129024K, used 30925K [0x00000000a0000000, 0x0000000100000000)
  region size 1024K, 24 young (24576K), 3 survivors (3072K)
 Metaspace       used 3963K, committed 4160K, reserved 1114112K
  class space    used 474K, committed 576K, reserved 1048576K
}
Event: 2.746 GC heap after
{Heap after GC invocations=3 (full 0):
 garbage-first heap   total 129024K, used 12516K [0x00000000a0000000, 0x0000000100000000)
  region size 1024K, 3 young (3072K), 3 survivors (3072K)
 Metaspace       used 3963K, committed 4160K, reserved 1114112K
  class space    used 474K, committed 576K, reserved 1048576K
}

Dll operation events (13 events):
Event: 0.031 Loaded shared library C:\Users\User\.jdks\openjdk-20.0.1\bin\java.dll
Event: 0.054 Loaded shared library C:\Users\User\.jdks\openjdk-20.0.1\bin\jsvml.dll
Event: 0.174 Loaded shared library C:\Users\User\.jdks\openjdk-20.0.1\bin\net.dll
Event: 0.177 Loaded shared library C:\Users\User\.jdks\openjdk-20.0.1\bin\nio.dll
Event: 0.192 Loaded shared library C:\Users\User\.jdks\openjdk-20.0.1\bin\zip.dll
Event: 0.709 Loaded shared library C:\Users\User\.jdks\openjdk-20.0.1\bin\jimage.dll
Event: 0.907 Loaded shared library C:\Users\User\.jdks\openjdk-20.0.1\bin\verify.dll
Event: 1.290 Loaded shared library C:\Users\User\.gradle\native\68d5fa5c4cc2d200863cafc0d521ce42e7d3e7ee720ec0a83991735586a16f82\windows-amd64\native-platform.dll
Event: 1.303 Loaded shared library C:\Users\User\.gradle\native\e376f236ea51e6404a007f0833ffe2c6e607c4080706a723a18a27aeea778392\windows-amd64\native-platform-file-events.dll
Event: 3.269 Loaded shared library C:\Users\User\.jdks\openjdk-20.0.1\bin\management.dll
Event: 3.277 Loaded shared library C:\Users\User\.jdks\openjdk-20.0.1\bin\management_ext.dll
Event: 3.637 Loaded shared library C:\Users\User\.jdks\openjdk-20.0.1\bin\extnet.dll
Event: 3.899 Loaded shared library C:\Users\User\.jdks\openjdk-20.0.1\bin\sunmscapi.dll

Deoptimization events (20 events):
Event: 4.341 Thread 0x00000246dcc93ac0 Uncommon trap: trap_request=0xffffff45 fr.pc=0x00000246cb1f4924 relative=0x0000000000000784
Event: 4.341 Thread 0x00000246dcc93ac0 Uncommon trap: reason=unstable_if action=reinterpret pc=0x00000246cb1f4924 method=java.util.ArrayList.grow(I)[Ljava/lang/Object; @ 17 c2
Event: 4.341 Thread 0x00000246dcc93ac0 DEOPT PACKING pc=0x00000246cb1f4924 sp=0x000000712e9fd5a0
Event: 4.341 Thread 0x00000246dcc93ac0 DEOPT UNPACKING pc=0x00000246cac29d1c sp=0x000000712e9fd438 mode 2
Event: 4.416 Thread 0x00000246dcc93ac0 Uncommon trap: trap_request=0xffffff45 fr.pc=0x00000246cb21db40 relative=0x0000000000000400
Event: 4.416 Thread 0x00000246dcc93ac0 Uncommon trap: reason=unstable_if action=reinterpret pc=0x00000246cb21db40 method=jdk.internal.org.objectweb.asm.Frame.push(I)V @ 26 c2
Event: 4.416 Thread 0x00000246dcc93ac0 DEOPT PACKING pc=0x00000246cb21db40 sp=0x000000712e9fcb00
Event: 4.416 Thread 0x00000246dcc93ac0 DEOPT UNPACKING pc=0x00000246cac29d1c sp=0x000000712e9fca08 mode 2
Event: 4.418 Thread 0x00000246dcc93ac0 Uncommon trap: trap_request=0xffffff45 fr.pc=0x00000246cb24c84c relative=0x000000000000024c
Event: 4.418 Thread 0x00000246dcc93ac0 Uncommon trap: reason=unstable_if action=reinterpret pc=0x00000246cb24c84c method=jdk.internal.org.objectweb.asm.Frame.push(I)V @ 26 c2
Event: 4.418 Thread 0x00000246dcc93ac0 DEOPT PACKING pc=0x00000246cb24c84c sp=0x000000712e9fc8b0
Event: 4.418 Thread 0x00000246dcc93ac0 DEOPT UNPACKING pc=0x00000246cac29d1c sp=0x000000712e9fc868 mode 2
Event: 4.469 Thread 0x00000246dcc93ac0 Uncommon trap: trap_request=0xffffff45 fr.pc=0x00000246cb17b2b0 relative=0x0000000000000b30
Event: 4.469 Thread 0x00000246dcc93ac0 Uncommon trap: reason=unstable_if action=reinterpret pc=0x00000246cb17b2b0 method=java.io.WinNTFileSystem.resolve(Ljava/lang/String;Ljava/lang/String;)Ljava/lang/String; @ 19 c2
Event: 4.469 Thread 0x00000246dcc93ac0 DEOPT PACKING pc=0x00000246cb17b2b0 sp=0x000000712e9fd340
Event: 4.469 Thread 0x00000246dcc93ac0 DEOPT UNPACKING pc=0x00000246cac29d1c sp=0x000000712e9fd2d8 mode 2
Event: 4.476 Thread 0x00000246dcc93ac0 Uncommon trap: trap_request=0xffffff45 fr.pc=0x00000246cb1c9f1c relative=0x000000000000057c
Event: 4.476 Thread 0x00000246dcc93ac0 Uncommon trap: reason=unstable_if action=reinterpret pc=0x00000246cb1c9f1c method=java.io.File.getName()Ljava/lang/String; @ 16 c2
Event: 4.476 Thread 0x00000246dcc93ac0 DEOPT PACKING pc=0x00000246cb1c9f1c sp=0x000000712e9fd2f0
Event: 4.476 Thread 0x00000246dcc93ac0 DEOPT UNPACKING pc=0x00000246cac29d1c sp=0x000000712e9fd2c0 mode 2

Classes loaded (20 events):
Event: 4.558 Loading class java/lang/invoke/BoundMethodHandle$Species_LLLLLLLLLLLLLLLLL
Event: 4.558 Loading class java/lang/invoke/BoundMethodHandle$Species_LLLLLLLLLLLLLLLLL done
Event: 4.560 Loading class java/lang/invoke/BoundMethodHandle$Species_LLLLLLLLLLLLLLLLLL
Event: 4.560 Loading class java/lang/invoke/BoundMethodHandle$Species_LLLLLLLLLLLLLLLLLL done
Event: 4.562 Loading class java/lang/invoke/BoundMethodHandle$Species_LLLLLLLLLLLLLLLLLLL
Event: 4.562 Loading class java/lang/invoke/BoundMethodHandle$Species_LLLLLLLLLLLLLLLLLLL done
Event: 4.564 Loading class java/lang/invoke/BoundMethodHandle$Species_LLLLLLLLLLLLLLLLLLLL
Event: 4.564 Loading class java/lang/invoke/BoundMethodHandle$Species_LLLLLLLLLLLLLLLLLLLL done
Event: 4.566 Loading class java/lang/invoke/BoundMethodHandle$Species_LLLLLLLLLLLLLLLLLLLLL
Event: 4.566 Loading class java/lang/invoke/BoundMethodHandle$Species_LLLLLLLLLLLLLLLLLLLLL done
Event: 4.569 Loading class java/lang/invoke/BoundMethodHandle$Species_LLLLLLLLLLLLLLLLLLLLLL
Event: 4.569 Loading class java/lang/invoke/BoundMethodHandle$Species_LLLLLLLLLLLLLLLLLLLLLL done
Event: 4.788 Loading class sun/security/provider/MD5
Event: 4.788 Loading class sun/security/provider/MD5 done
Event: 4.789 Loading class sun/security/provider/SHA5$SHA512
Event: 4.789 Loading class sun/security/provider/SHA5
Event: 4.789 Loading class sun/security/provider/SHA5 done
Event: 4.789 Loading class sun/security/provider/SHA5$SHA512 done
Event: 4.790 Loading class sun/security/provider/ByteArrayAccess$LE
Event: 4.790 Loading class sun/security/provider/ByteArrayAccess$LE done

Classes unloaded (0 events):
No events

Classes redefined (0 events):
No events

Internal exceptions (20 events):
Event: 4.416 Thread 0x00000246dcc93ac0 Exception <a 'java/lang/NoSuchMethodError'{0x00000000a569a828}: 'java.lang.Object java.lang.invoke.DirectMethodHandle$Holder.invokeVirtual(java.lang.Object, java.lang.Object, java.lang.Object, java.lang.Object, java.lang.Object, java.lang.Object, java.lang.Object, java.lang.Object, java.lang.Object, java.lang.Object, java.lang.Object)'> (0x00000000a569a828) 
thrown [s\open\src\hotspot\share\interpreter\linkResolver.cpp, line 773]
Event: 4.424 Thread 0x00000246dcc93ac0 Exception <a 'java/lang/NoSuchMethodError'{0x00000000a56dae98}: 'java.lang.Object java.lang.invoke.DirectMethodHandle$Holder.invokeStatic(java.lang.Object, java.lang.Object, java.lang.Object, java.lang.Object, java.lang.Object, java.lang.Object, java.lang.Object, java.lang.Object, java.lang.Object, java.lang.Object, java.lang.Object, java.lang.Object, java.lang.Object)'> (0x00000000a56dae98) 
thrown [s\open\src\hotspot\share\interpreter\linkResolver.cpp, line 773]
Event: 4.448 Thread 0x00000246dcc93ac0 Exception <a 'java/lang/NoSuchMethodError'{0x00000000a5538de8}: 'java.lang.Object java.lang.invoke.DirectMethodHandle$Holder.newInvokeSpecial(java.lang.Object, java.lang.Object, java.lang.Object, java.lang.Object, java.lang.Object)'> (0x00000000a5538de8) 
thrown [s\open\src\hotspot\share\interpreter\linkResolver.cpp, line 773]
Event: 4.460 Thread 0x00000246dcc93ac0 Exception <a 'java/lang/NoSuchMethodError'{0x00000000a55743b0}: 'java.lang.Object java.lang.invoke.DirectMethodHandle$Holder.invokeVirtual(java.lang.Object, java.lang.Object, java.lang.Object, java.lang.Object, java.lang.Object, java.lang.Object, java.lang.Object, java.lang.Object, java.lang.Object, java.lang.Object)'> (0x00000000a55743b0) 
thrown [s\open\src\hotspot\share\interpreter\linkResolver.cpp, line 773]
Event: 4.501 Thread 0x00000246dcc93ac0 Exception <a 'java/lang/NoSuchMethodError'{0x00000000a5473250}: 'java.lang.Object java.lang.invoke.DirectMethodHandle$Holder.newInvokeSpecial(java.lang.Object, java.lang.Object, java.lang.Object, java.lang.Object, java.lang.Object, java.lang.Object)'> (0x00000000a5473250) 
thrown [s\open\src\hotspot\share\interpreter\linkResolver.cpp, line 773]
Event: 4.508 Thread 0x00000246dcc93ac0 Exception <a 'java/lang/NoSuchMethodError'{0x00000000a54c5cd8}: 'java.lang.Object java.lang.invoke.DelegatingMethodHandle$Holder.reinvoke_L(java.lang.Object, java.lang.Object, java.lang.Object, java.lang.Object, java.lang.Object, java.lang.Object, java.lang.Object, java.lang.Object, java.lang.Object, java.lang.Object, java.lang.Object, java.lang.Object, java.lang.Object, java.lang.Object, java.lang.Object, java.lang.Object, java.lang.Object, java.lang.Object, java.lang.Object, java.lang.Object, java.lang.O
Event: 4.513 Thread 0x00000246dcc93ac0 Exception <a 'java/lang/NoSuchMethodError'{0x00000000a5315400}: 'java.lang.Object java.lang.invoke.DirectMethodHandle$Holder.invokeStatic(java.lang.Object, java.lang.Object, java.lang.Object, java.lang.Object, java.lang.Object, java.lang.Object, java.lang.Object, java.lang.Object, java.lang.Object, java.lang.Object, java.lang.Object, java.lang.Object, java.lang.Object, java.lang.Object)'> (0x00000000a5315400) 
thrown [s\open\src\hotspot\share\interpreter\linkResolver.cpp, line 773]
Event: 4.526 Thread 0x00000246dcc93ac0 Exception <a 'java/lang/NoSuchMethodError'{0x00000000a53360d8}: 'java.lang.Object java.lang.invoke.DirectMethodHandle$Holder.invokeStatic(java.lang.Object, java.lang.Object, java.lang.Object, java.lang.Object, java.lang.Object, java.lang.Object, java.lang.Object, java.lang.Object, java.lang.Object, java.lang.Object, java.lang.Object, java.lang.Object, java.lang.Object, java.lang.Object, java.lang.Object)'> (0x00000000a53360d8) 
thrown [s\open\src\hotspot\share\interpreter\linkResolver.cpp, line 773]
Event: 4.530 Thread 0x00000246dcc93ac0 Exception <a 'java/lang/NoSuchMethodError'{0x00000000a5358e28}: 'java.lang.Object java.lang.invoke.DirectMethodHandle$Holder.invokeStatic(java.lang.Object, java.lang.Object, java.lang.Object, java.lang.Object, java.lang.Object, java.lang.Object, java.lang.Object, java.lang.Object, java.lang.Object, java.lang.Object, java.lang.Object, java.lang.Object, java.lang.Object, java.lang.Object, java.lang.Object, java.lang.Object)'> (0x00000000a5358e28) 
thrown [s\open\src\hotspot\share\interpreter\linkResolver.cpp
Event: 4.552 Thread 0x00000246dcc93ac0 Exception <a 'java/lang/NoSuchMethodError'{0x00000000a537ee78}: 'java.lang.Object java.lang.invoke.DirectMethodHandle$Holder.invokeStatic(java.lang.Object, java.lang.Object, java.lang.Object, java.lang.Object, java.lang.Object, java.lang.Object, java.lang.Object, java.lang.Object, java.lang.Object, java.lang.Object, java.lang.Object, java.lang.Object, java.lang.Object, java.lang.Object, java.lang.Object, java.lang.Object, java.lang.Object)'> (0x00000000a537ee78) 
thrown [s\open\src\hotspot\share\interprete
Event: 4.555 Thread 0x00000246dcc93ac0 Exception <a 'java/lang/NoSuchMethodError'{0x00000000a53a5eb8}: 'java.lang.Object java.lang.invoke.DirectMethodHandle$Holder.invokeStatic(java.lang.Object, java.lang.Object, java.lang.Object, java.lang.Object, java.lang.Object, java.lang.Object, java.lang.Object, java.lang.Object, java.lang.Object, java.lang.Object, java.lang.Object, java.lang.Object, java.lang.Object, java.lang.Object, java.lang.Object, java.lang.Object, java.lang.Object, java.lang.Object)'> (0x00000000a53a5eb8) 
thrown [s\open\src\hotspo
Event: 4.557 Thread 0x00000246dcc93ac0 Exception <a 'java/lang/NoSuchMethodError'{0x00000000a53ce318}: 'java.lang.Object java.lang.invoke.DirectMethodHandle$Holder.invokeStatic(java.lang.Object, java.lang.Object, java.lang.Object, java.lang.Object, java.lang.Object, java.lang.Object, java.lang.Object, java.lang.Object, java.lang.Object, java.lang.Object, java.lang.Object, java.lang.Object, java.lang.Object, java.lang.Object, java.lang.Object, java.lang.Object, java.lang.Object, java.lang.Object, java.lang.Object)'> (0x00000000a53ce318) 
thrown 
Event: 4.559 Thread 0x00000246dcc93ac0 Exception <a 'java/lang/NoSuchMethodError'{0x00000000a53f7878}: 'java.lang.Object java.lang.invoke.DirectMethodHandle$Holder.invokeStatic(java.lang.Object, java.lang.Object, java.lang.Object, java.lang.Object, java.lang.Object, java.lang.Object, java.lang.Object, java.lang.Object, java.lang.Object, java.lang.Object, java.lang.Object, java.lang.Object, java.lang.Object, java.lang.Object, java.lang.Object, java.lang.Object, java.lang.Object, java.lang.Object, java.lang.Object, java.lang.Object)'> (0x00000000
Event: 4.561 Thread 0x00000246dcc93ac0 Exception <a 'java/lang/NoSuchMethodError'{0x00000000a52222e8}: 'java.lang.Object java.lang.invoke.DirectMethodHandle$Holder.invokeStatic(java.lang.Object, java.lang.Object, java.lang.Object, java.lang.Object, java.lang.Object, java.lang.Object, java.lang.Object, java.lang.Object, java.lang.Object, java.lang.Object, java.lang.Object, java.lang.Object, java.lang.Object, java.lang.Object, java.lang.Object, java.lang.Object, java.lang.Object, java.lang.Object, java.lang.Object, java.lang.Object, java.lang.Obj
Event: 4.563 Thread 0x00000246dcc93ac0 Exception <a 'java/lang/NoSuchMethodError'{0x00000000a524d2c0}: 'java.lang.Object java.lang.invoke.DirectMethodHandle$Holder.invokeStatic(java.lang.Object, java.lang.Object, java.lang.Object, java.lang.Object, java.lang.Object, java.lang.Object, java.lang.Object, java.lang.Object, java.lang.Object, java.lang.Object, java.lang.Object, java.lang.Object, java.lang.Object, java.lang.Object, java.lang.Object, java.lang.Object, java.lang.Object, java.lang.Object, java.lang.Object, java.lang.Object, java.lang.Obj
Event: 4.565 Thread 0x00000246dcc93ac0 Exception <a 'java/lang/NoSuchMethodError'{0x00000000a5279320}: 'java.lang.Object java.lang.invoke.DirectMethodHandle$Holder.invokeStatic(java.lang.Object, java.lang.Object, java.lang.Object, java.lang.Object, java.lang.Object, java.lang.Object, java.lang.Object, java.lang.Object, java.lang.Object, java.lang.Object, java.lang.Object, java.lang.Object, java.lang.Object, java.lang.Object, java.lang.Object, java.lang.Object, java.lang.Object, java.lang.Object, java.lang.Object, java.lang.Object, java.lang.Obj
Event: 4.568 Thread 0x00000246dcc93ac0 Exception <a 'java/lang/NoSuchMethodError'{0x00000000a52a5aa8}: 'java.lang.Object java.lang.invoke.DirectMethodHandle$Holder.invokeStatic(java.lang.Object, java.lang.Object, java.lang.Object, java.lang.Object, java.lang.Object, java.lang.Object, java.lang.Object, java.lang.Object, java.lang.Object, java.lang.Object, java.lang.Object, java.lang.Object, java.lang.Object, java.lang.Object, java.lang.Object, java.lang.Object, java.lang.Object, java.lang.Object, java.lang.Object, java.lang.Object, java.lang.Obj
Event: 4.570 Thread 0x00000246dcc93ac0 Exception <a 'java/lang/NoSuchMethodError'{0x00000000a52d4068}: 'java.lang.Object java.lang.invoke.DirectMethodHandle$Holder.invokeStatic(java.lang.Object, java.lang.Object, java.lang.Object, java.lang.Object, java.lang.Object, java.lang.Object, java.lang.Object, java.lang.Object, java.lang.Object, java.lang.Object, java.lang.Object, java.lang.Object, java.lang.Object, java.lang.Object, java.lang.Object, java.lang.Object, java.lang.Object, java.lang.Object, java.lang.Object, java.lang.Object, java.lang.Obj
Event: 4.778 Thread 0x00000246dcc93ac0 Exception <a 'java/lang/NoSuchMethodError'{0x00000000a4dff128}: 'void java.lang.invoke.DirectMethodHandle$Holder.invokeInterface(java.lang.Object, java.lang.Object)'> (0x00000000a4dff128) 
thrown [s\open\src\hotspot\share\interpreter\linkResolver.cpp, line 773]
Event: 4.778 Thread 0x00000246dcc93ac0 Exception <a 'java/lang/IncompatibleClassChangeError'{0x00000000a4c02ee0}: Found class java.lang.Object, but interface was expected> (0x00000000a4c02ee0) 
thrown [s\open\src\hotspot\share\interpreter\linkResolver.cpp, line 840]

VM Operations (20 events):
Event: 3.491 Executing VM operation: HandshakeAllThreads
Event: 3.491 Executing VM operation: HandshakeAllThreads done
Event: 3.522 Executing VM operation: HandshakeAllThreads
Event: 3.522 Executing VM operation: HandshakeAllThreads done
Event: 3.606 Executing VM operation: HandshakeAllThreads
Event: 3.606 Executing VM operation: HandshakeAllThreads done
Event: 3.865 Executing VM operation: HandshakeAllThreads
Event: 3.865 Executing VM operation: HandshakeAllThreads done
Event: 3.866 Executing VM operation: Cleanup
Event: 3.866 Executing VM operation: Cleanup done
Event: 4.223 Executing VM operation: HandshakeAllThreads
Event: 4.223 Executing VM operation: HandshakeAllThreads done
Event: 4.486 Executing VM operation: HandshakeAllThreads
Event: 4.486 Executing VM operation: HandshakeAllThreads done
Event: 4.487 Executing VM operation: HandshakeAllThreads
Event: 4.487 Executing VM operation: HandshakeAllThreads done
Event: 4.577 Executing VM operation: HandshakeAllThreads
Event: 4.577 Executing VM operation: HandshakeAllThreads done
Event: 4.577 Executing VM operation: HandshakeAllThreads
Event: 4.577 Executing VM operation: HandshakeAllThreads done

Events (20 events):
Event: 0.727 Thread 0x00000246db1b06c0 Thread added: 0x00000246db1b06c0
Event: 1.030 Thread 0x00000246db1b06c0 Thread exited: 0x00000246db1b06c0
Event: 1.321 Thread 0x00000246db2f3b10 Thread added: 0x00000246db2f3b10
Event: 1.850 Thread 0x00000246db2f3b10 Thread exited: 0x00000246db2f3b10
Event: 2.785 Thread 0x00000246dc491930 Thread added: 0x00000246dc491930
Event: 3.338 Thread 0x00000246db0cff20 Thread added: 0x00000246db0cff20
Event: 3.743 Thread 0x00000246db0cd9f0 Thread added: 0x00000246db0cd9f0
Event: 3.836 Thread 0x00000246db0ce490 Thread added: 0x00000246db0ce490
Event: 3.917 Thread 0x00000246db0ce9e0 Thread added: 0x00000246db0ce9e0
Event: 3.920 Thread 0x00000246dcc8fb00 Thread added: 0x00000246dcc8fb00
Event: 3.989 Thread 0x00000246dcc91040 Thread added: 0x00000246dcc91040
Event: 3.998 Thread 0x00000246dcc93ac0 Thread added: 0x00000246dcc93ac0
Event: 4.021 Thread 0x00000246dcc8f5b0 Thread added: 0x00000246dcc8f5b0
Event: 4.025 Thread 0x00000246dcc92030 Thread added: 0x00000246dcc92030
Event: 4.042 Thread 0x00000246dcc91ae0 Thread added: 0x00000246dcc91ae0
Event: 4.224 Thread 0x00000246dcc90af0 Thread added: 0x00000246dcc90af0
Event: 4.225 Thread 0x00000246dc491930 Thread exited: 0x00000246dc491930
Event: 4.298 Thread 0x00000246dcc91590 Thread added: 0x00000246dcc91590
Event: 4.567 Thread 0x00000246dcdf4e70 Thread added: 0x00000246dcdf4e70
Event: 4.805 Thread 0x00000246dcc92580 Thread added: 0x00000246dcc92580


Dynamic libraries:
0x00007ff7be820000 - 0x00007ff7be82e000 	C:\Users\User\.jdks\openjdk-20.0.1\bin\java.exe
0x00007fffd2730000 - 0x00007fffd2928000 	C:\WINDOWS\SYSTEM32\ntdll.dll
0x00007fffd2630000 - 0x00007fffd26ef000 	C:\WINDOWS\System32\KERNEL32.DLL
0x00007fffd00f0000 - 0x00007fffd03e6000 	C:\WINDOWS\System32\KERNELBASE.dll
0x00007fffd05b0000 - 0x00007fffd06b0000 	C:\WINDOWS\System32\ucrtbase.dll
0x00007fffb7420000 - 0x00007fffb7437000 	C:\Users\User\.jdks\openjdk-20.0.1\bin\jli.dll
0x00007fffd12e0000 - 0x00007fffd147d000 	C:\WINDOWS\System32\USER32.dll
0x00007fffd0760000 - 0x00007fffd0782000 	C:\WINDOWS\System32\win32u.dll
0x00007fffd15f0000 - 0x00007fffd161c000 	C:\WINDOWS\System32\GDI32.dll
0x00007fffd0420000 - 0x00007fffd0535000 	C:\WINDOWS\System32\gdi32full.dll
0x00007fffcfe10000 - 0x00007fffcfead000 	C:\WINDOWS\System32\msvcp_win.dll
0x00007fffb7440000 - 0x00007fffb745b000 	C:\Users\User\.jdks\openjdk-20.0.1\bin\VCRUNTIME140.dll
0x00007fffc3fa0000 - 0x00007fffc423a000 	C:\WINDOWS\WinSxS\amd64_microsoft.windows.common-controls_6595b64144ccf1df_6.0.19041.1110_none_60b5254171f9507e\COMCTL32.dll
0x00007fffd1990000 - 0x00007fffd1a2e000 	C:\WINDOWS\System32\msvcrt.dll
0x00007fffd15b0000 - 0x00007fffd15e0000 	C:\WINDOWS\System32\IMM32.DLL
0x00007fffbd220000 - 0x00007fffbd22c000 	C:\Users\User\.jdks\openjdk-20.0.1\bin\vcruntime140_1.dll
0x00007fffa5420000 - 0x00007fffa54ae000 	C:\Users\User\.jdks\openjdk-20.0.1\bin\msvcp140.dll
0x00007fff95910000 - 0x00007fff965a7000 	C:\Users\User\.jdks\openjdk-20.0.1\bin\server\jvm.dll
0x00007fffd10f0000 - 0x00007fffd119f000 	C:\WINDOWS\System32\ADVAPI32.dll
0x00007fffd1ec0000 - 0x00007fffd1f5c000 	C:\WINDOWS\System32\sechost.dll
0x00007fffd1480000 - 0x00007fffd15a6000 	C:\WINDOWS\System32\RPCRT4.dll
0x00007fffbbc50000 - 0x00007fffbbc59000 	C:\WINDOWS\SYSTEM32\WSOCK32.dll
0x00007fffd0930000 - 0x00007fffd099b000 	C:\WINDOWS\System32\WS2_32.dll
0x00007fffcaf90000 - 0x00007fffcaf9a000 	C:\WINDOWS\SYSTEM32\VERSION.dll
0x00007fffc5670000 - 0x00007fffc5697000 	C:\WINDOWS\SYSTEM32\WINMM.dll
0x00007fffcdcf0000 - 0x00007fffcdd02000 	C:\WINDOWS\SYSTEM32\kernel.appcore.dll
0x00007fffbc0f0000 - 0x00007fffbc0fa000 	C:\Users\User\.jdks\openjdk-20.0.1\bin\jimage.dll
0x00007fffbb370000 - 0x00007fffbb554000 	C:\WINDOWS\SYSTEM32\DBGHELP.DLL
0x00007fffbbad0000 - 0x00007fffbbb04000 	C:\WINDOWS\SYSTEM32\dbgcore.DLL
0x00007fffcfeb0000 - 0x00007fffcff32000 	C:\WINDOWS\System32\bcryptPrimitives.dll
0x00007fffb6880000 - 0x00007fffb68a6000 	C:\Users\User\.jdks\openjdk-20.0.1\bin\java.dll
0x00007fffa5340000 - 0x00007fffa5417000 	C:\Users\User\.jdks\openjdk-20.0.1\bin\jsvml.dll
0x00007fffd09a0000 - 0x00007fffd10e4000 	C:\WINDOWS\System32\SHELL32.dll
0x00007fffcdef0000 - 0x00007fffce683000 	C:\WINDOWS\SYSTEM32\windows.storage.dll
0x00007fffd1b00000 - 0x00007fffd1e54000 	C:\WINDOWS\System32\combase.dll
0x00007fffcf790000 - 0x00007fffcf7be000 	C:\WINDOWS\SYSTEM32\Wldp.dll
0x00007fffd1620000 - 0x00007fffd16cd000 	C:\WINDOWS\System32\SHCORE.dll
0x00007fffd1e60000 - 0x00007fffd1eb5000 	C:\WINDOWS\System32\shlwapi.dll
0x00007fffcfd50000 - 0x00007fffcfd6f000 	C:\WINDOWS\SYSTEM32\profapi.dll
0x00007fffb7120000 - 0x00007fffb7133000 	C:\Users\User\.jdks\openjdk-20.0.1\bin\net.dll
0x00007fffc9600000 - 0x00007fffc970a000 	C:\WINDOWS\SYSTEM32\WINHTTP.dll
0x00007fffcf4f0000 - 0x00007fffcf55a000 	C:\WINDOWS\system32\mswsock.dll
0x00007fffb6650000 - 0x00007fffb6666000 	C:\Users\User\.jdks\openjdk-20.0.1\bin\nio.dll
0x00007fffb6630000 - 0x00007fffb6648000 	C:\Users\User\.jdks\openjdk-20.0.1\bin\zip.dll
0x00007fffb81e0000 - 0x00007fffb81f0000 	C:\Users\User\.jdks\openjdk-20.0.1\bin\verify.dll
0x00007fffb1ff0000 - 0x00007fffb2017000 	C:\Users\User\.gradle\native\68d5fa5c4cc2d200863cafc0d521ce42e7d3e7ee720ec0a83991735586a16f82\windows-amd64\native-platform.dll
0x00007fffa05a0000 - 0x00007fffa06e4000 	C:\Users\User\.gradle\native\e376f236ea51e6404a007f0833ffe2c6e607c4080706a723a18a27aeea778392\windows-amd64\native-platform-file-events.dll
0x00007fffb8070000 - 0x00007fffb807a000 	C:\Users\User\.jdks\openjdk-20.0.1\bin\management.dll
0x00007fffb8040000 - 0x00007fffb804b000 	C:\Users\User\.jdks\openjdk-20.0.1\bin\management_ext.dll
0x00007fffd2620000 - 0x00007fffd2628000 	C:\WINDOWS\System32\PSAPI.DLL
0x00007fffcf6e0000 - 0x00007fffcf6f8000 	C:\WINDOWS\SYSTEM32\CRYPTSP.dll
0x00007fffcee10000 - 0x00007fffcee44000 	C:\WINDOWS\system32\rsaenh.dll
0x00007fffd03f0000 - 0x00007fffd0417000 	C:\WINDOWS\System32\bcrypt.dll
0x00007fffcfd10000 - 0x00007fffcfd3e000 	C:\WINDOWS\SYSTEM32\USERENV.dll
0x00007fffcf700000 - 0x00007fffcf70c000 	C:\WINDOWS\SYSTEM32\CRYPTBASE.dll
0x00007fffcf1e0000 - 0x00007fffcf21c000 	C:\WINDOWS\SYSTEM32\IPHLPAPI.DLL
0x00007fffd1f60000 - 0x00007fffd1f68000 	C:\WINDOWS\System32\NSI.dll
0x00007fffc9e40000 - 0x00007fffc9e57000 	C:\WINDOWS\SYSTEM32\dhcpcsvc6.DLL
0x00007fffc9e20000 - 0x00007fffc9e3d000 	C:\WINDOWS\SYSTEM32\dhcpcsvc.DLL
0x00007fffcf220000 - 0x00007fffcf2eb000 	C:\WINDOWS\SYSTEM32\DNSAPI.dll
0x00007fffb7e80000 - 0x00007fffb7e87000 	C:\Users\User\.jdks\openjdk-20.0.1\bin\extnet.dll
0x00007fffb7c20000 - 0x00007fffb7c2e000 	C:\Users\User\.jdks\openjdk-20.0.1\bin\sunmscapi.dll
0x00007fffcff40000 - 0x00007fffd009e000 	C:\WINDOWS\System32\CRYPT32.dll
0x00007fffcf800000 - 0x00007fffcf828000 	C:\WINDOWS\SYSTEM32\ncrypt.dll
0x00007fffcf7c0000 - 0x00007fffcf7fb000 	C:\WINDOWS\SYSTEM32\NTASN1.dll
0x00007fffc8640000 - 0x00007fffc8647000 	C:\WINDOWS\system32\wshunix.dll

dbghelp: loaded successfully - version: 4.0.5 - missing functions: none
symbol engine: initialized successfully - sym options: 0x614 - pdb path: .;C:\Users\User\.jdks\openjdk-20.0.1\bin;C:\WINDOWS\SYSTEM32;C:\WINDOWS\WinSxS\amd64_microsoft.windows.common-controls_6595b64144ccf1df_6.0.19041.1110_none_60b5254171f9507e;C:\Users\User\.jdks\openjdk-20.0.1\bin\server;C:\Users\User\.gradle\native\68d5fa5c4cc2d200863cafc0d521ce42e7d3e7ee720ec0a83991735586a16f82\windows-amd64;C:\Users\User\.gradle\native\e376f236ea51e6404a007f0833ffe2c6e607c4080706a723a18a27aeea778392\windows-amd64

VM Arguments:
jvm_args: --add-opens=java.base/java.util=ALL-UNNAMED --add-opens=java.base/java.lang=ALL-UNNAMED --add-opens=java.base/java.lang.invoke=ALL-UNNAMED --add-opens=java.prefs/java.util.prefs=ALL-UNNAMED --add-opens=java.base/java.nio.charset=ALL-UNNAMED --add-opens=java.base/java.net=ALL-UNNAMED --add-opens=java.base/java.util.concurrent.atomic=ALL-UNNAMED -Xmx1536m -Dfile.encoding=windows-1251 -Duser.country=RU -Duser.language=ru -Duser.variant 
java_command: org.gradle.launcher.daemon.bootstrap.GradleDaemon 7.6.1
java_class_path (initial): C:\Users\User\.gradle\wrapper\dists\gradle-7.6.1-bin\2clxi94ab3brv6467628wnxmd\gradle-7.6.1\lib\gradle-launcher-7.6.1.jar
Launcher Type: SUN_STANDARD

[Global flags]
     intx CICompilerCount                          = 3                                         {product} {ergonomic}
     uint ConcGCThreads                            = 1                                         {product} {ergonomic}
     uint G1ConcRefinementThreads                  = 4                                         {product} {ergonomic}
   size_t G1HeapRegionSize                         = 1048576                                   {product} {ergonomic}
    uintx GCDrainStackTargetSize                   = 64                                        {product} {ergonomic}
   size_t InitialHeapSize                          = 132120576                                 {product} {ergonomic}
   size_t MarkStackSize                            = 4194304                                   {product} {ergonomic}
   size_t MaxHeapSize                              = 1610612736                                {product} {command line}
   size_t MaxNewSize                               = 965738496                                 {product} {ergonomic}
   size_t MinHeapDeltaBytes                        = 1048576                                   {product} {ergonomic}
   size_t MinHeapSize                              = 8388608                                   {product} {ergonomic}
    uintx NonNMethodCodeHeapSize                   = 5832780                                {pd product} {ergonomic}
    uintx NonProfiledCodeHeapSize                  = 122912730                              {pd product} {ergonomic}
    uintx ProfiledCodeHeapSize                     = 122912730                              {pd product} {ergonomic}
    uintx ReservedCodeCacheSize                    = 251658240                              {pd product} {ergonomic}
     bool SegmentedCodeCache                       = true                                      {product} {ergonomic}
   size_t SoftMaxHeapSize                          = 1610612736                             {manageable} {ergonomic}
     bool UseCompressedClassPointers               = true                           {product lp64_product} {ergonomic}
     bool UseCompressedOops                        = true                           {product lp64_product} {ergonomic}
     bool UseG1GC                                  = true                                      {product} {ergonomic}
     bool UseLargePagesIndividualAllocation        = false                                  {pd product} {ergonomic}

Logging:
Log output configuration:
 #0: stdout all=warning uptime,level,tags foldmultilines=false
 #1: stderr all=off uptime,level,tags foldmultilines=false

Environment Variables:
PATH=C:\Program Files (x86)\Common Files\Intel\Shared Libraries\redist\intel64_win\compiler;C:\Program Files\Python38\Scripts\;C:\Program Files\Python38\;C:\Program Files (x86)\Windows Kits\10\bin\10.0.19041.0\x64;C:\ProgramData\Oracle\Java\javapath;C:\WINDOWS\system32;C:\WINDOWS;C:\WINDOWS\System32\Wbem;C:\WINDOWS\System32\WindowsPowerShell\v1.0\;C:\WINDOWS\System32\OpenSSH\;D:\OpenCV\build\x64\vc14\bin;D:\Embarcadero\Studio\19.0\bin;C:\Users\Public\Documents\Embarcadero\Studio\19.0\Bpl;c:\Program Files\Microsoft Visual Studio\2022\Community\VC\Tools\MSVC\14.33.31629\bin\Hostx64\x64\;c:\Users\User\AppData\Local\Programs\Python\Python310\;c:\Users\User\AppData\Local\Programs\Python\Python310\Scripts\;C:\Users\User\AppData\Local\Programs\Python\Python310\python.exe;C:\Program Files\Git\cmd;C:\Program Files\WireGuard\;C:\Program Files\nodejs\;C:\Users\User\AppData\Local\Programs\Python\Python38\Scripts\;C:\Users\User\AppData\Local\Programs\Python\Python38\;C:\Users\User\AppData\Local\Programs\Python\Python310\Scripts\;C:\Users\User\AppData\Local\Programs\Python\Python310\;C:\Users\User\AppData\Local\Microsoft\WindowsApps;"c:\Windows;c:\Windows\system32";C:\Program Files\JetBrains\PyCharm Community Edition 2022.2.1\bin;;C:\Program Files\JetBrains\IntelliJ IDEA Community Edition 2022.1\bin;;C:\Users\User\AppData\Local\Programs\Python\Python310\python.exe;C:\Users\User\AppData\Roaming\npm;C:\Users\User\AppData\Local\Programs\Microsoft VS Code\bin
USERNAME=User
OS=Windows_NT
PROCESSOR_IDENTIFIER=Intel64 Family 6 Model 158 Stepping 10, GenuineIntel
TMP=C:\Users\User\AppData\Local\Temp
TEMP=C:\Users\User\AppData\Local\Temp




---------------  S Y S T E M  ---------------

OS:
 Windows 10 , 64 bit Build 19041 (10.0.19041.2913)
OS uptime: 4 days 4:14 hours

CPU: total 4 (initial active 4) (2 cores per cpu, 2 threads per core) family 6 model 158 stepping 10 microcode 0xb4, cx8, cmov, fxsr, ht, mmx, 3dnowpref, sse, sse2, sse3, ssse3, sse4.1, sse4.2, popcnt, lzcnt, tsc, tscinvbit, aes, erms, clmul, clflush, clflushopt, rdtscp

Memory: 4k page, system-wide physical 8063M (643M free)
TotalPageFile size 8063M (AvailPageFile size 4M)
current process WorkingSet (physical memory assigned to process): 148M, peak: 148M
current process commit charge ("private bytes"): 250M, peak: 250M

vm_info: OpenJDK 64-Bit Server VM (20.0.1+9-29) for windows-amd64 JRE (20.0.1+9-29), built on 2023-03-07T13:56:11Z by "mach5one" with MS VC++ 17.1 (VS2022)

END.
