#
# There is insufficient memory for the Java Runtime Environment to continue.
# Native memory allocation (malloc) failed to allocate 1084656 bytes for Chunk::new
# Possible reasons:
#   The system is out of physical RAM or swap space
#   The process is running with CompressedOops enabled, and the Java Heap may be blocking the growth of the native heap
# Possible solutions:
#   Reduce memory load on the system
#   Increase physical memory or swap space
#   Check if swap backing store is full
#   Decrease Java heap size (-Xmx/-Xms)
#   Decrease number of Java threads
#   Decrease Java thread stack sizes (-Xss)
#   Set larger code cache with -XX:ReservedCodeCacheSize=
#   JVM is running with Unscaled Compressed Oops mode in which the Java heap is
#     placed in the first 4GB address space. The Java Heap base address is the
#     maximum limit for the native heap growth. Please use -XX:HeapBaseMinAddress
#     to set the Java Heap base and to place the Java Heap above 4GB virtual address.
# This output file may be truncated or incomplete.
#
#  Out of Memory Error (./src/hotspot/share/memory/arena.cpp:197), pid=7524, tid=2580
#
# JRE version: OpenJDK Runtime Environment (11.0.12+7) (build 11.0.12+7-b1504.28-7817840)
# Java VM: OpenJDK 64-Bit Server VM (11.0.12+7-b1504.28-7817840, mixed mode, tiered, compressed oops, g1 gc, windows-amd64)
# No core dump will be written. Minidumps are not enabled by default on client versions of Windows
#

---------------  S U M M A R Y ------------

Command Line: --add-opens=java.base/java.util=ALL-UNNAMED --add-opens=java.base/java.lang=ALL-UNNAMED --add-opens=java.base/java.lang.invoke=ALL-UNNAMED --add-opens=java.base/java.util=ALL-UNNAMED --add-opens=java.prefs/java.util.prefs=ALL-UNNAMED --add-opens=java.prefs/java.util.prefs=ALL-UNNAMED --add-opens=java.base/java.nio.charset=ALL-UNNAMED --add-opens=java.base/java.net=ALL-UNNAMED --add-opens=java.base/java.util.concurrent.atomic=ALL-UNNAMED -Xmx1536m -Dfile.encoding=windows-1251 -Duser.country=RU -Duser.language=ru -Duser.variant org.gradle.launcher.daemon.bootstrap.GradleDaemon 7.3.3

Host: Intel(R) Pentium(R) Gold G5420 CPU @ 3.80GHz, 4 cores, 7G,  Windows 10 , 64 bit Build 19041 (10.0.19041.2913)
Time: Wed May 31 08:28:23 2023 RTZ 2 (зима) elapsed time: 26.988142 seconds (0d 0h 0m 26s)

---------------  T H R E A D  ---------------

Current thread (0x0000023780cd8800):  JavaThread "C2 CompilerThread1" daemon [_thread_in_native, id=2580, stack(0x000000bdbaf00000,0x000000bdbb000000)]


Current CompileTask:
C2:  26988 8535       4       java.io.WinNTFileSystem::normalize (143 bytes)

Stack: [0x000000bdbaf00000,0x000000bdbb000000]
Native frames: (J=compiled Java code, j=interpreted, Vv=VM code, C=native code)
V  [jvm.dll+0x5fbcea]
V  [jvm.dll+0x731905]
V  [jvm.dll+0x732f1d]
V  [jvm.dll+0x7335d3]
V  [jvm.dll+0x247bf8]
V  [jvm.dll+0xc018c]
V  [jvm.dll+0xc06cc]
V  [jvm.dll+0x35b31d]
V  [jvm.dll+0x19d0bc]
V  [jvm.dll+0x20070e]
V  [jvm.dll+0x1ff794]
V  [jvm.dll+0x18868c]
V  [jvm.dll+0x20e0d7]
V  [jvm.dll+0x20c901]
V  [jvm.dll+0x6f9b7f]
V  [jvm.dll+0x6f26a5]
V  [jvm.dll+0x5fabf6]
C  [ucrtbase.dll+0x21bb2]
C  [KERNEL32.DLL+0x17614]
C  [ntdll.dll+0x526a1]


---------------  P R O C E S S  ---------------

Threads class SMR info:
_java_thread_list=0x00000237f69a2da0, length=80, elements={
0x00000237dc703000, 0x00000237f4fe9000, 0x00000237f4ff7000, 0x00000237f500a000,
0x00000237f500a800, 0x00000237f500c000, 0x00000237f500f000, 0x00000237f5010800,
0x00000237f5017000, 0x00000237f5ad5000, 0x00000237f7169800, 0x00000237f5b3c000,
0x00000237f7a37000, 0x00000237f74c4800, 0x00000237f82e6800, 0x00000237f72cb000,
0x00000237f72a0000, 0x00000237f72b1800, 0x00000237f7a4a000, 0x00000237f7b81800,
0x00000237f7b7f000, 0x00000237f7b80000, 0x00000237f7b83800, 0x00000237f7b7e800,
0x00000237f7b82800, 0x00000237f7b7d800, 0x00000237f7b81000, 0x00000237f631b000,
0x00000237f6320000, 0x00000237f631c000, 0x00000237f6322800, 0x00000237f631c800,
0x00000237f6320800, 0x00000237f6321800, 0x00000237f631f000, 0x00000237f6325000,
0x00000237f6329000, 0x00000237f6326800, 0x00000237f6328000, 0x00000237f6327000,
0x00000237f6329800, 0x00000237f7b84000, 0x00000237fbf8f800, 0x00000237fbf8e000,
0x00000237fbf93800, 0x00000237fbf94800, 0x00000237fbf8e800, 0x00000237fbf95000,
0x00000237fbf96000, 0x00000237fbf92800, 0x00000237fbf90800, 0x00000237fbf97000,
0x00000237fbf91000, 0x00000237fbf97800, 0x00000237fbf92000, 0x00000237fbf9a000,
0x00000237fbf98800, 0x00000237fbf9b000, 0x00000237fbf99000, 0x00000237fbf9b800,
0x00000237fbf9c800, 0x00000237f5f83800, 0x00000237f5f86800, 0x00000237f5f84000,
0x00000237f5f87800, 0x00000237f5f85800, 0x00000237f5f89000, 0x00000237f5f88000,
0x00000237f5f8a000, 0x00000237f5f8a800, 0x00000237f5f85000, 0x00000237f5f8b800,
0x00000237f5f92000, 0x00000237f5f8e000, 0x00000237f5f8f800, 0x00000237f5f8c800,
0x00000237f5f91000, 0x00000237f5f8e800, 0x0000023780cdc000, 0x0000023780cd8800
}

Java Threads: ( => current thread )
  0x00000237dc703000 JavaThread "main" [_thread_blocked, id=6000, stack(0x000000bdb5700000,0x000000bdb5800000)]
  0x00000237f4fe9000 JavaThread "Reference Handler" daemon [_thread_blocked, id=10756, stack(0x000000bdb5f00000,0x000000bdb6000000)]
  0x00000237f4ff7000 JavaThread "Finalizer" daemon [_thread_blocked, id=7312, stack(0x000000bdb6000000,0x000000bdb6100000)]
  0x00000237f500a000 JavaThread "Signal Dispatcher" daemon [_thread_blocked, id=6984, stack(0x000000bdb6100000,0x000000bdb6200000)]
  0x00000237f500a800 JavaThread "Attach Listener" daemon [_thread_blocked, id=8124, stack(0x000000bdb6200000,0x000000bdb6300000)]
  0x00000237f500c000 JavaThread "Service Thread" daemon [_thread_blocked, id=1992, stack(0x000000bdb6300000,0x000000bdb6400000)]
  0x00000237f500f000 JavaThread "C2 CompilerThread0" daemon [_thread_in_native, id=2920, stack(0x000000bdb6400000,0x000000bdb6500000)]
  0x00000237f5010800 JavaThread "C1 CompilerThread0" daemon [_thread_blocked, id=8944, stack(0x000000bdb6500000,0x000000bdb6600000)]
  0x00000237f5017000 JavaThread "Sweeper thread" daemon [_thread_blocked, id=11216, stack(0x000000bdb6600000,0x000000bdb6700000)]
  0x00000237f5ad5000 JavaThread "Common-Cleaner" daemon [_thread_blocked, id=10552, stack(0x000000bdb6700000,0x000000bdb6800000)]
  0x00000237f7169800 JavaThread "Daemon health stats" [_thread_blocked, id=11160, stack(0x000000bdb6c00000,0x000000bdb6d00000)]
  0x00000237f5b3c000 JavaThread "Incoming local TCP Connector on port 51873" [_thread_in_native, id=680, stack(0x000000bdb6900000,0x000000bdb6a00000)]
  0x00000237f7a37000 JavaThread "Daemon periodic checks" [_thread_blocked, id=10112, stack(0x000000bdb6d00000,0x000000bdb6e00000)]
  0x00000237f74c4800 JavaThread "Daemon" [_thread_blocked, id=10912, stack(0x000000bdb6e00000,0x000000bdb6f00000)]
  0x00000237f82e6800 JavaThread "Handler for socket connection from /127.0.0.1:51873 to /127.0.0.1:51874" [_thread_in_native, id=6856, stack(0x000000bdb6f00000,0x000000bdb7000000)]
  0x00000237f72cb000 JavaThread "Cancel handler" [_thread_blocked, id=9900, stack(0x000000bdb7000000,0x000000bdb7100000)]
  0x00000237f72a0000 JavaThread "Daemon worker" [_thread_in_native, id=9052, stack(0x000000bdb7100000,0x000000bdb7200000)]
  0x00000237f72b1800 JavaThread "Asynchronous log dispatcher for DefaultDaemonConnection: socket connection from /127.0.0.1:51873 to /127.0.0.1:51874" [_thread_blocked, id=6252, stack(0x000000bdb7200000,0x000000bdb7300000)]
  0x00000237f7a4a000 JavaThread "Stdin handler" [_thread_blocked, id=3276, stack(0x000000bdb7300000,0x000000bdb7400000)]
  0x00000237f7b81800 JavaThread "Daemon client event forwarder" [_thread_blocked, id=1744, stack(0x000000bdb7400000,0x000000bdb7500000)]
  0x00000237f7b7f000 JavaThread "Cache worker for journal cache (C:\Users\User\.gradle\caches\journal-1)" [_thread_blocked, id=5164, stack(0x000000bdb7600000,0x000000bdb7700000)]
  0x00000237f7b80000 JavaThread "File lock request listener" [_thread_in_native, id=8764, stack(0x000000bdb7700000,0x000000bdb7800000)]
  0x00000237f7b83800 JavaThread "Cache worker for file hash cache (C:\Users\User\.gradle\caches\7.3.3\fileHashes)" [_thread_blocked, id=11208, stack(0x000000bdb7800000,0x000000bdb7900000)]
  0x00000237f7b7e800 JavaThread "Cache worker for file hash cache (D:\AndroidStudio\LenovoStart\.gradle\7.3.3\fileHashes)" [_thread_blocked, id=8528, stack(0x000000bdb7900000,0x000000bdb7a00000)]
  0x00000237f7b82800 JavaThread "File watcher server" daemon [_thread_in_native, id=10504, stack(0x000000bdb7a00000,0x000000bdb7b00000)]
  0x00000237f7b7d800 JavaThread "File watcher consumer" daemon [_thread_blocked, id=10244, stack(0x000000bdb7b00000,0x000000bdb7c00000)]
  0x00000237f7b81000 JavaThread "jar transforms" [_thread_blocked, id=5648, stack(0x000000bdb7d00000,0x000000bdb7e00000)]
  0x00000237f631b000 JavaThread "jar transforms Thread 2" [_thread_blocked, id=8844, stack(0x000000bdb7e00000,0x000000bdb7f00000)]
  0x00000237f6320000 JavaThread "jar transforms Thread 3" [_thread_blocked, id=7332, stack(0x000000bdb7f00000,0x000000bdb8000000)]
  0x00000237f631c000 JavaThread "jar transforms Thread 4" [_thread_blocked, id=8592, stack(0x000000bdb8000000,0x000000bdb8100000)]
  0x00000237f6322800 JavaThread "Cache worker for checksums cache (D:\AndroidStudio\LenovoStart\.gradle\7.3.3\checksums)" [_thread_blocked, id=6772, stack(0x000000bdb8100000,0x000000bdb8200000)]
  0x00000237f631c800 JavaThread "Cache worker for cache directory md-supplier (C:\Users\User\.gradle\caches\7.3.3\md-supplier)" [_thread_blocked, id=6836, stack(0x000000bdb8200000,0x000000bdb8300000)]
  0x00000237f6320800 JavaThread "Cache worker for cache directory md-rule (C:\Users\User\.gradle\caches\7.3.3\md-rule)" [_thread_blocked, id=3184, stack(0x000000bdb8300000,0x000000bdb8400000)]
  0x00000237f6321800 JavaThread "Cache worker for execution history cache (C:\Users\User\.gradle\caches\7.3.3\executionHistory)" [_thread_blocked, id=3844, stack(0x000000bdb8400000,0x000000bdb8500000)]
  0x00000237f631f000 JavaThread "Cache worker for file content cache (C:\Users\User\.gradle\caches\7.3.3\fileContent)" [_thread_blocked, id=3952, stack(0x000000bdb8500000,0x000000bdb8600000)]
  0x00000237f6325000 JavaThread "Cache worker for dependencies-accessors (D:\AndroidStudio\LenovoStart\.gradle\7.3.3\dependencies-accessors)" [_thread_blocked, id=1752, stack(0x000000bdb8600000,0x000000bdb8700000)]
  0x00000237f6329000 JavaThread "Cache worker for Build Output Cleanup Cache (D:\AndroidStudio\LenovoStart\.gradle\buildOutputCleanup)" [_thread_blocked, id=660, stack(0x000000bdb8700000,0x000000bdb8800000)]
  0x00000237f6326800 JavaThread "Unconstrained build operations" [_thread_blocked, id=6416, stack(0x000000bdb7c00000,0x000000bdb7d00000)]
  0x00000237f6328000 JavaThread "Unconstrained build operations Thread 2" [_thread_blocked, id=4292, stack(0x000000bdb8800000,0x000000bdb8900000)]
  0x00000237f6327000 JavaThread "Unconstrained build operations Thread 3" [_thread_blocked, id=9556, stack(0x000000bdb8900000,0x000000bdb8a00000)]
  0x00000237f6329800 JavaThread "Unconstrained build operations Thread 4" [_thread_blocked, id=940, stack(0x000000bdb8a00000,0x000000bdb8b00000)]
  0x00000237f7b84000 JavaThread "Unconstrained build operations Thread 5" [_thread_blocked, id=5936, stack(0x000000bdb8b00000,0x000000bdb8c00000)]
  0x00000237fbf8f800 JavaThread "Unconstrained build operations Thread 6" [_thread_blocked, id=2732, stack(0x000000bdb8c00000,0x000000bdb8d00000)]
  0x00000237fbf8e000 JavaThread "Unconstrained build operations Thread 7" [_thread_blocked, id=2112, stack(0x000000bdb8d00000,0x000000bdb8e00000)]
  0x00000237fbf93800 JavaThread "Unconstrained build operations Thread 8" [_thread_blocked, id=11256, stack(0x000000bdb8e00000,0x000000bdb8f00000)]
  0x00000237fbf94800 JavaThread "Unconstrained build operations Thread 9" [_thread_blocked, id=6912, stack(0x000000bdb8f00000,0x000000bdb9000000)]
  0x00000237fbf8e800 JavaThread "Unconstrained build operations Thread 10" [_thread_blocked, id=1148, stack(0x000000bdb9000000,0x000000bdb9100000)]
  0x00000237fbf95000 JavaThread "Unconstrained build operations Thread 11" [_thread_blocked, id=9872, stack(0x000000bdb9100000,0x000000bdb9200000)]
  0x00000237fbf96000 JavaThread "Unconstrained build operations Thread 12" [_thread_blocked, id=8840, stack(0x000000bdb9200000,0x000000bdb9300000)]
  0x00000237fbf92800 JavaThread "Unconstrained build operations Thread 13" [_thread_blocked, id=9168, stack(0x000000bdb9300000,0x000000bdb9400000)]
  0x00000237fbf90800 JavaThread "Unconstrained build operations Thread 14" [_thread_blocked, id=844, stack(0x000000bdb9400000,0x000000bdb9500000)]
  0x00000237fbf97000 JavaThread "Unconstrained build operations Thread 15" [_thread_blocked, id=120, stack(0x000000bdb9500000,0x000000bdb9600000)]
  0x00000237fbf91000 JavaThread "Unconstrained build operations Thread 16" [_thread_blocked, id=5748, stack(0x000000bdb9600000,0x000000bdb9700000)]
  0x00000237fbf97800 JavaThread "Unconstrained build operations Thread 17" [_thread_blocked, id=8440, stack(0x000000bdb9700000,0x000000bdb9800000)]
  0x00000237fbf92000 JavaThread "Unconstrained build operations Thread 18" [_thread_blocked, id=5432, stack(0x000000bdb9800000,0x000000bdb9900000)]
  0x00000237fbf9a000 JavaThread "Unconstrained build operations Thread 19" [_thread_blocked, id=7636, stack(0x000000bdb9900000,0x000000bdb9a00000)]
  0x00000237fbf98800 JavaThread "Unconstrained build operations Thread 20" [_thread_blocked, id=6824, stack(0x000000bdb9a00000,0x000000bdb9b00000)]
  0x00000237fbf9b000 JavaThread "Unconstrained build operations Thread 21" [_thread_blocked, id=4280, stack(0x000000bdb9b00000,0x000000bdb9c00000)]
  0x00000237fbf99000 JavaThread "Unconstrained build operations Thread 22" [_thread_blocked, id=1152, stack(0x000000bdb9c00000,0x000000bdb9d00000)]
  0x00000237fbf9b800 JavaThread "Unconstrained build operations Thread 23" [_thread_blocked, id=2536, stack(0x000000bdb9d00000,0x000000bdb9e00000)]
  0x00000237fbf9c800 JavaThread "Unconstrained build operations Thread 24" [_thread_blocked, id=10916, stack(0x000000bdb9e00000,0x000000bdb9f00000)]
  0x00000237f5f83800 JavaThread "Unconstrained build operations Thread 25" [_thread_blocked, id=7832, stack(0x000000bdb9f00000,0x000000bdba000000)]
  0x00000237f5f86800 JavaThread "Unconstrained build operations Thread 26" [_thread_blocked, id=9876, stack(0x000000bdba000000,0x000000bdba100000)]
  0x00000237f5f84000 JavaThread "Unconstrained build operations Thread 27" [_thread_blocked, id=10888, stack(0x000000bdba100000,0x000000bdba200000)]
  0x00000237f5f87800 JavaThread "Unconstrained build operations Thread 28" [_thread_blocked, id=6788, stack(0x000000bdba200000,0x000000bdba300000)]
  0x00000237f5f85800 JavaThread "Unconstrained build operations Thread 29" [_thread_blocked, id=2960, stack(0x000000bdba300000,0x000000bdba400000)]
  0x00000237f5f89000 JavaThread "Unconstrained build operations Thread 30" [_thread_blocked, id=10824, stack(0x000000bdba400000,0x000000bdba500000)]
  0x00000237f5f88000 JavaThread "Unconstrained build operations Thread 31" [_thread_blocked, id=1472, stack(0x000000bdba500000,0x000000bdba600000)]
  0x00000237f5f8a000 JavaThread "Unconstrained build operations Thread 32" [_thread_blocked, id=9360, stack(0x000000bdba600000,0x000000bdba700000)]
  0x00000237f5f8a800 JavaThread "Unconstrained build operations Thread 33" [_thread_blocked, id=4780, stack(0x000000bdba700000,0x000000bdba800000)]
  0x00000237f5f85000 JavaThread "Unconstrained build operations Thread 34" [_thread_blocked, id=7632, stack(0x000000bdba800000,0x000000bdba900000)]
  0x00000237f5f8b800 JavaThread "Unconstrained build operations Thread 35" [_thread_blocked, id=3456, stack(0x000000bdba900000,0x000000bdbaa00000)]
  0x00000237f5f92000 JavaThread "Unconstrained build operations Thread 36" [_thread_blocked, id=2540, stack(0x000000bdbaa00000,0x000000bdbab00000)]
  0x00000237f5f8e000 JavaThread "Unconstrained build operations Thread 37" [_thread_blocked, id=2520, stack(0x000000bdbab00000,0x000000bdbac00000)]
  0x00000237f5f8f800 JavaThread "Unconstrained build operations Thread 38" [_thread_blocked, id=1184, stack(0x000000bdbac00000,0x000000bdbad00000)]
  0x00000237f5f8c800 JavaThread "Unconstrained build operations Thread 39" [_thread_blocked, id=10700, stack(0x000000bdbad00000,0x000000bdbae00000)]
  0x00000237f5f91000 JavaThread "Unconstrained build operations Thread 40" [_thread_blocked, id=1392, stack(0x000000bdbae00000,0x000000bdbaf00000)]
  0x00000237f5f8e800 JavaThread "Memory manager" [_thread_blocked, id=1972, stack(0x000000bdbb000000,0x000000bdbb100000)]
  0x0000023780cdc000 JavaThread "Cache worker for execution history cache (D:\AndroidStudio\LenovoStart\.gradle\7.3.3\executionHistory)" [_thread_blocked, id=3140, stack(0x000000bdbb400000,0x000000bdbb500000)]
=>0x0000023780cd8800 JavaThread "C2 CompilerThread1" daemon [_thread_in_native, id=2580, stack(0x000000bdbaf00000,0x000000bdbb000000)]

Other Threads:
  0x00000237f4fc4000 VMThread "VM Thread" [stack: 0x000000bdb5e00000,0x000000bdb5f00000] [id=3896]
  0x00000237f5b2f800 WatcherThread [stack: 0x000000bdb6800000,0x000000bdb6900000] [id=10104]
  0x00000237da61c800 GCTaskThread "GC Thread#0" [stack: 0x000000bdb5900000,0x000000bdb5a00000] [id=9020]
  0x00000237f5cdd800 GCTaskThread "GC Thread#1" [stack: 0x000000bdb6a00000,0x000000bdb6b00000] [id=4912]
  0x00000237f5cde800 GCTaskThread "GC Thread#2" [stack: 0x000000bdb6b00000,0x000000bdb6c00000] [id=8600]
  0x00000237f86e7000 GCTaskThread "GC Thread#3" [stack: 0x000000bdb7500000,0x000000bdb7600000] [id=9484]
  0x00000237dc73c800 ConcurrentGCThread "G1 Main Marker" [stack: 0x000000bdb5a00000,0x000000bdb5b00000] [id=6580]
  0x00000237dc73e000 ConcurrentGCThread "G1 Conc#0" [stack: 0x000000bdb5b00000,0x000000bdb5c00000] [id=5864]
  0x00000237dc7cc000 ConcurrentGCThread "G1 Refine#0" [stack: 0x000000bdb5c00000,0x000000bdb5d00000] [id=8152]
  0x00000237dc7cd000 ConcurrentGCThread "G1 Young RemSet Sampling" [stack: 0x000000bdb5d00000,0x000000bdb5e00000] [id=7416]

Threads with active compile tasks:
C2 CompilerThread0  27062 8627   !   4       org.gradle.api.internal.attributes.DefaultImmutableAttributesFactory::doConcatIsolatable (128 bytes)
C2 CompilerThread1  27062 8535       4       java.io.WinNTFileSystem::normalize (143 bytes)

VM state:not at safepoint (normal execution)

VM Mutex/Monitor currently owned by a thread: None

Heap address: 0x00000000a0000000, size: 1536 MB, Compressed Oops mode: 32-bit
Narrow klass base: 0x0000000000000000, Narrow klass shift: 3
Compressed class space size: 1073741824 Address: 0x0000000100000000

Heap:
 garbage-first heap   total 155648K, used 125127K [0x00000000a0000000, 0x0000000100000000)
  region size 1024K, 22 young (22528K), 3 survivors (3072K)
 Metaspace       used 91425K, capacity 93841K, committed 93900K, reserved 1130496K
  class space    used 11891K, capacity 12734K, committed 12748K, reserved 1048576K
Heap Regions: E=young(eden), S=young(survivor), O=old, HS=humongous(starts), HC=humongous(continues), CS=collection set, F=free, A=archive, TAMS=top-at-mark-start (previous, next)
|   0|0x00000000a0000000, 0x00000000a0100000, 0x00000000a0100000|100%| O|  |TAMS 0x00000000a0100000, 0x00000000a0000000| Untracked 
|   1|0x00000000a0100000, 0x00000000a0200000, 0x00000000a0200000|100%| O|  |TAMS 0x00000000a0200000, 0x00000000a0100000| Untracked 
|   2|0x00000000a0200000, 0x00000000a0300000, 0x00000000a0300000|100%| O|  |TAMS 0x00000000a0300000, 0x00000000a0200000| Untracked 
|   3|0x00000000a0300000, 0x00000000a0400000, 0x00000000a0400000|100%|HS|  |TAMS 0x00000000a0400000, 0x00000000a0300000| Complete 
|   4|0x00000000a0400000, 0x00000000a0500000, 0x00000000a0500000|100%|HC|  |TAMS 0x00000000a0500000, 0x00000000a0400000| Complete 
|   5|0x00000000a0500000, 0x00000000a0600000, 0x00000000a0600000|100%|HC|  |TAMS 0x00000000a0600000, 0x00000000a0500000| Complete 
|   6|0x00000000a0600000, 0x00000000a0700000, 0x00000000a0700000|100%| O|  |TAMS 0x00000000a0700000, 0x00000000a0600000| Untracked 
|   7|0x00000000a0700000, 0x00000000a0800000, 0x00000000a0800000|100%| O|  |TAMS 0x00000000a0800000, 0x00000000a0700000| Untracked 
|   8|0x00000000a0800000, 0x00000000a0900000, 0x00000000a0900000|100%| O|  |TAMS 0x00000000a0900000, 0x00000000a0800000| Untracked 
|   9|0x00000000a0900000, 0x00000000a0a00000, 0x00000000a0a00000|100%| O|  |TAMS 0x00000000a0a00000, 0x00000000a0900000| Untracked 
|  10|0x00000000a0a00000, 0x00000000a0b00000, 0x00000000a0b00000|100%| O|  |TAMS 0x00000000a0b00000, 0x00000000a0a00000| Untracked 
|  11|0x00000000a0b00000, 0x00000000a0c00000, 0x00000000a0c00000|100%| O|  |TAMS 0x00000000a0c00000, 0x00000000a0b00000| Untracked 
|  12|0x00000000a0c00000, 0x00000000a0d00000, 0x00000000a0d00000|100%| O|  |TAMS 0x00000000a0d00000, 0x00000000a0c00000| Untracked 
|  13|0x00000000a0d00000, 0x00000000a0e00000, 0x00000000a0e00000|100%| O|  |TAMS 0x00000000a0e00000, 0x00000000a0d00000| Untracked 
|  14|0x00000000a0e00000, 0x00000000a0f00000, 0x00000000a0f00000|100%| O|  |TAMS 0x00000000a0f00000, 0x00000000a0e00000| Untracked 
|  15|0x00000000a0f00000, 0x00000000a1000000, 0x00000000a1000000|100%| O|  |TAMS 0x00000000a1000000, 0x00000000a0f00000| Untracked 
|  16|0x00000000a1000000, 0x00000000a1100000, 0x00000000a1100000|100%| O|  |TAMS 0x00000000a1100000, 0x00000000a1000000| Untracked 
|  17|0x00000000a1100000, 0x00000000a1200000, 0x00000000a1200000|100%|HS|  |TAMS 0x00000000a1200000, 0x00000000a1100000| Complete 
|  18|0x00000000a1200000, 0x00000000a1300000, 0x00000000a1300000|100%|HC|  |TAMS 0x00000000a1300000, 0x00000000a1200000| Complete 
|  19|0x00000000a1300000, 0x00000000a1400000, 0x00000000a1400000|100%|HS|  |TAMS 0x00000000a1400000, 0x00000000a1300000| Complete 
|  20|0x00000000a1400000, 0x00000000a1500000, 0x00000000a1500000|100%|HC|  |TAMS 0x00000000a1500000, 0x00000000a1400000| Complete 
|  21|0x00000000a1500000, 0x00000000a1600000, 0x00000000a1600000|100%|HC|  |TAMS 0x00000000a1600000, 0x00000000a1500000| Complete 
|  22|0x00000000a1600000, 0x00000000a1700000, 0x00000000a1700000|100%|HS|  |TAMS 0x00000000a1700000, 0x00000000a1600000| Complete 
|  23|0x00000000a1700000, 0x00000000a1800000, 0x00000000a1800000|100%|HS|  |TAMS 0x00000000a1800000, 0x00000000a1700000| Complete 
|  24|0x00000000a1800000, 0x00000000a1900000, 0x00000000a1900000|100%|HC|  |TAMS 0x00000000a1900000, 0x00000000a1800000| Complete 
|  25|0x00000000a1900000, 0x00000000a1a00000, 0x00000000a1a00000|100%|HC|  |TAMS 0x00000000a1a00000, 0x00000000a1900000| Complete 
|  26|0x00000000a1a00000, 0x00000000a1b00000, 0x00000000a1b00000|100%|HC|  |TAMS 0x00000000a1b00000, 0x00000000a1a00000| Complete 
|  27|0x00000000a1b00000, 0x00000000a1c00000, 0x00000000a1c00000|100%| O|  |TAMS 0x00000000a1c00000, 0x00000000a1b00000| Untracked 
|  28|0x00000000a1c00000, 0x00000000a1d00000, 0x00000000a1d00000|100%| O|  |TAMS 0x00000000a1d00000, 0x00000000a1c00000| Untracked 
|  29|0x00000000a1d00000, 0x00000000a1e00000, 0x00000000a1e00000|100%|HS|  |TAMS 0x00000000a1e00000, 0x00000000a1d00000| Complete 
|  30|0x00000000a1e00000, 0x00000000a1f00000, 0x00000000a1f00000|100%| O|  |TAMS 0x00000000a1f00000, 0x00000000a1e00000| Untracked 
|  31|0x00000000a1f00000, 0x00000000a2000000, 0x00000000a2000000|100%| O|  |TAMS 0x00000000a2000000, 0x00000000a1f00000| Untracked 
|  32|0x00000000a2000000, 0x00000000a2100000, 0x00000000a2100000|100%| O|  |TAMS 0x00000000a2100000, 0x00000000a2000000| Untracked 
|  33|0x00000000a2100000, 0x00000000a2200000, 0x00000000a2200000|100%| O|  |TAMS 0x00000000a2200000, 0x00000000a2100000| Untracked 
|  34|0x00000000a2200000, 0x00000000a2300000, 0x00000000a2300000|100%| O|  |TAMS 0x00000000a2300000, 0x00000000a2200000| Untracked 
|  35|0x00000000a2300000, 0x00000000a2400000, 0x00000000a2400000|100%| O|  |TAMS 0x00000000a2400000, 0x00000000a2300000| Untracked 
|  36|0x00000000a2400000, 0x00000000a2500000, 0x00000000a2500000|100%| O|  |TAMS 0x00000000a2500000, 0x00000000a2400000| Untracked 
|  37|0x00000000a2500000, 0x00000000a2600000, 0x00000000a2600000|100%|HS|  |TAMS 0x00000000a2600000, 0x00000000a2500000| Complete 
|  38|0x00000000a2600000, 0x00000000a2700000, 0x00000000a2700000|100%|HC|  |TAMS 0x00000000a2700000, 0x00000000a2600000| Complete 
|  39|0x00000000a2700000, 0x00000000a2800000, 0x00000000a2800000|100%|HC|  |TAMS 0x00000000a2800000, 0x00000000a2700000| Complete 
|  40|0x00000000a2800000, 0x00000000a2900000, 0x00000000a2900000|100%| O|  |TAMS 0x00000000a2900000, 0x00000000a2800000| Untracked 
|  41|0x00000000a2900000, 0x00000000a2a00000, 0x00000000a2a00000|100%| O|  |TAMS 0x00000000a2a00000, 0x00000000a2900000| Untracked 
|  42|0x00000000a2a00000, 0x00000000a2b00000, 0x00000000a2b00000|100%| O|  |TAMS 0x00000000a2b00000, 0x00000000a2a00000| Untracked 
|  43|0x00000000a2b00000, 0x00000000a2c00000, 0x00000000a2c00000|100%| O|  |TAMS 0x00000000a2c00000, 0x00000000a2b00000| Untracked 
|  44|0x00000000a2c00000, 0x00000000a2d00000, 0x00000000a2d00000|100%| O|  |TAMS 0x00000000a2d00000, 0x00000000a2c00000| Untracked 
|  45|0x00000000a2d00000, 0x00000000a2e00000, 0x00000000a2e00000|100%|HS|  |TAMS 0x00000000a2e00000, 0x00000000a2d00000| Complete 
|  46|0x00000000a2e00000, 0x00000000a2f00000, 0x00000000a2f00000|100%|HC|  |TAMS 0x00000000a2f00000, 0x00000000a2e00000| Complete 
|  47|0x00000000a2f00000, 0x00000000a3000000, 0x00000000a3000000|100%|HC|  |TAMS 0x00000000a3000000, 0x00000000a2f00000| Complete 
|  48|0x00000000a3000000, 0x00000000a3100000, 0x00000000a3100000|100%|HC|  |TAMS 0x00000000a3100000, 0x00000000a3000000| Complete 
|  49|0x00000000a3100000, 0x00000000a3200000, 0x00000000a3200000|100%| O|  |TAMS 0x00000000a3200000, 0x00000000a3100000| Untracked 
|  50|0x00000000a3200000, 0x00000000a3300000, 0x00000000a3300000|100%| O|  |TAMS 0x00000000a3300000, 0x00000000a3200000| Untracked 
|  51|0x00000000a3300000, 0x00000000a3400000, 0x00000000a3400000|100%| O|  |TAMS 0x00000000a3400000, 0x00000000a3300000| Untracked 
|  52|0x00000000a3400000, 0x00000000a3500000, 0x00000000a3500000|100%|HS|  |TAMS 0x00000000a3500000, 0x00000000a3400000| Complete 
|  53|0x00000000a3500000, 0x00000000a3600000, 0x00000000a3600000|100%|HS|  |TAMS 0x00000000a3600000, 0x00000000a3500000| Complete 
|  54|0x00000000a3600000, 0x00000000a3700000, 0x00000000a3700000|100%|HS|  |TAMS 0x00000000a3700000, 0x00000000a3600000| Complete 
|  55|0x00000000a3700000, 0x00000000a3800000, 0x00000000a3800000|100%|HC|  |TAMS 0x00000000a3800000, 0x00000000a3700000| Complete 
|  56|0x00000000a3800000, 0x00000000a3900000, 0x00000000a3900000|100%| O|  |TAMS 0x00000000a3900000, 0x00000000a3800000| Untracked 
|  57|0x00000000a3900000, 0x00000000a3a00000, 0x00000000a3a00000|100%| O|  |TAMS 0x00000000a3a00000, 0x00000000a3900000| Untracked 
|  58|0x00000000a3a00000, 0x00000000a3b00000, 0x00000000a3b00000|100%| O|  |TAMS 0x00000000a3b00000, 0x00000000a3a00000| Untracked 
|  59|0x00000000a3b00000, 0x00000000a3c00000, 0x00000000a3c00000|100%| O|  |TAMS 0x00000000a3c00000, 0x00000000a3b00000| Untracked 
|  60|0x00000000a3c00000, 0x00000000a3d00000, 0x00000000a3d00000|100%| O|  |TAMS 0x00000000a3d00000, 0x00000000a3c00000| Untracked 
|  61|0x00000000a3d00000, 0x00000000a3e00000, 0x00000000a3e00000|100%| O|  |TAMS 0x00000000a3e00000, 0x00000000a3d00000| Untracked 
|  62|0x00000000a3e00000, 0x00000000a3f00000, 0x00000000a3f00000|100%| O|  |TAMS 0x00000000a3f00000, 0x00000000a3e00000| Untracked 
|  63|0x00000000a3f00000, 0x00000000a4000000, 0x00000000a4000000|100%| O|  |TAMS 0x00000000a4000000, 0x00000000a3f00000| Untracked 
|  64|0x00000000a4000000, 0x00000000a4100000, 0x00000000a4100000|100%| O|  |TAMS 0x00000000a4100000, 0x00000000a4000000| Untracked 
|  65|0x00000000a4100000, 0x00000000a4200000, 0x00000000a4200000|100%| O|  |TAMS 0x00000000a4200000, 0x00000000a4100000| Untracked 
|  66|0x00000000a4200000, 0x00000000a4300000, 0x00000000a4300000|100%| O|  |TAMS 0x00000000a4300000, 0x00000000a4200000| Untracked 
|  67|0x00000000a4300000, 0x00000000a4400000, 0x00000000a4400000|100%| O|  |TAMS 0x00000000a4400000, 0x00000000a4300000| Untracked 
|  68|0x00000000a4400000, 0x00000000a4500000, 0x00000000a4500000|100%| O|  |TAMS 0x00000000a4500000, 0x00000000a4400000| Untracked 
|  69|0x00000000a4500000, 0x00000000a4600000, 0x00000000a4600000|100%| O|  |TAMS 0x00000000a4600000, 0x00000000a4500000| Untracked 
|  70|0x00000000a4600000, 0x00000000a4700000, 0x00000000a4700000|100%| O|  |TAMS 0x00000000a4700000, 0x00000000a4600000| Untracked 
|  71|0x00000000a4700000, 0x00000000a4800000, 0x00000000a4800000|100%| O|  |TAMS 0x00000000a4800000, 0x00000000a4700000| Untracked 
|  72|0x00000000a4800000, 0x00000000a4900000, 0x00000000a4900000|100%| O|  |TAMS 0x00000000a4900000, 0x00000000a4800000| Untracked 
|  73|0x00000000a4900000, 0x00000000a4a00000, 0x00000000a4a00000|100%| O|  |TAMS 0x00000000a4a00000, 0x00000000a4900000| Untracked 
|  74|0x00000000a4a00000, 0x00000000a4b00000, 0x00000000a4b00000|100%| O|  |TAMS 0x00000000a4b00000, 0x00000000a4a00000| Untracked 
|  75|0x00000000a4b00000, 0x00000000a4c00000, 0x00000000a4c00000|100%| O|  |TAMS 0x00000000a4c00000, 0x00000000a4b00000| Untracked 
|  76|0x00000000a4c00000, 0x00000000a4d00000, 0x00000000a4d00000|100%| O|  |TAMS 0x00000000a4d00000, 0x00000000a4c00000| Untracked 
|  77|0x00000000a4d00000, 0x00000000a4e00000, 0x00000000a4e00000|100%| O|  |TAMS 0x00000000a4e00000, 0x00000000a4d00000| Untracked 
|  78|0x00000000a4e00000, 0x00000000a4f00000, 0x00000000a4f00000|100%| O|  |TAMS 0x00000000a4f00000, 0x00000000a4e00000| Untracked 
|  79|0x00000000a4f00000, 0x00000000a5000000, 0x00000000a5000000|100%| O|  |TAMS 0x00000000a5000000, 0x00000000a4f00000| Untracked 
|  80|0x00000000a5000000, 0x00000000a5100000, 0x00000000a5100000|100%|HS|  |TAMS 0x00000000a5100000, 0x00000000a5000000| Complete 
|  81|0x00000000a5100000, 0x00000000a5200000, 0x00000000a5200000|100%|HC|  |TAMS 0x00000000a5200000, 0x00000000a5100000| Complete 
|  82|0x00000000a5200000, 0x00000000a5300000, 0x00000000a5300000|100%|HS|  |TAMS 0x00000000a5300000, 0x00000000a5200000| Complete 
|  83|0x00000000a5300000, 0x00000000a5400000, 0x00000000a5400000|100%|HC|  |TAMS 0x00000000a5400000, 0x00000000a5300000| Complete 
|  84|0x00000000a5400000, 0x00000000a5500000, 0x00000000a5500000|100%|HC|  |TAMS 0x00000000a5500000, 0x00000000a5400000| Complete 
|  85|0x00000000a5500000, 0x00000000a5600000, 0x00000000a5600000|100%|HS|  |TAMS 0x00000000a5600000, 0x00000000a5500000| Complete 
|  86|0x00000000a5600000, 0x00000000a5700000, 0x00000000a5700000|100%|HS|  |TAMS 0x00000000a5700000, 0x00000000a5600000| Complete 
|  87|0x00000000a5700000, 0x00000000a5800000, 0x00000000a5800000|100%|HC|  |TAMS 0x00000000a5800000, 0x00000000a5700000| Complete 
|  88|0x00000000a5800000, 0x00000000a5900000, 0x00000000a5900000|100%|HC|  |TAMS 0x00000000a5900000, 0x00000000a5800000| Complete 
|  89|0x00000000a5900000, 0x00000000a5a00000, 0x00000000a5a00000|100%|HC|  |TAMS 0x00000000a5a00000, 0x00000000a5900000| Complete 
|  90|0x00000000a5a00000, 0x00000000a5b00000, 0x00000000a5b00000|100%| O|  |TAMS 0x00000000a5b00000, 0x00000000a5a00000| Untracked 
|  91|0x00000000a5b00000, 0x00000000a5c00000, 0x00000000a5c00000|100%| O|  |TAMS 0x00000000a5c00000, 0x00000000a5b00000| Untracked 
|  92|0x00000000a5c00000, 0x00000000a5d00000, 0x00000000a5d00000|100%| O|  |TAMS 0x00000000a5d00000, 0x00000000a5c00000| Untracked 
|  93|0x00000000a5d00000, 0x00000000a5e00000, 0x00000000a5e00000|100%| O|  |TAMS 0x00000000a5e00000, 0x00000000a5d00000| Untracked 
|  94|0x00000000a5e00000, 0x00000000a5f00000, 0x00000000a5f00000|100%| O|  |TAMS 0x00000000a5f00000, 0x00000000a5e00000| Untracked 
|  95|0x00000000a5f00000, 0x00000000a6000000, 0x00000000a6000000|100%| O|  |TAMS 0x00000000a6000000, 0x00000000a5f00000| Untracked 
|  96|0x00000000a6000000, 0x00000000a6100000, 0x00000000a6100000|100%| O|  |TAMS 0x00000000a6100000, 0x00000000a6000000| Untracked 
|  97|0x00000000a6100000, 0x00000000a6200000, 0x00000000a6200000|100%| O|  |TAMS 0x00000000a6200000, 0x00000000a6100000| Untracked 
|  98|0x00000000a6200000, 0x00000000a6300000, 0x00000000a6300000|100%| O|  |TAMS 0x00000000a6300000, 0x00000000a6200000| Untracked 
|  99|0x00000000a6300000, 0x00000000a6400000, 0x00000000a6400000|100%| O|  |TAMS 0x00000000a6400000, 0x00000000a6300000| Untracked 
| 100|0x00000000a6400000, 0x00000000a6500000, 0x00000000a6500000|100%| O|  |TAMS 0x00000000a6500000, 0x00000000a6400000| Untracked 
| 101|0x00000000a6500000, 0x00000000a65e7600, 0x00000000a6600000| 90%| O|  |TAMS 0x00000000a65e7600, 0x00000000a6500000| Untracked 
| 102|0x00000000a6600000, 0x00000000a6600000, 0x00000000a6700000|  0%| F|  |TAMS 0x00000000a6600000, 0x00000000a6600000| Untracked 
| 103|0x00000000a6700000, 0x00000000a6700000, 0x00000000a6800000|  0%| F|  |TAMS 0x00000000a6700000, 0x00000000a6700000| Untracked 
| 104|0x00000000a6800000, 0x00000000a6800000, 0x00000000a6900000|  0%| F|  |TAMS 0x00000000a6800000, 0x00000000a6800000| Untracked 
| 105|0x00000000a6900000, 0x00000000a6900000, 0x00000000a6a00000|  0%| F|  |TAMS 0x00000000a6900000, 0x00000000a6900000| Untracked 
| 106|0x00000000a6a00000, 0x00000000a6a00000, 0x00000000a6b00000|  0%| F|  |TAMS 0x00000000a6a00000, 0x00000000a6a00000| Untracked 
| 107|0x00000000a6b00000, 0x00000000a6b00000, 0x00000000a6c00000|  0%| F|  |TAMS 0x00000000a6b00000, 0x00000000a6b00000| Untracked 
| 108|0x00000000a6c00000, 0x00000000a6c00000, 0x00000000a6d00000|  0%| F|  |TAMS 0x00000000a6c00000, 0x00000000a6c00000| Untracked 
| 109|0x00000000a6d00000, 0x00000000a6d00000, 0x00000000a6e00000|  0%| F|  |TAMS 0x00000000a6d00000, 0x00000000a6d00000| Untracked 
| 110|0x00000000a6e00000, 0x00000000a6e00000, 0x00000000a6f00000|  0%| F|  |TAMS 0x00000000a6e00000, 0x00000000a6e00000| Untracked 
| 111|0x00000000a6f00000, 0x00000000a6f00000, 0x00000000a7000000|  0%| F|  |TAMS 0x00000000a6f00000, 0x00000000a6f00000| Untracked 
| 112|0x00000000a7000000, 0x00000000a7000000, 0x00000000a7100000|  0%| F|  |TAMS 0x00000000a7000000, 0x00000000a7000000| Untracked 
| 113|0x00000000a7100000, 0x00000000a7100000, 0x00000000a7200000|  0%| F|  |TAMS 0x00000000a7100000, 0x00000000a7100000| Untracked 
| 114|0x00000000a7200000, 0x00000000a7200000, 0x00000000a7300000|  0%| F|  |TAMS 0x00000000a7200000, 0x00000000a7200000| Untracked 
| 115|0x00000000a7300000, 0x00000000a7300000, 0x00000000a7400000|  0%| F|  |TAMS 0x00000000a7300000, 0x00000000a7300000| Untracked 
| 116|0x00000000a7400000, 0x00000000a7400000, 0x00000000a7500000|  0%| F|  |TAMS 0x00000000a7400000, 0x00000000a7400000| Untracked 
| 117|0x00000000a7500000, 0x00000000a7500000, 0x00000000a7600000|  0%| F|  |TAMS 0x00000000a7500000, 0x00000000a7500000| Untracked 
| 118|0x00000000a7600000, 0x00000000a7600000, 0x00000000a7700000|  0%| F|  |TAMS 0x00000000a7600000, 0x00000000a7600000| Untracked 
| 119|0x00000000a7700000, 0x00000000a7700000, 0x00000000a7800000|  0%| F|  |TAMS 0x00000000a7700000, 0x00000000a7700000| Untracked 
| 120|0x00000000a7800000, 0x00000000a7800000, 0x00000000a7900000|  0%| F|  |TAMS 0x00000000a7800000, 0x00000000a7800000| Untracked 
| 121|0x00000000a7900000, 0x00000000a7900000, 0x00000000a7a00000|  0%| F|  |TAMS 0x00000000a7900000, 0x00000000a7900000| Untracked 
| 122|0x00000000a7a00000, 0x00000000a7a00000, 0x00000000a7b00000|  0%| F|  |TAMS 0x00000000a7a00000, 0x00000000a7a00000| Untracked 
| 123|0x00000000a7b00000, 0x00000000a7b00000, 0x00000000a7c00000|  0%| F|  |TAMS 0x00000000a7b00000, 0x00000000a7b00000| Untracked 
| 124|0x00000000a7c00000, 0x00000000a7c00000, 0x00000000a7d00000|  0%| F|  |TAMS 0x00000000a7c00000, 0x00000000a7c00000| Untracked 
| 125|0x00000000a7d00000, 0x00000000a7d00000, 0x00000000a7e00000|  0%| F|  |TAMS 0x00000000a7d00000, 0x00000000a7d00000| Untracked 
| 126|0x00000000a7e00000, 0x00000000a7e00000, 0x00000000a7f00000|  0%| F|  |TAMS 0x00000000a7e00000, 0x00000000a7e00000| Untracked 
| 127|0x00000000a7f00000, 0x00000000a7f00000, 0x00000000a8000000|  0%| F|  |TAMS 0x00000000a7f00000, 0x00000000a7f00000| Untracked 
| 128|0x00000000a8000000, 0x00000000a8000000, 0x00000000a8100000|  0%| F|  |TAMS 0x00000000a8000000, 0x00000000a8000000| Untracked 
| 129|0x00000000a8100000, 0x00000000a8100000, 0x00000000a8200000|  0%| F|  |TAMS 0x00000000a8100000, 0x00000000a8100000| Untracked 
| 130|0x00000000a8200000, 0x00000000a82ed700, 0x00000000a8300000| 92%| E|  |TAMS 0x00000000a8200000, 0x00000000a8200000| Complete 
| 131|0x00000000a8300000, 0x00000000a834a6a0, 0x00000000a8400000| 29%| S|CS|TAMS 0x00000000a8300000, 0x00000000a8300000| Complete 
| 132|0x00000000a8400000, 0x00000000a8500000, 0x00000000a8500000|100%| S|CS|TAMS 0x00000000a8400000, 0x00000000a8400000| Complete 
| 133|0x00000000a8500000, 0x00000000a8600000, 0x00000000a8600000|100%| S|CS|TAMS 0x00000000a8500000, 0x00000000a8500000| Complete 
| 134|0x00000000a8600000, 0x00000000a8700000, 0x00000000a8700000|100%| E|CS|TAMS 0x00000000a8600000, 0x00000000a8600000| Complete 
| 135|0x00000000a8700000, 0x00000000a8800000, 0x00000000a8800000|100%| E|CS|TAMS 0x00000000a8700000, 0x00000000a8700000| Complete 
| 136|0x00000000a8800000, 0x00000000a8900000, 0x00000000a8900000|100%| E|CS|TAMS 0x00000000a8800000, 0x00000000a8800000| Complete 
| 137|0x00000000a8900000, 0x00000000a8a00000, 0x00000000a8a00000|100%| E|CS|TAMS 0x00000000a8900000, 0x00000000a8900000| Complete 
| 138|0x00000000a8a00000, 0x00000000a8b00000, 0x00000000a8b00000|100%| E|CS|TAMS 0x00000000a8a00000, 0x00000000a8a00000| Complete 
| 139|0x00000000a8b00000, 0x00000000a8c00000, 0x00000000a8c00000|100%| E|CS|TAMS 0x00000000a8b00000, 0x00000000a8b00000| Complete 
| 140|0x00000000a8c00000, 0x00000000a8d00000, 0x00000000a8d00000|100%| E|CS|TAMS 0x00000000a8c00000, 0x00000000a8c00000| Complete 
| 141|0x00000000a8d00000, 0x00000000a8e00000, 0x00000000a8e00000|100%| E|CS|TAMS 0x00000000a8d00000, 0x00000000a8d00000| Complete 
| 142|0x00000000a8e00000, 0x00000000a8f00000, 0x00000000a8f00000|100%| E|CS|TAMS 0x00000000a8e00000, 0x00000000a8e00000| Complete 
| 143|0x00000000a8f00000, 0x00000000a9000000, 0x00000000a9000000|100%| E|CS|TAMS 0x00000000a8f00000, 0x00000000a8f00000| Complete 
| 144|0x00000000a9000000, 0x00000000a9100000, 0x00000000a9100000|100%| E|CS|TAMS 0x00000000a9000000, 0x00000000a9000000| Complete 
| 145|0x00000000a9100000, 0x00000000a9200000, 0x00000000a9200000|100%| E|CS|TAMS 0x00000000a9100000, 0x00000000a9100000| Complete 
| 146|0x00000000a9200000, 0x00000000a9300000, 0x00000000a9300000|100%| E|CS|TAMS 0x00000000a9200000, 0x00000000a9200000| Complete 
| 147|0x00000000a9300000, 0x00000000a9400000, 0x00000000a9400000|100%| E|CS|TAMS 0x00000000a9300000, 0x00000000a9300000| Complete 
| 148|0x00000000a9400000, 0x00000000a9500000, 0x00000000a9500000|100%| E|CS|TAMS 0x00000000a9400000, 0x00000000a9400000| Complete 
| 149|0x00000000a9500000, 0x00000000a9600000, 0x00000000a9600000|100%| E|CS|TAMS 0x00000000a9500000, 0x00000000a9500000| Complete 
| 150|0x00000000a9600000, 0x00000000a9700000, 0x00000000a9700000|100%| E|CS|TAMS 0x00000000a9600000, 0x00000000a9600000| Complete 
| 151|0x00000000a9700000, 0x00000000a9800000, 0x00000000a9800000|100%| E|CS|TAMS 0x00000000a9700000, 0x00000000a9700000| Complete 

Card table byte_map: [0x00000237ef510000,0x00000237ef810000] _byte_map_base: 0x00000237ef010000

Marking Bits (Prev, Next): (CMBitMap*) 0x00000237dc735cd8, (CMBitMap*) 0x00000237dc735d10
 Prev Bits: [0x00000237efb10000, 0x00000237f1310000)
 Next Bits: [0x00000237f1310000, 0x00000237f2b10000)

Polling page: 0x00000237da680000

Metaspace:

Usage:
  Non-class:     79.21 MB capacity,    77.67 MB ( 98%) used,     1.30 MB (  2%) free+waste,   244.44 KB ( <1%) overhead. 
      Class:     12.44 MB capacity,    11.61 MB ( 93%) used,   729.31 KB (  6%) free+waste,   113.56 KB ( <1%) overhead. 
       Both:     91.64 MB capacity,    89.28 MB ( 97%) used,     2.01 MB (  2%) free+waste,   358.00 KB ( <1%) overhead. 

Virtual space:
  Non-class space:       80.00 MB reserved,      79.25 MB (>99%) committed 
      Class space:        1.00 GB reserved,      12.45 MB (  1%) committed 
             Both:        1.08 GB reserved,      91.70 MB (  8%) committed 

Chunk freelists:
   Non-Class:  45.00 KB
       Class:  2.00 KB
        Both:  47.00 KB

MaxMetaspaceSize: 17179869184.00 GB
CompressedClassSpaceSize: 1.00 GB
Initial GC threshold: 20.80 MB
Current GC threshold: 150.54 MB
CDS: off

CodeHeap 'non-profiled nmethods': size=120064Kb used=5596Kb max_used=5596Kb free=114467Kb
 bounds [0x00000237e7cd0000, 0x00000237e8250000, 0x00000237ef210000]
CodeHeap 'profiled nmethods': size=120000Kb used=19060Kb max_used=19060Kb free=100939Kb
 bounds [0x00000237e07a0000, 0x00000237e1a40000, 0x00000237e7cd0000]
CodeHeap 'non-nmethods': size=5696Kb used=2400Kb max_used=2455Kb free=3295Kb
 bounds [0x00000237e0210000, 0x00000237e0480000, 0x00000237e07a0000]
 total_blobs=9543 nmethods=8625 adapters=831
 compilation: enabled
              stopped_count=0, restarted_count=0
 full_count=0

Compilation events (20 events):
Event: 26.967 Thread 0x00000237f5010800 8599       3       org.gradle.api.internal.artifacts.ivyservice.dependencysubstitution.DependencySubstitutionApplicator$$Lambda$419/0x0000000100594440::apply (5 bytes)
Event: 26.968 Thread 0x00000237f5010800 nmethod 8599 0x00000237e1a0d790 code [0x00000237e1a0d940, 0x00000237e1a0da98]
Event: 26.968 Thread 0x00000237f5010800 8600       3       org.gradle.api.internal.artifacts.ivyservice.dependencysubstitution.DependencySubstitutionApplicator::lambda$static$0 (4 bytes)
Event: 26.968 Thread 0x00000237f5010800 nmethod 8600 0x00000237e1a0db90 code [0x00000237e1a0dd40, 0x00000237e1a0de38]
Event: 26.968 Thread 0x00000237f5010800 8601       3       org.gradle.api.internal.artifacts.ivyservice.dependencysubstitution.DependencySubstitutionApplicator$SubstitutionResult::hasFailure (13 bytes)
Event: 26.968 Thread 0x00000237f5010800 nmethod 8601 0x00000237e1a0df10 code [0x00000237e1a0e0c0, 0x00000237e1a0e218]
Event: 26.969 Thread 0x00000237f5010800 8602       3       org.gradle.api.internal.artifacts.ivyservice.resolveengine.graph.builder.ModuleResolveState::addUnattachedDependency (16 bytes)
Event: 26.969 Thread 0x00000237f5010800 nmethod 8602 0x00000237e1a0e290 code [0x00000237e1a0e460, 0x00000237e1a0e6a8]
Event: 26.969 Thread 0x00000237f5010800 8603       3       org.gradle.api.internal.artifacts.ivyservice.resolveengine.graph.builder.EdgeState::markUnattached (6 bytes)
Event: 26.970 Thread 0x00000237f5010800 nmethod 8603 0x00000237e1a0e810 code [0x00000237e1a0e9c0, 0x00000237e1a0eab8]
Event: 26.972 Thread 0x00000237f5010800 8604  s    3       java.io.FileDescriptor::attach (73 bytes)
Event: 26.973 Thread 0x00000237f5010800 nmethod 8604 0x00000237e1a0eb90 code [0x00000237e1a0ee00, 0x00000237e1a0fb78]
Event: 26.974 Thread 0x00000237f5010800 8605   !   3       org.gradle.cache.internal.LockOnDemandCrossProcessCacheAccess::withFileLock (24 bytes)
Event: 26.974 Thread 0x00000237f5010800 nmethod 8605 0x00000237e1a0ff90 code [0x00000237e1a10180, 0x00000237e1a10418]
Event: 26.974 Thread 0x00000237f5010800 8606       3       java.util.stream.ReferencePipeline::noneMatch (18 bytes)
Event: 26.975 Thread 0x00000237f5010800 nmethod 8606 0x00000237e1a10590 code [0x00000237e1a10800, 0x00000237e1a11338]
Event: 26.975 Thread 0x00000237f5010800 8608       3       org.gradle.internal.component.external.model.AbstractRealisedModuleResolveMetadataSerializationHelper::readFiles (198 bytes)
Event: 26.977 Thread 0x00000237f5010800 nmethod 8608 0x00000237e1a11710 code [0x00000237e1a11b40, 0x00000237e1a13d88]
Event: 26.977 Thread 0x00000237f5010800 8607       3       org.gradle.internal.component.external.model.AbstractRealisedModuleResolveMetadataSerializationHelper::readCapabilities (94 bytes)
Event: 26.978 Thread 0x00000237f5010800 nmethod 8607 0x00000237e1a14a10 code [0x00000237e1a14ce0, 0x00000237e1a15c48]

GC Heap History (20 events):
Event: 23.942 GC heap before
{Heap before GC invocations=38 (full 0):
 garbage-first heap   total 129024K, used 111743K [0x00000000a0000000, 0x0000000100000000)
  region size 1024K, 12 young (12288K), 2 survivors (2048K)
 Metaspace       used 78401K, capacity 80581K, committed 80716K, reserved 1118208K
  class space    used 10265K, capacity 11029K, committed 11084K, reserved 1048576K
}
Event: 23.946 GC heap after
{Heap after GC invocations=39 (full 0):
 garbage-first heap   total 129024K, used 102489K [0x00000000a0000000, 0x0000000100000000)
  region size 1024K, 2 young (2048K), 2 survivors (2048K)
 Metaspace       used 78401K, capacity 80581K, committed 80716K, reserved 1118208K
  class space    used 10265K, capacity 11029K, committed 11084K, reserved 1048576K
}
Event: 24.170 GC heap before
{Heap before GC invocations=40 (full 0):
 garbage-first heap   total 129024K, used 111705K [0x00000000a0000000, 0x0000000100000000)
  region size 1024K, 11 young (11264K), 2 survivors (2048K)
 Metaspace       used 78957K, capacity 81227K, committed 81356K, reserved 1120256K
  class space    used 10340K, capacity 11094K, committed 11212K, reserved 1048576K
}
Event: 24.174 GC heap after
{Heap after GC invocations=41 (full 0):
 garbage-first heap   total 129024K, used 103015K [0x00000000a0000000, 0x0000000100000000)
  region size 1024K, 1 young (1024K), 1 survivors (1024K)
 Metaspace       used 78957K, capacity 81227K, committed 81356K, reserved 1120256K
  class space    used 10340K, capacity 11094K, committed 11212K, reserved 1048576K
}
Event: 24.383 GC heap before
{Heap before GC invocations=41 (full 0):
 garbage-first heap   total 129024K, used 112231K [0x00000000a0000000, 0x0000000100000000)
  region size 1024K, 10 young (10240K), 1 survivors (1024K)
 Metaspace       used 80217K, capacity 82482K, committed 82764K, reserved 1120256K
  class space    used 10508K, capacity 11256K, committed 11340K, reserved 1048576K
}
Event: 24.385 GC heap after
{Heap after GC invocations=42 (full 0):
 garbage-first heap   total 129024K, used 103027K [0x00000000a0000000, 0x0000000100000000)
  region size 1024K, 1 young (1024K), 1 survivors (1024K)
 Metaspace       used 80217K, capacity 82482K, committed 82764K, reserved 1120256K
  class space    used 10508K, capacity 11256K, committed 11340K, reserved 1048576K
}
Event: 24.763 GC heap before
{Heap before GC invocations=43 (full 0):
 garbage-first heap   total 129024K, used 112243K [0x00000000a0000000, 0x0000000100000000)
  region size 1024K, 10 young (10240K), 1 survivors (1024K)
 Metaspace       used 82429K, capacity 84658K, committed 84684K, reserved 1122304K
  class space    used 10692K, capacity 11448K, committed 11468K, reserved 1048576K
}
Event: 24.766 GC heap after
{Heap after GC invocations=44 (full 0):
 garbage-first heap   total 129024K, used 103019K [0x00000000a0000000, 0x0000000100000000)
  region size 1024K, 1 young (1024K), 1 survivors (1024K)
 Metaspace       used 82429K, capacity 84658K, committed 84684K, reserved 1122304K
  class space    used 10692K, capacity 11448K, committed 11468K, reserved 1048576K
}
Event: 25.090 GC heap before
{Heap before GC invocations=44 (full 0):
 garbage-first heap   total 129024K, used 112235K [0x00000000a0000000, 0x0000000100000000)
  region size 1024K, 10 young (10240K), 1 survivors (1024K)
 Metaspace       used 83467K, capacity 85694K, committed 85836K, reserved 1124352K
  class space    used 10848K, capacity 11579K, committed 11596K, reserved 1048576K
}
Event: 25.098 GC heap after
{Heap after GC invocations=45 (full 0):
 garbage-first heap   total 129024K, used 103281K [0x00000000a0000000, 0x0000000100000000)
  region size 1024K, 1 young (1024K), 1 survivors (1024K)
 Metaspace       used 83467K, capacity 85694K, committed 85836K, reserved 1124352K
  class space    used 10848K, capacity 11579K, committed 11596K, reserved 1048576K
}
Event: 25.272 GC heap before
{Heap before GC invocations=45 (full 0):
 garbage-first heap   total 129024K, used 112497K [0x00000000a0000000, 0x0000000100000000)
  region size 1024K, 10 young (10240K), 1 survivors (1024K)
 Metaspace       used 84338K, capacity 86563K, committed 86860K, reserved 1124352K
  class space    used 11007K, capacity 11754K, committed 11852K, reserved 1048576K
}
Event: 25.275 GC heap after
{Heap after GC invocations=46 (full 0):
 garbage-first heap   total 129024K, used 103764K [0x00000000a0000000, 0x0000000100000000)
  region size 1024K, 2 young (2048K), 2 survivors (2048K)
 Metaspace       used 84338K, capacity 86563K, committed 86860K, reserved 1124352K
  class space    used 11007K, capacity 11754K, committed 11852K, reserved 1048576K
}
Event: 25.576 GC heap before
{Heap before GC invocations=47 (full 0):
 garbage-first heap   total 129024K, used 110932K [0x00000000a0000000, 0x0000000100000000)
  region size 1024K, 10 young (10240K), 2 survivors (2048K)
 Metaspace       used 86142K, capacity 88422K, committed 88652K, reserved 1126400K
  class space    used 11216K, capacity 11987K, committed 12108K, reserved 1048576K
}
Event: 25.580 GC heap after
{Heap after GC invocations=48 (full 0):
 garbage-first heap   total 129024K, used 104278K [0x00000000a0000000, 0x0000000100000000)
  region size 1024K, 2 young (2048K), 2 survivors (2048K)
 Metaspace       used 86142K, capacity 88422K, committed 88652K, reserved 1126400K
  class space    used 11216K, capacity 11987K, committed 12108K, reserved 1048576K
}
Event: 25.738 GC heap before
{Heap before GC invocations=48 (full 0):
 garbage-first heap   total 129024K, used 111446K [0x00000000a0000000, 0x0000000100000000)
  region size 1024K, 10 young (10240K), 2 survivors (2048K)
 Metaspace       used 86945K, capacity 89197K, committed 89420K, reserved 1126400K
  class space    used 11320K, capacity 12095K, committed 12108K, reserved 1048576K
}
Event: 25.742 GC heap after
{Heap after GC invocations=49 (full 0):
 garbage-first heap   total 129024K, used 104712K [0x00000000a0000000, 0x0000000100000000)
  region size 1024K, 2 young (2048K), 2 survivors (2048K)
 Metaspace       used 86945K, capacity 89197K, committed 89420K, reserved 1126400K
  class space    used 11320K, capacity 12095K, committed 12108K, reserved 1048576K
}
Event: 26.043 GC heap before
{Heap before GC invocations=50 (full 0):
 garbage-first heap   total 129024K, used 112904K [0x00000000a0000000, 0x0000000100000000)
  region size 1024K, 10 young (10240K), 2 survivors (2048K)
 Metaspace       used 87627K, capacity 89893K, committed 90060K, reserved 1126400K
  class space    used 11418K, capacity 12195K, committed 12236K, reserved 1048576K
}
Event: 26.049 GC heap after
{Heap after GC invocations=51 (full 0):
 garbage-first heap   total 155648K, used 105506K [0x00000000a0000000, 0x0000000100000000)
  region size 1024K, 2 young (2048K), 2 survivors (2048K)
 Metaspace       used 87627K, capacity 89893K, committed 90060K, reserved 1126400K
  class space    used 11418K, capacity 12195K, committed 12236K, reserved 1048576K
}
Event: 26.383 GC heap before
{Heap before GC invocations=51 (full 0):
 garbage-first heap   total 155648K, used 123938K [0x00000000a0000000, 0x0000000100000000)
  region size 1024K, 20 young (20480K), 2 survivors (2048K)
 Metaspace       used 89073K, capacity 91436K, committed 91596K, reserved 1128448K
  class space    used 11626K, capacity 12445K, committed 12492K, reserved 1048576K
}
Event: 26.388 GC heap after
{Heap after GC invocations=52 (full 0):
 garbage-first heap   total 155648K, used 106695K [0x00000000a0000000, 0x0000000100000000)
  region size 1024K, 3 young (3072K), 3 survivors (3072K)
 Metaspace       used 89073K, capacity 91436K, committed 91596K, reserved 1128448K
  class space    used 11626K, capacity 12445K, committed 12492K, reserved 1048576K
}

Deoptimization events (20 events):
Event: 26.173 Thread 0x00000237f72a0000 DEOPT PACKING pc=0x00000237e820ef08 sp=0x000000bdb71f6e00
Event: 26.173 Thread 0x00000237f72a0000 DEOPT UNPACKING pc=0x00000237e025a1a9 sp=0x000000bdb71f6d90 mode 2
Event: 26.432 Thread 0x00000237f72a0000 Uncommon trap: trap_request=0xffffff4d fr.pc=0x00000237e802bb3c relative=0x00000000000003fc
Event: 26.432 Thread 0x00000237f72a0000 Uncommon trap: reason=unstable_if action=reinterpret pc=0x00000237e802bb3c method=java.lang.String.<init>([CIILjava/lang/Void;)V @ 43 c2
Event: 26.432 Thread 0x00000237f72a0000 DEOPT PACKING pc=0x00000237e802bb3c sp=0x000000bdb71fa760
Event: 26.432 Thread 0x00000237f72a0000 DEOPT UNPACKING pc=0x00000237e025a1a9 sp=0x000000bdb71fa6c8 mode 2
Event: 26.432 Thread 0x00000237f72a0000 Uncommon trap: trap_request=0xffffff4d fr.pc=0x00000237e7ceb654 relative=0x0000000000000394
Event: 26.432 Thread 0x00000237f72a0000 Uncommon trap: reason=unstable_if action=reinterpret pc=0x00000237e7ceb654 method=java.lang.StringUTF16.compress([CII)[B @ 13 c2
Event: 26.432 Thread 0x00000237f72a0000 DEOPT PACKING pc=0x00000237e7ceb654 sp=0x000000bdb71fa6e0
Event: 26.432 Thread 0x00000237f72a0000 DEOPT UNPACKING pc=0x00000237e025a1a9 sp=0x000000bdb71fa648 mode 2
Event: 26.861 Thread 0x00000237f72a0000 DEOPT PACKING pc=0x00000237e19cd89b sp=0x000000bdb71f8170
Event: 26.861 Thread 0x00000237f72a0000 DEOPT UNPACKING pc=0x00000237e025a93f sp=0x000000bdb71f75e0 mode 0
Event: 26.924 Thread 0x00000237f72a0000 DEOPT PACKING pc=0x00000237e19cd89b sp=0x000000bdb71f8170
Event: 26.924 Thread 0x00000237f72a0000 DEOPT UNPACKING pc=0x00000237e025a93f sp=0x000000bdb71f75e0 mode 0
Event: 26.933 Thread 0x00000237f72a0000 DEOPT PACKING pc=0x00000237e1836de9 sp=0x000000bdb71f7e70
Event: 26.933 Thread 0x00000237f72a0000 DEOPT UNPACKING pc=0x00000237e025a93f sp=0x000000bdb71f73b0 mode 0
Event: 26.952 Thread 0x00000237f72a0000 DEOPT PACKING pc=0x00000237e19cd89b sp=0x000000bdb71f8110
Event: 26.952 Thread 0x00000237f72a0000 DEOPT UNPACKING pc=0x00000237e025a93f sp=0x000000bdb71f7580 mode 0
Event: 26.972 Thread 0x00000237f72a0000 DEOPT PACKING pc=0x00000237e19cd89b sp=0x000000bdb71f8170
Event: 26.972 Thread 0x00000237f72a0000 DEOPT UNPACKING pc=0x00000237e025a93f sp=0x000000bdb71f75e0 mode 0

Classes redefined (0 events):
No events

Internal exceptions (20 events):
Event: 23.932 Thread 0x00000237f72a0000 Exception <a 'java/lang/ClassNotFoundException'{0x00000000a72758c8}: java/util/HashMapBeanInfo> (0x00000000a72758c8) thrown at [./src/hotspot/share/classfile/systemDictionary.cpp, line 231]
Event: 23.933 Thread 0x00000237f72a0000 Exception <a 'java/lang/ClassNotFoundException'{0x00000000a727eeb0}: java/util/AbstractMapBeanInfo> (0x00000000a727eeb0) thrown at [./src/hotspot/share/classfile/systemDictionary.cpp, line 231]
Event: 23.933 Thread 0x00000237f72a0000 Exception <a 'java/lang/ClassNotFoundException'{0x00000000a7288000}: java/util/AbstractMapCustomizer> (0x00000000a7288000) thrown at [./src/hotspot/share/classfile/systemDictionary.cpp, line 231]
Event: 23.934 Thread 0x00000237f72a0000 Exception <a 'java/lang/ClassNotFoundException'{0x00000000a729aee0}: java/util/HashMapCustomizer> (0x00000000a729aee0) thrown at [./src/hotspot/share/classfile/systemDictionary.cpp, line 231]
Event: 23.935 Thread 0x00000237f72a0000 Exception <a 'java/lang/ClassNotFoundException'{0x00000000a72bbd38}: java/util/LinkedHashMapCustomizer> (0x00000000a72bbd38) thrown at [./src/hotspot/share/classfile/systemDictionary.cpp, line 231]
Event: 24.711 Thread 0x00000237f72a0000 Exception <a 'sun/nio/fs/WindowsException'{0x00000000a76b7e78}> (0x00000000a76b7e78) thrown at [./src/hotspot/share/prims/jni.cpp, line 615]
Event: 24.713 Thread 0x00000237f72a0000 Exception <a 'sun/nio/fs/WindowsException'{0x00000000a76b8240}> (0x00000000a76b8240) thrown at [./src/hotspot/share/prims/jni.cpp, line 615]
Event: 25.040 Thread 0x00000237f72a0000 Exception <a 'java/lang/NullPointerException'{0x00000000a75112b8}> (0x00000000a75112b8) thrown at [./src/hotspot/share/interpreter/linkResolver.cpp, line 1440]
Event: 25.197 Thread 0x00000237f72a0000 Implicit null exception at 0x00000237e80f5da2 to 0x00000237e80fe98c
Event: 25.402 Thread 0x00000237f72a0000 Exception <a 'java/lang/NoSuchMethodError'{0x00000000a78883d8}: 'int java.lang.invoke.DirectMethodHandle$Holder.invokeStatic(java.lang.Object, java.lang.Object, int, java.lang.Object)'> (0x00000000a78883d8) thrown at [./src/hotspot/share/interpreter/linkResolver.cpp, line 773]
Event: 25.530 Thread 0x00000237f72a0000 Exception <a 'sun/nio/fs/WindowsException'{0x00000000a77ba230}> (0x00000000a77ba230) thrown at [./src/hotspot/share/prims/jni.cpp, line 615]
Event: 25.530 Thread 0x00000237f72a0000 Exception <a 'sun/nio/fs/WindowsException'{0x00000000a77bb300}> (0x00000000a77bb300) thrown at [./src/hotspot/share/prims/jni.cpp, line 615]
Event: 25.530 Thread 0x00000237f72a0000 Exception <a 'sun/nio/fs/WindowsException'{0x00000000a77bc420}> (0x00000000a77bc420) thrown at [./src/hotspot/share/prims/jni.cpp, line 615]
Event: 25.530 Thread 0x00000237f72a0000 Exception <a 'sun/nio/fs/WindowsException'{0x00000000a77bd540}> (0x00000000a77bd540) thrown at [./src/hotspot/share/prims/jni.cpp, line 615]
Event: 25.901 Thread 0x00000237f72a0000 Exception <a 'java/lang/NoSuchMethodError'{0x00000000a7a872d8}: 'int java.lang.invoke.DirectMethodHandle$Holder.invokeSpecialIFC(java.lang.Object, java.lang.Object, java.lang.Object)'> (0x00000000a7a872d8) thrown at [./src/hotspot/share/interpreter/linkResolver.cpp, line 773]
Event: 26.016 Thread 0x00000237f72a0000 Exception <a 'java/lang/NoSuchMethodError'{0x00000000a777bda0}: 'java.lang.Object java.lang.invoke.Invokers$Holder.linkToTargetMethod(java.lang.Object, java.lang.Object, java.lang.Object, int, java.lang.Object, java.lang.Object)'> (0x00000000a777bda0) thrown at [./src/hotspot/share/interpreter/linkResolver.cpp, line 773]
Event: 26.303 Thread 0x00000237f72a0000 Exception <a 'java/lang/NoSuchMethodError'{0x00000000a8bd3178}: 'void java.lang.invoke.DirectMethodHandle$Holder.invokeStatic(java.lang.Object, java.lang.Object, java.lang.Object, java.lang.Object, int, java.lang.Object, java.lang.Object)'> (0x00000000a8bd3178) thrown at [./src/hotspot/share/interpreter/linkResolver.cpp, line 773]
Event: 26.322 Thread 0x00000237f72a0000 Exception <a 'java/lang/IncompatibleClassChangeError'{0x00000000a89942b8}: Found class java.lang.Object, but interface was expected> (0x00000000a89942b8) thrown at [./src/hotspot/share/interpreter/linkResolver.cpp, line 839]
Event: 26.369 Thread 0x00000237fbf8e000 Exception <a 'java/lang/IncompatibleClassChangeError'{0x00000000a87cfe48}: Found class java.lang.Object, but interface was expected> (0x00000000a87cfe48) thrown at [./src/hotspot/share/interpreter/linkResolver.cpp, line 839]
Event: 26.395 Thread 0x00000237fbf8e000 Exception <a 'java/lang/NoSuchMethodError'{0x00000000a9794b48}: 'int java.lang.invoke.DirectMethodHandle$Holder.invokeStaticInit(java.lang.Object, java.lang.Object, java.lang.Object, java.lang.Object, java.lang.Object)'> (0x00000000a9794b48) thrown at [./src/hotspot/share/interpreter/linkResolver.cpp, line 773]

Events (20 events):
Event: 26.898 loading class org/gradle/internal/component/external/model/ModuleComponentArtifactMetadata
Event: 26.898 loading class org/gradle/internal/component/external/model/ModuleComponentArtifactMetadata done
Event: 26.899 loading class org/gradle/internal/component/external/model/maven/RealisedMavenModuleResolveMetadata
Event: 26.899 loading class org/gradle/internal/component/external/model/maven/RealisedMavenModuleResolveMetadata done
Event: 26.901 loading class org/gradle/internal/component/external/model/AbstractRealisedModuleComponentResolveMetadata
Event: 26.901 loading class org/gradle/internal/component/external/model/AbstractRealisedModuleComponentResolveMetadata done
Event: 26.902 loading class org/gradle/internal/resolve/caching/ComponentMetadataRuleExecutor$SimpleResolvedModuleVersion
Event: 26.902 loading class org/gradle/internal/resolve/caching/ComponentMetadataRuleExecutor$SimpleResolvedModuleVersion done
Event: 26.907 loading class org/gradle/internal/component/external/model/ModuleComponentArtifactMetadata
Event: 26.907 loading class org/gradle/internal/component/external/model/ModuleComponentArtifactMetadata done
Event: 26.955 loading class org/gradle/internal/component/external/model/RealisedVariantBackedConfigurationMetadata
Event: 26.955 loading class org/gradle/internal/component/external/model/RealisedVariantBackedConfigurationMetadata done
Event: 26.957 loading class org/gradle/internal/component/external/model/RealisedVariantBackedConfigurationMetadata$ComponentAttributesAwareVariant
Event: 26.957 loading class org/gradle/internal/component/external/model/RealisedVariantBackedConfigurationMetadata$ComponentAttributesAwareVariant done
Event: 26.958 loading class org/gradle/api/internal/attributes/DefaultAttributesSchema$ExtraAttributesEntry
Event: 26.958 loading class org/gradle/api/internal/attributes/DefaultAttributesSchema$ExtraAttributesEntry done
Event: 26.959 loading class org/gradle/internal/component/model/AttributeSelectionUtils
Event: 26.959 loading class org/gradle/internal/component/model/AttributeSelectionUtils done
Event: 26.960 loading class org/gradle/internal/component/model/DefaultMultipleCandidateResult
Event: 26.960 loading class org/gradle/internal/component/model/DefaultMultipleCandidateResult done


Dynamic libraries:
0x00007ff68b140000 - 0x00007ff68b14a000 	C:\Program Files\Android\Android Studio\jre\bin\java.exe
0x00007ffbfcd90000 - 0x00007ffbfcf88000 	C:\WINDOWS\SYSTEM32\ntdll.dll
0x00007ffbfae00000 - 0x00007ffbfaebf000 	C:\WINDOWS\System32\KERNEL32.DLL
0x00007ffbfaa00000 - 0x00007ffbfacf6000 	C:\WINDOWS\System32\KERNELBASE.dll
0x00007ffbfa590000 - 0x00007ffbfa690000 	C:\WINDOWS\System32\ucrtbase.dll
0x00007ffbe2040000 - 0x00007ffbe2059000 	C:\Program Files\Android\Android Studio\jre\bin\jli.dll
0x00007ffbfbab0000 - 0x00007ffbfbc4d000 	C:\WINDOWS\System32\USER32.dll
0x00007ffbfa9d0000 - 0x00007ffbfa9f2000 	C:\WINDOWS\System32\win32u.dll
0x00007ffbfb950000 - 0x00007ffbfb97c000 	C:\WINDOWS\System32\GDI32.dll
0x00007ffbfa880000 - 0x00007ffbfa995000 	C:\WINDOWS\System32\gdi32full.dll
0x00007ffbfad50000 - 0x00007ffbfaded000 	C:\WINDOWS\System32\msvcp_win.dll
0x00007ffbde240000 - 0x00007ffbde257000 	C:\Program Files\Android\Android Studio\jre\bin\VCRUNTIME140.dll
0x00007ffbedea0000 - 0x00007ffbee13a000 	C:\WINDOWS\WinSxS\amd64_microsoft.windows.common-controls_6595b64144ccf1df_6.0.19041.1110_none_60b5254171f9507e\COMCTL32.dll
0x00007ffbfc920000 - 0x00007ffbfc9be000 	C:\WINDOWS\System32\msvcrt.dll
0x00007ffbfca80000 - 0x00007ffbfcab0000 	C:\WINDOWS\System32\IMM32.DLL
0x00007ffbd6af0000 - 0x00007ffbd6b8d000 	C:\Program Files\Android\Android Studio\jre\bin\msvcp140.dll
0x00007ffbc6f20000 - 0x00007ffbc7a05000 	C:\Program Files\Android\Android Studio\jre\bin\server\jvm.dll
0x00007ffbfc2c0000 - 0x00007ffbfc36f000 	C:\WINDOWS\System32\ADVAPI32.dll
0x00007ffbfcba0000 - 0x00007ffbfcc3c000 	C:\WINDOWS\System32\sechost.dll
0x00007ffbfbe30000 - 0x00007ffbfbf56000 	C:\WINDOWS\System32\RPCRT4.dll
0x00007ffbfaec0000 - 0x00007ffbfaec8000 	C:\WINDOWS\System32\PSAPI.DLL
0x00007ffbe5e00000 - 0x00007ffbe5e09000 	C:\WINDOWS\SYSTEM32\WSOCK32.dll
0x00007ffbfcb30000 - 0x00007ffbfcb9b000 	C:\WINDOWS\System32\WS2_32.dll
0x00007ffbeda30000 - 0x00007ffbeda57000 	C:\WINDOWS\SYSTEM32\WINMM.dll
0x00007ffbf5350000 - 0x00007ffbf535a000 	C:\WINDOWS\SYSTEM32\VERSION.dll
0x00007ffbf8350000 - 0x00007ffbf8362000 	C:\WINDOWS\SYSTEM32\kernel.appcore.dll
0x00007ffbf1aa0000 - 0x00007ffbf1ab1000 	C:\Program Files\Android\Android Studio\jre\bin\verify.dll
0x00007ffbe5bc0000 - 0x00007ffbe5da4000 	C:\WINDOWS\SYSTEM32\DBGHELP.DLL
0x00007ffbe6230000 - 0x00007ffbe6264000 	C:\WINDOWS\SYSTEM32\dbgcore.DLL
0x00007ffbfa7f0000 - 0x00007ffbfa872000 	C:\WINDOWS\System32\bcryptPrimitives.dll
0x00007ffbeea90000 - 0x00007ffbeeab9000 	C:\Program Files\Android\Android Studio\jre\bin\java.dll
0x00007ffbf3070000 - 0x00007ffbf307b000 	C:\Program Files\Android\Android Studio\jre\bin\jimage.dll
0x00007ffbf1280000 - 0x00007ffbf1298000 	C:\Program Files\Android\Android Studio\jre\bin\zip.dll
0x00007ffbfb1a0000 - 0x00007ffbfb8e4000 	C:\WINDOWS\System32\SHELL32.dll
0x00007ffbf8550000 - 0x00007ffbf8ce3000 	C:\WINDOWS\SYSTEM32\windows.storage.dll
0x00007ffbfbf60000 - 0x00007ffbfc2b4000 	C:\WINDOWS\System32\combase.dll
0x00007ffbf9df0000 - 0x00007ffbf9e1e000 	C:\WINDOWS\SYSTEM32\Wldp.dll
0x00007ffbfc9c0000 - 0x00007ffbfca6d000 	C:\WINDOWS\System32\SHCORE.dll
0x00007ffbfb8f0000 - 0x00007ffbfb945000 	C:\WINDOWS\System32\shlwapi.dll
0x00007ffbfa3b0000 - 0x00007ffbfa3cf000 	C:\WINDOWS\SYSTEM32\profapi.dll
0x00007ffbeea70000 - 0x00007ffbeea8a000 	C:\Program Files\Android\Android Studio\jre\bin\net.dll
0x00007ffbf4620000 - 0x00007ffbf472a000 	C:\WINDOWS\SYSTEM32\WINHTTP.dll
0x00007ffbf9b50000 - 0x00007ffbf9bba000 	C:\WINDOWS\system32\mswsock.dll
0x00007ffbee730000 - 0x00007ffbee744000 	C:\Program Files\Android\Android Studio\jre\bin\nio.dll
0x00007ffbd9c30000 - 0x00007ffbd9c57000 	C:\Users\User\.gradle\native\e1d6ef7f7dcc3fd88c89a11ec53ec762bb8ba0a96d01ffa2cd45eb1d1d8dd5c5\windows-amd64\native-platform.dll
0x00007ffbd69a0000 - 0x00007ffbd6ae4000 	C:\Users\User\.gradle\native\5664cfc778a61ccfe75a443a1ab52a65af34e5dc3c78e0209fed803814484fcb\windows-amd64\native-platform-file-events.dll
0x00007ffbf0eb0000 - 0x00007ffbf0eba000 	C:\Program Files\Android\Android Studio\jre\bin\management.dll
0x00007ffbeea60000 - 0x00007ffbeea6d000 	C:\Program Files\Android\Android Studio\jre\bin\management_ext.dll
0x00007ffbf9d50000 - 0x00007ffbf9d68000 	C:\WINDOWS\SYSTEM32\CRYPTSP.dll
0x00007ffbf9470000 - 0x00007ffbf94a4000 	C:\WINDOWS\system32\rsaenh.dll
0x00007ffbfa9a0000 - 0x00007ffbfa9c7000 	C:\WINDOWS\System32\bcrypt.dll
0x00007ffbfa370000 - 0x00007ffbfa39e000 	C:\WINDOWS\SYSTEM32\USERENV.dll
0x00007ffbf9d40000 - 0x00007ffbf9d4c000 	C:\WINDOWS\SYSTEM32\CRYPTBASE.dll
0x00007ffbf9840000 - 0x00007ffbf987c000 	C:\WINDOWS\SYSTEM32\IPHLPAPI.DLL
0x00007ffbfca70000 - 0x00007ffbfca78000 	C:\WINDOWS\System32\NSI.dll
0x00007ffbf4e70000 - 0x00007ffbf4e87000 	C:\WINDOWS\SYSTEM32\dhcpcsvc6.DLL
0x00007ffbf4fe0000 - 0x00007ffbf4ffd000 	C:\WINDOWS\SYSTEM32\dhcpcsvc.DLL
0x00007ffbf9880000 - 0x00007ffbf994b000 	C:\WINDOWS\SYSTEM32\DNSAPI.dll

dbghelp: loaded successfully - version: 4.0.5 - missing functions: none
symbol engine: initialized successfully - sym options: 0x614 - pdb path: .;C:\Program Files\Android\Android Studio\jre\bin;C:\WINDOWS\SYSTEM32;C:\WINDOWS\WinSxS\amd64_microsoft.windows.common-controls_6595b64144ccf1df_6.0.19041.1110_none_60b5254171f9507e;C:\Program Files\Android\Android Studio\jre\bin\server;C:\Users\User\.gradle\native\e1d6ef7f7dcc3fd88c89a11ec53ec762bb8ba0a96d01ffa2cd45eb1d1d8dd5c5\windows-amd64;C:\Users\User\.gradle\native\5664cfc778a61ccfe75a443a1ab52a65af34e5dc3c78e0209fed803814484fcb\windows-amd64

VM Arguments:
jvm_args: --add-opens=java.base/java.util=ALL-UNNAMED --add-opens=java.base/java.lang=ALL-UNNAMED --add-opens=java.base/java.lang.invoke=ALL-UNNAMED --add-opens=java.base/java.util=ALL-UNNAMED --add-opens=java.prefs/java.util.prefs=ALL-UNNAMED --add-opens=java.prefs/java.util.prefs=ALL-UNNAMED --add-opens=java.base/java.nio.charset=ALL-UNNAMED --add-opens=java.base/java.net=ALL-UNNAMED --add-opens=java.base/java.util.concurrent.atomic=ALL-UNNAMED -Xmx1536m -Dfile.encoding=windows-1251 -Duser.country=RU -Duser.language=ru -Duser.variant 
java_command: org.gradle.launcher.daemon.bootstrap.GradleDaemon 7.3.3
java_class_path (initial): C:\Users\User\.gradle\wrapper\dists\gradle-7.3.3-bin\6a41zxkdtcxs8rphpq6y0069z\gradle-7.3.3\lib\gradle-launcher-7.3.3.jar
Launcher Type: SUN_STANDARD

[Global flags]
     intx CICompilerCount                          = 3                                         {product} {ergonomic}
     uint ConcGCThreads                            = 1                                         {product} {ergonomic}
     uint G1ConcRefinementThreads                  = 4                                         {product} {ergonomic}
   size_t G1HeapRegionSize                         = 1048576                                   {product} {ergonomic}
    uintx GCDrainStackTargetSize                   = 64                                        {product} {ergonomic}
   size_t InitialHeapSize                          = 132120576                                 {product} {ergonomic}
   size_t MarkStackSize                            = 4194304                                   {product} {ergonomic}
   size_t MaxHeapSize                              = 1610612736                                {product} {command line}
   size_t MaxNewSize                               = 965738496                                 {product} {ergonomic}
   size_t MinHeapDeltaBytes                        = 1048576                                   {product} {ergonomic}
    uintx NonNMethodCodeHeapSize                   = 5830732                                {pd product} {ergonomic}
    uintx NonProfiledCodeHeapSize                  = 122913754                              {pd product} {ergonomic}
    uintx ProfiledCodeHeapSize                     = 122913754                              {pd product} {ergonomic}
    uintx ReservedCodeCacheSize                    = 251658240                              {pd product} {ergonomic}
     bool SegmentedCodeCache                       = true                                      {product} {ergonomic}
     bool UseCompressedClassPointers               = true                                 {lp64_product} {ergonomic}
     bool UseCompressedOops                        = true                                 {lp64_product} {ergonomic}
     bool UseG1GC                                  = true                                      {product} {ergonomic}
     bool UseLargePagesIndividualAllocation        = false                                  {pd product} {ergonomic}

Logging:
Log output configuration:
 #0: stdout all=warning uptime,level,tags
 #1: stderr all=off uptime,level,tags

Environment Variables:
PATH=C:\Program Files (x86)\Common Files\Intel\Shared Libraries\redist\intel64_win\compiler;C:\Program Files\Python38\Scripts\;C:\Program Files\Python38\;C:\Program Files (x86)\Windows Kits\10\bin\10.0.19041.0\x64;C:\ProgramData\Oracle\Java\javapath;C:\WINDOWS\system32;C:\WINDOWS;C:\WINDOWS\System32\Wbem;C:\WINDOWS\System32\WindowsPowerShell\v1.0\;C:\WINDOWS\System32\OpenSSH\;D:\OpenCV\build\x64\vc14\bin;D:\Embarcadero\Studio\19.0\bin;C:\Users\Public\Documents\Embarcadero\Studio\19.0\Bpl;c:\Program Files\Microsoft Visual Studio\2022\Community\VC\Tools\MSVC\14.33.31629\bin\Hostx64\x64\;c:\Users\User\AppData\Local\Programs\Python\Python310\;c:\Users\User\AppData\Local\Programs\Python\Python310\Scripts\;C:\Users\User\AppData\Local\Programs\Python\Python310\python.exe;C:\Program Files\Git\cmd;C:\Program Files\WireGuard\;C:\Program Files\nodejs\;C:\Users\User\AppData\Local\Programs\Python\Python38\Scripts\;C:\Users\User\AppData\Local\Programs\Python\Python38\;C:\Users\User\AppData\Local\Programs\Python\Python310\Scripts\;C:\Users\User\AppData\Local\Programs\Python\Python310\;C:\Users\User\AppData\Local\Microsoft\WindowsApps;"c:\Windows;c:\Windows\system32";C:\Program Files\JetBrains\PyCharm Community Edition 2022.2.1\bin;;C:\Program Files\JetBrains\IntelliJ IDEA Community Edition 2022.1\bin;;C:\Users\User\AppData\Local\Programs\Python\Python310\python.exe;C:\Users\User\AppData\Roaming\npm;C:\Users\User\AppData\Local\Programs\Microsoft VS Code\bin
USERNAME=User
OS=Windows_NT
PROCESSOR_IDENTIFIER=Intel64 Family 6 Model 158 Stepping 10, GenuineIntel



---------------  S Y S T E M  ---------------

OS: Windows 10 , 64 bit Build 19041 (10.0.19041.2913)
OS uptime: 5 days 0:14 hours

CPU:total 4 (initial active 4) (2 cores per cpu, 2 threads per core) family 6 model 158 stepping 10 microcode 0xb4, cmov, cx8, fxsr, mmx, sse, sse2, sse3, ssse3, sse4.1, sse4.2, popcnt, aes, clmul, erms, 3dnowpref, lzcnt, ht, tsc, tscinvbit

Memory: 4k page, system-wide physical 8063M (499M free)
TotalPageFile size 8063M (AvailPageFile size 5M)
current process WorkingSet (physical memory assigned to process): 403M, peak: 406M
current process commit charge ("private bytes"): 441M, peak: 444M

vm_info: OpenJDK 64-Bit Server VM (11.0.12+7-b1504.28-7817840) for windows-amd64 JRE (11.0.12+7-b1504.28-7817840), built on Oct 13 2021 22:12:33 by "builder" with MS VC++ 14.0 (VS2015)

END.
