JvmtiExport can_access_local_variables 0
JvmtiExport can_hotswap_or_post_breakpoint 0
JvmtiExport can_post_on_exceptions 0
# 736 ciObject found
instanceKlass com/android/bundle/Errors$BundleToolError$ErrorType$1
instanceKlass com/android/tools/build/bundletool/model/exceptions/CommandExecutionException$$Lambda$2569
instanceKlass com/android/tools/build/bundletool/model/exceptions/CommandExecutionException$$Lambda$2570
instanceKlass com/android/tools/build/bundletool/model/exceptions/InternalExceptionBuilder$ExceptionCreator
instanceKlass com/android/tools/build/bundletool/model/exceptions/InternalExceptionBuilder
instanceKlass org/gradle/api/internal/artifacts/ivyservice/resolveengine/graph/builder/ResolveState$1
instanceKlass javax/crypto/spec/OAEPParameterSpec
instanceKlass com/android/tools/r8/code/M0$$Lambda$2568
instanceKlass com/android/tools/r8/code/M0$$Lambda$2567
instanceKlass com/android/tools/r8/code/M0$$Lambda$2566
instanceKlass com/android/tools/r8/code/M0$$Lambda$2565
instanceKlass org/gradle/api/internal/artifacts/repositories/metadata/DefaultMavenImmutableAttributesFactory$1
instanceKlass org/gradle/api/internal/artifacts/ivyservice/resolutionstrategy/DefaultCachePolicy$1
instanceKlass com/google/common/util/concurrent/Futures$1
instanceKlass org/gradle/internal/operations/DefaultBuildOperationQueue$1
instanceKlass com/android/tools/r8/graph/m0
instanceKlass org/gradle/api/internal/tasks/compile/incremental/compilerapi/deps/DependentsSet$1
instanceKlass org/gradle/internal/typeconversion/NotationConverterToNotationParserAdapter$1
instanceKlass com/android/tools/build/bundletool/model/AutoValue_ModuleEntry$1
instanceKlass com/sun/tools/javac/comp/Check$$Lambda$2564
instanceKlass com/sun/tools/javac/comp/DeferredAttr$$Lambda$2563
instanceKlass com/sun/tools/javac/tree/TreeInfo$PosKind$$Lambda$2562
instanceKlass com/sun/tools/javac/tree/TreeInfo$PosKind$$Lambda$2561
instanceKlass com/sun/tools/javac/tree/TreeInfo$PosKind$$Lambda$2560
instanceKlass com/sun/tools/javac/comp/Infer$4
instanceKlass com/sun/tools/javac/comp/Lower$EnumMapping
instanceKlass com/sun/tools/javac/comp/ConstFold$1
instanceKlass com/sun/tools/javac/code/Types$MembersClosureCache$MembersScope$$Lambda$2559
instanceKlass com/sun/tools/javac/tree/TreeInfo$1
instanceKlass java/nio/file/Path$1
instanceKlass com/sun/tools/javac/comp/TypeEnter$$Lambda$2558
instanceKlass com/sun/tools/javac/comp/TypeEnter$$Lambda$2557
instanceKlass com/sun/tools/javac/comp/TypeEnter$$Lambda$2556
instanceKlass com/sun/tools/javac/comp/TypeEnter$$Lambda$2555
instanceKlass java/util/stream/Collectors$$Lambda$2554
instanceKlass java/util/stream/Collectors$$Lambda$2553
instanceKlass java/util/stream/Collectors$$Lambda$2552
instanceKlass java/util/stream/Collectors$$Lambda$2551
instanceKlass com/sun/tools/javac/parser/JavacParser$$Lambda$2550
instanceKlass com/sun/tools/javac/parser/LazyDocCommentTable$Entry
instanceKlass org/gradle/internal/snapshot/SnapshotUtil$$Lambda$2549
instanceKlass org/gradle/api/internal/tasks/execution/TaskExecution$PreviousOutputFileCollection$$Lambda$2548
instanceKlass org/gradle/api/internal/tasks/execution/TaskExecution$PreviousOutputFileCollection$$Lambda$2547
instanceKlass org/gradle/api/internal/tasks/execution/TaskExecution$PreviousOutputFileCollection$$Lambda$2546
instanceKlass org/gradle/api/internal/tasks/execution/TaskExecution$PreviousOutputFileCollection$$Lambda$2545
instanceKlass org/gradle/internal/execution/steps/RemovePreviousOutputsStep$3
instanceKlass org/gradle/internal/execution/steps/RemovePreviousOutputsStep$2
instanceKlass org/gradle/internal/execution/steps/RemovePreviousOutputsStep$$Lambda$2544
instanceKlass org/gradle/internal/execution/history/changes/NonIncrementalInputChanges
instanceKlass org/gradle/internal/fingerprint/impl/DefaultFileCollectionSnapshotter$1
instanceKlass java/net/UrlDeserializedState
instanceKlass org/gradle/internal/serialize/NestedExceptionPlaceholder
instanceKlass org/gradle/internal/serialize/ExceptionPlaceholder$2
instanceKlass org/gradle/internal/serialize/StackTraceElementPlaceholder
instanceKlass org/gradle/internal/serialize/ExceptionReplacingObjectOutputStream$2
instanceKlass org/gradle/internal/serialize/PlaceholderExceptionSupport
instanceKlass org/gradle/internal/serialize/ExceptionPlaceholder
instanceKlass org/gradle/tooling/internal/provider/serialization/WellKnownClassLoaderRegistry$1
instanceKlass org/gradle/tooling/internal/provider/serialization/DefaultPayloadClassLoaderRegistry$1
instanceKlass org/gradle/internal/buildevents/BuildExceptionReporter$$Lambda$2543
instanceKlass org/gradle/internal/logging/text/BufferingStyledTextOutput$ChangeStyleAction
instanceKlass org/gradle/internal/buildevents/BuildExceptionReporter$$Lambda$2542
instanceKlass org/gradle/internal/buildevents/BuildExceptionReporter$ContextImpl
instanceKlass org/gradle/internal/logging/text/BufferingStyledTextOutput$1
instanceKlass org/gradle/internal/buildevents/BuildExceptionReporter$FailureDetails
instanceKlass java/util/logging/LogRecord
instanceKlass org/codehaus/groovy/runtime/StackTraceUtils
instanceKlass org/gradle/internal/exceptions/Contextual
instanceKlass org/gradle/execution/plan/DefaultExecutionPlan$$Lambda$2541
instanceKlass org/gradle/tooling/internal/consumer/DefaultFailure
instanceKlass org/gradle/tooling/events/internal/DefaultOperationFailureResult
instanceKlass org/gradle/tooling/events/task/TaskFailureResult
instanceKlass org/gradle/tooling/events/FailureResult
instanceKlass java/lang/Throwable$PrintStreamOrWriter
instanceKlass org/gradle/internal/build/event/types/DefaultFailure
instanceKlass org/gradle/tooling/internal/protocol/InternalFailure
instanceKlass org/gradle/internal/execution/history/changes/ChangeDetectorVisitor
instanceKlass org/gradle/internal/execution/steps/StoreExecutionStateStep$$Lambda$2540
instanceKlass com/sun/tools/javac/util/JCDiagnostic$SourcePosition
instanceKlass org/gradle/api/internal/provider/ValueSupplier$1
instanceKlass com/android/tools/r8/graph/Y1
instanceKlass com/android/tools/r8/internal/M2
instanceKlass com/android/tools/r8/internal/lf
instanceKlass com/android/tools/r8/code/W0$$Lambda$2539
instanceKlass com/android/tools/r8/code/W0$$Lambda$2538
instanceKlass com/android/tools/r8/code/W0$$Lambda$2537
instanceKlass com/android/tools/r8/code/W0$$Lambda$2536
instanceKlass com/android/tools/r8/code/W0$$Lambda$2535
instanceKlass com/android/tools/r8/code/W0$$Lambda$2534
instanceKlass com/android/tools/r8/code/W0$$Lambda$2533
instanceKlass com/android/tools/r8/code/W0$$Lambda$2532
instanceKlass com/android/tools/r8/internal/Zb
instanceKlass com/android/tools/r8/internal/Vh
instanceKlass com/android/tools/r8/ir/regalloc/i$$Lambda$2531
instanceKlass com/android/tools/r8/internal/WD
instanceKlass com/android/tools/r8/internal/VD
instanceKlass com/android/tools/r8/internal/q0
instanceKlass com/android/tools/r8/internal/TD
instanceKlass com/android/tools/r8/internal/YD
instanceKlass com/android/tools/r8/internal/pd
instanceKlass com/android/tools/r8/internal/tK
instanceKlass com/android/tools/r8/internal/f6
instanceKlass com/android/tools/r8/internal/PF
instanceKlass com/android/tools/r8/internal/eA
instanceKlass com/android/tools/r8/internal/nf$$Lambda$2530
instanceKlass com/android/tools/r8/internal/mf
instanceKlass com/android/tools/r8/internal/sJ$$Lambda$2529
instanceKlass com/android/tools/r8/internal/h4$$Lambda$2528
instanceKlass com/android/tools/r8/internal/h4$$Lambda$2527
instanceKlass com/android/tools/r8/internal/Pl$$Lambda$2526
instanceKlass com/android/tools/r8/internal/aO$$Lambda$2525
instanceKlass com/android/tools/r8/internal/C8
instanceKlass org/gradle/internal/operations/BuildOperationDescriptor$1
instanceKlass org/gradle/api/internal/provider/AbstractProperty$1
instanceKlass org/gradle/cache/internal/btree/FileBackedBlockStore$1
instanceKlass org/gradle/internal/snapshot/DirectorySnapshot$1$$Lambda$2524
instanceKlass org/gradle/internal/snapshot/DirectorySnapshot$1$$Lambda$2523
instanceKlass org/gradle/internal/snapshot/DirectorySnapshot$1$$Lambda$2522
instanceKlass org/gradle/internal/snapshot/DirectorySnapshot$1$$Lambda$2521
instanceKlass org/gradle/internal/snapshot/DirectorySnapshot$1$$Lambda$2520
instanceKlass org/gradle/internal/snapshot/DirectorySnapshot$1$1
instanceKlass org/gradle/internal/snapshot/DirectorySnapshot$1
instanceKlass org/gradle/workers/internal/WorkerDaemonClientsManager$$Lambda$2519
instanceKlass org/gradle/workers/internal/WorkerDaemonExpiration$SimpleMemoryExpirationSelector
instanceKlass org/gradle/internal/watch/vfs/impl/WatchingVirtualFileSystem$$Lambda$2518
instanceKlass org/gradle/internal/remote/internal/inet/SocketConnection$1
instanceKlass org/gradle/internal/work/DefaultWorkerLeaseService$1
instanceKlass org/gradle/cache/internal/VersionSpecificCacheCleanupAction$CleanupCondition
instanceKlass org/gradle/cache/internal/VersionSpecificCacheDirectory
instanceKlass org/apache/commons/io/filefilter/ConditionalFileFilter
instanceKlass org/apache/commons/io/filefilter/AbstractFileFilter
instanceKlass org/apache/commons/io/filefilter/FileFilterUtils
instanceKlass org/gradle/cache/internal/VersionSpecificCacheCleanupAction$MinimumTimestampProvider
instanceKlass org/gradle/cache/internal/VersionSpecificCacheCleanupAction
instanceKlass org/gradle/cache/internal/SingleDepthFilesFinder$1
instanceKlass org/gradle/cache/internal/NonReservedFileFilter
instanceKlass org/gradle/cache/internal/CleanupActionFactory$BuildOperationCacheCleanupDecorator$1
instanceKlass org/gradle/cache/internal/DefaultCleanupProgressMonitor
instanceKlass org/gradle/internal/session/BuildSessionState$$Lambda$2517
instanceKlass org/gradle/launcher/exec/BuildActionResult
instanceKlass org/gradle/tooling/internal/provider/serialization/SerializedPayload
instanceKlass org/gradle/workers/internal/WorkerDaemonClientsManager$StopSessionScopedWorkers$$Lambda$2516
instanceKlass org/gradle/workers/internal/WorkerDaemonClient
instanceKlass org/gradle/execution/PassThruCancellableOperationManager
instanceKlass org/gradle/cache/internal/DefaultMultiProcessSafePersistentIndexedCache$$Lambda$2515
instanceKlass org/gradle/internal/watch/vfs/impl/WatchingVirtualFileSystem$2$1
instanceKlass org/gradle/internal/watch/vfs/BuildFinishedFileSystemWatchingBuildOperationType$Result
instanceKlass org/gradle/internal/watch/vfs/impl/DefaultFileSystemWatchingStatistics$VirtualFileSystemStatistics
instanceKlass org/gradle/internal/watch/vfs/impl/DefaultFileSystemWatchingStatistics$$Lambda$2514
instanceKlass org/gradle/internal/watch/vfs/impl/DefaultFileSystemWatchingStatistics$$Lambda$2513
instanceKlass org/gradle/internal/watch/vfs/impl/DefaultFileSystemWatchingStatistics
instanceKlass org/gradle/internal/watch/registry/impl/WatchableHierarchies$$Lambda$2512
instanceKlass org/gradle/internal/snapshot/SnapshotHierarchy$NodeDiffListener$1
instanceKlass org/gradle/internal/watch/registry/impl/WatchableHierarchies$$Lambda$2511
instanceKlass org/gradle/internal/watch/registry/impl/WatchableHierarchies$RemoveUnwatchedFiles
instanceKlass org/gradle/internal/watch/registry/impl/WatchableHierarchies$$Lambda$2510
instanceKlass org/gradle/internal/watch/registry/impl/WatchableHierarchies$$Lambda$2509
instanceKlass org/gradle/internal/watch/registry/impl/AbstractFileWatcherUpdater$$Lambda$2508
instanceKlass org/gradle/internal/watch/vfs/impl/WatchingVirtualFileSystem$2$$Lambda$2507
instanceKlass org/gradle/internal/watch/registry/impl/DefaultFileWatcherRegistry$2
instanceKlass org/gradle/internal/watch/registry/impl/DefaultFileWatcherRegistry$$Lambda$2506
instanceKlass org/gradle/internal/watch/vfs/BuildFinishedFileSystemWatchingBuildOperationType$Details$1
instanceKlass org/gradle/internal/watch/vfs/BuildFinishedFileSystemWatchingBuildOperationType$Details
instanceKlass org/gradle/internal/watch/vfs/impl/WatchingVirtualFileSystem$2
instanceKlass org/gradle/internal/watch/vfs/impl/WatchingVirtualFileSystem$$Lambda$2505
instanceKlass org/gradle/api/internal/tasks/execution/statistics/TaskExecutionStatistics
instanceKlass org/gradle/internal/serialize/ExceptionReplacingObjectOutputStream$1
instanceKlass org/gradle/internal/buildevents/TaskExecutionStatisticsReporter
instanceKlass org/gradle/internal/serialize/Message
instanceKlass org/gradle/internal/logging/text/AbstractStyledTextOutput$StyleOverrideTextOutput
instanceKlass org/gradle/internal/buildtree/ProblemReportingBuildActionRunner$$Lambda$2504
instanceKlass org/gradle/api/internal/artifacts/DependencyManagementBuildScopeServices$1$$Lambda$2503
instanceKlass com/google/common/io/Closeables
instanceKlass com/android/builder/internal/aapt/v2/Aapt2DaemonImpl$AllowShutdown
instanceKlass com/android/build/gradle/internal/attribution/BuildAttributionService$Companion$saveAttributionData$1
instanceKlass com/android/builder/utils/ExceptionFunction
instanceKlass com/android/utils/concurrency/ReadWriteProcessLock$$Lambda$2502
instanceKlass com/android/utils/concurrency/ReadWriteProcessLock$$Lambda$2501
instanceKlass com/android/utils/concurrency/ReadWriteProcessLock$$Lambda$2500
instanceKlass com/android/utils/concurrency/ReadWriteProcessLock$$Lambda$2499
instanceKlass com/android/utils/JvmWideVariable$$Lambda$2498
instanceKlass com/android/utils/JvmWideVariable$$Lambda$2497
instanceKlass com/android/utils/JvmWideVariable$$Lambda$2496
instanceKlass com/android/utils/JvmWideVariable$$Lambda$2495
instanceKlass com/google/common/reflect/Types$ClassOwnership$1LocalClass
instanceKlass com/google/common/reflect/Types$ParameterizedTypeImpl
instanceKlass com/google/common/reflect/Reflection
instanceKlass com/google/common/reflect/Types$TypeVariableInvocationHandler
instanceKlass com/google/common/reflect/Types$TypeVariableImpl
instanceKlass com/google/common/reflect/Types$1
instanceKlass com/google/common/reflect/Types
instanceKlass com/google/common/reflect/Types$NativeTypeVariableEquals
instanceKlass com/google/common/reflect/TypeResolver$TypeVariableKey
instanceKlass com/google/common/reflect/TypeResolver$TypeTable
instanceKlass com/google/common/reflect/TypeResolver
instanceKlass com/android/utils/JvmWideVariable$ValueWrapper
instanceKlass com/android/utils/JvmWideVariable$ValueWrapperMBean
instanceKlass com/android/utils/JvmWideVariable$$Lambda$2494
instanceKlass com/android/utils/JvmWideVariable
instanceKlass com/android/utils/concurrency/ReadWriteProcessLock$$Lambda$2493
instanceKlass com/google/common/base/Verify
instanceKlass com/android/utils/concurrency/ReadWriteProcessLock$WriteLock
instanceKlass com/android/utils/concurrency/ReadWriteProcessLock$ReadLock
instanceKlass com/google/common/reflect/TypeCapture
instanceKlass com/android/utils/concurrency/ReadWriteProcessLock$Lock
instanceKlass com/android/utils/concurrency/ReadWriteProcessLock
instanceKlass com/android/builder/utils/SynchronizedFile
instanceKlass com/android/ide/common/attribution/AndroidGradlePluginAttributionData$Companion
instanceKlass com/android/ide/common/attribution/AndroidGradlePluginAttributionData
instanceKlass org/gradle/api/services/internal/BuildServiceProvider$$Lambda$2492
instanceKlass org/gradle/api/internal/artifacts/DependencyManagementGradleUserHomeScopeServices$2$$Lambda$2491
instanceKlass org/gradle/internal/build/DefaultBuildLifecycleController$$Lambda$2490
instanceKlass org/gradle/composite/internal/DefaultIncludedBuildRegistry$$Lambda$2489
instanceKlass org/gradle/internal/buildtree/DefaultBuildTreeFinishExecutor$$Lambda$2488
instanceKlass org/gradle/composite/internal/DefaultIncludedBuildTaskGraph$$Lambda$2487
instanceKlass java/util/concurrent/ConcurrentLinkedQueue$$Lambda$2486
instanceKlass com/google/common/cache/LocalCache$WriteThroughEntry
instanceKlass com/google/common/cache/LocalCache$HashIterator
instanceKlass org/gradle/execution/taskgraph/DefaultTaskExecutionGraph$$Lambda$2485
instanceKlass org/gradle/execution/plan/DefaultPlanExecutor$$Lambda$2484
instanceKlass com/android/tools/build/bundletool/commands/ExtractApksCommand$$Lambda$2483
instanceKlass com/android/tools/build/bundletool/commands/ExtractApksCommand$$Lambda$2482
instanceKlass com/android/tools/build/bundletool/device/ApkMatcher$$Lambda$2481
instanceKlass com/android/tools/build/bundletool/device/ApkMatcher$$Lambda$2480
instanceKlass com/android/tools/build/bundletool/device/ApkMatcher$$Lambda$2479
instanceKlass com/android/tools/build/bundletool/device/ApkMatcher$$Lambda$2478
instanceKlass com/android/tools/build/bundletool/device/ApkMatcher$$Lambda$2477
instanceKlass com/android/tools/build/bundletool/device/ApkMatcher$$Lambda$2476
instanceKlass com/android/tools/build/bundletool/device/ApkMatcher$GeneratedApk
instanceKlass com/android/tools/build/bundletool/device/ApkMatcher$$Lambda$2475
instanceKlass com/android/tools/build/bundletool/device/ApkMatcher$$Lambda$2474
instanceKlass com/google/common/base/Predicates$1
instanceKlass java/util/function/Predicate$$Lambda$2473
instanceKlass com/android/tools/build/bundletool/device/ScreenDensityMatcher$$Lambda$2472
instanceKlass com/android/tools/build/bundletool/device/ScreenDensityMatcher$$Lambda$2471
instanceKlass com/android/tools/build/bundletool/device/TargetingDimensionMatcher$$Lambda$2470
instanceKlass com/android/tools/build/bundletool/device/TargetingDimensionMatcher$$Lambda$2469
instanceKlass com/android/tools/build/bundletool/device/ApkMatcher$$Lambda$2468
instanceKlass com/android/tools/build/bundletool/device/ApkMatcher$$Lambda$2467
instanceKlass com/android/tools/build/bundletool/device/ApkMatcher$$Lambda$2466
instanceKlass com/android/tools/build/bundletool/device/ApkMatcher$$Lambda$2465
instanceKlass com/android/tools/build/bundletool/device/ApkMatcher$$Lambda$2464
instanceKlass com/android/tools/build/bundletool/device/ApkMatcher$$Lambda$2463
instanceKlass com/android/tools/build/bundletool/model/utils/ModuleDependenciesUtils$$Lambda$2462
instanceKlass com/android/tools/build/bundletool/model/utils/ModuleDependenciesUtils$$Lambda$2461
instanceKlass com/android/tools/build/bundletool/device/OpenGlFeatureMatcher$$Lambda$2460
instanceKlass com/android/tools/build/bundletool/device/OpenGlFeatureMatcher$$Lambda$2459
instanceKlass com/android/tools/build/bundletool/device/OpenGlFeatureMatcher$$Lambda$2458
instanceKlass com/android/tools/build/bundletool/device/OpenGlFeatureMatcher$$Lambda$2457
instanceKlass com/android/tools/build/bundletool/device/DeviceFeatureMatcher$$Lambda$2456
instanceKlass com/android/tools/build/bundletool/device/DeviceFeatureMatcher$$Lambda$2455
instanceKlass com/android/tools/build/bundletool/device/DeviceFeatureMatcher$$Lambda$2454
instanceKlass com/android/bundle/Targeting$DeviceFeatureOrBuilder
instanceKlass com/android/bundle/Targeting$DeviceFeatureTargetingOrBuilder
instanceKlass com/android/tools/build/bundletool/device/TargetingDimensionMatcher$$Lambda$2453
instanceKlass com/android/tools/build/bundletool/device/TargetingDimensionMatcher$$Lambda$2452
instanceKlass com/android/tools/build/bundletool/device/ModuleMatcher$$Lambda$2451
instanceKlass com/android/tools/build/bundletool/device/ApkMatcher$$Lambda$2450
instanceKlass com/android/tools/build/bundletool/device/ApkMatcher$$Lambda$2449
instanceKlass com/android/tools/build/bundletool/device/ApkMatcher$$Lambda$2448
instanceKlass com/android/tools/build/bundletool/device/ApkMatcher$$Lambda$2447
instanceKlass com/android/tools/build/bundletool/device/TargetingDimensionMatcher$$Lambda$2446
instanceKlass com/android/tools/build/bundletool/device/VariantMatcher$$Lambda$2445
instanceKlass com/android/tools/build/bundletool/device/VariantMatcher$$Lambda$2444
instanceKlass com/android/tools/build/bundletool/device/SdkVersionMatcher$$Lambda$2443
instanceKlass com/android/tools/build/bundletool/device/VariantMatcher$$Lambda$2442
instanceKlass com/android/tools/build/bundletool/device/VariantMatcher$$Lambda$2441
instanceKlass com/android/tools/build/bundletool/device/VariantMatcher$$Lambda$2440
instanceKlass com/android/tools/build/bundletool/device/VariantMatcher$$Lambda$2439
instanceKlass com/android/tools/build/bundletool/device/VariantMatcher$$Lambda$2438
instanceKlass com/android/tools/build/bundletool/device/VariantMatcher$$Lambda$2437
instanceKlass com/android/tools/build/bundletool/device/VariantMatcher
instanceKlass com/android/tools/build/bundletool/device/ModuleMatcher
instanceKlass com/android/tools/build/bundletool/device/DeviceSpecUtils$$Lambda$2436
instanceKlass com/android/tools/build/bundletool/device/DeviceSpecUtils$$Lambda$2435
instanceKlass com/android/tools/build/bundletool/device/DeviceSpecUtils$$Lambda$2434
instanceKlass com/android/tools/build/bundletool/device/DeviceSpecUtils$$Lambda$2433
instanceKlass com/android/tools/build/bundletool/device/DeviceSpecUtils$$Lambda$2432
instanceKlass com/android/tools/build/bundletool/device/DeviceSpecUtils$$Lambda$2431
instanceKlass com/android/tools/build/bundletool/model/utils/TextureCompressionUtils
instanceKlass com/android/tools/build/bundletool/device/DeviceSpecUtils
instanceKlass com/android/tools/build/bundletool/device/OpenGlFeatureMatcher$$Lambda$2430
instanceKlass com/android/tools/build/bundletool/device/OpenGlFeatureMatcher$$Lambda$2429
instanceKlass com/android/tools/build/bundletool/device/OpenGlFeatureMatcher$$Lambda$2428
instanceKlass com/android/tools/build/bundletool/device/LanguageMatcher$$Lambda$2427
instanceKlass com/android/tools/build/bundletool/device/TargetingDimensionMatcher
instanceKlass com/android/tools/build/bundletool/device/ApkMatcher
instanceKlass com/android/tools/build/bundletool/commands/ExtractApksCommand$$Lambda$2426
instanceKlass com/android/tools/build/bundletool/commands/ExtractApksCommand$$Lambda$2425
instanceKlass com/android/tools/build/bundletool/commands/ExtractApksCommand$$Lambda$2424
instanceKlass com/android/tools/build/bundletool/commands/ExtractApksCommand$$Lambda$2423
instanceKlass com/android/tools/build/bundletool/commands/ExtractApksCommand$$Lambda$2422
instanceKlass com/android/tools/build/bundletool/model/utils/ResultUtils
instanceKlass com/android/tools/build/bundletool/device/DeviceSpecParser
instanceKlass com/android/tools/build/bundletool/commands/ExtractApksCommand$Builder
instanceKlass com/android/tools/build/bundletool/commands/ExtractApksCommand
instanceKlass java/lang/invoke/LambdaForm$MH
instanceKlass java/lang/invoke/LambdaForm$MH
instanceKlass java/lang/invoke/LambdaForm$MH
instanceKlass sun/invoke/util/ValueConversions$1
instanceKlass java/lang/invoke/LambdaForm$MH
instanceKlass com/google/protobuf/util/JsonFormat$1
instanceKlass java/lang/invoke/LambdaForm$MH
instanceKlass java/lang/invoke/LambdaForm$MH
instanceKlass com/google/protobuf/GeneratedMessageV3$FieldAccessorTable$SingularFieldAccessor$MethodHandleInvoker
instanceKlass com/google/protobuf/GeneratedMessageV3$FieldAccessorTable$SingularFieldAccessor$ReflectionInvoker
instanceKlass com/google/protobuf/GeneratedMessageV3$FieldAccessorTable$SingularFieldAccessor$MethodInvoker
instanceKlass com/google/protobuf/GeneratedMessageV3$FieldAccessorTable$SingularFieldAccessor
instanceKlass com/google/protobuf/GeneratedMessageV3$FieldAccessorTable$RepeatedFieldAccessor$MethodHandleInvoker
instanceKlass com/google/protobuf/GeneratedMessageV3$FieldAccessorTable$RepeatedFieldAccessor$ReflectionInvoker
instanceKlass com/google/protobuf/GeneratedMessageV3$FieldAccessorTable$RepeatedFieldAccessor$MethodInvoker
instanceKlass com/google/protobuf/GeneratedMessageV3$FieldAccessorTable$RepeatedFieldAccessor
instanceKlass com/android/bundle/Devices$1
instanceKlass com/android/bundle/Devices
instanceKlass com/google/gson/internal/bind/TypeAdapters$36
instanceKlass com/google/gson/JsonParser
instanceKlass com/google/protobuf/util/JsonFormat$ParserImpl$8
instanceKlass com/google/protobuf/ValueOrBuilder
instanceKlass com/google/protobuf/util/JsonFormat$ParserImpl$7
instanceKlass com/google/protobuf/ListValueOrBuilder
instanceKlass com/google/protobuf/util/JsonFormat$ParserImpl$6
instanceKlass com/google/protobuf/StructProto
instanceKlass com/google/protobuf/StructOrBuilder
instanceKlass com/google/protobuf/util/JsonFormat$ParserImpl$5
instanceKlass com/google/protobuf/FieldMaskProto
instanceKlass com/google/protobuf/FieldMaskOrBuilder
instanceKlass com/google/protobuf/util/JsonFormat$ParserImpl$4
instanceKlass com/google/protobuf/DurationProto
instanceKlass com/google/protobuf/DurationOrBuilder
instanceKlass com/google/protobuf/util/JsonFormat$ParserImpl$3
instanceKlass com/google/protobuf/TimestampProto
instanceKlass com/google/protobuf/TimestampOrBuilder
instanceKlass com/google/protobuf/DoubleValueOrBuilder
instanceKlass com/google/protobuf/FloatValueOrBuilder
instanceKlass com/google/protobuf/BytesValueOrBuilder
instanceKlass com/google/protobuf/StringValueOrBuilder
instanceKlass com/google/protobuf/UInt64ValueOrBuilder
instanceKlass com/google/protobuf/Int64ValueOrBuilder
instanceKlass com/google/protobuf/UInt32ValueOrBuilder
instanceKlass com/google/protobuf/BoolValueOrBuilder
instanceKlass com/google/protobuf/util/JsonFormat$ParserImpl$2
instanceKlass com/google/protobuf/util/JsonFormat$ParserImpl$1
instanceKlass com/google/protobuf/util/JsonFormat$ParserImpl$WellKnownTypeParser
instanceKlass com/google/protobuf/AnyProto
instanceKlass com/google/protobuf/AnyOrBuilder
instanceKlass com/google/protobuf/util/JsonFormat$ParserImpl
instanceKlass com/google/protobuf/util/JsonFormat$TypeRegistry$EmptyTypeRegistryHolder
instanceKlass com/google/protobuf/util/JsonFormat$TypeRegistry
instanceKlass com/google/protobuf/TypeRegistry$EmptyTypeRegistryHolder
instanceKlass com/google/protobuf/TypeRegistry
instanceKlass com/google/protobuf/util/JsonFormat$Parser
instanceKlass com/google/protobuf/util/JsonFormat
instanceKlass com/android/build/gradle/internal/tasks/ExtractApksTask$doTaskAction$1
instanceKlass com/android/tools/build/bundletool/io/ApkSerializerManager$$Lambda$2421
instanceKlass com/android/tools/build/bundletool/io/ApkSerializerManager$$Lambda$2420
instanceKlass com/android/tools/build/bundletool/io/ApkSerializerManager$$Lambda$2419
instanceKlass com/android/bundle/Commands$DefaultTargetingValueOrBuilder
instanceKlass com/android/bundle/Commands$PermanentlyFusedModuleOrBuilder
instanceKlass com/android/bundle/Commands$AssetModulesInfoOrBuilder
instanceKlass com/android/bundle/Commands$BuildApksResultOrBuilder
instanceKlass com/android/tools/build/bundletool/io/ApkSerializerManager$$Lambda$2418
instanceKlass com/android/bundle/Commands$AssetSliceSetOrBuilder
instanceKlass com/google/common/collect/CollectCollectors$$Lambda$2417
instanceKlass com/google/common/collect/CollectCollectors$$Lambda$2416
instanceKlass com/google/common/collect/CollectCollectors$$Lambda$2415
instanceKlass com/google/common/collect/CollectCollectors$$Lambda$2414
instanceKlass com/google/common/collect/CollectCollectors$$Lambda$2413
instanceKlass com/google/common/collect/CollectCollectors$$Lambda$2412
instanceKlass com/android/tools/build/bundletool/io/ApkSerializerManager$$Lambda$2411
instanceKlass com/android/tools/build/bundletool/io/ApkSerializerManager$$Lambda$2410
instanceKlass com/android/tools/build/bundletool/model/utils/CollectorUtils$$Lambda$2409
instanceKlass com/android/tools/build/bundletool/model/utils/CollectorUtils$$Lambda$2408
instanceKlass com/android/tools/build/bundletool/io/ApkSerializerManager$$Lambda$2407
instanceKlass com/android/tools/build/bundletool/io/ApkSerializerManager$$Lambda$2406
instanceKlass com/android/tools/build/bundletool/io/ApkSerializerManager$$Lambda$2405
instanceKlass com/android/tools/build/bundletool/model/BundleModule$$Lambda$2404
instanceKlass com/android/bundle/Commands$FeatureModuleType$1
instanceKlass com/android/bundle/Commands$DeliveryType$1
instanceKlass com/android/tools/build/bundletool/model/BundleModule$1
instanceKlass com/android/bundle/Targeting$UserCountriesTargetingOrBuilder
instanceKlass com/android/bundle/Targeting$DeviceGroupModuleTargetingOrBuilder
instanceKlass com/android/tools/build/bundletool/model/BundleModule$$Lambda$2403
instanceKlass com/android/tools/build/bundletool/model/BundleModule$$Lambda$2402
instanceKlass com/android/tools/build/bundletool/model/BundleModule$$Lambda$2401
instanceKlass com/android/bundle/Targeting$ModuleTargetingOrBuilder
instanceKlass com/android/bundle/Commands$ModuleMetadataOrBuilder
instanceKlass com/android/tools/build/bundletool/model/BundleModuleName$$Lambda$2400
instanceKlass com/android/tools/build/bundletool/io/ApkSerializerManager$$Lambda$2399
instanceKlass com/android/bundle/Commands$ApkSetOrBuilder
instanceKlass com/android/bundle/Commands$VariantOrBuilder
instanceKlass com/android/tools/build/bundletool/model/AndroidManifest$$Lambda$2398
instanceKlass shadow/bundletool/com/android/apksig/DefaultApkSignerEngine$OutputApkSigningBlockRequestImpl
instanceKlass shadow/bundletool/com/android/apksig/internal/apk/v3/V3SchemeSigner$V3SignatureSchemeBlock$Signer
instanceKlass shadow/bundletool/com/android/apksig/internal/apk/v3/V3SchemeSigner$V3SignatureSchemeBlock$SignedData
instanceKlass shadow/bundletool/com/android/apksig/internal/apk/v3/V3SchemeSigner
instanceKlass shadow/bundletool/com/android/apksig/internal/apk/v2/V2SchemeSigner$V2SignatureSchemeBlock$Signer
instanceKlass shadow/bundletool/com/android/apksig/internal/apk/v2/V2SchemeSigner$V2SignatureSchemeBlock$SignedData
instanceKlass shadow/bundletool/com/android/apksig/internal/util/ByteBufferUtils
instanceKlass shadow/bundletool/com/android/apksig/internal/x509/RSAPublicKey
instanceKlass shadow/bundletool/com/android/apksig/internal/asn1/Asn1BerParser$BerToJavaConverter
instanceKlass shadow/bundletool/com/android/apksig/internal/asn1/Asn1BerParser$$Lambda$2395
instanceKlass shadow/bundletool/com/android/apksig/internal/asn1/Asn1BerParser$AnnotatedField
instanceKlass shadow/bundletool/com/android/apksig/internal/asn1/Asn1BerParser$1
instanceKlass shadow/bundletool/com/android/apksig/internal/asn1/ber/BerDataValue
instanceKlass shadow/bundletool/com/android/apksig/internal/asn1/ber/ByteBufferBerDataValueReader
instanceKlass shadow/bundletool/com/android/apksig/internal/asn1/ber/BerDataValueReader
instanceKlass shadow/bundletool/com/android/apksig/internal/asn1/Asn1BerParser
instanceKlass shadow/bundletool/com/android/apksig/internal/x509/SubjectPublicKeyInfo
instanceKlass shadow/bundletool/com/android/apksig/internal/apk/ApkSigningBlockUtils$SigningSchemeBlockAndDigests
instanceKlass java/lang/invoke/LambdaForm$MH
instanceKlass java/lang/invoke/LambdaForm$DMH
instanceKlass java/lang/invoke/LambdaForm$DMH
instanceKlass shadow/bundletool/com/android/apksig/internal/util/VerityTreeBuilder$$Lambda$2394
instanceKlass java/lang/invoke/LambdaForm$DMH
instanceKlass shadow/bundletool/com/android/apksig/internal/util/VerityTreeBuilder
instanceKlass shadow/bundletool/com/android/apksig/internal/apk/ApkSigningBlockUtils$ChunkSupplier$Chunk
instanceKlass shadow/bundletool/com/android/apksig/internal/util/ByteBufferSink
instanceKlass shadow/bundletool/com/android/apksig/internal/apk/ApkSigningBlockUtils$ChunkDigester
instanceKlass java/util/concurrent/Phaser$QNode
instanceKlass java/util/concurrent/ForkJoinPool$ManagedBlocker
instanceKlass shadow/bundletool/com/android/apksig/util/RunnablesExecutor$1$$Lambda$2390
instanceKlass java/util/concurrent/Phaser
instanceKlass java/util/concurrent/ThreadPoolExecutor$CallerRunsPolicy
instanceKlass shadow/bundletool/com/android/apksig/internal/apk/ApkSigningBlockUtils$$Lambda$2387
instanceKlass shadow/bundletool/com/android/apksig/internal/apk/ApkSigningBlockUtils$ChunkSupplier
instanceKlass shadow/bundletool/com/android/apksig/internal/apk/ApkSigningBlockUtils$ChunkDigests
instanceKlass java/security/spec/MGF1ParameterSpec
instanceKlass java/security/spec/PSSParameterSpec
instanceKlass shadow/bundletool/com/android/apksig/internal/apk/v2/V2SchemeSigner
instanceKlass shadow/bundletool/com/android/apksig/internal/apk/ApkSigningBlockUtils$SignerConfig
instanceKlass java/util/stream/ReduceOps$8ReducingSink
instanceKlass java/util/stream/Sink$OfLong
instanceKlass java/util/function/LongConsumer
instanceKlass java/util/stream/LongPipeline$$Lambda$2385
instanceKlass java/util/function/LongBinaryOperator
instanceKlass java/lang/invoke/LambdaForm$DMH
instanceKlass shadow/bundletool/com/android/apksig/internal/util/ChainedDataSource$$Lambda$2383
instanceKlass shadow/bundletool/com/android/apksig/internal/util/ChainedDataSource
instanceKlass shadow/bundletool/com/android/apksig/internal/zip/EocdRecord
instanceKlass shadow/bundletool/com/android/apksig/internal/util/ByteBufferDataSource
instanceKlass shadow/bundletool/com/android/apksig/internal/zip/ZipUtils$DeflateResult
instanceKlass shadow/bundletool/com/android/apksig/internal/util/OutputStreamDataSink
instanceKlass shadow/bundletool/com/android/apksig/DefaultApkSignerEngine$GetJarEntryDataRequest
instanceKlass shadow/bundletool/com/android/apksig/DefaultApkSignerEngine$OutputJarSignatureRequestImpl
instanceKlass shadow/bundletool/com/android/apksig/ApkSignerEngine$OutputJarSignatureRequest$JarEntry
instanceKlass shadow/bundletool/com/android/apksig/internal/asn1/Asn1DerEncoder$JavaToDerConverter
instanceKlass shadow/bundletool/com/android/apksig/internal/asn1/Asn1DerEncoder$$Lambda$2381
instanceKlass shadow/bundletool/com/android/apksig/internal/asn1/ber/BerEncoding$1
instanceKlass shadow/bundletool/com/android/apksig/internal/asn1/ber/BerEncoding
instanceKlass shadow/bundletool/com/android/apksig/internal/asn1/Asn1DerEncoder$AnnotatedField
instanceKlass shadow/bundletool/com/android/apksig/internal/asn1/Asn1Field
instanceKlass shadow/bundletool/com/android/apksig/internal/asn1/Asn1DerEncoder$1
instanceKlass shadow/bundletool/com/android/apksig/internal/asn1/Asn1Class
instanceKlass shadow/bundletool/com/android/apksig/internal/pkcs7/ContentInfo
instanceKlass shadow/bundletool/com/android/apksig/internal/pkcs7/EncapsulatedContentInfo
instanceKlass shadow/bundletool/com/android/apksig/internal/pkcs7/SignedData
instanceKlass shadow/bundletool/com/android/apksig/internal/pkcs7/IssuerAndSerialNumber
instanceKlass shadow/bundletool/com/android/apksig/internal/pkcs7/SignerIdentifier
instanceKlass shadow/bundletool/com/android/apksig/internal/pkcs7/SignerInfo
instanceKlass shadow/bundletool/com/android/apksig/internal/apk/ApkSigningBlockUtils
instanceKlass sun/security/rsa/RSACore$BlindingRandomPair
instanceKlass sun/security/jca/JCAUtil$CachedSecureRandomHolder
instanceKlass sun/security/rsa/RSACore$BlindingParameters
instanceKlass shadow/bundletool/com/android/apksig/internal/asn1/Asn1OpaqueObject
instanceKlass shadow/bundletool/com/android/apksig/internal/asn1/Asn1DerEncoder
instanceKlass shadow/bundletool/com/android/apksig/internal/pkcs7/AlgorithmIdentifier$1
instanceKlass shadow/bundletool/com/android/apksig/internal/pkcs7/AlgorithmIdentifier
instanceKlass shadow/bundletool/com/android/apksig/internal/jar/SignatureFileWriter
instanceKlass shadow/bundletool/com/android/apksig/internal/apk/v1/V1SchemeSigner$OutputManifestFile
instanceKlass shadow/bundletool/com/android/apksig/internal/apk/v1/V1SchemeSigner$1
instanceKlass shadow/bundletool/com/android/apksig/internal/jar/ManifestWriter
instanceKlass sun/security/jca/JCAUtil
instanceKlass shadow/bundletool/com/android/apksig/ApkSigner$OutputSizeAndDataOffset
instanceKlass shadow/bundletool/com/android/apksig/internal/zip/LocalFileRecord$InflateSinkAdapter
instanceKlass shadow/bundletool/com/android/apksig/internal/util/MessageDigestSink
instanceKlass shadow/bundletool/com/android/apksig/DefaultApkSignerEngine$GetJarEntryDataDigestRequest
instanceKlass shadow/bundletool/com/android/apksig/internal/zip/LocalFileRecord
instanceKlass shadow/bundletool/com/android/apksig/ApkSigner$1
instanceKlass shadow/bundletool/com/android/apksig/ApkSignerEngine$InputJarEntryInstructions
instanceKlass shadow/bundletool/com/android/apksig/DefaultApkSignerEngine$1
instanceKlass shadow/bundletool/com/android/apksig/internal/apk/v1/V1SchemeSigner$SignerConfig
instanceKlass shadow/bundletool/com/android/apksig/internal/apk/v1/DigestAlgorithm$StrengthComparator
instanceKlass shadow/bundletool/com/android/apksig/internal/apk/v1/V1SchemeSigner
instanceKlass shadow/bundletool/com/android/apksig/util/RunnablesExecutor$1
instanceKlass shadow/bundletool/com/android/apksig/util/RunnablesExecutor$$Lambda$2380
instanceKlass shadow/bundletool/com/android/apksig/util/RunnablesProvider
instanceKlass shadow/bundletool/com/android/apksig/util/RunnablesExecutor
instanceKlass shadow/bundletool/com/android/apksig/ApkSignerEngine$OutputApkSigningBlockRequest
instanceKlass shadow/bundletool/com/android/apksig/ApkSignerEngine$OutputJarSignatureRequest
instanceKlass shadow/bundletool/com/android/apksig/ApkSignerEngine$OutputApkSigningBlockRequest2
instanceKlass shadow/bundletool/com/android/apksig/ApkSignerEngine$InspectJarEntryRequest
instanceKlass shadow/bundletool/com/android/apksig/DefaultApkSignerEngine
instanceKlass shadow/bundletool/com/android/apksig/DefaultApkSignerEngine$Builder
instanceKlass shadow/bundletool/com/android/apksig/DefaultApkSignerEngine$SignerConfig
instanceKlass shadow/bundletool/com/android/apksig/DefaultApkSignerEngine$SignerConfig$Builder
instanceKlass shadow/bundletool/com/android/apksig/internal/zip/CentralDirectoryRecord$ByLocalFileHeaderOffsetComparator
instanceKlass shadow/bundletool/com/android/apksig/internal/zip/CentralDirectoryRecord
instanceKlass shadow/bundletool/com/android/apksig/apk/ApkUtils$ZipSections
instanceKlass shadow/bundletool/com/android/apksig/internal/util/Pair
instanceKlass shadow/bundletool/com/android/apksig/internal/zip/ZipUtils
instanceKlass shadow/bundletool/com/android/apksig/apk/ApkUtils
instanceKlass shadow/bundletool/com/android/apksig/internal/util/RandomAccessFileDataSink
instanceKlass shadow/bundletool/com/android/apksig/util/ReadableDataSink
instanceKlass shadow/bundletool/com/android/apksig/util/DataSinks
instanceKlass shadow/bundletool/com/android/apksig/internal/util/FileChannelDataSource
instanceKlass shadow/bundletool/com/android/apksig/util/DataSources
instanceKlass shadow/bundletool/com/android/apksig/ApkSignerEngine
instanceKlass shadow/bundletool/com/android/apksig/ApkSigner
instanceKlass com/android/tools/build/bundletool/io/ApkSigner$$Lambda$2378
instanceKlass com/android/tools/build/bundletool/io/ApkSigner$$Lambda$2376
instanceKlass com/android/tools/build/bundletool/io/ApkSigner$$Lambda$2374
instanceKlass com/android/tools/build/bundletool/io/ApkSigner$$Lambda$2373
instanceKlass shadow/bundletool/com/android/apksig/ApkSigner$SignerConfig$Builder
instanceKlass com/android/tools/build/bundletool/io/ApkSigner$$Lambda$2371
instanceKlass shadow/bundletool/com/android/apksig/ApkSigner$SignerConfig
instanceKlass shadow/bundletool/com/android/apksig/util/DataSink
instanceKlass shadow/bundletool/com/android/apksig/util/DataSource
instanceKlass shadow/bundletool/com/android/apksig/ApkSigner$Builder
instanceKlass com/android/tools/build/bundletool/model/DefaultSigningConfigurationProvider$$Lambda$2368
instanceKlass com/android/tools/build/bundletool/model/DefaultSigningConfigurationProvider$$Lambda$2367
instanceKlass com/android/tools/build/bundletool/model/DefaultSigningConfigurationProvider$$Lambda$2366
instanceKlass shadow/bundletool/com/android/apksig/SigningCertificateLineage
instanceKlass com/android/tools/build/bundletool/model/DefaultSigningConfigurationProvider$$Lambda$2365
instanceKlass com/android/tools/build/bundletool/model/ApksigSigningConfiguration$Builder
instanceKlass com/android/tools/build/bundletool/model/ApksigSigningConfiguration
instanceKlass com/android/tools/build/bundletool/model/SigningConfigurationProvider$ApkDescription$Builder
instanceKlass com/android/tools/build/bundletool/model/SigningConfigurationProvider$ApkDescription
instanceKlass com/android/tools/build/bundletool/io/ZipFlingerApkSerializerHelper$CompressionManager$$Lambda$2364
instanceKlass com/android/tools/build/bundletool/io/ZipFlingerApkSerializerHelper$CompressionManager$$Lambda$2363
instanceKlass com/android/tools/build/bundletool/io/ZipFlingerApkSerializerHelper$CompressionManager$$Lambda$2362
instanceKlass com/android/tools/build/bundletool/io/ZipFlingerApkSerializerHelper$CompressionManager$$Lambda$2361
instanceKlass com/android/tools/build/bundletool/io/ZipFlingerApkSerializerHelper$CompressionManager
instanceKlass com/android/tools/build/bundletool/io/ZipFlingerApkSerializerHelper$ApkEntrySerializer
instanceKlass com/google/common/collect/CollectCollectors$$Lambda$2360
instanceKlass com/google/common/collect/CollectCollectors$$Lambda$2359
instanceKlass com/google/common/collect/CollectCollectors$$Lambda$2358
instanceKlass com/google/common/collect/CollectCollectors$$Lambda$2357
instanceKlass com/android/tools/build/bundletool/io/ZipFlingerApkSerializerHelper$$Lambda$2356
instanceKlass com/google/common/collect/CollectCollectors$$Lambda$2355
instanceKlass com/google/common/collect/CollectCollectors$$Lambda$2354
instanceKlass com/android/tools/build/bundletool/io/ZipFlingerApkSerializerHelper$$Lambda$2353
instanceKlass com/android/tools/build/bundletool/io/ZipFlingerApkSerializerHelper$$Lambda$2352
instanceKlass com/android/tools/build/bundletool/io/ZipFlingerApkSerializerHelper$$Lambda$2351
instanceKlass com/android/tools/build/bundletool/androidtools/CommandExecutor$CommandOptions$Builder
instanceKlass com/android/tools/build/bundletool/androidtools/CommandExecutor$CommandOptions
instanceKlass com/android/tools/build/bundletool/androidtools/DefaultCommandExecutor
instanceKlass com/android/tools/build/bundletool/androidtools/CommandExecutor
instanceKlass shadow/bundletool/com/android/zipflinger/Crc32
instanceKlass com/android/tools/build/bundletool/model/WearApkLocator$$Lambda$2350
instanceKlass com/android/tools/build/bundletool/model/WearApkLocator$$Lambda$2349
instanceKlass com/android/tools/build/bundletool/model/WearApkLocator$$Lambda$2347
instanceKlass com/android/tools/build/bundletool/model/WearApkLocator$$Lambda$2345
instanceKlass com/android/tools/build/bundletool/model/WearApkLocator$$Lambda$2343
instanceKlass com/android/tools/build/bundletool/model/WearApkLocator$$Lambda$2341
instanceKlass com/android/tools/build/bundletool/model/WearApkLocator$$Lambda$2340
instanceKlass com/android/tools/build/bundletool/model/AndroidManifest$$Lambda$2337
instanceKlass com/android/tools/build/bundletool/model/AndroidManifest$$Lambda$2335
instanceKlass com/android/tools/build/bundletool/model/WearApkLocator
instanceKlass com/android/tools/build/bundletool/model/utils/files/FileUtils
instanceKlass com/android/tools/build/bundletool/io/SplitApkSerializer$$Lambda$2334
instanceKlass com/android/bundle/Commands$HibernatedApkMetadataOrBuilder
instanceKlass com/android/bundle/Commands$StandaloneApkMetadataOrBuilder
instanceKlass com/android/bundle/Commands$SystemApkMetadataOrBuilder
instanceKlass com/android/bundle/Commands$SplitApkMetadataOrBuilder
instanceKlass com/android/bundle/Commands$ApexApkMetadataOrBuilder
instanceKlass com/android/tools/build/bundletool/io/ApkSerializerManager$$Lambda$2333
instanceKlass com/android/bundle/Commands$ApkDescriptionOrBuilder
instanceKlass com/android/tools/build/bundletool/io/ApkPathManager$$Lambda$2332
instanceKlass com/android/tools/build/bundletool/io/ApkPathManager$1
instanceKlass com/android/tools/build/bundletool/io/ApkSerializerManager$$Lambda$2331
instanceKlass com/android/tools/build/bundletool/io/ConcurrencyUtils
instanceKlass com/android/tools/build/bundletool/io/ApkSerializerManager$$Lambda$2330
instanceKlass com/android/tools/build/bundletool/model/ApkModifier$ApkDescription$Builder
instanceKlass com/android/tools/build/bundletool/model/ApkModifier$ApkDescription
instanceKlass com/android/tools/build/bundletool/io/ApkSerializerManager$$Lambda$2329
instanceKlass com/android/tools/build/bundletool/io/ApkSerializerManager$$Lambda$2328
instanceKlass com/android/tools/build/bundletool/io/ApkSerializerManager$$Lambda$2327
instanceKlass com/android/tools/build/bundletool/io/ApkSerializerManager$ApkSerializer
instanceKlass com/android/tools/build/bundletool/io/ApkSerializerManager$$Lambda$2326
instanceKlass com/android/tools/build/bundletool/io/ApkSerializerManager$1
instanceKlass com/android/tools/build/bundletool/commands/BuildApksManager$$Lambda$2325
instanceKlass com/android/tools/build/bundletool/model/AndroidManifest$$Lambda$2324
instanceKlass com/android/tools/build/bundletool/model/AndroidManifest$$Lambda$2323
instanceKlass com/android/tools/build/bundletool/model/AndroidManifest$$Lambda$2322
instanceKlass com/android/tools/build/bundletool/model/AndroidManifest$$Lambda$2321
instanceKlass com/android/bundle/Commands$LocalTestingInfoOrBuilder
instanceKlass com/android/tools/build/bundletool/io/ApkSetBuilderFactory$ApkSetArchiveBuilder
instanceKlass com/android/tools/build/bundletool/io/ApkSetBuilderFactory$ApkSetBuilder
instanceKlass com/android/tools/build/bundletool/io/ApkSetBuilderFactory
instanceKlass com/android/tools/build/bundletool/commands/BuildApksManager$1
instanceKlass com/android/tools/build/bundletool/model/ResourceInjector$$Lambda$2320
instanceKlass com/android/tools/build/bundletool/model/ResourceInjector$$Lambda$2319
instanceKlass com/android/tools/build/bundletool/model/ResourceInjector$$Lambda$2318
instanceKlass com/android/tools/build/bundletool/model/ResourceInjector$$Lambda$2317
instanceKlass com/android/tools/build/bundletool/model/ResourceInjector$$Lambda$2316
instanceKlass com/android/tools/build/bundletool/model/ResourceInjector
instanceKlass com/android/tools/build/bundletool/model/ModuleSplit$$Lambda$2315
instanceKlass com/android/tools/build/bundletool/model/ModuleSplit$$Lambda$2314
instanceKlass com/android/tools/build/bundletool/model/utils/SplitsXmlInjector$$Lambda$2313
instanceKlass com/android/tools/build/bundletool/model/utils/SplitsXmlInjector$$Lambda$2312
instanceKlass com/android/tools/build/bundletool/model/utils/SplitsXmlInjector$$Lambda$2311
instanceKlass com/google/common/collect/StandardTable$Row$1
instanceKlass com/android/tools/build/bundletool/model/SplitsProtoXmlBuilder$$Lambda$2310
instanceKlass com/google/common/collect/StandardTable$RowMap$EntrySet$1
instanceKlass com/google/common/collect/TreeBasedTable$Factory
instanceKlass com/android/tools/build/bundletool/model/SplitsProtoXmlBuilder
instanceKlass com/android/tools/build/bundletool/model/utils/SplitsXmlInjector$$Lambda$2309
instanceKlass com/android/tools/build/bundletool/model/utils/SplitsXmlInjector$1
instanceKlass com/android/tools/build/bundletool/model/utils/SplitsXmlInjector$$Lambda$2308
instanceKlass com/android/tools/build/bundletool/model/utils/SplitsXmlInjector$$Lambda$2307
instanceKlass com/android/tools/build/bundletool/model/targeting/TargetingComparators$$Lambda$2306
instanceKlass com/android/tools/build/bundletool/model/targeting/TargetingComparators$$Lambda$2305
instanceKlass com/android/tools/build/bundletool/model/targeting/TargetingComparators$$Lambda$2304
instanceKlass com/android/tools/build/bundletool/model/targeting/TargetingComparators$$Lambda$2303
instanceKlass com/android/tools/build/bundletool/model/targeting/TargetingComparators$$Lambda$2302
instanceKlass com/android/tools/build/bundletool/model/targeting/TargetingComparators$$Lambda$2301
instanceKlass java/util/Comparators$NullComparator
instanceKlass com/google/common/collect/Comparators$$Lambda$2300
instanceKlass com/android/tools/build/bundletool/model/targeting/TargetingComparators$$Lambda$2299
instanceKlass com/android/bundle/Targeting$TextureCompressionFormat$TextureCompressionFormatAlias$1
instanceKlass com/android/tools/build/bundletool/model/targeting/TargetingComparators
instanceKlass com/android/tools/build/bundletool/model/VariantKey$$Lambda$2298
instanceKlass com/android/tools/build/bundletool/model/VariantKey$$Lambda$2297
instanceKlass com/google/common/collect/MultimapBuilder$ArrayListSupplier
instanceKlass com/android/tools/build/bundletool/model/utils/CollectorUtils$$Lambda$2296
instanceKlass com/google/common/collect/CollectCollectors$$Lambda$2295
instanceKlass com/google/common/collect/CollectCollectors$$Lambda$2294
instanceKlass com/android/tools/build/bundletool/model/utils/CollectorUtils$$Lambda$2293
instanceKlass com/google/common/collect/MultimapBuilder$MultimapBuilderWithKeys
instanceKlass com/google/common/collect/MultimapBuilder
instanceKlass com/android/tools/build/bundletool/model/GeneratedApks$$Lambda$2292
instanceKlass com/android/tools/build/bundletool/model/VariantKey
instanceKlass com/android/tools/build/bundletool/model/GeneratedApks$$Lambda$2291
instanceKlass com/android/tools/build/bundletool/model/utils/SplitsXmlInjector
instanceKlass com/android/tools/build/bundletool/model/GeneratedApks$$Lambda$2290
instanceKlass com/android/tools/build/bundletool/model/targeting/AlternativeVariantTargetingPopulator$$Lambda$2289
instanceKlass com/android/tools/build/bundletool/model/targeting/AlternativeVariantTargetingPopulator$$Lambda$2288
instanceKlass com/android/tools/build/bundletool/model/targeting/AlternativeVariantTargetingPopulator$$Lambda$2287
instanceKlass com/android/tools/build/bundletool/model/targeting/AlternativeVariantTargetingPopulator$$Lambda$2286
instanceKlass com/android/tools/build/bundletool/model/targeting/AlternativeVariantTargetingPopulator$$Lambda$2285
instanceKlass com/android/tools/build/bundletool/model/targeting/AlternativeVariantTargetingPopulator
instanceKlass com/android/tools/build/bundletool/model/AppBundle$$Lambda$2284
instanceKlass com/android/tools/build/bundletool/model/AppBundle$$Lambda$2283
instanceKlass com/android/tools/build/bundletool/splitters/AssetSlicesGenerator
instanceKlass com/android/tools/build/bundletool/commands/BuildApksManager$$Lambda$2282
instanceKlass com/android/tools/build/bundletool/model/ManifestEditor$$Lambda$2281
instanceKlass com/android/tools/build/bundletool/model/ManifestEditor$$Lambda$2280
instanceKlass com/android/tools/build/bundletool/splitters/ModuleSplitter$$Lambda$2279
instanceKlass com/android/tools/build/bundletool/splitters/ModuleSplitter$$Lambda$2278
instanceKlass com/android/tools/build/bundletool/model/ModuleSplit$$Lambda$2277
instanceKlass com/android/tools/build/bundletool/model/utils/xmlproto/XmlProtoElementBuilder$$Lambda$2276
instanceKlass com/android/tools/build/bundletool/splitters/CodeTransparencyInjector$$Lambda$2275
instanceKlass com/android/tools/build/bundletool/model/BundleMetadata$$Lambda$2274
instanceKlass com/android/tools/build/bundletool/model/AndroidManifest$$Lambda$2273
instanceKlass com/android/tools/build/bundletool/model/AndroidManifest$$Lambda$2272
instanceKlass com/android/tools/build/bundletool/model/utils/xmlproto/XmlProtoElementBuilder$$Lambda$2271
instanceKlass com/android/tools/build/bundletool/model/utils/xmlproto/XmlProtoElementBuilder$$Lambda$2270
instanceKlass com/android/tools/build/bundletool/model/AndroidManifest$$Lambda$2269
instanceKlass com/android/tools/build/bundletool/model/ModuleSplit$$Lambda$2268
instanceKlass com/android/tools/build/bundletool/model/ModuleSplit$$Lambda$2267
instanceKlass com/android/tools/build/bundletool/splitters/ModuleSplitter$$Lambda$2266
instanceKlass com/android/tools/build/bundletool/splitters/ModuleSplitter$$Lambda$2265
instanceKlass com/android/tools/build/bundletool/splitters/ModuleSplitter$$Lambda$2264
instanceKlass com/android/tools/build/bundletool/splitters/ModuleSplitter$$Lambda$2263
instanceKlass com/android/tools/build/bundletool/splitters/ModuleSplitter$$Lambda$2262
instanceKlass com/android/tools/build/bundletool/splitters/ModuleSplitter$$Lambda$2261
instanceKlass com/android/tools/build/bundletool/splitters/ModuleSplitter$$Lambda$2260
instanceKlass com/android/tools/build/bundletool/mergers/SameTargetingMerger$$Lambda$2259
instanceKlass com/android/tools/build/bundletool/mergers/SameTargetingMerger$$Lambda$2258
instanceKlass com/android/tools/build/bundletool/mergers/SameTargetingMerger$$Lambda$2257
instanceKlass com/android/tools/build/bundletool/mergers/SameTargetingMerger$$Lambda$2256
instanceKlass com/android/tools/build/bundletool/mergers/SameTargetingMerger$$Lambda$2255
instanceKlass com/android/tools/build/bundletool/mergers/SameTargetingMerger$$Lambda$2254
instanceKlass com/android/tools/build/bundletool/mergers/SameTargetingMerger$$Lambda$2253
instanceKlass com/android/tools/build/bundletool/mergers/MergingUtils
instanceKlass com/google/protobuf/UnmodifiableLazyStringList$1
instanceKlass com/android/tools/build/bundletool/mergers/SameTargetingMerger$$Lambda$2252
instanceKlass com/android/tools/build/bundletool/mergers/SameTargetingMerger$$Lambda$2251
instanceKlass com/android/tools/build/bundletool/model/utils/xmlproto/XmlProtoElementBuilder$$Lambda$2250
instanceKlass com/android/tools/build/bundletool/model/ManifestEditor$$Lambda$2249
instanceKlass com/android/tools/build/bundletool/model/utils/xmlproto/XmlProtoElementBuilder$$Lambda$2248
instanceKlass com/android/tools/build/bundletool/model/utils/xmlproto/XmlProtoElementBuilder$$Lambda$2247
instanceKlass com/android/tools/build/bundletool/model/utils/xmlproto/XmlProtoElementBuilder$$Lambda$2246
instanceKlass com/android/tools/build/bundletool/model/ManifestEditor$$Lambda$2245
instanceKlass com/android/tools/build/bundletool/model/utils/xmlproto/XmlProtoElementBuilder$$Lambda$2244
instanceKlass com/android/tools/build/bundletool/splitters/ModuleSplitter$$Lambda$2243
instanceKlass com/android/tools/build/bundletool/splitters/ModuleSplitter$$Lambda$2242
instanceKlass com/android/tools/build/bundletool/splitters/ModuleSplitter$$Lambda$2241
instanceKlass com/android/tools/build/bundletool/mergers/SameTargetingMerger
instanceKlass com/android/tools/build/bundletool/mergers/ModuleSplitMerger
instanceKlass com/android/tools/build/bundletool/model/ModuleSplit$$Lambda$2240
instanceKlass com/android/tools/build/bundletool/model/ModuleSplit$$Lambda$2239
instanceKlass com/android/tools/build/bundletool/splitters/AssetsDimensionSplitterFactory$1$$Lambda$2238
instanceKlass com/android/tools/build/bundletool/splitters/AssetsDimensionSplitterFactory$1$$Lambda$2237
instanceKlass com/android/tools/build/bundletool/model/ModuleSplit$$Lambda$2236
instanceKlass com/android/tools/build/bundletool/splitters/TextureCompressionFormatAssetsSplitter$$Lambda$2235
instanceKlass com/android/tools/build/bundletool/splitters/TextureCompressionFormatAssetsSplitter$$Lambda$2234
instanceKlass com/android/tools/build/bundletool/splitters/TextureCompressionFormatAssetsSplitter$$Lambda$2233
instanceKlass com/android/tools/build/bundletool/splitters/TextureCompressionFormatAssetsSplitter
instanceKlass com/android/tools/build/bundletool/splitters/AssetsDimensionSplitterFactory$1
instanceKlass com/android/tools/build/bundletool/splitters/AssetsDimensionSplitterFactory
instanceKlass com/android/tools/build/bundletool/splitters/LanguageAssetsSplitter$$Lambda$2232
instanceKlass com/android/tools/build/bundletool/splitters/LanguageAssetsSplitter$$Lambda$2231
instanceKlass com/android/tools/build/bundletool/splitters/LanguageAssetsSplitter$$Lambda$2230
instanceKlass com/android/tools/build/bundletool/splitters/LanguageAssetsSplitter
instanceKlass com/android/tools/build/bundletool/model/ModuleSplit$$Lambda$2229
instanceKlass com/android/tools/build/bundletool/splitters/SanitizerNativeLibrariesSplitter
instanceKlass com/android/tools/build/bundletool/splitters/AbiNativeLibrariesSplitter
instanceKlass com/android/tools/build/bundletool/splitters/NativeLibrariesCompressionSplitter
instanceKlass com/android/tools/build/bundletool/splitters/LanguageResourcesSplitter$$Lambda$2228
instanceKlass com/android/tools/build/bundletool/splitters/LanguageResourcesSplitter$$Lambda$2227
instanceKlass com/android/tools/build/bundletool/splitters/LanguageResourcesSplitter$$Lambda$2226
instanceKlass com/android/tools/build/bundletool/model/utils/ResourcesUtils$$Lambda$2225
instanceKlass com/android/tools/build/bundletool/model/utils/ResourcesUtils$$Lambda$2224
instanceKlass com/android/tools/build/bundletool/splitters/LanguageResourcesSplitter$$Lambda$2223
instanceKlass com/android/tools/build/bundletool/splitters/ScreenDensityResourcesSplitter$$Lambda$2222
instanceKlass com/android/tools/build/bundletool/model/utils/ResourcesUtils$2
instanceKlass com/android/tools/build/bundletool/model/ModuleSplit$$Lambda$2221
instanceKlass com/android/tools/build/bundletool/model/ManifestMutator$$Lambda$2220
instanceKlass java/lang/invoke/LambdaForm$DMH
instanceKlass com/android/tools/build/bundletool/model/ManifestEditor
instanceKlass com/android/tools/build/bundletool/model/ManifestMutator
instanceKlass com/android/tools/build/bundletool/splitters/ScreenDensityResourcesSplitter$$Lambda$2219
instanceKlass com/android/aapt/ConfigurationOuterClass$1
instanceKlass com/android/tools/build/bundletool/model/targeting/ScreenDensitySelector$$Lambda$2218
instanceKlass com/google/common/primitives/Booleans
instanceKlass com/android/tools/build/bundletool/model/targeting/ScreenDensitySelector$$Lambda$2217
instanceKlass com/android/tools/build/bundletool/model/targeting/ScreenDensitySelector$ScreenDensityComparator
instanceKlass com/android/tools/build/bundletool/model/targeting/ScreenDensitySelector$$Lambda$2216
instanceKlass com/android/tools/build/bundletool/model/targeting/ScreenDensitySelector$$Lambda$2215
instanceKlass com/android/tools/build/bundletool/model/targeting/ScreenDensitySelector$$Lambda$2214
instanceKlass com/android/tools/build/bundletool/model/targeting/ScreenDensitySelector$$Lambda$2213
instanceKlass com/android/tools/build/bundletool/model/targeting/ScreenDensitySelector$$Lambda$2212
instanceKlass com/android/tools/build/bundletool/model/targeting/ScreenDensitySelector$$Lambda$2211
instanceKlass java/util/function/BinaryOperator$$Lambda$2210
instanceKlass com/android/tools/build/bundletool/model/targeting/ScreenDensitySelector$$Lambda$2209
instanceKlass com/android/tools/build/bundletool/model/targeting/ScreenDensitySelector$$Lambda$2208
instanceKlass com/google/common/collect/Sets$3$$Lambda$2207
instanceKlass com/android/tools/build/bundletool/model/targeting/ScreenDensitySelector
instanceKlass com/android/tools/build/bundletool/splitters/ScreenDensityResourcesSplitter$$Lambda$2206
instanceKlass java/util/function/BinaryOperator$$Lambda$2205
instanceKlass com/android/tools/build/bundletool/model/utils/ResourcesUtils$$Lambda$2204
instanceKlass com/android/tools/build/bundletool/splitters/ScreenDensityResourcesSplitter$$Lambda$2203
instanceKlass com/android/tools/build/bundletool/splitters/ScreenDensityResourcesSplitter$$Lambda$2202
instanceKlass com/android/tools/build/bundletool/splitters/ScreenDensityResourcesSplitter$$Lambda$2201
instanceKlass com/google/common/base/Predicates$CompositionPredicate
instanceKlass com/android/tools/build/bundletool/splitters/ScreenDensityResourcesSplitter$$Lambda$2200
instanceKlass java/util/stream/Collectors$$Lambda$2199
instanceKlass com/android/tools/build/bundletool/model/utils/CollectorUtils$$Lambda$2198
instanceKlass java/util/stream/Collectors$$Lambda$2197
instanceKlass com/android/tools/build/bundletool/model/utils/CollectorUtils$$Lambda$2196
instanceKlass com/android/tools/build/bundletool/model/utils/CollectorUtils
instanceKlass com/android/tools/build/bundletool/splitters/ScreenDensityResourcesSplitter$$Lambda$2195
instanceKlass com/android/tools/build/bundletool/splitters/ScreenDensityResourcesSplitter$$Lambda$2194
instanceKlass com/google/protobuf/GeneratedMessageV3$1
instanceKlass com/google/protobuf/SingleFieldBuilderV3
instanceKlass com/google/protobuf/GeneratedMessageV3$Builder$BuilderParentImpl
instanceKlass com/google/protobuf/RepeatedFieldBuilderV3
instanceKlass com/android/aapt/Resources$OverlayableOrBuilder
instanceKlass com/android/tools/build/bundletool/splitters/ScreenDensityResourcesSplitter$$Lambda$2193
instanceKlass com/android/tools/build/bundletool/splitters/ScreenDensityResourcesSplitter$$Lambda$2192
instanceKlass com/android/tools/build/bundletool/splitters/SplittingPipeline$$Lambda$2191
instanceKlass com/android/tools/build/bundletool/splitters/SplittingPipeline$$Lambda$2190
instanceKlass com/android/tools/build/bundletool/model/utils/TargetingNormalizer$$Lambda$2189
instanceKlass com/android/tools/build/bundletool/model/utils/TargetingNormalizer$$Lambda$2188
instanceKlass com/android/tools/build/bundletool/model/utils/TargetingNormalizer$$Lambda$2187
instanceKlass com/android/bundle/Targeting$ScreenDensityOrBuilder
instanceKlass com/android/tools/build/bundletool/model/utils/TargetingNormalizer$$Lambda$2186
instanceKlass com/android/bundle/Targeting$SanitizerOrBuilder
instanceKlass com/google/common/collect/Comparators
instanceKlass com/android/tools/build/bundletool/model/utils/TargetingNormalizer$$Lambda$2185
instanceKlass com/android/tools/build/bundletool/model/utils/TargetingNormalizer$$Lambda$2184
instanceKlass com/android/bundle/Targeting$MultiAbiOrBuilder
instanceKlass com/android/tools/build/bundletool/model/utils/TargetingNormalizer$$Lambda$2183
instanceKlass com/android/bundle/Targeting$AbiOrBuilder
instanceKlass com/android/tools/build/bundletool/model/utils/TargetingNormalizer
instanceKlass com/android/tools/build/bundletool/model/ModuleSplit$$Lambda$2182
instanceKlass com/android/tools/build/bundletool/model/ModuleSplit$$Lambda$2181
instanceKlass com/android/tools/build/bundletool/model/ModuleSplit$$Lambda$2180
instanceKlass com/android/tools/build/bundletool/model/ModuleSplit$$Lambda$2179
instanceKlass com/android/bundle/Targeting$SanitizerTargetingOrBuilder
instanceKlass com/android/bundle/Targeting$LanguageTargetingOrBuilder
instanceKlass com/android/bundle/Targeting$DeviceTierTargetingOrBuilder
instanceKlass com/android/bundle/Targeting$ApkTargetingOrBuilder
instanceKlass com/android/tools/build/bundletool/model/ModuleSplit$1
instanceKlass com/android/tools/build/bundletool/model/ModuleSplit$Builder
instanceKlass com/android/tools/build/bundletool/model/ModuleSplit$$Lambda$2178
instanceKlass com/android/tools/build/bundletool/model/ModuleSplit
instanceKlass com/android/tools/build/bundletool/splitters/SplittingPipeline
instanceKlass com/google/common/base/Predicates$OrPredicate
instanceKlass com/android/tools/build/bundletool/splitters/ModuleSplitter$$Lambda$2177
instanceKlass com/android/tools/build/bundletool/splitters/ModuleSplitter$$Lambda$2176
instanceKlass com/android/tools/build/bundletool/splitters/ModuleSplitter$$Lambda$2175
instanceKlass com/android/tools/build/bundletool/splitters/ModuleSplitter$$Lambda$2174
instanceKlass com/android/tools/build/bundletool/splitters/ModuleSplitter$$Lambda$2173
instanceKlass com/android/tools/build/bundletool/splitters/SplitterForOneTargetingDimension
instanceKlass com/android/tools/build/bundletool/splitters/ModuleSplitSplitter
instanceKlass com/android/tools/build/bundletool/splitters/PinSpecInjector$$Lambda$2172
instanceKlass com/android/tools/build/bundletool/splitters/PinSpecInjector
instanceKlass com/android/tools/build/bundletool/splitters/AbiPlaceholderInjector
instanceKlass com/android/tools/build/bundletool/model/SuffixManager
instanceKlass com/android/tools/build/bundletool/splitters/ModuleSplitter
instanceKlass com/android/tools/build/bundletool/splitters/SplitApksGenerator$$Lambda$2171
instanceKlass com/android/tools/build/bundletool/splitters/SplitApksGenerator$$Lambda$2170
instanceKlass com/android/tools/build/bundletool/splitters/SplitApksGenerator$$Lambda$2169
instanceKlass com/android/tools/build/bundletool/model/targeting/TargetingUtils$$Lambda$2168
instanceKlass java/util/stream/IntPipeline$$Lambda$2167
instanceKlass com/android/tools/build/bundletool/model/targeting/TargetingUtils$$Lambda$2166
instanceKlass com/android/tools/build/bundletool/model/targeting/TargetingUtils$$Lambda$2165
instanceKlass com/android/tools/build/bundletool/model/targeting/TargetingUtils$$Lambda$2164
instanceKlass com/android/tools/build/bundletool/model/targeting/TargetingUtils$$Lambda$2163
instanceKlass com/android/tools/build/bundletool/model/targeting/TargetingUtils$$Lambda$2162
instanceKlass com/android/tools/build/bundletool/model/targeting/TargetingUtils$$Lambda$2161
instanceKlass com/android/tools/build/bundletool/model/targeting/TargetingUtils$$Lambda$2160
instanceKlass com/android/tools/build/bundletool/model/targeting/TargetingUtils$$Lambda$2159
instanceKlass com/android/tools/build/bundletool/model/targeting/TargetingUtils$$Lambda$2158
instanceKlass com/android/tools/build/bundletool/model/targeting/TargetingUtils$$Lambda$2157
instanceKlass com/android/tools/build/bundletool/model/targeting/TargetingUtils$$Lambda$2156
instanceKlass com/google/common/collect/Cut
instanceKlass com/google/protobuf/WrappersProto
instanceKlass com/android/bundle/Targeting$1
instanceKlass com/android/bundle/Targeting
instanceKlass com/android/bundle/Targeting$TextureCompressionFormatTargetingOrBuilder
instanceKlass com/android/bundle/Targeting$MultiAbiTargetingOrBuilder
instanceKlass com/android/bundle/Targeting$AbiTargetingOrBuilder
instanceKlass com/android/bundle/Targeting$ScreenDensityTargetingOrBuilder
instanceKlass com/android/bundle/Targeting$VariantTargetingOrBuilder
instanceKlass com/android/bundle/Targeting$SdkVersionTargetingOrBuilder
instanceKlass com/android/bundle/Targeting$SdkVersionOrBuilder
instanceKlass com/android/tools/build/bundletool/model/utils/TargetingProtoUtils
instanceKlass com/android/tools/build/bundletool/splitters/VariantGenerator$$Lambda$2155
instanceKlass com/android/tools/build/bundletool/splitters/SigningConfigurationVariantGenerator
instanceKlass com/android/tools/build/bundletool/splitters/DexCompressionVariantGenerator
instanceKlass com/android/tools/build/bundletool/splitters/NativeLibsCompressionVariantGenerator
instanceKlass com/android/tools/build/bundletool/splitters/VariantGenerator$$Lambda$2154
instanceKlass com/android/tools/build/bundletool/splitters/BundleModuleVariantGenerator
instanceKlass com/android/tools/build/bundletool/commands/BuildApksManager$$Lambda$2153
instanceKlass com/android/tools/build/bundletool/commands/BuildApksManager$$Lambda$2152
instanceKlass com/android/tools/build/bundletool/model/AndroidManifest$$Lambda$2151
instanceKlass com/android/tools/build/bundletool/splitters/ApkGenerationConfiguration$Builder
instanceKlass com/android/tools/build/bundletool/splitters/ApkGenerationConfiguration
instanceKlass com/android/tools/build/bundletool/mergers/BundleModuleMerger$$Lambda$2150
instanceKlass com/google/protobuf/DescriptorProtos$OneofOptionsOrBuilder
instanceKlass com/google/protobuf/DescriptorProtos$OneofDescriptorProtoOrBuilder
instanceKlass com/android/aapt/ConfigurationOuterClass
instanceKlass com/android/aapt/Resources
instanceKlass com/android/tools/build/bundletool/mergers/BundleModuleMerger$$Lambda$2149
instanceKlass com/android/tools/build/bundletool/mergers/BundleModuleMerger
instanceKlass com/android/tools/build/bundletool/commands/BuildApksManager$ApksToGenerate$$Lambda$2148
instanceKlass com/android/bundle/Devices$DeviceSpecOrBuilder
instanceKlass com/android/tools/build/bundletool/commands/BuildApksManager$ApksToGenerate
instanceKlass com/android/tools/build/bundletool/model/GeneratedAssetSlices$Builder
instanceKlass com/android/tools/build/bundletool/model/GeneratedAssetSlices
instanceKlass com/android/tools/build/bundletool/model/GeneratedApks$Builder
instanceKlass com/android/tools/build/bundletool/model/GeneratedApks
instanceKlass com/android/tools/build/bundletool/internal/HibernatedApksGenerator
instanceKlass com/android/tools/build/bundletool/internal/HibernatedApksGenerator_Factory
instanceKlass com/android/tools/build/bundletool/shards/SystemApksGenerator
instanceKlass com/android/tools/build/bundletool/shards/StandaloneApexApksGenerator
instanceKlass com/android/tools/build/bundletool/splitters/CodeTransparencyInjector
instanceKlass shadow/bundletool/com/android/tools/r8/ProgramConsumer
instanceKlass shadow/bundletool/com/android/tools/r8/DiagnosticsHandler
instanceKlass com/android/tools/build/bundletool/mergers/D8DexMerger
instanceKlass com/android/tools/build/bundletool/mergers/D8DexMerger_Factory
instanceKlass com/android/tools/build/bundletool/mergers/ModuleSplitsToShardMerger
instanceKlass com/android/tools/build/bundletool/shards/Sharder
instanceKlass com/android/tools/build/bundletool/shards/ModuleSplitterForShards
instanceKlass com/android/tools/build/bundletool/shards/StandaloneApksGenerator
instanceKlass com/android/tools/build/bundletool/shards/ShardedApksFacade
instanceKlass com/android/tools/build/bundletool/splitters/VariantGenerator
instanceKlass com/android/tools/build/bundletool/splitters/VariantGenerator_Factory
instanceKlass com/android/tools/build/bundletool/splitters/SplitApksGenerator
instanceKlass com/android/tools/build/bundletool/model/ApkModifier
instanceKlass com/android/tools/build/bundletool/model/ApkListener
instanceKlass com/android/tools/build/bundletool/optimizations/ApkOptimizations$Builder
instanceKlass com/android/tools/build/bundletool/optimizations/ApkOptimizations
instanceKlass com/android/tools/build/bundletool/optimizations/OptimizationsMerger
instanceKlass com/android/tools/build/bundletool/io/ApkPathManager
instanceKlass com/android/tools/build/bundletool/io/ApkPathManager_Factory
instanceKlass com/android/tools/build/bundletool/io/ApkSerializerManager
instanceKlass com/android/tools/build/bundletool/io/StandaloneApkSerializer
instanceKlass com/android/bundle/Config$ResourceOptimizations$SparseEncoding$1
instanceKlass com/android/tools/build/bundletool/io/ApkSigner
instanceKlass com/android/tools/build/bundletool/commands/BuildApksModule$$Lambda$2147
instanceKlass com/android/tools/build/bundletool/model/SourceStamp
instanceKlass com/android/tools/build/bundletool/model/DefaultSigningConfigurationProvider
instanceKlass com/android/tools/build/bundletool/commands/BuildApksModule$$Lambda$2146
instanceKlass com/android/tools/build/bundletool/commands/BundletoolModule$$Lambda$2145
instanceKlass com/android/tools/build/bundletool/commands/BundletoolModule
instanceKlass com/android/tools/build/bundletool/io/ApkSerializerModule
instanceKlass com/android/tools/build/bundletool/io/ApkSerializerModule_ProvideApkSerializerHelperFactory
instanceKlass com/android/tools/build/bundletool/io/SplitApkSerializer
instanceKlass com/android/tools/build/bundletool/commands/BundleConfigModule
instanceKlass com/android/tools/build/bundletool/commands/AppBundleModule
instanceKlass com/android/tools/build/bundletool/commands/BuildApksManager
instanceKlass com/android/tools/build/bundletool/commands/BuildApksModule_ProvideApkBuildModeFactory
instanceKlass com/android/tools/build/bundletool/commands/BuildApksModule_ProvideStampSourceFactory
instanceKlass com/android/tools/build/bundletool/commands/BuildApksModule_ProvideApkOptimizationsFactory
instanceKlass com/android/tools/build/bundletool/optimizations/OptimizationsMerger_Factory$InstanceHolder
instanceKlass com/android/tools/build/bundletool/optimizations/OptimizationsMerger_Factory
instanceKlass com/android/tools/build/bundletool/commands/BuildApksModule_ProvideVerboseFactory
instanceKlass com/android/tools/build/bundletool/commands/BuildApksModule_ProvideFirstVariantNumberFactory
instanceKlass com/android/tools/build/bundletool/commands/BuildApksModule_ProvideExecutorServiceFactory
instanceKlass com/android/tools/build/bundletool/commands/BuildApksModule_ProvideApkModifierFactory
instanceKlass com/android/tools/build/bundletool/commands/BuildApksModule_ProvideApkListenerFactory
instanceKlass com/android/tools/build/bundletool/io/ApkzlibApkSerializerHelper_Factory
instanceKlass com/android/tools/build/bundletool/io/ZipFlingerApkSerializerHelper_Factory
instanceKlass com/android/tools/build/bundletool/io/ApkSigner_Factory
instanceKlass com/android/tools/build/bundletool/commands/BuildApksModule_ProvideStampSigningConfigurationFactory
instanceKlass com/android/tools/build/bundletool/commands/BuildApksModule_ProvideApkSigningConfigurationProviderFactory
instanceKlass com/android/tools/build/bundletool/commands/BundletoolModule_ProvideAapt2CommandFactory
instanceKlass com/android/tools/build/bundletool/commands/BuildApksModule_ProvideDeviceSpecFactory
instanceKlass com/android/tools/build/bundletool/commands/BundleConfigModule_ProvideBundletoolVersionFactory
instanceKlass com/android/tools/build/bundletool/commands/AppBundleModule_ProvideBundleConfigFactory
instanceKlass com/android/tools/build/bundletool/commands/DaggerBuildApksManagerComponent$Builder
instanceKlass com/android/tools/build/bundletool/mergers/DexMerger
instanceKlass com/android/tools/build/bundletool/commands/BuildApksManagerComponent$Builder
instanceKlass com/android/tools/build/bundletool/commands/DaggerBuildApksManagerComponent
instanceKlass com/android/tools/build/bundletool/commands/BuildApksManagerComponent
instanceKlass com/android/tools/build/bundletool/preprocessors/EntryCompressionPreprocessor$$Lambda$2144
instanceKlass com/android/tools/build/bundletool/model/AppBundle$Builder$$Lambda$2143
instanceKlass com/android/tools/build/bundletool/model/BundleModule$Builder$$Lambda$2142
instanceKlass com/android/tools/build/bundletool/model/BundleModule$Builder$$Lambda$2141
instanceKlass com/android/tools/build/bundletool/preprocessors/EmbeddedApkSigningPreprocessor$$Lambda$2140
instanceKlass com/android/tools/build/bundletool/preprocessors/EmbeddedApkSigningPreprocessor$$Lambda$2139
instanceKlass com/android/tools/build/bundletool/preprocessors/EmbeddedApkSigningPreprocessor$$Lambda$2138
instanceKlass com/android/tools/build/bundletool/preprocessors/EmbeddedApkSigningPreprocessor$$Lambda$2137
instanceKlass com/android/tools/build/bundletool/model/BundleModule$$Lambda$2136
instanceKlass com/android/tools/build/bundletool/preprocessors/AppBundle64BitNativeLibrariesPreprocessor$$Lambda$2135
instanceKlass com/android/tools/build/bundletool/preprocessors/AppBundlePreprocessorModule
instanceKlass com/android/tools/build/bundletool/preprocessors/AppBundlePreprocessorModule_ProvidePreprocessorsFactory
instanceKlass com/android/tools/build/bundletool/preprocessors/LocalTestingPreprocessor
instanceKlass com/android/tools/build/bundletool/preprocessors/EntryCompressionPreprocessor
instanceKlass com/android/tools/build/bundletool/preprocessors/EmbeddedApkSigningPreprocessor
instanceKlass com/android/tools/build/bundletool/model/SigningConfigurationProvider
instanceKlass com/android/tools/build/bundletool/commands/BuildApksModule
instanceKlass com/android/tools/build/bundletool/shards/BundleModule64BitNativeLibrariesRemover
instanceKlass com/android/tools/build/bundletool/preprocessors/AppBundle64BitNativeLibrariesPreprocessor
instanceKlass com/android/tools/build/bundletool/preprocessors/AppBundlePreprocessor
instanceKlass com/android/tools/build/bundletool/preprocessors/AppBundlePreprocessorManager
instanceKlass dagger/internal/DoubleCheck
instanceKlass com/android/tools/build/bundletool/commands/BuildApksModule_ProvideOutputPrintStreamFactory
instanceKlass dagger/internal/InstanceFactory
instanceKlass dagger/Lazy
instanceKlass dagger/internal/Factory
instanceKlass dagger/internal/Preconditions
instanceKlass com/android/tools/build/bundletool/preprocessors/DaggerAppBundlePreprocessorComponent$Builder
instanceKlass javax/inject/Provider
instanceKlass com/android/tools/build/bundletool/preprocessors/AppBundlePreprocessorComponent$Builder
instanceKlass com/android/tools/build/bundletool/preprocessors/DaggerAppBundlePreprocessorComponent
instanceKlass com/android/tools/build/bundletool/preprocessors/AppBundlePreprocessorComponent
instanceKlass com/android/tools/build/bundletool/validation/NativeTargetingValidator$$Lambda$2134
instanceKlass com/android/tools/build/bundletool/validation/AssetsTargetingValidator$$Lambda$2133
instanceKlass com/android/tools/build/bundletool/validation/TextureCompressionFormatParityValidator$$Lambda$2132
instanceKlass com/android/tools/build/bundletool/validation/TextureCompressionFormatParityValidator$$Lambda$2131
instanceKlass com/android/tools/build/bundletool/validation/BundleConfigValidator$$Lambda$2130
instanceKlass com/android/tools/build/bundletool/validation/BundleConfigValidator$$Lambda$2129
instanceKlass com/android/tools/build/bundletool/validation/BundleConfigValidator$$Lambda$2128
instanceKlass com/android/tools/build/bundletool/validation/BundleConfigValidator$$Lambda$2127
instanceKlass com/android/tools/build/bundletool/validation/BundleConfigValidator$$Lambda$2126
instanceKlass com/android/tools/build/bundletool/validation/BundleConfigValidator$$Lambda$2125
instanceKlass com/android/bundle/Config$SuffixStrippingOrBuilder
instanceKlass com/android/tools/build/bundletool/validation/BundleConfigValidator$$Lambda$2124
instanceKlass com/android/tools/build/bundletool/validation/ValidatorRunner$$Lambda$2123
instanceKlass com/android/tools/build/bundletool/model/AppBundle$$Lambda$2122
instanceKlass com/android/tools/build/bundletool/model/AppBundle$$Lambda$2121
instanceKlass com/android/tools/build/bundletool/model/utils/ZipUtils$$Lambda$2120
instanceKlass com/android/tools/build/bundletool/model/AppBundle$$Lambda$2119
instanceKlass com/android/tools/build/bundletool/model/ClassesDexNameSanitizer$$Lambda$2118
instanceKlass com/android/tools/build/bundletool/model/ClassesDexNameSanitizer
instanceKlass com/android/tools/build/bundletool/model/AppBundle$$Lambda$2117
instanceKlass com/android/tools/build/bundletool/model/AppBundle$$Lambda$2116
instanceKlass com/android/tools/build/bundletool/model/AppBundle$$Lambda$2115
instanceKlass com/android/tools/build/bundletool/model/ModuleEntry$ModuleEntryBundleLocation
instanceKlass com/android/tools/build/bundletool/model/AppBundle$$Lambda$2114
instanceKlass com/android/tools/build/bundletool/validation/ValidatorRunner$$Lambda$2113
instanceKlass com/android/tools/build/bundletool/validation/MandatoryFilesPresenceValidator$$Lambda$2112
instanceKlass com/android/tools/build/bundletool/validation/MandatoryFilesPresenceValidator$$Lambda$2111
instanceKlass com/android/tools/build/bundletool/validation/MandatoryFilesPresenceValidator$$Lambda$2110
instanceKlass com/android/tools/build/bundletool/validation/MandatoryFilesPresenceValidator$$Lambda$2109
instanceKlass com/android/tools/build/bundletool/validation/MandatoryFilesPresenceValidator$$Lambda$2108
instanceKlass com/android/tools/build/bundletool/validation/ValidatorRunner$$Lambda$2107
instanceKlass com/android/tools/build/bundletool/validation/AppBundleValidator
instanceKlass shadow/bundletool/com/android/zipflinger/Zip64
instanceKlass java/nio/file/SecureDirectoryStream
instanceKlass shadow/bundletool/com/android/zipflinger/CentralDirectoryRecord
instanceKlass com/android/tools/build/bundletool/io/ZipReader$$Lambda$2106
instanceKlass shadow/bundletool/com/android/zipflinger/LocalFileHeader
instanceKlass com/google/common/util/concurrent/Futures$3
instanceKlass com/google/common/util/concurrent/Futures$InCompletionOrderState
instanceKlass java/util/concurrent/ForkJoinPool$DefaultForkJoinWorkerThreadFactory$1
instanceKlass com/android/tools/build/bundletool/preprocessors/AppBundleRecompressor$$Lambda$2105
instanceKlass com/android/tools/build/bundletool/preprocessors/AppBundleRecompressor$CompressionManager$$Lambda$2104
instanceKlass com/android/tools/build/bundletool/io/ApkSerializerHelper
instanceKlass com/google/common/util/concurrent/ImmediateFuture
instanceKlass com/google/common/util/concurrent/GwtFuturesCatchingSpecialization
instanceKlass com/android/tools/build/bundletool/io/ZipEntrySource$1
instanceKlass com/android/tools/build/bundletool/io/ZipEntrySource$$Lambda$2103
instanceKlass com/android/tools/build/bundletool/io/ZipEntrySource$Payload
instanceKlass com/android/tools/build/bundletool/preprocessors/AppBundleRecompressor$CompressionManager$$Lambda$2102
instanceKlass java/util/AbstractList$RandomAccessSpliterator
instanceKlass com/android/tools/build/bundletool/preprocessors/AppBundleRecompressor$CompressionManager
instanceKlass com/android/tools/build/bundletool/preprocessors/AppBundleRecompressor$$Lambda$2101
instanceKlass com/android/tools/build/bundletool/preprocessors/AppBundleRecompressor$$Lambda$2100
instanceKlass com/android/tools/build/bundletool/preprocessors/AppBundleRecompressor$$Lambda$2099
instanceKlass com/android/tools/build/bundletool/preprocessors/AppBundleRecompressor$$Lambda$2098
instanceKlass com/android/tools/build/bundletool/preprocessors/AppBundleRecompressor$$Lambda$2097
instanceKlass com/android/tools/build/bundletool/preprocessors/AppBundleRecompressor$$Lambda$2096
instanceKlass com/google/common/collect/IndexedImmutableSet$$Lambda$2095
instanceKlass com/android/tools/build/bundletool/model/utils/PathMatcher$$Lambda$2094
instanceKlass java/lang/invoke/LambdaForm$DMH
instanceKlass com/android/tools/build/bundletool/model/utils/PathMatcher
instanceKlass com/android/tools/build/bundletool/validation/BundleConfigValidator$$Lambda$2093
instanceKlass com/android/tools/build/bundletool/io/ZipReader$$Lambda$2092
instanceKlass com/android/tools/build/bundletool/io/ZipEntrySourceFactory
instanceKlass shadow/bundletool/com/android/zipflinger/ZipReader
instanceKlass shadow/bundletool/com/android/zipflinger/ZipWriter
instanceKlass shadow/bundletool/com/android/zipflinger/FreeStore$Zone
instanceKlass shadow/bundletool/com/android/zipflinger/FreeStore
instanceKlass shadow/bundletool/com/android/zipflinger/ZipInfo
instanceKlass shadow/bundletool/com/android/zipflinger/ZipArchive
instanceKlass shadow/bundletool/com/android/zipflinger/Archive
instanceKlass shadow/bundletool/com/android/zipflinger/CentralDirectory
instanceKlass shadow/bundletool/com/android/zipflinger/Entry
instanceKlass shadow/bundletool/com/android/zipflinger/Zip64Locator
instanceKlass shadow/bundletool/com/android/zipflinger/Ints
instanceKlass shadow/bundletool/com/android/zipflinger/Location
instanceKlass shadow/bundletool/com/android/zipflinger/EndOfCentralDirectory
instanceKlass shadow/bundletool/com/android/zipflinger/ZipMap
instanceKlass com/android/tools/build/bundletool/io/ZipReader
instanceKlass com/android/tools/build/bundletool/preprocessors/ModuleCompressionManager
instanceKlass com/android/tools/build/bundletool/preprocessors/AppBundleRecompressor$$Lambda$2091
instanceKlass shadow/bundletool/com/android/zipflinger/Source
instanceKlass com/android/tools/build/bundletool/preprocessors/AppBundleRecompressor
instanceKlass com/android/tools/build/bundletool/io/TempDirectory
instanceKlass com/android/tools/build/bundletool/commands/BuildApksCommand$1
instanceKlass com/google/common/io/MoreFiles$1
instanceKlass com/google/common/io/MoreFiles
instanceKlass com/android/tools/build/bundletool/commands/BuildApksCommand$Builder$$Lambda$2090
instanceKlass java/lang/invoke/LambdaForm$DMH
instanceKlass com/android/tools/build/bundletool/commands/BuildApksCommand$Builder$$Lambda$2089
instanceKlass com/android/tools/build/bundletool/model/SignerConfig$$Lambda$2088
instanceKlass java/lang/invoke/LambdaForm$MH
instanceKlass java/lang/invoke/LambdaForm$DMH
instanceKlass java/lang/invoke/LambdaForm$DMH
instanceKlass sun/security/pkcs12/PKCS12KeyStore$$Lambda$2087
instanceKlass java/lang/invoke/LambdaForm$DMH
instanceKlass sun/security/pkcs/EncryptedPrivateKeyInfo
instanceKlass com/sun/crypto/provider/PKCS12PBECipherCore
instanceKlass java/lang/invoke/LambdaForm$MH
instanceKlass java/lang/invoke/LambdaForm$DMH
instanceKlass java/lang/invoke/LambdaForm$DMH
instanceKlass sun/security/pkcs12/PKCS12KeyStore$$Lambda$2086
instanceKlass sun/security/pkcs12/MacData
instanceKlass sun/security/util/ArrayUtil$$Lambda$2085
instanceKlass sun/security/util/ArrayUtil
instanceKlass javax/crypto/spec/SecretKeySpec
instanceKlass com/sun/crypto/provider/PBKDF2KeyImpl$$Lambda$2084
instanceKlass com/sun/crypto/provider/PBKDF2KeyImpl$1
instanceKlass javax/crypto/MacSpi
instanceKlass javax/crypto/Mac
instanceKlass sun/nio/cs/ThreadLocalCoders$Cache
instanceKlass sun/nio/cs/ThreadLocalCoders
instanceKlass com/sun/crypto/provider/PBKDF2KeyImpl
instanceKlass javax/crypto/interfaces/PBEKey
instanceKlass com/sun/crypto/provider/PKCS5Padding
instanceKlass com/sun/crypto/provider/Padding
instanceKlass com/sun/crypto/provider/FeedbackCipher
instanceKlass com/sun/crypto/provider/SymmetricCipher
instanceKlass com/sun/crypto/provider/AESConstants
instanceKlass com/sun/crypto/provider/CipherCore
instanceKlass javax/crypto/CipherSpi
instanceKlass javax/crypto/Cipher$Transform
instanceKlass javax/crypto/Cipher
instanceKlass com/sun/crypto/provider/PBEKey$$Lambda$2083
instanceKlass com/sun/crypto/provider/PBEKey
instanceKlass javax/crypto/SecretKeyFactorySpi
instanceKlass javax/crypto/ProviderVerifier
instanceKlass javax/crypto/JceSecurity$2
instanceKlass java/net/spi/URLStreamHandlerProvider
instanceKlass java/net/URL$1
instanceKlass java/net/URL$2
instanceKlass java/util/Vector$1
instanceKlass javax/crypto/CryptoPolicyParser$CryptoPermissionEntry
instanceKlass javax/crypto/CryptoPolicyParser$GrantEntry
instanceKlass java/io/StreamTokenizer
instanceKlass javax/crypto/CryptoPolicyParser
instanceKlass java/nio/file/Files$1
instanceKlass javax/crypto/JceSecurity$1
instanceKlass javax/crypto/JceSecurity
instanceKlass javax/crypto/SecretKeyFactory
instanceKlass javax/crypto/spec/PBEKeySpec
instanceKlass sun/security/pkcs12/PKCS12KeyStore$$Lambda$2082
instanceKlass sun/security/pkcs12/PKCS12KeyStore$RetryWithZero
instanceKlass javax/crypto/spec/PBEParameterSpec
instanceKlass javax/crypto/spec/IvParameterSpec
instanceKlass sun/security/ssl/SunJSSE$1
instanceKlass sun/security/ec/SunEC$2
instanceKlass sun/security/ec/SunEC$1
instanceKlass org/jcp/xml/dsig/internal/dom/XMLDSigRI$2
instanceKlass org/jcp/xml/dsig/internal/dom/XMLDSigRI$1
instanceKlass sun/security/jgss/SunProvider$1
instanceKlass sun/security/pkcs11/SunPKCS11$Descriptor
instanceKlass javax/security/auth/Subject
instanceKlass javax/security/auth/callback/CallbackHandler
